<?xml version="1.0" encoding="UTF-8"?>
<testsuite xmlns:xsi="http://www.w3.org/2001/XMLSchema-instance" xsi:noNamespaceSchemaLocation="https://maven.apache.org/surefire/maven-surefire-plugin/xsd/surefire-test-report.xsd" name="com.Nttadta.nttdatacentersspringt1SLA.NttdatacentersSpringT1SlaApplicationTests" time="12.386" tests="1" errors="1" skipped="0" failures="0">
  <properties>
    <property name="java.specification.version" value="17"/>
    <property name="sun.cpu.isalist" value="amd64"/>
    <property name="sun.jnu.encoding" value="Cp1252"/>
    <property name="java.class.path" value="C:\Users\Solid Lizard\OneDrive\Escritorio\nttdatacenters-spring-t1-SLA\target\test-classes;C:\Users\Solid Lizard\OneDrive\Escritorio\nttdatacenters-spring-t1-SLA\target\classes;C:\Users\Solid Lizard\.m2\repository\org\springframework\boot\spring-boot-starter-thymeleaf\3.0.0\spring-boot-starter-thymeleaf-3.0.0.jar;C:\Users\Solid Lizard\.m2\repository\org\springframework\boot\spring-boot-starter\3.0.0\spring-boot-starter-3.0.0.jar;C:\Users\Solid Lizard\.m2\repository\org\springframework\boot\spring-boot-starter-logging\3.0.0\spring-boot-starter-logging-3.0.0.jar;C:\Users\Solid Lizard\.m2\repository\ch\qos\logback\logback-classic\1.4.5\logback-classic-1.4.5.jar;C:\Users\Solid Lizard\.m2\repository\ch\qos\logback\logback-core\1.4.5\logback-core-1.4.5.jar;C:\Users\Solid Lizard\.m2\repository\org\apache\logging\log4j\log4j-to-slf4j\2.19.0\log4j-to-slf4j-2.19.0.jar;C:\Users\Solid Lizard\.m2\repository\org\apache\logging\log4j\log4j-api\2.19.0\log4j-api-2.19.0.jar;C:\Users\Solid Lizard\.m2\repository\org\slf4j\jul-to-slf4j\2.0.4\jul-to-slf4j-2.0.4.jar;C:\Users\Solid Lizard\.m2\repository\org\yaml\snakeyaml\1.33\snakeyaml-1.33.jar;C:\Users\Solid Lizard\.m2\repository\org\thymeleaf\thymeleaf-spring6\3.1.0.RELEASE\thymeleaf-spring6-3.1.0.RELEASE.jar;C:\Users\Solid Lizard\.m2\repository\org\thymeleaf\thymeleaf\3.1.0.RELEASE\thymeleaf-3.1.0.RELEASE.jar;C:\Users\Solid Lizard\.m2\repository\org\attoparser\attoparser\2.0.6.RELEASE\attoparser-2.0.6.RELEASE.jar;C:\Users\Solid Lizard\.m2\repository\org\unbescape\unbescape\1.1.6.RELEASE\unbescape-1.1.6.RELEASE.jar;C:\Users\Solid Lizard\.m2\repository\org\slf4j\slf4j-api\2.0.4\slf4j-api-2.0.4.jar;C:\Users\Solid Lizard\.m2\repository\org\springframework\boot\spring-boot-starter-web\3.0.0\spring-boot-starter-web-3.0.0.jar;C:\Users\Solid Lizard\.m2\repository\org\springframework\boot\spring-boot-starter-json\3.0.0\spring-boot-starter-json-3.0.0.jar;C:\Users\Solid Lizard\.m2\repository\com\fasterxml\jackson\core\jackson-databind\2.14.1\jackson-databind-2.14.1.jar;C:\Users\Solid Lizard\.m2\repository\com\fasterxml\jackson\core\jackson-annotations\2.14.1\jackson-annotations-2.14.1.jar;C:\Users\Solid Lizard\.m2\repository\com\fasterxml\jackson\core\jackson-core\2.14.1\jackson-core-2.14.1.jar;C:\Users\Solid Lizard\.m2\repository\com\fasterxml\jackson\datatype\jackson-datatype-jdk8\2.14.1\jackson-datatype-jdk8-2.14.1.jar;C:\Users\Solid Lizard\.m2\repository\com\fasterxml\jackson\datatype\jackson-datatype-jsr310\2.14.1\jackson-datatype-jsr310-2.14.1.jar;C:\Users\Solid Lizard\.m2\repository\com\fasterxml\jackson\module\jackson-module-parameter-names\2.14.1\jackson-module-parameter-names-2.14.1.jar;C:\Users\Solid Lizard\.m2\repository\org\springframework\spring-web\6.0.2\spring-web-6.0.2.jar;C:\Users\Solid Lizard\.m2\repository\org\springframework\spring-beans\6.0.2\spring-beans-6.0.2.jar;C:\Users\Solid Lizard\.m2\repository\io\micrometer\micrometer-observation\1.10.2\micrometer-observation-1.10.2.jar;C:\Users\Solid Lizard\.m2\repository\io\micrometer\micrometer-commons\1.10.2\micrometer-commons-1.10.2.jar;C:\Users\Solid Lizard\.m2\repository\org\springframework\spring-webmvc\6.0.2\spring-webmvc-6.0.2.jar;C:\Users\Solid Lizard\.m2\repository\org\springframework\spring-aop\6.0.2\spring-aop-6.0.2.jar;C:\Users\Solid Lizard\.m2\repository\org\springframework\spring-context\6.0.2\spring-context-6.0.2.jar;C:\Users\Solid Lizard\.m2\repository\org\springframework\spring-expression\6.0.2\spring-expression-6.0.2.jar;C:\Users\Solid Lizard\.m2\repository\org\springframework\boot\spring-boot-starter-data-jpa\3.0.0\spring-boot-starter-data-jpa-3.0.0.jar;C:\Users\Solid Lizard\.m2\repository\org\springframework\boot\spring-boot-starter-aop\3.0.0\spring-boot-starter-aop-3.0.0.jar;C:\Users\Solid Lizard\.m2\repository\org\aspectj\aspectjweaver\1.9.9.1\aspectjweaver-1.9.9.1.jar;C:\Users\Solid Lizard\.m2\repository\org\springframework\boot\spring-boot-starter-jdbc\3.0.0\spring-boot-starter-jdbc-3.0.0.jar;C:\Users\Solid Lizard\.m2\repository\com\zaxxer\HikariCP\5.0.1\HikariCP-5.0.1.jar;C:\Users\Solid Lizard\.m2\repository\org\springframework\spring-jdbc\6.0.2\spring-jdbc-6.0.2.jar;C:\Users\Solid Lizard\.m2\repository\org\hibernate\orm\hibernate-core\6.1.5.Final\hibernate-core-6.1.5.Final.jar;C:\Users\Solid Lizard\.m2\repository\jakarta\persistence\jakarta.persistence-api\3.1.0\jakarta.persistence-api-3.1.0.jar;C:\Users\Solid Lizard\.m2\repository\jakarta\transaction\jakarta.transaction-api\2.0.1\jakarta.transaction-api-2.0.1.jar;C:\Users\Solid Lizard\.m2\repository\org\jboss\logging\jboss-logging\3.5.0.Final\jboss-logging-3.5.0.Final.jar;C:\Users\Solid Lizard\.m2\repository\org\hibernate\common\hibernate-commons-annotations\6.0.2.Final\hibernate-commons-annotations-6.0.2.Final.jar;C:\Users\Solid Lizard\.m2\repository\org\jboss\jandex\2.4.2.Final\jandex-2.4.2.Final.jar;C:\Users\Solid Lizard\.m2\repository\com\fasterxml\classmate\1.5.1\classmate-1.5.1.jar;C:\Users\Solid Lizard\.m2\repository\net\bytebuddy\byte-buddy\1.12.19\byte-buddy-1.12.19.jar;C:\Users\Solid Lizard\.m2\repository\org\glassfish\jaxb\jaxb-runtime\4.0.1\jaxb-runtime-4.0.1.jar;C:\Users\Solid Lizard\.m2\repository\org\glassfish\jaxb\jaxb-core\4.0.1\jaxb-core-4.0.1.jar;C:\Users\Solid Lizard\.m2\repository\org\eclipse\angus\angus-activation\1.0.0\angus-activation-1.0.0.jar;C:\Users\Solid Lizard\.m2\repository\org\glassfish\jaxb\txw2\4.0.1\txw2-4.0.1.jar;C:\Users\Solid Lizard\.m2\repository\com\sun\istack\istack-commons-runtime\4.1.1\istack-commons-runtime-4.1.1.jar;C:\Users\Solid Lizard\.m2\repository\jakarta\inject\jakarta.inject-api\2.0.0\jakarta.inject-api-2.0.0.jar;C:\Users\Solid Lizard\.m2\repository\org\antlr\antlr4-runtime\4.10.1\antlr4-runtime-4.10.1.jar;C:\Users\Solid Lizard\.m2\repository\org\springframework\data\spring-data-jpa\3.0.0\spring-data-jpa-3.0.0.jar;C:\Users\Solid Lizard\.m2\repository\org\springframework\data\spring-data-commons\3.0.0\spring-data-commons-3.0.0.jar;C:\Users\Solid Lizard\.m2\repository\org\springframework\spring-orm\6.0.2\spring-orm-6.0.2.jar;C:\Users\Solid Lizard\.m2\repository\org\springframework\spring-tx\6.0.2\spring-tx-6.0.2.jar;C:\Users\Solid Lizard\.m2\repository\org\springframework\spring-aspects\6.0.2\spring-aspects-6.0.2.jar;C:\Users\Solid Lizard\.m2\repository\org\springframework\boot\spring-boot-devtools\3.0.0\spring-boot-devtools-3.0.0.jar;C:\Users\Solid Lizard\.m2\repository\org\springframework\boot\spring-boot\3.0.0\spring-boot-3.0.0.jar;C:\Users\Solid Lizard\.m2\repository\org\springframework\boot\spring-boot-autoconfigure\3.0.0\spring-boot-autoconfigure-3.0.0.jar;C:\Users\Solid Lizard\.m2\repository\com\h2database\h2\2.1.214\h2-2.1.214.jar;C:\Users\Solid Lizard\.m2\repository\com\mysql\mysql-connector-j\8.0.31\mysql-connector-j-8.0.31.jar;C:\Users\Solid Lizard\.m2\repository\org\springframework\boot\spring-boot-starter-tomcat\3.0.0\spring-boot-starter-tomcat-3.0.0.jar;C:\Users\Solid Lizard\.m2\repository\jakarta\annotation\jakarta.annotation-api\2.1.1\jakarta.annotation-api-2.1.1.jar;C:\Users\Solid Lizard\.m2\repository\org\apache\tomcat\embed\tomcat-embed-core\10.1.1\tomcat-embed-core-10.1.1.jar;C:\Users\Solid Lizard\.m2\repository\org\apache\tomcat\embed\tomcat-embed-el\10.1.1\tomcat-embed-el-10.1.1.jar;C:\Users\Solid Lizard\.m2\repository\org\apache\tomcat\embed\tomcat-embed-websocket\10.1.1\tomcat-embed-websocket-10.1.1.jar;C:\Users\Solid Lizard\.m2\repository\org\springframework\boot\spring-boot-starter-test\3.0.0\spring-boot-starter-test-3.0.0.jar;C:\Users\Solid Lizard\.m2\repository\org\springframework\boot\spring-boot-test\3.0.0\spring-boot-test-3.0.0.jar;C:\Users\Solid Lizard\.m2\repository\org\springframework\boot\spring-boot-test-autoconfigure\3.0.0\spring-boot-test-autoconfigure-3.0.0.jar;C:\Users\Solid Lizard\.m2\repository\com\jayway\jsonpath\json-path\2.7.0\json-path-2.7.0.jar;C:\Users\Solid Lizard\.m2\repository\net\minidev\json-smart\2.4.8\json-smart-2.4.8.jar;C:\Users\Solid Lizard\.m2\repository\net\minidev\accessors-smart\2.4.8\accessors-smart-2.4.8.jar;C:\Users\Solid Lizard\.m2\repository\org\ow2\asm\asm\9.1\asm-9.1.jar;C:\Users\Solid Lizard\.m2\repository\jakarta\xml\bind\jakarta.xml.bind-api\4.0.0\jakarta.xml.bind-api-4.0.0.jar;C:\Users\Solid Lizard\.m2\repository\jakarta\activation\jakarta.activation-api\2.1.0\jakarta.activation-api-2.1.0.jar;C:\Users\Solid Lizard\.m2\repository\org\assertj\assertj-core\3.23.1\assertj-core-3.23.1.jar;C:\Users\Solid Lizard\.m2\repository\org\hamcrest\hamcrest\2.2\hamcrest-2.2.jar;C:\Users\Solid Lizard\.m2\repository\org\junit\jupiter\junit-jupiter\5.9.1\junit-jupiter-5.9.1.jar;C:\Users\Solid Lizard\.m2\repository\org\junit\jupiter\junit-jupiter-api\5.9.1\junit-jupiter-api-5.9.1.jar;C:\Users\Solid Lizard\.m2\repository\org\opentest4j\opentest4j\1.2.0\opentest4j-1.2.0.jar;C:\Users\Solid Lizard\.m2\repository\org\junit\platform\junit-platform-commons\1.9.1\junit-platform-commons-1.9.1.jar;C:\Users\Solid Lizard\.m2\repository\org\apiguardian\apiguardian-api\1.1.2\apiguardian-api-1.1.2.jar;C:\Users\Solid Lizard\.m2\repository\org\junit\jupiter\junit-jupiter-params\5.9.1\junit-jupiter-params-5.9.1.jar;C:\Users\Solid Lizard\.m2\repository\org\junit\jupiter\junit-jupiter-engine\5.9.1\junit-jupiter-engine-5.9.1.jar;C:\Users\Solid Lizard\.m2\repository\org\junit\platform\junit-platform-engine\1.9.1\junit-platform-engine-1.9.1.jar;C:\Users\Solid Lizard\.m2\repository\org\mockito\mockito-core\4.8.1\mockito-core-4.8.1.jar;C:\Users\Solid Lizard\.m2\repository\net\bytebuddy\byte-buddy-agent\1.12.19\byte-buddy-agent-1.12.19.jar;C:\Users\Solid Lizard\.m2\repository\org\objenesis\objenesis\3.2\objenesis-3.2.jar;C:\Users\Solid Lizard\.m2\repository\org\mockito\mockito-junit-jupiter\4.8.1\mockito-junit-jupiter-4.8.1.jar;C:\Users\Solid Lizard\.m2\repository\org\skyscreamer\jsonassert\1.5.1\jsonassert-1.5.1.jar;C:\Users\Solid Lizard\.m2\repository\com\vaadin\external\google\android-json\0.0.20131108.vaadin1\android-json-0.0.20131108.vaadin1.jar;C:\Users\Solid Lizard\.m2\repository\org\springframework\spring-core\6.0.2\spring-core-6.0.2.jar;C:\Users\Solid Lizard\.m2\repository\org\springframework\spring-jcl\6.0.2\spring-jcl-6.0.2.jar;C:\Users\Solid Lizard\.m2\repository\org\springframework\spring-test\6.0.2\spring-test-6.0.2.jar;C:\Users\Solid Lizard\.m2\repository\org\xmlunit\xmlunit-core\2.9.0\xmlunit-core-2.9.0.jar;"/>
    <property name="java.vm.vendor" value="Eclipse Adoptium"/>
    <property name="sun.arch.data.model" value="64"/>
    <property name="user.variant" value=""/>
    <property name="java.vendor.url" value="https://adoptium.net/"/>
    <property name="user.timezone" value="Europe/Madrid"/>
    <property name="os.name" value="Windows 10"/>
    <property name="java.vm.specification.version" value="17"/>
    <property name="sun.java.launcher" value="SUN_STANDARD"/>
    <property name="user.country" value="ES"/>
    <property name="sun.boot.library.path" value="C:\Users\Solid Lizard\OneDrive\Escritorio\Trabajo\1º Grado Superior\FP DUAL\Programacion\DESARROLLO\ECLIPSE\eclipse\plugins\org.eclipse.justj.openjdk.hotspot.jre.full.win32.x86_64_17.0.2.v20220201-1208\jre\bin"/>
    <property name="sun.java.command" value="C:\Users\SOLIDL~1\AppData\Local\Temp\surefire3443491839083426377\surefirebooter13906247001221189687.jar C:\Users\Solid Lizard\AppData\Local\Temp\surefire3443491839083426377 2022-12-14T10-19-58_712-jvmRun1 surefire14159995875936814413tmp surefire_05931950418689986514tmp"/>
    <property name="jdk.debug" value="release"/>
    <property name="surefire.test.class.path" value="C:\Users\Solid Lizard\OneDrive\Escritorio\nttdatacenters-spring-t1-SLA\target\test-classes;C:\Users\Solid Lizard\OneDrive\Escritorio\nttdatacenters-spring-t1-SLA\target\classes;C:\Users\Solid Lizard\.m2\repository\org\springframework\boot\spring-boot-starter-thymeleaf\3.0.0\spring-boot-starter-thymeleaf-3.0.0.jar;C:\Users\Solid Lizard\.m2\repository\org\springframework\boot\spring-boot-starter\3.0.0\spring-boot-starter-3.0.0.jar;C:\Users\Solid Lizard\.m2\repository\org\springframework\boot\spring-boot-starter-logging\3.0.0\spring-boot-starter-logging-3.0.0.jar;C:\Users\Solid Lizard\.m2\repository\ch\qos\logback\logback-classic\1.4.5\logback-classic-1.4.5.jar;C:\Users\Solid Lizard\.m2\repository\ch\qos\logback\logback-core\1.4.5\logback-core-1.4.5.jar;C:\Users\Solid Lizard\.m2\repository\org\apache\logging\log4j\log4j-to-slf4j\2.19.0\log4j-to-slf4j-2.19.0.jar;C:\Users\Solid Lizard\.m2\repository\org\apache\logging\log4j\log4j-api\2.19.0\log4j-api-2.19.0.jar;C:\Users\Solid Lizard\.m2\repository\org\slf4j\jul-to-slf4j\2.0.4\jul-to-slf4j-2.0.4.jar;C:\Users\Solid Lizard\.m2\repository\org\yaml\snakeyaml\1.33\snakeyaml-1.33.jar;C:\Users\Solid Lizard\.m2\repository\org\thymeleaf\thymeleaf-spring6\3.1.0.RELEASE\thymeleaf-spring6-3.1.0.RELEASE.jar;C:\Users\Solid Lizard\.m2\repository\org\thymeleaf\thymeleaf\3.1.0.RELEASE\thymeleaf-3.1.0.RELEASE.jar;C:\Users\Solid Lizard\.m2\repository\org\attoparser\attoparser\2.0.6.RELEASE\attoparser-2.0.6.RELEASE.jar;C:\Users\Solid Lizard\.m2\repository\org\unbescape\unbescape\1.1.6.RELEASE\unbescape-1.1.6.RELEASE.jar;C:\Users\Solid Lizard\.m2\repository\org\slf4j\slf4j-api\2.0.4\slf4j-api-2.0.4.jar;C:\Users\Solid Lizard\.m2\repository\org\springframework\boot\spring-boot-starter-web\3.0.0\spring-boot-starter-web-3.0.0.jar;C:\Users\Solid Lizard\.m2\repository\org\springframework\boot\spring-boot-starter-json\3.0.0\spring-boot-starter-json-3.0.0.jar;C:\Users\Solid Lizard\.m2\repository\com\fasterxml\jackson\core\jackson-databind\2.14.1\jackson-databind-2.14.1.jar;C:\Users\Solid Lizard\.m2\repository\com\fasterxml\jackson\core\jackson-annotations\2.14.1\jackson-annotations-2.14.1.jar;C:\Users\Solid Lizard\.m2\repository\com\fasterxml\jackson\core\jackson-core\2.14.1\jackson-core-2.14.1.jar;C:\Users\Solid Lizard\.m2\repository\com\fasterxml\jackson\datatype\jackson-datatype-jdk8\2.14.1\jackson-datatype-jdk8-2.14.1.jar;C:\Users\Solid Lizard\.m2\repository\com\fasterxml\jackson\datatype\jackson-datatype-jsr310\2.14.1\jackson-datatype-jsr310-2.14.1.jar;C:\Users\Solid Lizard\.m2\repository\com\fasterxml\jackson\module\jackson-module-parameter-names\2.14.1\jackson-module-parameter-names-2.14.1.jar;C:\Users\Solid Lizard\.m2\repository\org\springframework\spring-web\6.0.2\spring-web-6.0.2.jar;C:\Users\Solid Lizard\.m2\repository\org\springframework\spring-beans\6.0.2\spring-beans-6.0.2.jar;C:\Users\Solid Lizard\.m2\repository\io\micrometer\micrometer-observation\1.10.2\micrometer-observation-1.10.2.jar;C:\Users\Solid Lizard\.m2\repository\io\micrometer\micrometer-commons\1.10.2\micrometer-commons-1.10.2.jar;C:\Users\Solid Lizard\.m2\repository\org\springframework\spring-webmvc\6.0.2\spring-webmvc-6.0.2.jar;C:\Users\Solid Lizard\.m2\repository\org\springframework\spring-aop\6.0.2\spring-aop-6.0.2.jar;C:\Users\Solid Lizard\.m2\repository\org\springframework\spring-context\6.0.2\spring-context-6.0.2.jar;C:\Users\Solid Lizard\.m2\repository\org\springframework\spring-expression\6.0.2\spring-expression-6.0.2.jar;C:\Users\Solid Lizard\.m2\repository\org\springframework\boot\spring-boot-starter-data-jpa\3.0.0\spring-boot-starter-data-jpa-3.0.0.jar;C:\Users\Solid Lizard\.m2\repository\org\springframework\boot\spring-boot-starter-aop\3.0.0\spring-boot-starter-aop-3.0.0.jar;C:\Users\Solid Lizard\.m2\repository\org\aspectj\aspectjweaver\1.9.9.1\aspectjweaver-1.9.9.1.jar;C:\Users\Solid Lizard\.m2\repository\org\springframework\boot\spring-boot-starter-jdbc\3.0.0\spring-boot-starter-jdbc-3.0.0.jar;C:\Users\Solid Lizard\.m2\repository\com\zaxxer\HikariCP\5.0.1\HikariCP-5.0.1.jar;C:\Users\Solid Lizard\.m2\repository\org\springframework\spring-jdbc\6.0.2\spring-jdbc-6.0.2.jar;C:\Users\Solid Lizard\.m2\repository\org\hibernate\orm\hibernate-core\6.1.5.Final\hibernate-core-6.1.5.Final.jar;C:\Users\Solid Lizard\.m2\repository\jakarta\persistence\jakarta.persistence-api\3.1.0\jakarta.persistence-api-3.1.0.jar;C:\Users\Solid Lizard\.m2\repository\jakarta\transaction\jakarta.transaction-api\2.0.1\jakarta.transaction-api-2.0.1.jar;C:\Users\Solid Lizard\.m2\repository\org\jboss\logging\jboss-logging\3.5.0.Final\jboss-logging-3.5.0.Final.jar;C:\Users\Solid Lizard\.m2\repository\org\hibernate\common\hibernate-commons-annotations\6.0.2.Final\hibernate-commons-annotations-6.0.2.Final.jar;C:\Users\Solid Lizard\.m2\repository\org\jboss\jandex\2.4.2.Final\jandex-2.4.2.Final.jar;C:\Users\Solid Lizard\.m2\repository\com\fasterxml\classmate\1.5.1\classmate-1.5.1.jar;C:\Users\Solid Lizard\.m2\repository\net\bytebuddy\byte-buddy\1.12.19\byte-buddy-1.12.19.jar;C:\Users\Solid Lizard\.m2\repository\org\glassfish\jaxb\jaxb-runtime\4.0.1\jaxb-runtime-4.0.1.jar;C:\Users\Solid Lizard\.m2\repository\org\glassfish\jaxb\jaxb-core\4.0.1\jaxb-core-4.0.1.jar;C:\Users\Solid Lizard\.m2\repository\org\eclipse\angus\angus-activation\1.0.0\angus-activation-1.0.0.jar;C:\Users\Solid Lizard\.m2\repository\org\glassfish\jaxb\txw2\4.0.1\txw2-4.0.1.jar;C:\Users\Solid Lizard\.m2\repository\com\sun\istack\istack-commons-runtime\4.1.1\istack-commons-runtime-4.1.1.jar;C:\Users\Solid Lizard\.m2\repository\jakarta\inject\jakarta.inject-api\2.0.0\jakarta.inject-api-2.0.0.jar;C:\Users\Solid Lizard\.m2\repository\org\antlr\antlr4-runtime\4.10.1\antlr4-runtime-4.10.1.jar;C:\Users\Solid Lizard\.m2\repository\org\springframework\data\spring-data-jpa\3.0.0\spring-data-jpa-3.0.0.jar;C:\Users\Solid Lizard\.m2\repository\org\springframework\data\spring-data-commons\3.0.0\spring-data-commons-3.0.0.jar;C:\Users\Solid Lizard\.m2\repository\org\springframework\spring-orm\6.0.2\spring-orm-6.0.2.jar;C:\Users\Solid Lizard\.m2\repository\org\springframework\spring-tx\6.0.2\spring-tx-6.0.2.jar;C:\Users\Solid Lizard\.m2\repository\org\springframework\spring-aspects\6.0.2\spring-aspects-6.0.2.jar;C:\Users\Solid Lizard\.m2\repository\org\springframework\boot\spring-boot-devtools\3.0.0\spring-boot-devtools-3.0.0.jar;C:\Users\Solid Lizard\.m2\repository\org\springframework\boot\spring-boot\3.0.0\spring-boot-3.0.0.jar;C:\Users\Solid Lizard\.m2\repository\org\springframework\boot\spring-boot-autoconfigure\3.0.0\spring-boot-autoconfigure-3.0.0.jar;C:\Users\Solid Lizard\.m2\repository\com\h2database\h2\2.1.214\h2-2.1.214.jar;C:\Users\Solid Lizard\.m2\repository\com\mysql\mysql-connector-j\8.0.31\mysql-connector-j-8.0.31.jar;C:\Users\Solid Lizard\.m2\repository\org\springframework\boot\spring-boot-starter-tomcat\3.0.0\spring-boot-starter-tomcat-3.0.0.jar;C:\Users\Solid Lizard\.m2\repository\jakarta\annotation\jakarta.annotation-api\2.1.1\jakarta.annotation-api-2.1.1.jar;C:\Users\Solid Lizard\.m2\repository\org\apache\tomcat\embed\tomcat-embed-core\10.1.1\tomcat-embed-core-10.1.1.jar;C:\Users\Solid Lizard\.m2\repository\org\apache\tomcat\embed\tomcat-embed-el\10.1.1\tomcat-embed-el-10.1.1.jar;C:\Users\Solid Lizard\.m2\repository\org\apache\tomcat\embed\tomcat-embed-websocket\10.1.1\tomcat-embed-websocket-10.1.1.jar;C:\Users\Solid Lizard\.m2\repository\org\springframework\boot\spring-boot-starter-test\3.0.0\spring-boot-starter-test-3.0.0.jar;C:\Users\Solid Lizard\.m2\repository\org\springframework\boot\spring-boot-test\3.0.0\spring-boot-test-3.0.0.jar;C:\Users\Solid Lizard\.m2\repository\org\springframework\boot\spring-boot-test-autoconfigure\3.0.0\spring-boot-test-autoconfigure-3.0.0.jar;C:\Users\Solid Lizard\.m2\repository\com\jayway\jsonpath\json-path\2.7.0\json-path-2.7.0.jar;C:\Users\Solid Lizard\.m2\repository\net\minidev\json-smart\2.4.8\json-smart-2.4.8.jar;C:\Users\Solid Lizard\.m2\repository\net\minidev\accessors-smart\2.4.8\accessors-smart-2.4.8.jar;C:\Users\Solid Lizard\.m2\repository\org\ow2\asm\asm\9.1\asm-9.1.jar;C:\Users\Solid Lizard\.m2\repository\jakarta\xml\bind\jakarta.xml.bind-api\4.0.0\jakarta.xml.bind-api-4.0.0.jar;C:\Users\Solid Lizard\.m2\repository\jakarta\activation\jakarta.activation-api\2.1.0\jakarta.activation-api-2.1.0.jar;C:\Users\Solid Lizard\.m2\repository\org\assertj\assertj-core\3.23.1\assertj-core-3.23.1.jar;C:\Users\Solid Lizard\.m2\repository\org\hamcrest\hamcrest\2.2\hamcrest-2.2.jar;C:\Users\Solid Lizard\.m2\repository\org\junit\jupiter\junit-jupiter\5.9.1\junit-jupiter-5.9.1.jar;C:\Users\Solid Lizard\.m2\repository\org\junit\jupiter\junit-jupiter-api\5.9.1\junit-jupiter-api-5.9.1.jar;C:\Users\Solid Lizard\.m2\repository\org\opentest4j\opentest4j\1.2.0\opentest4j-1.2.0.jar;C:\Users\Solid Lizard\.m2\repository\org\junit\platform\junit-platform-commons\1.9.1\junit-platform-commons-1.9.1.jar;C:\Users\Solid Lizard\.m2\repository\org\apiguardian\apiguardian-api\1.1.2\apiguardian-api-1.1.2.jar;C:\Users\Solid Lizard\.m2\repository\org\junit\jupiter\junit-jupiter-params\5.9.1\junit-jupiter-params-5.9.1.jar;C:\Users\Solid Lizard\.m2\repository\org\junit\jupiter\junit-jupiter-engine\5.9.1\junit-jupiter-engine-5.9.1.jar;C:\Users\Solid Lizard\.m2\repository\org\junit\platform\junit-platform-engine\1.9.1\junit-platform-engine-1.9.1.jar;C:\Users\Solid Lizard\.m2\repository\org\mockito\mockito-core\4.8.1\mockito-core-4.8.1.jar;C:\Users\Solid Lizard\.m2\repository\net\bytebuddy\byte-buddy-agent\1.12.19\byte-buddy-agent-1.12.19.jar;C:\Users\Solid Lizard\.m2\repository\org\objenesis\objenesis\3.2\objenesis-3.2.jar;C:\Users\Solid Lizard\.m2\repository\org\mockito\mockito-junit-jupiter\4.8.1\mockito-junit-jupiter-4.8.1.jar;C:\Users\Solid Lizard\.m2\repository\org\skyscreamer\jsonassert\1.5.1\jsonassert-1.5.1.jar;C:\Users\Solid Lizard\.m2\repository\com\vaadin\external\google\android-json\0.0.20131108.vaadin1\android-json-0.0.20131108.vaadin1.jar;C:\Users\Solid Lizard\.m2\repository\org\springframework\spring-core\6.0.2\spring-core-6.0.2.jar;C:\Users\Solid Lizard\.m2\repository\org\springframework\spring-jcl\6.0.2\spring-jcl-6.0.2.jar;C:\Users\Solid Lizard\.m2\repository\org\springframework\spring-test\6.0.2\spring-test-6.0.2.jar;C:\Users\Solid Lizard\.m2\repository\org\xmlunit\xmlunit-core\2.9.0\xmlunit-core-2.9.0.jar;"/>
    <property name="sun.cpu.endian" value="little"/>
    <property name="user.home" value="C:\Users\Solid Lizard"/>
    <property name="user.language" value="es"/>
    <property name="java.specification.vendor" value="Oracle Corporation"/>
    <property name="java.version.date" value="2022-01-18"/>
    <property name="java.home" value="C:\Users\Solid Lizard\OneDrive\Escritorio\Trabajo\1º Grado Superior\FP DUAL\Programacion\DESARROLLO\ECLIPSE\eclipse\plugins\org.eclipse.justj.openjdk.hotspot.jre.full.win32.x86_64_17.0.2.v20220201-1208\jre"/>
    <property name="file.separator" value="\"/>
    <property name="basedir" value="C:\Users\Solid Lizard\OneDrive\Escritorio\nttdatacenters-spring-t1-SLA"/>
    <property name="java.vm.compressedOopsMode" value="Zero based"/>
    <property name="line.separator" value="&#10;"/>
    <property name="java.vm.specification.vendor" value="Oracle Corporation"/>
    <property name="java.specification.name" value="Java Platform API Specification"/>
    <property name="surefire.real.class.path" value="C:\Users\SOLIDL~1\AppData\Local\Temp\surefire3443491839083426377\surefirebooter13906247001221189687.jar"/>
    <property name="user.script" value=""/>
    <property name="sun.management.compiler" value="HotSpot 64-Bit Tiered Compilers"/>
    <property name="java.runtime.version" value="17.0.2+8"/>
    <property name="user.name" value="Solid Lizard"/>
    <property name="path.separator" value=";"/>
    <property name="os.version" value="10.0"/>
    <property name="java.runtime.name" value="OpenJDK Runtime Environment"/>
    <property name="file.encoding" value="Cp1252"/>
    <property name="java.vm.name" value="OpenJDK 64-Bit Server VM"/>
    <property name="java.vendor.version" value="Temurin-17.0.2+8"/>
    <property name="localRepository" value="C:\Users\Solid Lizard\.m2\repository"/>
    <property name="java.vendor.url.bug" value="https://github.com/adoptium/adoptium-support/issues"/>
    <property name="java.io.tmpdir" value="C:\Users\SOLIDL~1\AppData\Local\Temp\"/>
    <property name="java.version" value="17.0.2"/>
    <property name="user.dir" value="C:\Users\Solid Lizard\OneDrive\Escritorio\nttdatacenters-spring-t1-SLA"/>
    <property name="os.arch" value="amd64"/>
    <property name="java.vm.specification.name" value="Java Virtual Machine Specification"/>
    <property name="sun.os.patch.level" value=""/>
    <property name="native.encoding" value="Cp1252"/>
    <property name="java.library.path" value="C:\Users\Solid Lizard\OneDrive\Escritorio\Trabajo\1º Grado Superior\FP DUAL\Programacion\DESARROLLO\ECLIPSE\eclipse\plugins\org.eclipse.justj.openjdk.hotspot.jre.full.win32.x86_64_17.0.2.v20220201-1208\jre\bin;C:\windows\Sun\Java\bin;C:\windows\system32;C:\windows;C:/Users/Solid Lizard/OneDrive/Escritorio/Trabajo/1º Grado Superior/FP DUAL/Programacion/DESARROLLO/ECLIPSE/eclipse//plugins/org.eclipse.justj.openjdk.hotspot.jre.full.win32.x86_64_17.0.2.v20220201-1208/jre/bin/server;C:/Users/Solid Lizard/OneDrive/Escritorio/Trabajo/1º Grado Superior/FP DUAL/Programacion/DESARROLLO/ECLIPSE/eclipse//plugins/org.eclipse.justj.openjdk.hotspot.jre.full.win32.x86_64_17.0.2.v20220201-1208/jre/bin;C:\Program Files\Java\jdk1.8.0_301\bin;C:\Program Files\nodejs\;C:\Users\Solid Lizard\OneDrive\Escritorio\Trabajo\1º Grado Superior\FP DUAL\Programacion\HERRAMIENTAS\APACHE\MAVEN\apache-maven-3.8.4\bin;C:\Program Files\dotnet\;C:\Program Files\Microsoft SQL Server\Client SDK\ODBC\170\Tools\Binn\;C:\Users\Solid Lizard\AppData\Local\Programs\Python\Python310\Scripts\;C:\Users\Solid Lizard\AppData\Local\Programs\Python\Python310\;C:\Program Files\MySQL\MySQL Shell 8.0\bin\;C:\Users\Solid Lizard\AppData\Local\Microsoft\WindowsApps;search-ms:displayname=Resultados%20de%20la%20búsqueda%20en%20Este%20equipo&amp;crumb=location:%3A%3A{20D04FE0-3AEA-1069-A2D8-08002B30309D}\Sublime Text 3;C:\Users\Solid Lizard\.dotnet\tools;C:\Users\Solid Lizard\OneDrive\Escritorio\Trabajo\FP DUAL\Programacion\DESARROLLO\VS CODE\Microsoft VS Code\bin;C:\Program Files\Java\jdk1.8.0_301\bin;C:\Users\Solid Lizard\AppData\Roaming\npm;C:\Users\Solid Lizard\OneDrive\Escritorio\Trabajo\1º Grado Superior\FP DUAL\Programacion\DESARROLLO\ECLIPSE\eclipse;;."/>
    <property name="java.vm.info" value="mixed mode"/>
    <property name="java.vendor" value="Eclipse Adoptium"/>
    <property name="java.vm.version" value="17.0.2+8"/>
    <property name="sun.io.unicode.encoding" value="UnicodeLittle"/>
    <property name="java.class.version" value="61.0"/>
  </properties>
  <testcase name="contextLoads" classname="com.Nttadta.nttdatacentersspringt1SLA.NttdatacentersSpringT1SlaApplicationTests" time="0.018">
    <error message="Failed to load ApplicationContext for [WebMergedContextConfiguration@66297b63 testClass = com.Nttadta.nttdatacentersspringt1SLA.NttdatacentersSpringT1SlaApplicationTests, locations = [], classes = [com.Nttadta.nttdatacentersspringt1SLA.NttdatacentersSpringT1SlaApplication], contextInitializerClasses = [], activeProfiles = [], propertySourceLocations = [], propertySourceProperties = [&quot;org.springframework.boot.test.context.SpringBootTestContextBootstrapper=true&quot;], contextCustomizers = [org.springframework.boot.test.context.filter.ExcludeFilterContextCustomizer@3569fc08, org.springframework.boot.test.json.DuplicateJsonObjectContextCustomizerFactory$DuplicateJsonObjectContextCustomizer@7d42c224, org.springframework.boot.test.mock.mockito.MockitoContextCustomizer@0, org.springframework.boot.test.web.client.TestRestTemplateContextCustomizer@315f43d5, org.springframework.boot.test.autoconfigure.actuate.observability.ObservabilityContextCustomizerFactory$DisableObservabilityContextCustomizer@9da1, org.springframework.boot.test.autoconfigure.properties.PropertyMappingContextCustomizer@0, org.springframework.boot.test.autoconfigure.web.servlet.WebDriverContextCustomizerFactory$Customizer@4a11eb84, org.springframework.boot.test.context.SpringBootTestAnnotation@decebd39], resourceBasePath = &quot;src/main/webapp&quot;, contextLoader = org.springframework.boot.test.context.SpringBootContextLoader, parent = null]" type="java.lang.IllegalStateException">java.lang.IllegalStateException: Failed to load ApplicationContext for [WebMergedContextConfiguration@66297b63 testClass = com.Nttadta.nttdatacentersspringt1SLA.NttdatacentersSpringT1SlaApplicationTests, locations = [], classes = [com.Nttadta.nttdatacentersspringt1SLA.NttdatacentersSpringT1SlaApplication], contextInitializerClasses = [], activeProfiles = [], propertySourceLocations = [], propertySourceProperties = ["org.springframework.boot.test.context.SpringBootTestContextBootstrapper=true"], contextCustomizers = [org.springframework.boot.test.context.filter.ExcludeFilterContextCustomizer@3569fc08, org.springframework.boot.test.json.DuplicateJsonObjectContextCustomizerFactory$DuplicateJsonObjectContextCustomizer@7d42c224, org.springframework.boot.test.mock.mockito.MockitoContextCustomizer@0, org.springframework.boot.test.web.client.TestRestTemplateContextCustomizer@315f43d5, org.springframework.boot.test.autoconfigure.actuate.observability.ObservabilityContextCustomizerFactory$DisableObservabilityContextCustomizer@9da1, org.springframework.boot.test.autoconfigure.properties.PropertyMappingContextCustomizer@0, org.springframework.boot.test.autoconfigure.web.servlet.WebDriverContextCustomizerFactory$Customizer@4a11eb84, org.springframework.boot.test.context.SpringBootTestAnnotation@decebd39], resourceBasePath = "src/main/webapp", contextLoader = org.springframework.boot.test.context.SpringBootContextLoader, parent = null]
Caused by: java.lang.IllegalStateException: Failed to execute CommandLineRunner
Caused by: org.springframework.dao.IncorrectResultSizeDataAccessException: query did not return a unique result: 2
Caused by: jakarta.persistence.NonUniqueResultException: query did not return a unique result: 2
</error>
    <system-out><![CDATA[10:20:01,250 |-INFO in ch.qos.logback.classic.LoggerContext[default] - This is logback-classic version 1.4.5
10:20:01,296 |-INFO in ch.qos.logback.classic.LoggerContext[default] - Could NOT find resource [logback-test.xml]
10:20:01,302 |-INFO in ch.qos.logback.classic.LoggerContext[default] - Found resource [logback.xml] at [file:/C:/Users/Solid%20Lizard/OneDrive/Escritorio/nttdatacenters-spring-t1-SLA/target/classes/logback.xml]
10:20:01,525 |-WARN in ch.qos.logback.core.model.processor.AppenderModelHandler - Appender named [file] not referenced. Skipping further processing.
10:20:01,525 |-INFO in ch.qos.logback.core.model.processor.AppenderModelHandler - Processing appender named [consola]
10:20:01,525 |-INFO in ch.qos.logback.core.model.processor.AppenderModelHandler - About to instantiate appender of type [ch.qos.logback.core.ConsoleAppender]
10:20:01,545 |-INFO in ch.qos.logback.core.model.processor.ImplicitModelHandler - Assuming default type [ch.qos.logback.classic.encoder.PatternLayoutEncoder] for [encoder] property
10:20:01,594 |-INFO in ch.qos.logback.classic.model.processor.RootLoggerModelHandler - Setting level of ROOT logger to DEBUG
10:20:01,594 |-INFO in ch.qos.logback.core.model.processor.AppenderRefModelHandler - Attaching appender named [consola] to Logger[ROOT]
10:20:01,595 |-INFO in ch.qos.logback.core.model.processor.DefaultProcessor@58be6e8 - End of configuration.
10:20:01,596 |-INFO in ch.qos.logback.classic.joran.JoranConfigurator@7331196b - Registering current configuration as safe fallback point

[DEBUG] - [main] - SpringBootTestContextBootstrapper: Neither @ContextConfiguration nor @ContextHierarchy found for test class [NttdatacentersSpringT1SlaApplicationTests]: using SpringBootContextLoader
[DEBUG] - [main] - AbstractContextLoader: Could not detect default resource locations for test class [com.Nttadta.nttdatacentersspringt1SLA.NttdatacentersSpringT1SlaApplicationTests]: no resource found for suffixes {-context.xml, Context.groovy}.
[INFO ] - [main] - AnnotationConfigContextLoaderUtils: Could not detect default configuration classes for test class [com.Nttadta.nttdatacentersspringt1SLA.NttdatacentersSpringT1SlaApplicationTests]: NttdatacentersSpringT1SlaApplicationTests does not declare any static, non-private, non-final, nested classes annotated with @Configuration.
[DEBUG] - [main] - SpringBootTestContextBootstrapper: Using ContextCustomizers for test class [NttdatacentersSpringT1SlaApplicationTests]: [ExcludeFilterContextCustomizer, DuplicateJsonObjectContextCustomizer, MockitoContextCustomizer, TestRestTemplateContextCustomizer, DisableObservabilityContextCustomizer, PropertyMappingContextCustomizer, Customizer]
[DEBUG] - [main] - ClassPathScanningCandidateComponentProvider: Identified candidate component class: file [C:\Users\Solid Lizard\OneDrive\Escritorio\nttdatacenters-spring-t1-SLA\target\classes\com\Nttadta\nttdatacentersspringt1SLA\NttdatacentersSpringT1SlaApplication.class]
[INFO ] - [main] - SpringBootTestContextBootstrapper: Found @SpringBootConfiguration com.Nttadta.nttdatacentersspringt1SLA.NttdatacentersSpringT1SlaApplication for test class com.Nttadta.nttdatacentersspringt1SLA.NttdatacentersSpringT1SlaApplicationTests
[DEBUG] - [main] - SpringBootTestContextBootstrapper: Using TestExecutionListeners for test class [NttdatacentersSpringT1SlaApplicationTests]: [ServletTestExecutionListener, DirtiesContextBeforeModesTestExecutionListener, ApplicationEventsTestExecutionListener, MockitoTestExecutionListener, DependencyInjectionTestExecutionListener, DirtiesContextTestExecutionListener, TransactionalTestExecutionListener, SqlScriptsTestExecutionListener, EventPublishingTestExecutionListener, ResetMocksTestExecutionListener, RestDocsTestExecutionListener, MockRestServiceServerResetTestExecutionListener, MockMvcPrintOnlyOnFailureTestExecutionListener, WebDriverTestExecutionListener, MockWebServiceServerTestExecutionListener]
[DEBUG] - [main] - AbstractDirtiesContextTestExecutionListener: Before test class: class [NttdatacentersSpringT1SlaApplicationTests], class annotated with @DirtiesContext [false] with mode [null]

  .   ____          _            __ _ _
 /\\ / ___'_ __ _ _(_)_ __  __ _ \ \ \ \
( ( )\___ | '_ | '_| | '_ \/ _` | \ \ \ \
 \\/  ___)| |_)| | | | | || (_| |  ) ) ) )
  '  |____| .__|_| |_|_| |_\__, | / / / /
 =========|_|==============|___/=/_/_/_/
 :: Spring Boot ::                (v3.0.0)

[INFO ] - [main] - NttdatacentersSpringT1SlaApplicationTests: Starting NttdatacentersSpringT1SlaApplicationTests using Java 17.0.2 with PID 25464 (started by Solid Lizard in C:\Users\Solid Lizard\OneDrive\Escritorio\nttdatacenters-spring-t1-SLA)
[DEBUG] - [main] - NttdatacentersSpringT1SlaApplicationTests: Running with Spring Boot v3.0.0, Spring v6.0.2
[INFO ] - [main] - NttdatacentersSpringT1SlaApplicationTests: No active profile set, falling back to 1 default profile: "default"
[DEBUG] - [main] - SpringApplication: Loading source class com.Nttadta.nttdatacentersspringt1SLA.NttdatacentersSpringT1SlaApplication
[DEBUG] - [main] - GenericWebApplicationContext: Refreshing org.springframework.web.context.support.GenericWebApplicationContext@2d7e1102
[DEBUG] - [main] - DefaultListableBeanFactory: Creating shared instance of singleton bean 'org.springframework.context.annotation.internalConfigurationAnnotationProcessor'
[DEBUG] - [main] - DefaultListableBeanFactory: Creating shared instance of singleton bean 'org.springframework.boot.autoconfigure.internalCachingMetadataReaderFactory'
[DEBUG] - [main] - ClassPathBeanDefinitionScanner: Identified candidate component class: file [C:\Users\Solid Lizard\OneDrive\Escritorio\nttdatacenters-spring-t1-SLA\target\classes\com\Nttadta\nttdatacentersspringt1SLA\controllers\ExampleController.class]
[DEBUG] - [main] - ClassPathBeanDefinitionScanner: Identified candidate component class: file [C:\Users\Solid Lizard\OneDrive\Escritorio\nttdatacenters-spring-t1-SLA\target\classes\com\Nttadta\nttdatacentersspringt1SLA\controllers\HomeController.class]
[DEBUG] - [main] - ClassPathBeanDefinitionScanner: Ignored because not a concrete top-level class: file [C:\Users\Solid Lizard\OneDrive\Escritorio\nttdatacenters-spring-t1-SLA\target\classes\com\Nttadta\nttdatacentersspringt1SLA\repository\FlatDAOI.class]
[DEBUG] - [main] - ClassPathBeanDefinitionScanner: Ignored because not a concrete top-level class: file [C:\Users\Solid Lizard\OneDrive\Escritorio\nttdatacenters-spring-t1-SLA\target\classes\com\Nttadta\nttdatacentersspringt1SLA\repository\FloorDAOI.class]
[DEBUG] - [main] - ClassPathBeanDefinitionScanner: Ignored because not a concrete top-level class: file [C:\Users\Solid Lizard\OneDrive\Escritorio\nttdatacenters-spring-t1-SLA\target\classes\com\Nttadta\nttdatacentersspringt1SLA\repository\PersonDAOI.class]
[DEBUG] - [main] - ClassPathBeanDefinitionScanner: Identified candidate component class: file [C:\Users\Solid Lizard\OneDrive\Escritorio\nttdatacenters-spring-t1-SLA\target\classes\com\Nttadta\nttdatacentersspringt1SLA\services\FlatManagementServiceImpl.class]
[DEBUG] - [main] - ClassPathBeanDefinitionScanner: Identified candidate component class: file [C:\Users\Solid Lizard\OneDrive\Escritorio\nttdatacenters-spring-t1-SLA\target\classes\com\Nttadta\nttdatacentersspringt1SLA\services\FloorManagementServiceImpl.class]
[DEBUG] - [main] - ClassPathBeanDefinitionScanner: Identified candidate component class: file [C:\Users\Solid Lizard\OneDrive\Escritorio\nttdatacenters-spring-t1-SLA\target\classes\com\Nttadta\nttdatacentersspringt1SLA\services\PersonManagementServiceImpl.class]
[INFO ] - [main] - RepositoryConfigurationDelegate: Bootstrapping Spring Data JPA repositories in DEFAULT mode.
[DEBUG] - [main] - DefaultListableBeanFactory: Creating shared instance of singleton bean 'org.springframework.boot.autoconfigure.AutoConfigurationPackages'
[DEBUG] - [main] - AutoConfigurationPackages: @EnableAutoConfiguration was declared on a class in the package 'com.Nttadta.nttdatacentersspringt1SLA'. Automatic @Repository and @Entity scanning is enabled.
[DEBUG] - [main] - RepositoryConfigurationDelegate: Scanning for JPA repositories in packages com.Nttadta.nttdatacentersspringt1SLA.
[DEBUG] - [main] - RepositoryComponentProvider: Identified candidate component class: file [C:\Users\Solid Lizard\OneDrive\Escritorio\nttdatacenters-spring-t1-SLA\target\classes\com\Nttadta\nttdatacentersspringt1SLA\repository\FlatDAOI.class]
[DEBUG] - [main] - RepositoryComponentProvider: Identified candidate component class: file [C:\Users\Solid Lizard\OneDrive\Escritorio\nttdatacenters-spring-t1-SLA\target\classes\com\Nttadta\nttdatacentersspringt1SLA\repository\FloorDAOI.class]
[DEBUG] - [main] - RepositoryComponentProvider: Identified candidate component class: file [C:\Users\Solid Lizard\OneDrive\Escritorio\nttdatacenters-spring-t1-SLA\target\classes\com\Nttadta\nttdatacentersspringt1SLA\repository\PersonDAOI.class]
[DEBUG] - [main] - ClassPathScanningCandidateComponentProvider: Identified candidate component class: file [C:\Users\Solid Lizard\OneDrive\Escritorio\nttdatacenters-spring-t1-SLA\target\classes\com\Nttadta\nttdatacentersspringt1SLA\services\FlatManagementServiceImpl.class]
[DEBUG] - [main] - ClassPathScanningCandidateComponentProvider: Identified candidate component class: file [C:\Users\Solid Lizard\OneDrive\Escritorio\nttdatacenters-spring-t1-SLA\target\classes\com\Nttadta\nttdatacentersspringt1SLA\services\FloorManagementServiceImpl.class]
[DEBUG] - [main] - ClassPathScanningCandidateComponentProvider: Identified candidate component class: file [C:\Users\Solid Lizard\OneDrive\Escritorio\nttdatacenters-spring-t1-SLA\target\classes\com\Nttadta\nttdatacentersspringt1SLA\services\PersonManagementServiceImpl.class]
[INFO ] - [main] - RepositoryConfigurationDelegate: Finished Spring Data repository scanning in 126 ms. Found 3 JPA repository interfaces.
[DEBUG] - [main] - DefaultListableBeanFactory: Creating shared instance of singleton bean 'propertySourcesPlaceholderConfigurer'
[DEBUG] - [main] - DefaultListableBeanFactory: Creating shared instance of singleton bean 'org.springframework.boot.test.mock.mockito.MockitoPostProcessor'
[DEBUG] - [main] - DefaultListableBeanFactory: Creating shared instance of singleton bean 'emBeanDefinitionRegistrarPostProcessor'
[DEBUG] - [main] - DefaultListableBeanFactory: Creating shared instance of singleton bean 'org.springframework.boot.sql.init.dependency.DatabaseInitializationDependencyConfigurer$DependsOnDatabaseInitializationPostProcessor'
[DEBUG] - [main] - DefaultListableBeanFactory: Creating shared instance of singleton bean 'org.springframework.context.event.internalEventListenerProcessor'
[DEBUG] - [main] - DefaultListableBeanFactory: Creating shared instance of singleton bean 'org.springframework.context.event.internalEventListenerFactory'
[DEBUG] - [main] - DefaultListableBeanFactory: Creating shared instance of singleton bean 'org.springframework.transaction.config.internalTransactionalEventListenerFactory'
[DEBUG] - [main] - DefaultListableBeanFactory: Creating shared instance of singleton bean 'org.springframework.boot.test.mock.mockito.MockitoPostProcessor$SpyPostProcessor'
[DEBUG] - [main] - DefaultListableBeanFactory: Creating shared instance of singleton bean 'org.springframework.context.annotation.internalAutowiredAnnotationProcessor'
[DEBUG] - [main] - DefaultListableBeanFactory: Creating shared instance of singleton bean 'org.springframework.context.annotation.internalCommonAnnotationProcessor'
[DEBUG] - [main] - DefaultListableBeanFactory: Creating shared instance of singleton bean 'org.springframework.context.annotation.internalPersistenceAnnotationProcessor'
[DEBUG] - [main] - DefaultListableBeanFactory: Creating shared instance of singleton bean 'org.springframework.boot.context.properties.ConfigurationPropertiesBindingPostProcessor'
[DEBUG] - [main] - DefaultListableBeanFactory: Creating shared instance of singleton bean 'org.springframework.boot.context.internalConfigurationPropertiesBinder'
[DEBUG] - [main] - DefaultListableBeanFactory: Creating shared instance of singleton bean 'org.springframework.boot.context.internalConfigurationPropertiesBinderFactory'
[DEBUG] - [main] - DefaultListableBeanFactory: Creating shared instance of singleton bean 'org.springframework.aop.config.internalAutoProxyCreator'
[DEBUG] - [main] - DefaultListableBeanFactory: Creating shared instance of singleton bean 'persistenceExceptionTranslationPostProcessor'
[DEBUG] - [main] - DefaultListableBeanFactory: Autowiring by type from bean name 'persistenceExceptionTranslationPostProcessor' via factory method to bean named 'environment'
[DEBUG] - [main] - DefaultListableBeanFactory: Creating shared instance of singleton bean 'webServerFactoryCustomizerBeanPostProcessor'
[DEBUG] - [main] - DefaultListableBeanFactory: Creating shared instance of singleton bean 'errorPageRegistrarBeanPostProcessor'
[DEBUG] - [main] - DefaultListableBeanFactory: Creating shared instance of singleton bean 'projectingArgumentResolverBeanPostProcessor'
[DEBUG] - [main] - DefaultListableBeanFactory: Creating shared instance of singleton bean 'org.springframework.transaction.config.internalTransactionAdvisor'
[DEBUG] - [main] - DefaultListableBeanFactory: Creating shared instance of singleton bean 'org.springframework.transaction.annotation.ProxyTransactionManagementConfiguration'
[DEBUG] - [main] - DefaultListableBeanFactory: Creating shared instance of singleton bean 'transactionAttributeSource'
[DEBUG] - [main] - DefaultListableBeanFactory: Creating shared instance of singleton bean 'transactionInterceptor'
[DEBUG] - [main] - DefaultListableBeanFactory: Autowiring by type from bean name 'transactionInterceptor' via factory method to bean named 'transactionAttributeSource'
[DEBUG] - [main] - DefaultListableBeanFactory: Autowiring by type from bean name 'org.springframework.transaction.config.internalTransactionAdvisor' via factory method to bean named 'transactionAttributeSource'
[DEBUG] - [main] - DefaultListableBeanFactory: Autowiring by type from bean name 'org.springframework.transaction.config.internalTransactionAdvisor' via factory method to bean named 'transactionInterceptor'
[DEBUG] - [main] - UiApplicationContextUtils: Unable to locate ThemeSource with name 'themeSource': using default [org.springframework.ui.context.support.ResourceBundleThemeSource@32456db0]
[DEBUG] - [main] - DefaultListableBeanFactory: Creating shared instance of singleton bean 'dataSourceScriptDatabaseInitializer'
[DEBUG] - [main] - DefaultListableBeanFactory: Creating shared instance of singleton bean 'org.springframework.boot.autoconfigure.sql.init.DataSourceInitializationConfiguration'
[DEBUG] - [main] - DefaultListableBeanFactory: Creating shared instance of singleton bean 'dataSource'
[DEBUG] - [main] - DefaultListableBeanFactory: Creating shared instance of singleton bean 'org.springframework.boot.autoconfigure.jdbc.DataSourceConfiguration$Hikari'
[DEBUG] - [main] - DefaultListableBeanFactory: Creating shared instance of singleton bean 'spring.datasource-org.springframework.boot.autoconfigure.jdbc.DataSourceProperties'
[DEBUG] - [main] - DefaultListableBeanFactory: Creating shared instance of singleton bean 'org.springframework.boot.context.properties.BoundConfigurationProperties'
[DEBUG] - [main] - DefaultListableBeanFactory: Autowiring by type from bean name 'dataSource' via factory method to bean named 'spring.datasource-org.springframework.boot.autoconfigure.jdbc.DataSourceProperties'
[DEBUG] - [main] - HikariConfig: Driver class com.mysql.cj.jdbc.Driver found in Thread context class loader jdk.internal.loader.ClassLoaders$AppClassLoader@6d5380c2
[DEBUG] - [main] - DefaultListableBeanFactory: Creating shared instance of singleton bean 'spring.sql.init-org.springframework.boot.autoconfigure.sql.init.SqlInitializationProperties'
[DEBUG] - [main] - DefaultListableBeanFactory: Autowiring by type from bean name 'dataSourceScriptDatabaseInitializer' via factory method to bean named 'dataSource'
[DEBUG] - [main] - DefaultListableBeanFactory: Autowiring by type from bean name 'dataSourceScriptDatabaseInitializer' via factory method to bean named 'spring.sql.init-org.springframework.boot.autoconfigure.sql.init.SqlInitializationProperties'
[DEBUG] - [main] - DefaultListableBeanFactory: Creating shared instance of singleton bean 'entityManagerFactory'
[DEBUG] - [main] - DefaultListableBeanFactory: Creating shared instance of singleton bean 'org.springframework.boot.autoconfigure.orm.jpa.HibernateJpaConfiguration'
[DEBUG] - [main] - DefaultListableBeanFactory: Creating shared instance of singleton bean 'spring.jpa-org.springframework.boot.autoconfigure.orm.jpa.JpaProperties'
[DEBUG] - [main] - DefaultListableBeanFactory: Creating shared instance of singleton bean 'spring.jpa.hibernate-org.springframework.boot.autoconfigure.orm.jpa.HibernateProperties'
[DEBUG] - [main] - DefaultListableBeanFactory: Autowiring by type from bean name 'org.springframework.boot.autoconfigure.orm.jpa.HibernateJpaConfiguration' via constructor to bean named 'dataSource'
[DEBUG] - [main] - DefaultListableBeanFactory: Autowiring by type from bean name 'org.springframework.boot.autoconfigure.orm.jpa.HibernateJpaConfiguration' via constructor to bean named 'spring.jpa-org.springframework.boot.autoconfigure.orm.jpa.JpaProperties'
[DEBUG] - [main] - DefaultListableBeanFactory: Autowiring by type from bean name 'org.springframework.boot.autoconfigure.orm.jpa.HibernateJpaConfiguration' via constructor to bean named 'org.springframework.beans.factory.support.DefaultListableBeanFactory@ae372b9'
[DEBUG] - [main] - DefaultListableBeanFactory: Autowiring by type from bean name 'org.springframework.boot.autoconfigure.orm.jpa.HibernateJpaConfiguration' via constructor to bean named 'spring.jpa.hibernate-org.springframework.boot.autoconfigure.orm.jpa.HibernateProperties'
[DEBUG] - [main] - DefaultListableBeanFactory: Creating shared instance of singleton bean 'hikariPoolDataSourceMetadataProvider'
[DEBUG] - [main] - DefaultListableBeanFactory: Creating shared instance of singleton bean 'org.springframework.boot.autoconfigure.jdbc.metadata.DataSourcePoolMetadataProvidersConfiguration$HikariPoolDataSourceMetadataProviderConfiguration'
[DEBUG] - [main] - DefaultListableBeanFactory: Creating shared instance of singleton bean 'entityManagerFactoryBuilder'
[DEBUG] - [main] - DefaultListableBeanFactory: Creating shared instance of singleton bean 'jpaVendorAdapter'
[DEBUG] - [main] - logging: Logging Provider: org.jboss.logging.Slf4jLoggerProvider found via system property
[DEBUG] - [main] - DefaultListableBeanFactory: Autowiring by type from bean name 'entityManagerFactoryBuilder' via factory method to bean named 'jpaVendorAdapter'
[DEBUG] - [main] - DefaultListableBeanFactory: Creating shared instance of singleton bean 'persistenceManagedTypes'
[DEBUG] - [main] - DefaultListableBeanFactory: Autowiring by type from bean name 'persistenceManagedTypes' via factory method to bean named 'org.springframework.beans.factory.support.DefaultListableBeanFactory@ae372b9'
[DEBUG] - [main] - DefaultListableBeanFactory: Autowiring by type from bean name 'persistenceManagedTypes' via factory method to bean named 'org.springframework.web.context.support.GenericWebApplicationContext@2d7e1102'
[DEBUG] - [main] - DefaultListableBeanFactory: Autowiring by type from bean name 'entityManagerFactory' via factory method to bean named 'entityManagerFactoryBuilder'
[DEBUG] - [main] - DefaultListableBeanFactory: Autowiring by type from bean name 'entityManagerFactory' via factory method to bean named 'persistenceManagedTypes'
[DEBUG] - [main] - LocalContainerEntityManagerFactoryBean: Building JPA container EntityManagerFactory for persistence unit 'default'
[DEBUG] - [main] - LogHelper: PersistenceUnitInfo [
	name: default
	persistence provider classname: null
	classloader: jdk.internal.loader.ClassLoaders$AppClassLoader@6d5380c2
	excludeUnlistedClasses: true
	JTA datasource: null
	Non JTA datasource: HikariDataSource (null)
	Transaction type: RESOURCE_LOCAL
	PU root URL: file:/C:/Users/Solid%20Lizard/OneDrive/Escritorio/nttdatacenters-spring-t1-SLA/target/test-classes/
	Shared Cache Mode: UNSPECIFIED
	Validation Mode: AUTO
	Jar files URLs []
	Managed classes names [
		com.Nttadta.nttdatacentersspringt1SLA.repository.Flat
		com.Nttadta.nttdatacentersspringt1SLA.repository.Floor
		com.Nttadta.nttdatacentersspringt1SLA.repository.Person]
	Mapping files names []
	Properties []
[DEBUG] - [main] - IntegratorServiceImpl: Adding Integrator [org.hibernate.cfg.beanvalidation.BeanValidationIntegrator].
[DEBUG] - [main] - IntegratorServiceImpl: Adding Integrator [org.hibernate.cache.internal.CollectionCacheInvalidator].
[INFO ] - [main] - Version: HHH000412: Hibernate ORM core version 6.1.5.Final
[DEBUG] - [main] - Environment: HHH000206: hibernate.properties not found
[DEBUG] - [main] - factory: Registering IdentifierGenerator strategy [uuid2] -> [org.hibernate.id.UUIDGenerator]
[DEBUG] - [main] - factory: Registering IdentifierGenerator strategy [guid] -> [org.hibernate.id.GUIDGenerator]
[DEBUG] - [main] - factory: Registering IdentifierGenerator strategy [uuid] -> [org.hibernate.id.UUIDHexGenerator]
[DEBUG] - [main] - factory: Registering IdentifierGenerator strategy [uuid.hex] -> [org.hibernate.id.UUIDHexGenerator]
[DEBUG] - [main] - factory: Registering IdentifierGenerator strategy [assigned] -> [org.hibernate.id.Assigned]
[DEBUG] - [main] - factory: Registering IdentifierGenerator strategy [identity] -> [org.hibernate.id.IdentityGenerator]
[DEBUG] - [main] - factory: Registering IdentifierGenerator strategy [select] -> [org.hibernate.id.SelectGenerator]
[DEBUG] - [main] - factory: Registering IdentifierGenerator strategy [sequence] -> [org.hibernate.id.enhanced.SequenceStyleGenerator]
[DEBUG] - [main] - factory: Registering IdentifierGenerator strategy [increment] -> [org.hibernate.id.IncrementGenerator]
[DEBUG] - [main] - factory: Registering IdentifierGenerator strategy [foreign] -> [org.hibernate.id.ForeignGenerator]
[DEBUG] - [main] - factory: Registering IdentifierGenerator strategy [enhanced-sequence] -> [org.hibernate.id.enhanced.SequenceStyleGenerator]
[DEBUG] - [main] - factory: Registering IdentifierGenerator strategy [enhanced-table] -> [org.hibernate.id.enhanced.TableGenerator]
[WARN ] - [main] - deprecation: HHH90000021: Encountered deprecated setting [javax.persistence.sharedCache.mode], use [jakarta.persistence.sharedCache.mode] instead
[DEBUG] - [main] - RegionFactoryInitiator: Cannot default RegionFactory based on registered strategies as `[]` RegionFactory strategies were registered
[DEBUG] - [main] - RegionFactoryInitiator: Cache region factory : org.hibernate.cache.internal.NoCachingRegionFactory
[DEBUG] - [main] - JdbcTypeRegistry: addDescriptor(FloatTypeDescriptor) replaced previous registration(DoubleTypeDescriptor)
[DEBUG] - [main] - BasicTypeRegistry: Adding type registration boolean -> org.hibernate.type.BasicTypeReference@35f7969d
[DEBUG] - [main] - BasicTypeRegistry: Adding type registration boolean -> org.hibernate.type.BasicTypeReference@35f7969d
[DEBUG] - [main] - BasicTypeRegistry: Adding type registration java.lang.Boolean -> org.hibernate.type.BasicTypeReference@35f7969d
[DEBUG] - [main] - BasicTypeRegistry: Adding type registration numeric_boolean -> org.hibernate.type.BasicTypeReference@3404e5c4
[DEBUG] - [main] - BasicTypeRegistry: Adding type registration org.hibernate.type.NumericBooleanConverter -> org.hibernate.type.BasicTypeReference@3404e5c4
[DEBUG] - [main] - BasicTypeRegistry: Adding type registration true_false -> org.hibernate.type.BasicTypeReference@47569167
[DEBUG] - [main] - BasicTypeRegistry: Adding type registration org.hibernate.type.TrueFalseConverter -> org.hibernate.type.BasicTypeReference@47569167
[DEBUG] - [main] - BasicTypeRegistry: Adding type registration yes_no -> org.hibernate.type.BasicTypeReference@42d9e8d2
[DEBUG] - [main] - BasicTypeRegistry: Adding type registration org.hibernate.type.YesNoConverter -> org.hibernate.type.BasicTypeReference@42d9e8d2
[DEBUG] - [main] - BasicTypeRegistry: Adding type registration byte -> org.hibernate.type.BasicTypeReference@4b93dd6a
[DEBUG] - [main] - BasicTypeRegistry: Adding type registration byte -> org.hibernate.type.BasicTypeReference@4b93dd6a
[DEBUG] - [main] - BasicTypeRegistry: Adding type registration java.lang.Byte -> org.hibernate.type.BasicTypeReference@4b93dd6a
[DEBUG] - [main] - BasicTypeRegistry: Adding type registration binary -> org.hibernate.type.BasicTypeReference@582a3b19
[DEBUG] - [main] - BasicTypeRegistry: Adding type registration byte[] -> org.hibernate.type.BasicTypeReference@582a3b19
[DEBUG] - [main] - BasicTypeRegistry: Adding type registration [B -> org.hibernate.type.BasicTypeReference@582a3b19
[DEBUG] - [main] - BasicTypeRegistry: Adding type registration binary_wrapper -> org.hibernate.type.BasicTypeReference@2b0454d2
[DEBUG] - [main] - BasicTypeRegistry: Adding type registration wrapper-binary -> org.hibernate.type.BasicTypeReference@2b0454d2
[DEBUG] - [main] - BasicTypeRegistry: Adding type registration Byte[] -> org.hibernate.type.BasicTypeReference@2b0454d2
[DEBUG] - [main] - BasicTypeRegistry: Adding type registration [Ljava.lang.Byte; -> org.hibernate.type.BasicTypeReference@2b0454d2
[DEBUG] - [main] - BasicTypeRegistry: Adding type registration image -> org.hibernate.type.BasicTypeReference@2616b618
[DEBUG] - [main] - BasicTypeRegistry: Adding type registration blob -> org.hibernate.type.BasicTypeReference@73bb573d
[DEBUG] - [main] - BasicTypeRegistry: Adding type registration java.sql.Blob -> org.hibernate.type.BasicTypeReference@73bb573d
[DEBUG] - [main] - BasicTypeRegistry: Adding type registration materialized_blob -> org.hibernate.type.BasicTypeReference@7ac058a0
[DEBUG] - [main] - BasicTypeRegistry: Adding type registration materialized_blob_wrapper -> org.hibernate.type.BasicTypeReference@736b21ee
[DEBUG] - [main] - BasicTypeRegistry: Adding type registration short -> org.hibernate.type.BasicTypeReference@60deefed
[DEBUG] - [main] - BasicTypeRegistry: Adding type registration short -> org.hibernate.type.BasicTypeReference@60deefed
[DEBUG] - [main] - BasicTypeRegistry: Adding type registration java.lang.Short -> org.hibernate.type.BasicTypeReference@60deefed
[DEBUG] - [main] - BasicTypeRegistry: Adding type registration integer -> org.hibernate.type.BasicTypeReference@49754e74
[DEBUG] - [main] - BasicTypeRegistry: Adding type registration int -> org.hibernate.type.BasicTypeReference@49754e74
[DEBUG] - [main] - BasicTypeRegistry: Adding type registration java.lang.Integer -> org.hibernate.type.BasicTypeReference@49754e74
[DEBUG] - [main] - BasicTypeRegistry: Adding type registration long -> org.hibernate.type.BasicTypeReference@31881aa2
[DEBUG] - [main] - BasicTypeRegistry: Adding type registration long -> org.hibernate.type.BasicTypeReference@31881aa2
[DEBUG] - [main] - BasicTypeRegistry: Adding type registration java.lang.Long -> org.hibernate.type.BasicTypeReference@31881aa2
[DEBUG] - [main] - BasicTypeRegistry: Adding type registration float -> org.hibernate.type.BasicTypeReference@1b46392c
[DEBUG] - [main] - BasicTypeRegistry: Adding type registration float -> org.hibernate.type.BasicTypeReference@1b46392c
[DEBUG] - [main] - BasicTypeRegistry: Adding type registration java.lang.Float -> org.hibernate.type.BasicTypeReference@1b46392c
[DEBUG] - [main] - BasicTypeRegistry: Adding type registration double -> org.hibernate.type.BasicTypeReference@cf01c2e
[DEBUG] - [main] - BasicTypeRegistry: Adding type registration double -> org.hibernate.type.BasicTypeReference@cf01c2e
[DEBUG] - [main] - BasicTypeRegistry: Adding type registration java.lang.Double -> org.hibernate.type.BasicTypeReference@cf01c2e
[DEBUG] - [main] - BasicTypeRegistry: Adding type registration big_integer -> org.hibernate.type.BasicTypeReference@6f15f52a
[DEBUG] - [main] - BasicTypeRegistry: Adding type registration java.math.BigInteger -> org.hibernate.type.BasicTypeReference@6f15f52a
[DEBUG] - [main] - BasicTypeRegistry: Adding type registration big_decimal -> org.hibernate.type.BasicTypeReference@1eb9bf60
[DEBUG] - [main] - BasicTypeRegistry: Adding type registration java.math.BigDecimal -> org.hibernate.type.BasicTypeReference@1eb9bf60
[DEBUG] - [main] - BasicTypeRegistry: Adding type registration character -> org.hibernate.type.BasicTypeReference@341c6ac2
[DEBUG] - [main] - BasicTypeRegistry: Adding type registration char -> org.hibernate.type.BasicTypeReference@341c6ac2
[DEBUG] - [main] - BasicTypeRegistry: Adding type registration java.lang.Character -> org.hibernate.type.BasicTypeReference@341c6ac2
[DEBUG] - [main] - BasicTypeRegistry: Adding type registration character_nchar -> org.hibernate.type.BasicTypeReference@38811103
[DEBUG] - [main] - BasicTypeRegistry: Adding type registration string -> org.hibernate.type.BasicTypeReference@787d1f9c
[DEBUG] - [main] - BasicTypeRegistry: Adding type registration java.lang.String -> org.hibernate.type.BasicTypeReference@787d1f9c
[DEBUG] - [main] - BasicTypeRegistry: Adding type registration nstring -> org.hibernate.type.BasicTypeReference@2becfd4c
[DEBUG] - [main] - BasicTypeRegistry: Adding type registration characters -> org.hibernate.type.BasicTypeReference@7c71c889
[DEBUG] - [main] - BasicTypeRegistry: Adding type registration char[] -> org.hibernate.type.BasicTypeReference@7c71c889
[DEBUG] - [main] - BasicTypeRegistry: Adding type registration [C -> org.hibernate.type.BasicTypeReference@7c71c889
[DEBUG] - [main] - BasicTypeRegistry: Adding type registration wrapper-characters -> org.hibernate.type.BasicTypeReference@4cc8d70d
[DEBUG] - [main] - BasicTypeRegistry: Adding type registration [Ljava.lang.Character; -> org.hibernate.type.BasicTypeReference@4cc8d70d
[DEBUG] - [main] - BasicTypeRegistry: Adding type registration Character[] -> org.hibernate.type.BasicTypeReference@4cc8d70d
[DEBUG] - [main] - BasicTypeRegistry: Adding type registration text -> org.hibernate.type.BasicTypeReference@5c59a0f7
[DEBUG] - [main] - BasicTypeRegistry: Adding type registration ntext -> org.hibernate.type.BasicTypeReference@101330ad
[DEBUG] - [main] - BasicTypeRegistry: Adding type registration clob -> org.hibernate.type.BasicTypeReference@625487a6
[DEBUG] - [main] - BasicTypeRegistry: Adding type registration java.sql.Clob -> org.hibernate.type.BasicTypeReference@625487a6
[DEBUG] - [main] - BasicTypeRegistry: Adding type registration nclob -> org.hibernate.type.BasicTypeReference@682e445e
[DEBUG] - [main] - BasicTypeRegistry: Adding type registration java.sql.NClob -> org.hibernate.type.BasicTypeReference@682e445e
[DEBUG] - [main] - BasicTypeRegistry: Adding type registration materialized_clob -> org.hibernate.type.BasicTypeReference@79e10fb4
[DEBUG] - [main] - BasicTypeRegistry: Adding type registration materialized_clob_char_array -> org.hibernate.type.BasicTypeReference@70fede7d
[DEBUG] - [main] - BasicTypeRegistry: Adding type registration materialized_clob_character_array -> org.hibernate.type.BasicTypeReference@36510e73
[DEBUG] - [main] - BasicTypeRegistry: Adding type registration materialized_nclob -> org.hibernate.type.BasicTypeReference@2c47a053
[DEBUG] - [main] - BasicTypeRegistry: Adding type registration materialized_nclob_character_array -> org.hibernate.type.BasicTypeReference@5d2a86c0
[DEBUG] - [main] - BasicTypeRegistry: Adding type registration materialized_nclob_char_array -> org.hibernate.type.BasicTypeReference@5ba1b62e
[DEBUG] - [main] - BasicTypeRegistry: Adding type registration Duration -> org.hibernate.type.BasicTypeReference@65bd19bf
[DEBUG] - [main] - BasicTypeRegistry: Adding type registration java.time.Duration -> org.hibernate.type.BasicTypeReference@65bd19bf
[DEBUG] - [main] - BasicTypeRegistry: Adding type registration LocalDateTime -> org.hibernate.type.BasicTypeReference@74697863
[DEBUG] - [main] - BasicTypeRegistry: Adding type registration java.time.LocalDateTime -> org.hibernate.type.BasicTypeReference@74697863
[DEBUG] - [main] - BasicTypeRegistry: Adding type registration LocalDate -> org.hibernate.type.BasicTypeReference@7d7ceca8
[DEBUG] - [main] - BasicTypeRegistry: Adding type registration java.time.LocalDate -> org.hibernate.type.BasicTypeReference@7d7ceca8
[DEBUG] - [main] - BasicTypeRegistry: Adding type registration LocalTime -> org.hibernate.type.BasicTypeReference@2bba35ef
[DEBUG] - [main] - BasicTypeRegistry: Adding type registration java.time.LocalTime -> org.hibernate.type.BasicTypeReference@2bba35ef
[DEBUG] - [main] - BasicTypeRegistry: Adding type registration OffsetDateTime -> org.hibernate.type.BasicTypeReference@26c7b1c6
[DEBUG] - [main] - BasicTypeRegistry: Adding type registration java.time.OffsetDateTime -> org.hibernate.type.BasicTypeReference@26c7b1c6
[DEBUG] - [main] - BasicTypeRegistry: Adding type registration OffsetDateTimeWithTimezone -> org.hibernate.type.BasicTypeReference@19526f1d
[DEBUG] - [main] - BasicTypeRegistry: Adding type registration OffsetDateTimeWithoutTimezone -> org.hibernate.type.BasicTypeReference@3d1c933
[DEBUG] - [main] - BasicTypeRegistry: Adding type registration OffsetTime -> org.hibernate.type.BasicTypeReference@79be91eb
[DEBUG] - [main] - BasicTypeRegistry: Adding type registration java.time.OffsetTime -> org.hibernate.type.BasicTypeReference@79be91eb
[DEBUG] - [main] - BasicTypeRegistry: Adding type registration ZonedDateTime -> org.hibernate.type.BasicTypeReference@626c569b
[DEBUG] - [main] - BasicTypeRegistry: Adding type registration java.time.ZonedDateTime -> org.hibernate.type.BasicTypeReference@626c569b
[DEBUG] - [main] - BasicTypeRegistry: Adding type registration ZonedDateTimeWithTimezone -> org.hibernate.type.BasicTypeReference@684ce74c
[DEBUG] - [main] - BasicTypeRegistry: Adding type registration ZonedDateTimeWithoutTimezone -> org.hibernate.type.BasicTypeReference@65593327
[DEBUG] - [main] - BasicTypeRegistry: Adding type registration date -> org.hibernate.type.BasicTypeReference@68e5c7ae
[DEBUG] - [main] - BasicTypeRegistry: Adding type registration java.sql.Date -> org.hibernate.type.BasicTypeReference@68e5c7ae
[DEBUG] - [main] - BasicTypeRegistry: Adding type registration time -> org.hibernate.type.BasicTypeReference@68bd8ca7
[DEBUG] - [main] - BasicTypeRegistry: Adding type registration java.sql.Time -> org.hibernate.type.BasicTypeReference@68bd8ca7
[DEBUG] - [main] - BasicTypeRegistry: Adding type registration timestamp -> org.hibernate.type.BasicTypeReference@6744707b
[DEBUG] - [main] - BasicTypeRegistry: Adding type registration java.sql.Timestamp -> org.hibernate.type.BasicTypeReference@6744707b
[DEBUG] - [main] - BasicTypeRegistry: Adding type registration java.util.Date -> org.hibernate.type.BasicTypeReference@6744707b
[DEBUG] - [main] - BasicTypeRegistry: Adding type registration calendar -> org.hibernate.type.BasicTypeReference@4b28a7bf
[DEBUG] - [main] - BasicTypeRegistry: Adding type registration java.util.Calendar -> org.hibernate.type.BasicTypeReference@4b28a7bf
[DEBUG] - [main] - BasicTypeRegistry: Adding type registration java.util.GregorianCalendar -> org.hibernate.type.BasicTypeReference@4b28a7bf
[DEBUG] - [main] - BasicTypeRegistry: Adding type registration calendar_date -> org.hibernate.type.BasicTypeReference@d36c1c3
[DEBUG] - [main] - BasicTypeRegistry: Adding type registration calendar_time -> org.hibernate.type.BasicTypeReference@96abc76
[DEBUG] - [main] - BasicTypeRegistry: Adding type registration instant -> org.hibernate.type.BasicTypeReference@4d69d288
[DEBUG] - [main] - BasicTypeRegistry: Adding type registration java.time.Instant -> org.hibernate.type.BasicTypeReference@4d69d288
[DEBUG] - [main] - BasicTypeRegistry: Adding type registration uuid -> org.hibernate.type.BasicTypeReference@437281c5
[DEBUG] - [main] - BasicTypeRegistry: Adding type registration java.util.UUID -> org.hibernate.type.BasicTypeReference@437281c5
[DEBUG] - [main] - BasicTypeRegistry: Adding type registration pg-uuid -> org.hibernate.type.BasicTypeReference@437281c5
[DEBUG] - [main] - BasicTypeRegistry: Adding type registration uuid-binary -> org.hibernate.type.BasicTypeReference@787178b1
[DEBUG] - [main] - BasicTypeRegistry: Adding type registration uuid-char -> org.hibernate.type.BasicTypeReference@24a4e2c5
[DEBUG] - [main] - BasicTypeRegistry: Adding type registration class -> org.hibernate.type.BasicTypeReference@27da994b
[DEBUG] - [main] - BasicTypeRegistry: Adding type registration java.lang.Class -> org.hibernate.type.BasicTypeReference@27da994b
[DEBUG] - [main] - BasicTypeRegistry: Adding type registration currency -> org.hibernate.type.BasicTypeReference@70f148dc
[DEBUG] - [main] - BasicTypeRegistry: Adding type registration Currency -> org.hibernate.type.BasicTypeReference@70f148dc
[DEBUG] - [main] - BasicTypeRegistry: Adding type registration java.util.Currency -> org.hibernate.type.BasicTypeReference@70f148dc
[DEBUG] - [main] - BasicTypeRegistry: Adding type registration locale -> org.hibernate.type.BasicTypeReference@3360283
[DEBUG] - [main] - BasicTypeRegistry: Adding type registration java.util.Locale -> org.hibernate.type.BasicTypeReference@3360283
[DEBUG] - [main] - BasicTypeRegistry: Adding type registration serializable -> org.hibernate.type.BasicTypeReference@77aea
[DEBUG] - [main] - BasicTypeRegistry: Adding type registration java.io.Serializable -> org.hibernate.type.BasicTypeReference@77aea
[DEBUG] - [main] - BasicTypeRegistry: Adding type registration timezone -> org.hibernate.type.BasicTypeReference@73e4bb60
[DEBUG] - [main] - BasicTypeRegistry: Adding type registration java.util.TimeZone -> org.hibernate.type.BasicTypeReference@73e4bb60
[DEBUG] - [main] - BasicTypeRegistry: Adding type registration ZoneOffset -> org.hibernate.type.BasicTypeReference@9a9aa68
[DEBUG] - [main] - BasicTypeRegistry: Adding type registration java.time.ZoneOffset -> org.hibernate.type.BasicTypeReference@9a9aa68
[DEBUG] - [main] - BasicTypeRegistry: Adding type registration url -> org.hibernate.type.BasicTypeReference@3a3883c4
[DEBUG] - [main] - BasicTypeRegistry: Adding type registration java.net.URL -> org.hibernate.type.BasicTypeReference@3a3883c4
[DEBUG] - [main] - BasicTypeRegistry: Adding type registration row_version -> org.hibernate.type.BasicTypeReference@1537e43
[DEBUG] - [main] - BasicTypeRegistry: Adding type registration dbtimestamp -> org.hibernate.type.DbTimestampType@2f15a964
[DEBUG] - [main] - BasicTypeRegistry: Adding type registration dbtimestamp -> org.hibernate.type.DbTimestampType@2f15a964
[DEBUG] - [main] - BasicTypeRegistry: Adding type registration object -> org.hibernate.type.JavaObjectType@5f193335
[DEBUG] - [main] - BasicTypeRegistry: Adding type registration java.lang.Object -> org.hibernate.type.JavaObjectType@5f193335
[DEBUG] - [main] - BasicTypeRegistry: Adding type registration null -> org.hibernate.type.NullType@4c176ff1
[DEBUG] - [main] - BasicTypeRegistry: Adding type registration imm_date -> org.hibernate.type.BasicTypeReference@27c53c32
[DEBUG] - [main] - BasicTypeRegistry: Adding type registration imm_time -> org.hibernate.type.BasicTypeReference@68aec50
[DEBUG] - [main] - BasicTypeRegistry: Adding type registration imm_timestamp -> org.hibernate.type.BasicTypeReference@6aff97d6
[DEBUG] - [main] - BasicTypeRegistry: Adding type registration imm_calendar -> org.hibernate.type.BasicTypeReference@1d60059f
[DEBUG] - [main] - BasicTypeRegistry: Adding type registration imm_calendar_date -> org.hibernate.type.BasicTypeReference@134a8ead
[DEBUG] - [main] - BasicTypeRegistry: Adding type registration imm_calendar_time -> org.hibernate.type.BasicTypeReference@427308f8
[DEBUG] - [main] - BasicTypeRegistry: Adding type registration imm_binary -> org.hibernate.type.BasicTypeReference@54247647
[DEBUG] - [main] - BasicTypeRegistry: Adding type registration imm_serializable -> org.hibernate.type.BasicTypeReference@4975dda1
[DEBUG] - [main] - BootstrapContextImpl: Injecting JPA temp ClassLoader [org.springframework.instrument.classloading.SimpleThrowawayClassLoader@b506ed0] into BootstrapContext; was [null]
[DEBUG] - [main] - ClassLoaderAccessImpl: ClassLoaderAccessImpl#injectTempClassLoader(org.springframework.instrument.classloading.SimpleThrowawayClassLoader@b506ed0) [was null]
[DEBUG] - [main] - BootstrapContextImpl: Injecting ScanEnvironment [org.hibernate.jpa.boot.internal.StandardJpaScanEnvironmentImpl@5aea8994] into BootstrapContext; was [null]
[DEBUG] - [main] - BootstrapContextImpl: Injecting ScanOptions [org.hibernate.boot.archive.scan.internal.StandardScanOptions@20a3e10c] into BootstrapContext; was [org.hibernate.boot.archive.scan.internal.StandardScanOptions@426c0486]
[DEBUG] - [main] - BootstrapContextImpl: Injecting JPA temp ClassLoader [null] into BootstrapContext; was [org.springframework.instrument.classloading.SimpleThrowawayClassLoader@b506ed0]
[DEBUG] - [main] - ClassLoaderAccessImpl: ClassLoaderAccessImpl#injectTempClassLoader(null) [was org.springframework.instrument.classloading.SimpleThrowawayClassLoader@b506ed0]
[DEBUG] - [main] - HikariConfig: HikariPool-1 - configuration:
[DEBUG] - [main] - HikariConfig: allowPoolSuspension.............false
[DEBUG] - [main] - HikariConfig: autoCommit......................true
[DEBUG] - [main] - HikariConfig: catalog.........................none
[DEBUG] - [main] - HikariConfig: connectionInitSql...............none
[DEBUG] - [main] - HikariConfig: connectionTestQuery.............none
[DEBUG] - [main] - HikariConfig: connectionTimeout...............30000
[DEBUG] - [main] - HikariConfig: dataSource......................none
[DEBUG] - [main] - HikariConfig: dataSourceClassName.............none
[DEBUG] - [main] - HikariConfig: dataSourceJNDI..................none
[DEBUG] - [main] - HikariConfig: dataSourceProperties............{password=<masked>}
[DEBUG] - [main] - HikariConfig: driverClassName................."com.mysql.cj.jdbc.Driver"
[DEBUG] - [main] - HikariConfig: exceptionOverrideClassName......none
[DEBUG] - [main] - HikariConfig: healthCheckProperties...........{}
[DEBUG] - [main] - HikariConfig: healthCheckRegistry.............none
[DEBUG] - [main] - HikariConfig: idleTimeout.....................600000
[DEBUG] - [main] - HikariConfig: initializationFailTimeout.......1
[DEBUG] - [main] - HikariConfig: isolateInternalQueries..........false
[DEBUG] - [main] - HikariConfig: jdbcUrl.........................jdbc:mysql://localhost:3307/edificio?createDatabaseIfNotExist=true&useUnicode=true&useJDBCCompliantTimezoneShift=true&useLegacyDatetimeCode=false&serverTimezone=UTC
[DEBUG] - [main] - HikariConfig: keepaliveTime...................0
[DEBUG] - [main] - HikariConfig: leakDetectionThreshold..........0
[DEBUG] - [main] - HikariConfig: maxLifetime.....................1800000
[DEBUG] - [main] - HikariConfig: maximumPoolSize.................10
[DEBUG] - [main] - HikariConfig: metricRegistry..................none
[DEBUG] - [main] - HikariConfig: metricsTrackerFactory...........none
[DEBUG] - [main] - HikariConfig: minimumIdle.....................10
[DEBUG] - [main] - HikariConfig: password........................<masked>
[DEBUG] - [main] - HikariConfig: poolName........................"HikariPool-1"
[DEBUG] - [main] - HikariConfig: readOnly........................false
[DEBUG] - [main] - HikariConfig: registerMbeans..................false
[DEBUG] - [main] - HikariConfig: scheduledExecutor...............none
[DEBUG] - [main] - HikariConfig: schema..........................none
[DEBUG] - [main] - HikariConfig: threadFactory...................internal
[DEBUG] - [main] - HikariConfig: transactionIsolation............default
[DEBUG] - [main] - HikariConfig: username........................"root"
[DEBUG] - [main] - HikariConfig: validationTimeout...............5000
[INFO ] - [main] - HikariDataSource: HikariPool-1 - Starting...
[INFO ] - [main] - HikariPool: HikariPool-1 - Added connection com.mysql.cj.jdbc.ConnectionImpl@a84338a
[INFO ] - [main] - HikariDataSource: HikariPool-1 - Start completed.
[DEBUG] - [main] - JdbcEnvironmentInitiator: Database ->
       name : MySQL
    version : 8.0.18
      major : 8
      minor : 0
[DEBUG] - [main] - JdbcEnvironmentInitiator: Driver ->
       name : MySQL Connector/J
    version : mysql-connector-j-8.0.31 (Revision: 0c86fc148d567b62266c2302bdad0f1e7a7e4eba)
      major : 8
      minor : 0
[DEBUG] - [main] - JdbcEnvironmentInitiator: JDBC version : 4.2
[INFO ] - [main] - SQL dialect: HHH000400: Using dialect: org.hibernate.dialect.MySQL5Dialect
[WARN ] - [main] - deprecation: HHH90000026: MySQL5Dialect has been deprecated; use org.hibernate.dialect.MySQLDialect instead
[DEBUG] - [main] - IdentifierHelperBuilder: JDBC driver metadata reported database stores quoted identifiers in more than one case
[DEBUG] - [main] - IdentifierHelperBuilder: IdentifierCaseStrategy for both quoted and unquoted identifiers was set to the same strategy [LOWER]; that will likely lead to problems in schema update and validation if using quoted identifiers
[DEBUG] - [HikariPool-1 housekeeper] - HikariPool: HikariPool-1 - Pool stats (total=1, active=1, idle=0, waiting=0)
[DEBUG] - [main] - DdlTypeRegistry: addDescriptor(12, org.hibernate.type.descriptor.sql.internal.CapacityDependentDdlType@3e4afd10) replaced previous registration(org.hibernate.type.descriptor.sql.internal.CapacityDependentDdlType@22aefae0)
[DEBUG] - [main] - DdlTypeRegistry: addDescriptor(-9, org.hibernate.type.descriptor.sql.internal.CapacityDependentDdlType@20faaf77) replaced previous registration(org.hibernate.type.descriptor.sql.internal.CapacityDependentDdlType@7440265c)
[DEBUG] - [main] - DdlTypeRegistry: addDescriptor(-3, org.hibernate.type.descriptor.sql.internal.CapacityDependentDdlType@1d8be7b9) replaced previous registration(org.hibernate.type.descriptor.sql.internal.CapacityDependentDdlType@48277712)
[DEBUG] - [main] - DdlTypeRegistry: addDescriptor(4003, org.hibernate.type.descriptor.sql.internal.DdlTypeImpl@3d53e876) replaced previous registration(org.hibernate.type.descriptor.sql.internal.DdlTypeImpl@48d44b46)
[DEBUG] - [main] - DdlTypeRegistry: addDescriptor(4001, org.hibernate.type.descriptor.sql.internal.DdlTypeImpl@aa0dbca) replaced previous registration(org.hibernate.type.descriptor.sql.internal.DdlTypeImpl@794cb26b)
[DEBUG] - [main] - DdlTypeRegistry: addDescriptor(4002, org.hibernate.type.descriptor.sql.internal.DdlTypeImpl@5b7ee56c) replaced previous registration(org.hibernate.type.descriptor.sql.internal.DdlTypeImpl@311a0b3e)
[DEBUG] - [main] - DdlTypeRegistry: addDescriptor(2004, org.hibernate.type.descriptor.sql.internal.CapacityDependentDdlType@3de8f85c) replaced previous registration(org.hibernate.type.descriptor.sql.internal.DdlTypeImpl@21abda60)
[DEBUG] - [main] - DdlTypeRegistry: addDescriptor(2005, org.hibernate.type.descriptor.sql.internal.CapacityDependentDdlType@dd20ebc) replaced previous registration(org.hibernate.type.descriptor.sql.internal.DdlTypeImpl@6c70b7c3)
[DEBUG] - [main] - DdlTypeRegistry: addDescriptor(2011, org.hibernate.type.descriptor.sql.internal.CapacityDependentDdlType@16a09809) replaced previous registration(org.hibernate.type.descriptor.sql.internal.DdlTypeImpl@69a73867)
[DEBUG] - [main] - JdbcTypeRegistry: addDescriptor(NCharTypeDescriptor) replaced previous registration(CharTypeDescriptor)
[DEBUG] - [main] - JdbcTypeRegistry: addDescriptor(NVarcharTypeDescriptor) replaced previous registration(VarcharTypeDescriptor)
[DEBUG] - [main] - JdbcTypeRegistry: addDescriptor(LongNVarcharTypeDescriptor) replaced previous registration(LongVarcharTypeDescriptor)
[DEBUG] - [HikariPool-1 connection adder] - HikariPool: HikariPool-1 - Added connection com.mysql.cj.jdbc.ConnectionImpl@3750ac9a
[DEBUG] - [main] - JdbcTypeRegistry: addDescriptor(NClobTypeDescriptor(DEFAULT)) replaced previous registration(ClobTypeDescriptor(DEFAULT))
[DEBUG] - [main] - JdbcTypeRegistry: addDescriptor(2005, ClobTypeDescriptor(STREAM_BINDING)) replaced previous registration(ClobTypeDescriptor(DEFAULT))
[DEBUG] - [main] - BasicTypeRegistry: Adding type registration null -> org.hibernate.type.NullType@393ae7a0
[DEBUG] - [main] - BasicTypeRegistry: Type registration key [null] overrode previous entry : `org.hibernate.type.NullType@4c176ff1`
[DEBUG] - [main] - BasicTypeRegistry: Adding type registration org.hibernate.type.OffsetDateTimeType -> basicType@1(java.time.OffsetDateTime,93)
[DEBUG] - [main] - BasicTypeRegistry: Adding type registration OffsetDateTime -> basicType@1(java.time.OffsetDateTime,93)
[DEBUG] - [main] - BasicTypeRegistry: Adding type registration java.time.OffsetDateTime -> basicType@1(java.time.OffsetDateTime,93)
[DEBUG] - [main] - BasicTypeRegistry: Adding type registration org.hibernate.type.ZonedDateTimeType -> basicType@2(java.time.ZonedDateTime,93)
[DEBUG] - [main] - BasicTypeRegistry: Adding type registration ZonedDateTime -> basicType@2(java.time.ZonedDateTime,93)
[DEBUG] - [main] - BasicTypeRegistry: Adding type registration java.time.ZonedDateTime -> basicType@2(java.time.ZonedDateTime,93)
[DEBUG] - [main] - TypeConfiguration$Scope: Scoping TypeConfiguration [org.hibernate.type.spi.TypeConfiguration@3982206a] to MetadataBuildingContext [org.hibernate.boot.internal.MetadataBuildingContextRootImpl@3e9fb485]
[DEBUG] - [HikariPool-1 connection adder] - HikariPool: HikariPool-1 - Added connection com.mysql.cj.jdbc.ConnectionImpl@6ad3c61
[DEBUG] - [HikariPool-1 connection adder] - HikariPool: HikariPool-1 - Added connection com.mysql.cj.jdbc.ConnectionImpl@531555eb
[DEBUG] - [main] - Namespace: Created database namespace [logicalName=Name{catalog=null, schema=null}, physicalName=Name{catalog=null, schema=null}]
[DEBUG] - [HikariPool-1 connection adder] - HikariPool: HikariPool-1 - Added connection com.mysql.cj.jdbc.ConnectionImpl@53316803
[DEBUG] - [main] - EntityBinder: Binding entity from annotated class: com.Nttadta.nttdatacentersspringt1SLA.repository.Flat
[DEBUG] - [HikariPool-1 connection adder] - HikariPool: HikariPool-1 - Added connection com.mysql.cj.jdbc.ConnectionImpl@371ad198
[DEBUG] - [main] - AnnotatedColumn: Binding column: DiscriminatorColumn{logicalColumnName'DTYPE', discriminatorTypeName='string'}
[DEBUG] - [main] - EntityBinder: Import with entity name Flat
[DEBUG] - [HikariPool-1 connection adder] - HikariPool: HikariPool-1 - Added connection com.mysql.cj.jdbc.ConnectionImpl@7a343dc4
[DEBUG] - [main] - EntityBinder: Bind entity com.Nttadta.nttdatacentersspringt1SLA.repository.Flat on table flat
[DEBUG] - [HikariPool-1 connection adder] - HikariPool: HikariPool-1 - Added connection com.mysql.cj.jdbc.ConnectionImpl@ef255cc
[DEBUG] - [main] - AnnotatedColumn: Binding column: Column{table=Table(flat), mappingColumn=flat_number, insertable=true, updatable=true, unique=false}
[DEBUG] - [main] - ClassLoaderAccessImpl: Not known whether passed class name [com.Nttadta.nttdatacentersspringt1SLA.repository.Flat] is safe
[DEBUG] - [main] - ClassLoaderAccessImpl: No temp ClassLoader provided; using live ClassLoader for loading potentially unsafe class : com.Nttadta.nttdatacentersspringt1SLA.repository.Flat
[DEBUG] - [HikariPool-1 connection adder] - HikariPool: HikariPool-1 - Added connection com.mysql.cj.jdbc.ConnectionImpl@539b2bce
[DEBUG] - [main] - PropertyBinder: MetadataSourceProcessor property flatNumber with lazy=false
[DEBUG] - [main] - AbstractPropertyHolder: Attempting to locate auto-apply AttributeConverter for property [com.Nttadta.nttdatacentersspringt1SLA.repository.Flat:flatNumber]
[DEBUG] - [main] - BasicValueBinder: building BasicValue for flatNumber
[DEBUG] - [main] - BasicValue: Skipping column re-registration: flat.flat_number
[DEBUG] - [main] - PropertyBinder: Building property flatNumber
[DEBUG] - [HikariPool-1 connection adder] - HikariPool: HikariPool-1 - Added connection com.mysql.cj.jdbc.ConnectionImpl@6a42d73
[DEBUG] - [main] - BinderHelper: #makeIdGenerator(BasicValue([Column(flat_number)]), flatNumber, org.hibernate.id.enhanced.SequenceStyleGenerator, , ...)
[DEBUG] - [main] - AnnotatedColumn: Binding column: JoinColumn{logicalColumnName='Floor-Number', referencedColumn='', mappedBy=''}
[DEBUG] - [main] - AnnotatedColumn: Binding column: Column{table=Table(flat), mappingColumn=floor, insertable=true, updatable=true, unique=false}
[DEBUG] - [HikariPool-1 connection adder] - HikariPool: HikariPool-1 - After adding stats (total=10, active=0, idle=10, waiting=0)
[DEBUG] - [main] - PropertyBinder: Building property floor
[DEBUG] - [main] - AnnotatedColumn: Binding column: JoinColumn{logicalColumnName='null', referencedColumn='null', mappedBy='flat'}
[DEBUG] - [main] - AnnotatedColumn: Binding column: Column{table=Table(flat), mappingColumn=habitants, insertable=true, updatable=true, unique=false}
[DEBUG] - [main] - AnnotatedColumn: Binding column: Column{table=Table(flat), mappingColumn=habitants_order, insertable=true, updatable=true, unique=false}
[DEBUG] - [main] - AnnotatedColumn: Binding column: Column{table=Table(flat), mappingColumn=element, insertable=true, updatable=true, unique=false}
[DEBUG] - [main] - AnnotatedColumn: Binding column: Column{table=Table(flat), mappingColumn=habitants_key, insertable=true, updatable=true, unique=false}
[DEBUG] - [main] - AnnotatedColumn: Binding column: JoinColumn{logicalColumnName='habitants_KEY', referencedColumn='null', mappedBy='null'}
[DEBUG] - [main] - AnnotatedColumn: Binding column: JoinColumn{logicalColumnName='null', referencedColumn='null', mappedBy='flat'}
[DEBUG] - [main] - AnnotatedColumn: Binding column: JoinColumn{logicalColumnName='null', referencedColumn='null', mappedBy='flat'}
[DEBUG] - [main] - CollectionBinder: Collection role: com.Nttadta.nttdatacentersspringt1SLA.repository.Flat.habitants
[DEBUG] - [main] - PropertyBinder: Building property habitants
[DEBUG] - [main] - EntityBinder: Binding entity from annotated class: com.Nttadta.nttdatacentersspringt1SLA.repository.Floor
[DEBUG] - [main] - AnnotatedColumn: Binding column: DiscriminatorColumn{logicalColumnName'DTYPE', discriminatorTypeName='string'}
[DEBUG] - [main] - EntityBinder: Import with entity name Floor
[DEBUG] - [main] - EntityBinder: Bind entity com.Nttadta.nttdatacentersspringt1SLA.repository.Floor on table floor
[DEBUG] - [main] - AnnotatedColumn: Binding column: Column{table=Table(floor), mappingColumn=floor_number, insertable=true, updatable=true, unique=false}
[DEBUG] - [main] - ClassLoaderAccessImpl: Not known whether passed class name [com.Nttadta.nttdatacentersspringt1SLA.repository.Floor] is safe
[DEBUG] - [main] - ClassLoaderAccessImpl: No temp ClassLoader provided; using live ClassLoader for loading potentially unsafe class : com.Nttadta.nttdatacentersspringt1SLA.repository.Floor
[DEBUG] - [main] - PropertyBinder: MetadataSourceProcessor property floorNumber with lazy=false
[DEBUG] - [main] - AbstractPropertyHolder: Attempting to locate auto-apply AttributeConverter for property [com.Nttadta.nttdatacentersspringt1SLA.repository.Floor:floorNumber]
[DEBUG] - [main] - BasicValueBinder: building BasicValue for floorNumber
[DEBUG] - [main] - BasicValue: Skipping column re-registration: floor.floor_number
[DEBUG] - [main] - PropertyBinder: Building property floorNumber
[DEBUG] - [main] - BinderHelper: #makeIdGenerator(BasicValue([Column(floor_number)]), floorNumber, org.hibernate.id.enhanced.SequenceStyleGenerator, , ...)
[DEBUG] - [main] - AnnotatedColumn: Binding column: Column{table=Table(floor), mappingColumn=buzon, insertable=true, updatable=true, unique=false}
[DEBUG] - [main] - PropertyBinder: MetadataSourceProcessor property buzon with lazy=false
[DEBUG] - [main] - AbstractPropertyHolder: Attempting to locate auto-apply AttributeConverter for property [com.Nttadta.nttdatacentersspringt1SLA.repository.Floor:buzon]
[DEBUG] - [main] - BasicValueBinder: building BasicValue for buzon
[DEBUG] - [main] - BasicValue: Skipping column re-registration: floor.buzon
[DEBUG] - [main] - PropertyBinder: Building property buzon
[DEBUG] - [main] - AnnotatedColumn: Binding column: JoinColumn{logicalColumnName='null', referencedColumn='null', mappedBy='floor'}
[DEBUG] - [main] - AnnotatedColumn: Binding column: Column{table=Table(floor), mappingColumn=flat, insertable=true, updatable=true, unique=false}
[DEBUG] - [main] - AnnotatedColumn: Binding column: Column{table=Table(floor), mappingColumn=flat_order, insertable=true, updatable=true, unique=false}
[DEBUG] - [main] - AnnotatedColumn: Binding column: Column{table=Table(floor), mappingColumn=element, insertable=true, updatable=true, unique=false}
[DEBUG] - [main] - AnnotatedColumn: Binding column: Column{table=Table(floor), mappingColumn=flat_key, insertable=true, updatable=true, unique=false}
[DEBUG] - [main] - AnnotatedColumn: Binding column: JoinColumn{logicalColumnName='flat_KEY', referencedColumn='null', mappedBy='null'}
[DEBUG] - [main] - AnnotatedColumn: Binding column: JoinColumn{logicalColumnName='null', referencedColumn='null', mappedBy='floor'}
[DEBUG] - [main] - AnnotatedColumn: Binding column: JoinColumn{logicalColumnName='null', referencedColumn='null', mappedBy='floor'}
[DEBUG] - [main] - CollectionBinder: Collection role: com.Nttadta.nttdatacentersspringt1SLA.repository.Floor.flat
[DEBUG] - [main] - PropertyBinder: Building property flat
[DEBUG] - [main] - EntityBinder: Binding entity from annotated class: com.Nttadta.nttdatacentersspringt1SLA.repository.Person
[DEBUG] - [main] - AnnotatedColumn: Binding column: DiscriminatorColumn{logicalColumnName'DTYPE', discriminatorTypeName='string'}
[DEBUG] - [main] - EntityBinder: Import with entity name Person
[DEBUG] - [main] - EntityBinder: Bind entity com.Nttadta.nttdatacentersspringt1SLA.repository.Person on table person
[DEBUG] - [main] - AnnotatedColumn: Binding column: Column{table=Table(person), mappingColumn=id, insertable=true, updatable=true, unique=false}
[DEBUG] - [main] - ClassLoaderAccessImpl: Not known whether passed class name [com.Nttadta.nttdatacentersspringt1SLA.repository.Person] is safe
[DEBUG] - [main] - ClassLoaderAccessImpl: No temp ClassLoader provided; using live ClassLoader for loading potentially unsafe class : com.Nttadta.nttdatacentersspringt1SLA.repository.Person
[DEBUG] - [main] - PropertyBinder: MetadataSourceProcessor property id with lazy=false
[DEBUG] - [main] - AbstractPropertyHolder: Attempting to locate auto-apply AttributeConverter for property [com.Nttadta.nttdatacentersspringt1SLA.repository.Person:id]
[DEBUG] - [main] - BasicValueBinder: building BasicValue for id
[DEBUG] - [main] - BasicValue: Skipping column re-registration: person.id
[DEBUG] - [main] - PropertyBinder: Building property id
[DEBUG] - [main] - BinderHelper: #makeIdGenerator(BasicValue([Column(id)]), id, org.hibernate.id.enhanced.SequenceStyleGenerator, , ...)
[DEBUG] - [main] - AnnotatedColumn: Binding column: Column{table=Table(person), mappingColumn=dni, insertable=true, updatable=true, unique=false}
[DEBUG] - [main] - PropertyBinder: MetadataSourceProcessor property dni with lazy=false
[DEBUG] - [main] - AbstractPropertyHolder: Attempting to locate auto-apply AttributeConverter for property [com.Nttadta.nttdatacentersspringt1SLA.repository.Person:dni]
[DEBUG] - [main] - BasicValueBinder: building BasicValue for dni
[DEBUG] - [main] - BasicValue: Skipping column re-registration: person.dni
[DEBUG] - [main] - PropertyBinder: Building property dni
[DEBUG] - [main] - AnnotatedColumn: Binding column: JoinColumn{logicalColumnName='Flat-Number', referencedColumn='', mappedBy=''}
[DEBUG] - [main] - AnnotatedColumn: Binding column: Column{table=Table(person), mappingColumn=flat, insertable=true, updatable=true, unique=false}
[DEBUG] - [main] - PropertyBinder: Building property flat
[DEBUG] - [main] - AnnotatedColumn: Binding column: Column{table=Table(person), mappingColumn=name, insertable=true, updatable=true, unique=false}
[DEBUG] - [main] - PropertyBinder: MetadataSourceProcessor property name with lazy=false
[DEBUG] - [main] - AbstractPropertyHolder: Attempting to locate auto-apply AttributeConverter for property [com.Nttadta.nttdatacentersspringt1SLA.repository.Person:name]
[DEBUG] - [main] - BasicValueBinder: building BasicValue for name
[DEBUG] - [main] - BasicValue: Skipping column re-registration: person.name
[DEBUG] - [main] - PropertyBinder: Building property name
[DEBUG] - [main] - AnnotatedColumn: Binding column: Column{table=Table(person), mappingColumn=surname, insertable=true, updatable=true, unique=false}
[DEBUG] - [main] - PropertyBinder: MetadataSourceProcessor property surname with lazy=false
[DEBUG] - [main] - AbstractPropertyHolder: Attempting to locate auto-apply AttributeConverter for property [com.Nttadta.nttdatacentersspringt1SLA.repository.Person:surname]
[DEBUG] - [main] - BasicValueBinder: building BasicValue for surname
[DEBUG] - [main] - BasicValue: Skipping column re-registration: person.surname
[DEBUG] - [main] - PropertyBinder: Building property surname
[DEBUG] - [main] - BasicValueBinder: Starting `BasicValueBinder#fillSimpleValue` for flatNumber
[DEBUG] - [main] - BasicValueBinder: Starting `BasicValueBinder#fillSimpleValue` for floorNumber
[DEBUG] - [main] - BasicValueBinder: Starting `BasicValueBinder#fillSimpleValue` for buzon
[DEBUG] - [main] - BasicValueBinder: Starting `BasicValueBinder#fillSimpleValue` for id
[DEBUG] - [main] - BasicValueBinder: Starting `BasicValueBinder#fillSimpleValue` for dni
[DEBUG] - [main] - BasicValueBinder: Starting `BasicValueBinder#fillSimpleValue` for name
[DEBUG] - [main] - BasicValueBinder: Starting `BasicValueBinder#fillSimpleValue` for surname
[DEBUG] - [main] - PrimaryKey: Forcing column [flat_number] to be non-null as it is part of the primary key for table [flat]
[DEBUG] - [main] - PrimaryKey: Forcing column [floor_number] to be non-null as it is part of the primary key for table [floor]
[DEBUG] - [main] - PrimaryKey: Forcing column [id] to be non-null as it is part of the primary key for table [person]
[DEBUG] - [main] - CollectionSecondPass: Second pass for collection: com.Nttadta.nttdatacentersspringt1SLA.repository.Flat.habitants
[DEBUG] - [main] - CollectionBinder: Binding a OneToMany: com.Nttadta.nttdatacentersspringt1SLA.repository.Flat.habitants through a foreign key
[DEBUG] - [main] - CollectionBinder: Mapping collection: com.Nttadta.nttdatacentersspringt1SLA.repository.Flat.habitants -> person
[DEBUG] - [main] - TableBinder: Retrieving property com.Nttadta.nttdatacentersspringt1SLA.repository.Person.flat
[DEBUG] - [main] - CollectionSecondPass: Mapped collection key: flat-number, one-to-many: com.Nttadta.nttdatacentersspringt1SLA.repository.Person
[DEBUG] - [main] - CollectionSecondPass: Second pass for collection: com.Nttadta.nttdatacentersspringt1SLA.repository.Floor.flat
[DEBUG] - [main] - CollectionBinder: Binding a OneToMany: com.Nttadta.nttdatacentersspringt1SLA.repository.Floor.flat through a foreign key
[DEBUG] - [main] - CollectionBinder: Mapping collection: com.Nttadta.nttdatacentersspringt1SLA.repository.Floor.flat -> flat
[DEBUG] - [main] - TableBinder: Retrieving property com.Nttadta.nttdatacentersspringt1SLA.repository.Flat.floor
[DEBUG] - [main] - CollectionSecondPass: Mapped collection key: floor-number, one-to-many: com.Nttadta.nttdatacentersspringt1SLA.repository.Flat
[DEBUG] - [main] - InFlightMetadataCollectorImpl: Resolving reference to class: com.Nttadta.nttdatacentersspringt1SLA.repository.Floor
[DEBUG] - [main] - InFlightMetadataCollectorImpl: Resolving reference to class: com.Nttadta.nttdatacentersspringt1SLA.repository.Flat
[DEBUG] - [main] - InFlightMetadataCollectorImpl: Resolving reference to class: com.Nttadta.nttdatacentersspringt1SLA.repository.Floor
[DEBUG] - [main] - InFlightMetadataCollectorImpl: Resolving reference to class: com.Nttadta.nttdatacentersspringt1SLA.repository.Flat
[DEBUG] - [main] - SessionFactoryImpl: Building session factory
[DEBUG] - [main] - SessionFactoryServiceRegistryImpl: EventListenerRegistry access via ServiceRegistry is deprecated.  Use `sessionFactory.getEventEngine().getListenerRegistry()` instead
[DEBUG] - [main] - SessionFactoryImpl: Session factory constructed with filter configurations : {}
[DEBUG] - [main] - SessionFactoryImpl: Instantiating session factory with properties: {hibernate.format_sql=true, java.specification.version=17, sun.cpu.isalist=amd64, hibernate.resource.beans.container=org.springframework.orm.hibernate5.SpringBeanContainer@252d8df6, hibernate.connection.handling_mode=DELAYED_ACQUISITION_AND_HOLD, sun.jnu.encoding=Cp1252, hibernate.dialect=org.hibernate.dialect.MySQL5Dialect, hibernate.implicit_naming_strategy=org.springframework.boot.orm.jpa.hibernate.SpringImplicitNamingStrategy, java.class.path=C:\Users\Solid Lizard\OneDrive\Escritorio\nttdatacenters-spring-t1-SLA\target\test-classes;C:\Users\Solid Lizard\OneDrive\Escritorio\nttdatacenters-spring-t1-SLA\target\classes;C:\Users\Solid Lizard\.m2\repository\org\springframework\boot\spring-boot-starter-thymeleaf\3.0.0\spring-boot-starter-thymeleaf-3.0.0.jar;C:\Users\Solid Lizard\.m2\repository\org\springframework\boot\spring-boot-starter\3.0.0\spring-boot-starter-3.0.0.jar;C:\Users\Solid Lizard\.m2\repository\org\springframework\boot\spring-boot-starter-logging\3.0.0\spring-boot-starter-logging-3.0.0.jar;C:\Users\Solid Lizard\.m2\repository\ch\qos\logback\logback-classic\1.4.5\logback-classic-1.4.5.jar;C:\Users\Solid Lizard\.m2\repository\ch\qos\logback\logback-core\1.4.5\logback-core-1.4.5.jar;C:\Users\Solid Lizard\.m2\repository\org\apache\logging\log4j\log4j-to-slf4j\2.19.0\log4j-to-slf4j-2.19.0.jar;C:\Users\Solid Lizard\.m2\repository\org\apache\logging\log4j\log4j-api\2.19.0\log4j-api-2.19.0.jar;C:\Users\Solid Lizard\.m2\repository\org\slf4j\jul-to-slf4j\2.0.4\jul-to-slf4j-2.0.4.jar;C:\Users\Solid Lizard\.m2\repository\org\yaml\snakeyaml\1.33\snakeyaml-1.33.jar;C:\Users\Solid Lizard\.m2\repository\org\thymeleaf\thymeleaf-spring6\3.1.0.RELEASE\thymeleaf-spring6-3.1.0.RELEASE.jar;C:\Users\Solid Lizard\.m2\repository\org\thymeleaf\thymeleaf\3.1.0.RELEASE\thymeleaf-3.1.0.RELEASE.jar;C:\Users\Solid Lizard\.m2\repository\org\attoparser\attoparser\2.0.6.RELEASE\attoparser-2.0.6.RELEASE.jar;C:\Users\Solid Lizard\.m2\repository\org\unbescape\unbescape\1.1.6.RELEASE\unbescape-1.1.6.RELEASE.jar;C:\Users\Solid Lizard\.m2\repository\org\slf4j\slf4j-api\2.0.4\slf4j-api-2.0.4.jar;C:\Users\Solid Lizard\.m2\repository\org\springframework\boot\spring-boot-starter-web\3.0.0\spring-boot-starter-web-3.0.0.jar;C:\Users\Solid Lizard\.m2\repository\org\springframework\boot\spring-boot-starter-json\3.0.0\spring-boot-starter-json-3.0.0.jar;C:\Users\Solid Lizard\.m2\repository\com\fasterxml\jackson\core\jackson-databind\2.14.1\jackson-databind-2.14.1.jar;C:\Users\Solid Lizard\.m2\repository\com\fasterxml\jackson\core\jackson-annotations\2.14.1\jackson-annotations-2.14.1.jar;C:\Users\Solid Lizard\.m2\repository\com\fasterxml\jackson\core\jackson-core\2.14.1\jackson-core-2.14.1.jar;C:\Users\Solid Lizard\.m2\repository\com\fasterxml\jackson\datatype\jackson-datatype-jdk8\2.14.1\jackson-datatype-jdk8-2.14.1.jar;C:\Users\Solid Lizard\.m2\repository\com\fasterxml\jackson\datatype\jackson-datatype-jsr310\2.14.1\jackson-datatype-jsr310-2.14.1.jar;C:\Users\Solid Lizard\.m2\repository\com\fasterxml\jackson\module\jackson-module-parameter-names\2.14.1\jackson-module-parameter-names-2.14.1.jar;C:\Users\Solid Lizard\.m2\repository\org\springframework\spring-web\6.0.2\spring-web-6.0.2.jar;C:\Users\Solid Lizard\.m2\repository\org\springframework\spring-beans\6.0.2\spring-beans-6.0.2.jar;C:\Users\Solid Lizard\.m2\repository\io\micrometer\micrometer-observation\1.10.2\micrometer-observation-1.10.2.jar;C:\Users\Solid Lizard\.m2\repository\io\micrometer\micrometer-commons\1.10.2\micrometer-commons-1.10.2.jar;C:\Users\Solid Lizard\.m2\repository\org\springframework\spring-webmvc\6.0.2\spring-webmvc-6.0.2.jar;C:\Users\Solid Lizard\.m2\repository\org\springframework\spring-aop\6.0.2\spring-aop-6.0.2.jar;C:\Users\Solid Lizard\.m2\repository\org\springframework\spring-context\6.0.2\spring-context-6.0.2.jar;C:\Users\Solid Lizard\.m2\repository\org\springframework\spring-expression\6.0.2\spring-expression-6.0.2.jar;C:\Users\Solid Lizard\.m2\repository\org\springframework\boot\spring-boot-starter-data-jpa\3.0.0\spring-boot-starter-data-jpa-3.0.0.jar;C:\Users\Solid Lizard\.m2\repository\org\springframework\boot\spring-boot-starter-aop\3.0.0\spring-boot-starter-aop-3.0.0.jar;C:\Users\Solid Lizard\.m2\repository\org\aspectj\aspectjweaver\1.9.9.1\aspectjweaver-1.9.9.1.jar;C:\Users\Solid Lizard\.m2\repository\org\springframework\boot\spring-boot-starter-jdbc\3.0.0\spring-boot-starter-jdbc-3.0.0.jar;C:\Users\Solid Lizard\.m2\repository\com\zaxxer\HikariCP\5.0.1\HikariCP-5.0.1.jar;C:\Users\Solid Lizard\.m2\repository\org\springframework\spring-jdbc\6.0.2\spring-jdbc-6.0.2.jar;C:\Users\Solid Lizard\.m2\repository\org\hibernate\orm\hibernate-core\6.1.5.Final\hibernate-core-6.1.5.Final.jar;C:\Users\Solid Lizard\.m2\repository\jakarta\persistence\jakarta.persistence-api\3.1.0\jakarta.persistence-api-3.1.0.jar;C:\Users\Solid Lizard\.m2\repository\jakarta\transaction\jakarta.transaction-api\2.0.1\jakarta.transaction-api-2.0.1.jar;C:\Users\Solid Lizard\.m2\repository\org\jboss\logging\jboss-logging\3.5.0.Final\jboss-logging-3.5.0.Final.jar;C:\Users\Solid Lizard\.m2\repository\org\hibernate\common\hibernate-commons-annotations\6.0.2.Final\hibernate-commons-annotations-6.0.2.Final.jar;C:\Users\Solid Lizard\.m2\repository\org\jboss\jandex\2.4.2.Final\jandex-2.4.2.Final.jar;C:\Users\Solid Lizard\.m2\repository\com\fasterxml\classmate\1.5.1\classmate-1.5.1.jar;C:\Users\Solid Lizard\.m2\repository\net\bytebuddy\byte-buddy\1.12.19\byte-buddy-1.12.19.jar;C:\Users\Solid Lizard\.m2\repository\org\glassfish\jaxb\jaxb-runtime\4.0.1\jaxb-runtime-4.0.1.jar;C:\Users\Solid Lizard\.m2\repository\org\glassfish\jaxb\jaxb-core\4.0.1\jaxb-core-4.0.1.jar;C:\Users\Solid Lizard\.m2\repository\org\eclipse\angus\angus-activation\1.0.0\angus-activation-1.0.0.jar;C:\Users\Solid Lizard\.m2\repository\org\glassfish\jaxb\txw2\4.0.1\txw2-4.0.1.jar;C:\Users\Solid Lizard\.m2\repository\com\sun\istack\istack-commons-runtime\4.1.1\istack-commons-runtime-4.1.1.jar;C:\Users\Solid Lizard\.m2\repository\jakarta\inject\jakarta.inject-api\2.0.0\jakarta.inject-api-2.0.0.jar;C:\Users\Solid Lizard\.m2\repository\org\antlr\antlr4-runtime\4.10.1\antlr4-runtime-4.10.1.jar;C:\Users\Solid Lizard\.m2\repository\org\springframework\data\spring-data-jpa\3.0.0\spring-data-jpa-3.0.0.jar;C:\Users\Solid Lizard\.m2\repository\org\springframework\data\spring-data-commons\3.0.0\spring-data-commons-3.0.0.jar;C:\Users\Solid Lizard\.m2\repository\org\springframework\spring-orm\6.0.2\spring-orm-6.0.2.jar;C:\Users\Solid Lizard\.m2\repository\org\springframework\spring-tx\6.0.2\spring-tx-6.0.2.jar;C:\Users\Solid Lizard\.m2\repository\org\springframework\spring-aspects\6.0.2\spring-aspects-6.0.2.jar;C:\Users\Solid Lizard\.m2\repository\org\springframework\boot\spring-boot-devtools\3.0.0\spring-boot-devtools-3.0.0.jar;C:\Users\Solid Lizard\.m2\repository\org\springframework\boot\spring-boot\3.0.0\spring-boot-3.0.0.jar;C:\Users\Solid Lizard\.m2\repository\org\springframework\boot\spring-boot-autoconfigure\3.0.0\spring-boot-autoconfigure-3.0.0.jar;C:\Users\Solid Lizard\.m2\repository\com\h2database\h2\2.1.214\h2-2.1.214.jar;C:\Users\Solid Lizard\.m2\repository\com\mysql\mysql-connector-j\8.0.31\mysql-connector-j-8.0.31.jar;C:\Users\Solid Lizard\.m2\repository\org\springframework\boot\spring-boot-starter-tomcat\3.0.0\spring-boot-starter-tomcat-3.0.0.jar;C:\Users\Solid Lizard\.m2\repository\jakarta\annotation\jakarta.annotation-api\2.1.1\jakarta.annotation-api-2.1.1.jar;C:\Users\Solid Lizard\.m2\repository\org\apache\tomcat\embed\tomcat-embed-core\10.1.1\tomcat-embed-core-10.1.1.jar;C:\Users\Solid Lizard\.m2\repository\org\apache\tomcat\embed\tomcat-embed-el\10.1.1\tomcat-embed-el-10.1.1.jar;C:\Users\Solid Lizard\.m2\repository\org\apache\tomcat\embed\tomcat-embed-websocket\10.1.1\tomcat-embed-websocket-10.1.1.jar;C:\Users\Solid Lizard\.m2\repository\org\springframework\boot\spring-boot-starter-test\3.0.0\spring-boot-starter-test-3.0.0.jar;C:\Users\Solid Lizard\.m2\repository\org\springframework\boot\spring-boot-test\3.0.0\spring-boot-test-3.0.0.jar;C:\Users\Solid Lizard\.m2\repository\org\springframework\boot\spring-boot-test-autoconfigure\3.0.0\spring-boot-test-autoconfigure-3.0.0.jar;C:\Users\Solid Lizard\.m2\repository\com\jayway\jsonpath\json-path\2.7.0\json-path-2.7.0.jar;C:\Users\Solid Lizard\.m2\repository\net\minidev\json-smart\2.4.8\json-smart-2.4.8.jar;C:\Users\Solid Lizard\.m2\repository\net\minidev\accessors-smart\2.4.8\accessors-smart-2.4.8.jar;C:\Users\Solid Lizard\.m2\repository\org\ow2\asm\asm\9.1\asm-9.1.jar;C:\Users\Solid Lizard\.m2\repository\jakarta\xml\bind\jakarta.xml.bind-api\4.0.0\jakarta.xml.bind-api-4.0.0.jar;C:\Users\Solid Lizard\.m2\repository\jakarta\activation\jakarta.activation-api\2.1.0\jakarta.activation-api-2.1.0.jar;C:\Users\Solid Lizard\.m2\repository\org\assertj\assertj-core\3.23.1\assertj-core-3.23.1.jar;C:\Users\Solid Lizard\.m2\repository\org\hamcrest\hamcrest\2.2\hamcrest-2.2.jar;C:\Users\Solid Lizard\.m2\repository\org\junit\jupiter\junit-jupiter\5.9.1\junit-jupiter-5.9.1.jar;C:\Users\Solid Lizard\.m2\repository\org\junit\jupiter\junit-jupiter-api\5.9.1\junit-jupiter-api-5.9.1.jar;C:\Users\Solid Lizard\.m2\repository\org\opentest4j\opentest4j\1.2.0\opentest4j-1.2.0.jar;C:\Users\Solid Lizard\.m2\repository\org\junit\platform\junit-platform-commons\1.9.1\junit-platform-commons-1.9.1.jar;C:\Users\Solid Lizard\.m2\repository\org\apiguardian\apiguardian-api\1.1.2\apiguardian-api-1.1.2.jar;C:\Users\Solid Lizard\.m2\repository\org\junit\jupiter\junit-jupiter-params\5.9.1\junit-jupiter-params-5.9.1.jar;C:\Users\Solid Lizard\.m2\repository\org\junit\jupiter\junit-jupiter-engine\5.9.1\junit-jupiter-engine-5.9.1.jar;C:\Users\Solid Lizard\.m2\repository\org\junit\platform\junit-platform-engine\1.9.1\junit-platform-engine-1.9.1.jar;C:\Users\Solid Lizard\.m2\repository\org\mockito\mockito-core\4.8.1\mockito-core-4.8.1.jar;C:\Users\Solid Lizard\.m2\repository\net\bytebuddy\byte-buddy-agent\1.12.19\byte-buddy-agent-1.12.19.jar;C:\Users\Solid Lizard\.m2\repository\org\objenesis\objenesis\3.2\objenesis-3.2.jar;C:\Users\Solid Lizard\.m2\repository\org\mockito\mockito-junit-jupiter\4.8.1\mockito-junit-jupiter-4.8.1.jar;C:\Users\Solid Lizard\.m2\repository\org\skyscreamer\jsonassert\1.5.1\jsonassert-1.5.1.jar;C:\Users\Solid Lizard\.m2\repository\com\vaadin\external\google\android-json\0.0.20131108.vaadin1\android-json-0.0.20131108.vaadin1.jar;C:\Users\Solid Lizard\.m2\repository\org\springframework\spring-core\6.0.2\spring-core-6.0.2.jar;C:\Users\Solid Lizard\.m2\repository\org\springframework\spring-jcl\6.0.2\spring-jcl-6.0.2.jar;C:\Users\Solid Lizard\.m2\repository\org\springframework\spring-test\6.0.2\spring-test-6.0.2.jar;C:\Users\Solid Lizard\.m2\repository\org\xmlunit\xmlunit-core\2.9.0\xmlunit-core-2.9.0.jar;, java.vm.vendor=Eclipse Adoptium, sun.arch.data.model=64, user.variant=, java.vendor.url=https://adoptium.net/, user.timezone=Europe/Madrid, jakarta.persistence.sharedCache.mode=UNSPECIFIED, org.jboss.logging.provider=slf4j, java.vm.specification.version=17, os.name=Windows 10, javax.persistence.validation.mode=AUTO, jakarta.persistence.nonJtaDataSource=HikariDataSource (HikariPool-1), sun.java.launcher=SUN_STANDARD, user.country=ES, sun.boot.library.path=C:\Users\Solid Lizard\OneDrive\Escritorio\Trabajo\1º Grado Superior\FP DUAL\Programacion\DESARROLLO\ECLIPSE\eclipse\plugins\org.eclipse.justj.openjdk.hotspot.jre.full.win32.x86_64_17.0.2.v20220201-1208\jre\bin, sun.java.command=C:\Users\SOLIDL~1\AppData\Local\Temp\surefire3443491839083426377\surefirebooter13906247001221189687.jar C:\Users\Solid Lizard\AppData\Local\Temp\surefire3443491839083426377 2022-12-14T10-19-58_712-jvmRun1 surefire14159995875936814413tmp surefire_05931950418689986514tmp, javax.persistence.nonJtaDataSource=HikariDataSource (HikariPool-1), hibernate.transaction.jta.platform=org.hibernate.engine.transaction.jta.platform.internal.NoJtaPlatform@36638b59, javax.persistence.sharedCache.mode=UNSPECIFIED, jdk.debug=release, surefire.test.class.path=C:\Users\Solid Lizard\OneDrive\Escritorio\nttdatacenters-spring-t1-SLA\target\test-classes;C:\Users\Solid Lizard\OneDrive\Escritorio\nttdatacenters-spring-t1-SLA\target\classes;C:\Users\Solid Lizard\.m2\repository\org\springframework\boot\spring-boot-starter-thymeleaf\3.0.0\spring-boot-starter-thymeleaf-3.0.0.jar;C:\Users\Solid Lizard\.m2\repository\org\springframework\boot\spring-boot-starter\3.0.0\spring-boot-starter-3.0.0.jar;C:\Users\Solid Lizard\.m2\repository\org\springframework\boot\spring-boot-starter-logging\3.0.0\spring-boot-starter-logging-3.0.0.jar;C:\Users\Solid Lizard\.m2\repository\ch\qos\logback\logback-classic\1.4.5\logback-classic-1.4.5.jar;C:\Users\Solid Lizard\.m2\repository\ch\qos\logback\logback-core\1.4.5\logback-core-1.4.5.jar;C:\Users\Solid Lizard\.m2\repository\org\apache\logging\log4j\log4j-to-slf4j\2.19.0\log4j-to-slf4j-2.19.0.jar;C:\Users\Solid Lizard\.m2\repository\org\apache\logging\log4j\log4j-api\2.19.0\log4j-api-2.19.0.jar;C:\Users\Solid Lizard\.m2\repository\org\slf4j\jul-to-slf4j\2.0.4\jul-to-slf4j-2.0.4.jar;C:\Users\Solid Lizard\.m2\repository\org\yaml\snakeyaml\1.33\snakeyaml-1.33.jar;C:\Users\Solid Lizard\.m2\repository\org\thymeleaf\thymeleaf-spring6\3.1.0.RELEASE\thymeleaf-spring6-3.1.0.RELEASE.jar;C:\Users\Solid Lizard\.m2\repository\org\thymeleaf\thymeleaf\3.1.0.RELEASE\thymeleaf-3.1.0.RELEASE.jar;C:\Users\Solid Lizard\.m2\repository\org\attoparser\attoparser\2.0.6.RELEASE\attoparser-2.0.6.RELEASE.jar;C:\Users\Solid Lizard\.m2\repository\org\unbescape\unbescape\1.1.6.RELEASE\unbescape-1.1.6.RELEASE.jar;C:\Users\Solid Lizard\.m2\repository\org\slf4j\slf4j-api\2.0.4\slf4j-api-2.0.4.jar;C:\Users\Solid Lizard\.m2\repository\org\springframework\boot\spring-boot-starter-web\3.0.0\spring-boot-starter-web-3.0.0.jar;C:\Users\Solid Lizard\.m2\repository\org\springframework\boot\spring-boot-starter-json\3.0.0\spring-boot-starter-json-3.0.0.jar;C:\Users\Solid Lizard\.m2\repository\com\fasterxml\jackson\core\jackson-databind\2.14.1\jackson-databind-2.14.1.jar;C:\Users\Solid Lizard\.m2\repository\com\fasterxml\jackson\core\jackson-annotations\2.14.1\jackson-annotations-2.14.1.jar;C:\Users\Solid Lizard\.m2\repository\com\fasterxml\jackson\core\jackson-core\2.14.1\jackson-core-2.14.1.jar;C:\Users\Solid Lizard\.m2\repository\com\fasterxml\jackson\datatype\jackson-datatype-jdk8\2.14.1\jackson-datatype-jdk8-2.14.1.jar;C:\Users\Solid Lizard\.m2\repository\com\fasterxml\jackson\datatype\jackson-datatype-jsr310\2.14.1\jackson-datatype-jsr310-2.14.1.jar;C:\Users\Solid Lizard\.m2\repository\com\fasterxml\jackson\module\jackson-module-parameter-names\2.14.1\jackson-module-parameter-names-2.14.1.jar;C:\Users\Solid Lizard\.m2\repository\org\springframework\spring-web\6.0.2\spring-web-6.0.2.jar;C:\Users\Solid Lizard\.m2\repository\org\springframework\spring-beans\6.0.2\spring-beans-6.0.2.jar;C:\Users\Solid Lizard\.m2\repository\io\micrometer\micrometer-observation\1.10.2\micrometer-observation-1.10.2.jar;C:\Users\Solid Lizard\.m2\repository\io\micrometer\micrometer-commons\1.10.2\micrometer-commons-1.10.2.jar;C:\Users\Solid Lizard\.m2\repository\org\springframework\spring-webmvc\6.0.2\spring-webmvc-6.0.2.jar;C:\Users\Solid Lizard\.m2\repository\org\springframework\spring-aop\6.0.2\spring-aop-6.0.2.jar;C:\Users\Solid Lizard\.m2\repository\org\springframework\spring-context\6.0.2\spring-context-6.0.2.jar;C:\Users\Solid Lizard\.m2\repository\org\springframework\spring-expression\6.0.2\spring-expression-6.0.2.jar;C:\Users\Solid Lizard\.m2\repository\org\springframework\boot\spring-boot-starter-data-jpa\3.0.0\spring-boot-starter-data-jpa-3.0.0.jar;C:\Users\Solid Lizard\.m2\repository\org\springframework\boot\spring-boot-starter-aop\3.0.0\spring-boot-starter-aop-3.0.0.jar;C:\Users\Solid Lizard\.m2\repository\org\aspectj\aspectjweaver\1.9.9.1\aspectjweaver-1.9.9.1.jar;C:\Users\Solid Lizard\.m2\repository\org\springframework\boot\spring-boot-starter-jdbc\3.0.0\spring-boot-starter-jdbc-3.0.0.jar;C:\Users\Solid Lizard\.m2\repository\com\zaxxer\HikariCP\5.0.1\HikariCP-5.0.1.jar;C:\Users\Solid Lizard\.m2\repository\org\springframework\spring-jdbc\6.0.2\spring-jdbc-6.0.2.jar;C:\Users\Solid Lizard\.m2\repository\org\hibernate\orm\hibernate-core\6.1.5.Final\hibernate-core-6.1.5.Final.jar;C:\Users\Solid Lizard\.m2\repository\jakarta\persistence\jakarta.persistence-api\3.1.0\jakarta.persistence-api-3.1.0.jar;C:\Users\Solid Lizard\.m2\repository\jakarta\transaction\jakarta.transaction-api\2.0.1\jakarta.transaction-api-2.0.1.jar;C:\Users\Solid Lizard\.m2\repository\org\jboss\logging\jboss-logging\3.5.0.Final\jboss-logging-3.5.0.Final.jar;C:\Users\Solid Lizard\.m2\repository\org\hibernate\common\hibernate-commons-annotations\6.0.2.Final\hibernate-commons-annotations-6.0.2.Final.jar;C:\Users\Solid Lizard\.m2\repository\org\jboss\jandex\2.4.2.Final\jandex-2.4.2.Final.jar;C:\Users\Solid Lizard\.m2\repository\com\fasterxml\classmate\1.5.1\classmate-1.5.1.jar;C:\Users\Solid Lizard\.m2\repository\net\bytebuddy\byte-buddy\1.12.19\byte-buddy-1.12.19.jar;C:\Users\Solid Lizard\.m2\repository\org\glassfish\jaxb\jaxb-runtime\4.0.1\jaxb-runtime-4.0.1.jar;C:\Users\Solid Lizard\.m2\repository\org\glassfish\jaxb\jaxb-core\4.0.1\jaxb-core-4.0.1.jar;C:\Users\Solid Lizard\.m2\repository\org\eclipse\angus\angus-activation\1.0.0\angus-activation-1.0.0.jar;C:\Users\Solid Lizard\.m2\repository\org\glassfish\jaxb\txw2\4.0.1\txw2-4.0.1.jar;C:\Users\Solid Lizard\.m2\repository\com\sun\istack\istack-commons-runtime\4.1.1\istack-commons-runtime-4.1.1.jar;C:\Users\Solid Lizard\.m2\repository\jakarta\inject\jakarta.inject-api\2.0.0\jakarta.inject-api-2.0.0.jar;C:\Users\Solid Lizard\.m2\repository\org\antlr\antlr4-runtime\4.10.1\antlr4-runtime-4.10.1.jar;C:\Users\Solid Lizard\.m2\repository\org\springframework\data\spring-data-jpa\3.0.0\spring-data-jpa-3.0.0.jar;C:\Users\Solid Lizard\.m2\repository\org\springframework\data\spring-data-commons\3.0.0\spring-data-commons-3.0.0.jar;C:\Users\Solid Lizard\.m2\repository\org\springframework\spring-orm\6.0.2\spring-orm-6.0.2.jar;C:\Users\Solid Lizard\.m2\repository\org\springframework\spring-tx\6.0.2\spring-tx-6.0.2.jar;C:\Users\Solid Lizard\.m2\repository\org\springframework\spring-aspects\6.0.2\spring-aspects-6.0.2.jar;C:\Users\Solid Lizard\.m2\repository\org\springframework\boot\spring-boot-devtools\3.0.0\spring-boot-devtools-3.0.0.jar;C:\Users\Solid Lizard\.m2\repository\org\springframework\boot\spring-boot\3.0.0\spring-boot-3.0.0.jar;C:\Users\Solid Lizard\.m2\repository\org\springframework\boot\spring-boot-autoconfigure\3.0.0\spring-boot-autoconfigure-3.0.0.jar;C:\Users\Solid Lizard\.m2\repository\com\h2database\h2\2.1.214\h2-2.1.214.jar;C:\Users\Solid Lizard\.m2\repository\com\mysql\mysql-connector-j\8.0.31\mysql-connector-j-8.0.31.jar;C:\Users\Solid Lizard\.m2\repository\org\springframework\boot\spring-boot-starter-tomcat\3.0.0\spring-boot-starter-tomcat-3.0.0.jar;C:\Users\Solid Lizard\.m2\repository\jakarta\annotation\jakarta.annotation-api\2.1.1\jakarta.annotation-api-2.1.1.jar;C:\Users\Solid Lizard\.m2\repository\org\apache\tomcat\embed\tomcat-embed-core\10.1.1\tomcat-embed-core-10.1.1.jar;C:\Users\Solid Lizard\.m2\repository\org\apache\tomcat\embed\tomcat-embed-el\10.1.1\tomcat-embed-el-10.1.1.jar;C:\Users\Solid Lizard\.m2\repository\org\apache\tomcat\embed\tomcat-embed-websocket\10.1.1\tomcat-embed-websocket-10.1.1.jar;C:\Users\Solid Lizard\.m2\repository\org\springframework\boot\spring-boot-starter-test\3.0.0\spring-boot-starter-test-3.0.0.jar;C:\Users\Solid Lizard\.m2\repository\org\springframework\boot\spring-boot-test\3.0.0\spring-boot-test-3.0.0.jar;C:\Users\Solid Lizard\.m2\repository\org\springframework\boot\spring-boot-test-autoconfigure\3.0.0\spring-boot-test-autoconfigure-3.0.0.jar;C:\Users\Solid Lizard\.m2\repository\com\jayway\jsonpath\json-path\2.7.0\json-path-2.7.0.jar;C:\Users\Solid Lizard\.m2\repository\net\minidev\json-smart\2.4.8\json-smart-2.4.8.jar;C:\Users\Solid Lizard\.m2\repository\net\minidev\accessors-smart\2.4.8\accessors-smart-2.4.8.jar;C:\Users\Solid Lizard\.m2\repository\org\ow2\asm\asm\9.1\asm-9.1.jar;C:\Users\Solid Lizard\.m2\repository\jakarta\xml\bind\jakarta.xml.bind-api\4.0.0\jakarta.xml.bind-api-4.0.0.jar;C:\Users\Solid Lizard\.m2\repository\jakarta\activation\jakarta.activation-api\2.1.0\jakarta.activation-api-2.1.0.jar;C:\Users\Solid Lizard\.m2\repository\org\assertj\assertj-core\3.23.1\assertj-core-3.23.1.jar;C:\Users\Solid Lizard\.m2\repository\org\hamcrest\hamcrest\2.2\hamcrest-2.2.jar;C:\Users\Solid Lizard\.m2\repository\org\junit\jupiter\junit-jupiter\5.9.1\junit-jupiter-5.9.1.jar;C:\Users\Solid Lizard\.m2\repository\org\junit\jupiter\junit-jupiter-api\5.9.1\junit-jupiter-api-5.9.1.jar;C:\Users\Solid Lizard\.m2\repository\org\opentest4j\opentest4j\1.2.0\opentest4j-1.2.0.jar;C:\Users\Solid Lizard\.m2\repository\org\junit\platform\junit-platform-commons\1.9.1\junit-platform-commons-1.9.1.jar;C:\Users\Solid Lizard\.m2\repository\org\apiguardian\apiguardian-api\1.1.2\apiguardian-api-1.1.2.jar;C:\Users\Solid Lizard\.m2\repository\org\junit\jupiter\junit-jupiter-params\5.9.1\junit-jupiter-params-5.9.1.jar;C:\Users\Solid Lizard\.m2\repository\org\junit\jupiter\junit-jupiter-engine\5.9.1\junit-jupiter-engine-5.9.1.jar;C:\Users\Solid Lizard\.m2\repository\org\junit\platform\junit-platform-engine\1.9.1\junit-platform-engine-1.9.1.jar;C:\Users\Solid Lizard\.m2\repository\org\mockito\mockito-core\4.8.1\mockito-core-4.8.1.jar;C:\Users\Solid Lizard\.m2\repository\net\bytebuddy\byte-buddy-agent\1.12.19\byte-buddy-agent-1.12.19.jar;C:\Users\Solid Lizard\.m2\repository\org\objenesis\objenesis\3.2\objenesis-3.2.jar;C:\Users\Solid Lizard\.m2\repository\org\mockito\mockito-junit-jupiter\4.8.1\mockito-junit-jupiter-4.8.1.jar;C:\Users\Solid Lizard\.m2\repository\org\skyscreamer\jsonassert\1.5.1\jsonassert-1.5.1.jar;C:\Users\Solid Lizard\.m2\repository\com\vaadin\external\google\android-json\0.0.20131108.vaadin1\android-json-0.0.20131108.vaadin1.jar;C:\Users\Solid Lizard\.m2\repository\org\springframework\spring-core\6.0.2\spring-core-6.0.2.jar;C:\Users\Solid Lizard\.m2\repository\org\springframework\spring-jcl\6.0.2\spring-jcl-6.0.2.jar;C:\Users\Solid Lizard\.m2\repository\org\springframework\spring-test\6.0.2\spring-test-6.0.2.jar;C:\Users\Solid Lizard\.m2\repository\org\xmlunit\xmlunit-core\2.9.0\xmlunit-core-2.9.0.jar;, sun.cpu.endian=little, user.home=C:\Users\Solid Lizard, user.language=es, java.specification.vendor=Oracle Corporation, java.version.date=2022-01-18, java.home=C:\Users\Solid Lizard\OneDrive\Escritorio\Trabajo\1º Grado Superior\FP DUAL\Programacion\DESARROLLO\ECLIPSE\eclipse\plugins\org.eclipse.justj.openjdk.hotspot.jre.full.win32.x86_64_17.0.2.v20220201-1208\jre, file.separator=\, basedir=C:\Users\Solid Lizard\OneDrive\Escritorio\nttdatacenters-spring-t1-SLA, java.vm.compressedOopsMode=Zero based, line.separator=
, hibernate.persistenceUnitName=default, java.vm.specification.vendor=Oracle Corporation, java.specification.name=Java Platform API Specification, FILE_LOG_CHARSET=windows-1252, hibernate.transaction.coordinator_class=class org.hibernate.resource.transaction.backend.jdbc.internal.JdbcResourceLocalTransactionCoordinatorBuilderImpl, java.awt.headless=true, surefire.real.class.path=C:\Users\SOLIDL~1\AppData\Local\Temp\surefire3443491839083426377\surefirebooter13906247001221189687.jar, jakarta.persistence.validation.mode=AUTO, hibernate.hbm2ddl.auto=update, user.script=, sun.management.compiler=HotSpot 64-Bit Tiered Compilers, java.runtime.version=17.0.2+8, user.name=Solid Lizard, path.separator=;, os.version=10.0, java.runtime.name=OpenJDK Runtime Environment, file.encoding=Cp1252, java.vm.name=OpenJDK 64-Bit Server VM, hibernate.show_sql=true, java.vendor.version=Temurin-17.0.2+8, localRepository=C:\Users\Solid Lizard\.m2\repository, java.vendor.url.bug=https://github.com/adoptium/adoptium-support/issues, java.io.tmpdir=C:\Users\SOLIDL~1\AppData\Local\Temp\, java.version=17.0.2, hibernate.physical_naming_strategy=org.hibernate.boot.model.naming.CamelCaseToUnderscoresNamingStrategy, user.dir=C:\Users\Solid Lizard\OneDrive\Escritorio\nttdatacenters-spring-t1-SLA, os.arch=amd64, java.vm.specification.name=Java Virtual Machine Specification, PID=25464, sun.os.patch.level=, CONSOLE_LOG_CHARSET=windows-1252, hibernate.boot.CfgXmlAccessService.key=org.hibernate.boot.registry.StandardServiceRegistryBuilder$1@2f8f40cc, native.encoding=Cp1252, java.library.path=C:\Users\Solid Lizard\OneDrive\Escritorio\Trabajo\1º Grado Superior\FP DUAL\Programacion\DESARROLLO\ECLIPSE\eclipse\plugins\org.eclipse.justj.openjdk.hotspot.jre.full.win32.x86_64_17.0.2.v20220201-1208\jre\bin;C:\windows\Sun\Java\bin;C:\windows\system32;C:\windows;C:/Users/Solid Lizard/OneDrive/Escritorio/Trabajo/1º Grado Superior/FP DUAL/Programacion/DESARROLLO/ECLIPSE/eclipse//plugins/org.eclipse.justj.openjdk.hotspot.jre.full.win32.x86_64_17.0.2.v20220201-1208/jre/bin/server;C:/Users/Solid Lizard/OneDrive/Escritorio/Trabajo/1º Grado Superior/FP DUAL/Programacion/DESARROLLO/ECLIPSE/eclipse//plugins/org.eclipse.justj.openjdk.hotspot.jre.full.win32.x86_64_17.0.2.v20220201-1208/jre/bin;C:\Program Files\Java\jdk1.8.0_301\bin;C:\Program Files\nodejs\;C:\Users\Solid Lizard\OneDrive\Escritorio\Trabajo\1º Grado Superior\FP DUAL\Programacion\HERRAMIENTAS\APACHE\MAVEN\apache-maven-3.8.4\bin;C:\Program Files\dotnet\;C:\Program Files\Microsoft SQL Server\Client SDK\ODBC\170\Tools\Binn\;C:\Users\Solid Lizard\AppData\Local\Programs\Python\Python310\Scripts\;C:\Users\Solid Lizard\AppData\Local\Programs\Python\Python310\;C:\Program Files\MySQL\MySQL Shell 8.0\bin\;C:\Users\Solid Lizard\AppData\Local\Microsoft\WindowsApps;search-ms:displayname=Resultados%20de%20la%20búsqueda%20en%20Este%20equipo&crumb=location:%3A%3A{20D04FE0-3AEA-1069-A2D8-08002B30309D}\Sublime Text 3;C:\Users\Solid Lizard\.dotnet\tools;C:\Users\Solid Lizard\OneDrive\Escritorio\Trabajo\FP DUAL\Programacion\DESARROLLO\VS CODE\Microsoft VS Code\bin;C:\Program Files\Java\jdk1.8.0_301\bin;C:\Users\Solid Lizard\AppData\Roaming\npm;C:\Users\Solid Lizard\OneDrive\Escritorio\Trabajo\1º Grado Superior\FP DUAL\Programacion\DESARROLLO\ECLIPSE\eclipse;;., java.vendor=Eclipse Adoptium, java.vm.info=mixed mode, java.vm.version=17.0.2+8, hibernate.bytecode.use_reflection_optimizer=false, sun.io.unicode.encoding=UnicodeLittle, hibernate.archive.scanner=org.hibernate.boot.archive.scan.internal.DisabledScanner, hibernate.connection.datasource=HikariDataSource (HikariPool-1), java.class.version=61.0}
[DEBUG] - [main] - SessionFactoryImpl: Instantiated session factory
[DEBUG] - [main] - cache: Starting QueryPlanCache(2048)
[DEBUG] - [main] - SqmFunctionRegistry: Registered SqmFunctionTemplate [NamedSqmFunctionTemplate(max)] under max; prior registration was null
[DEBUG] - [main] - SqmFunctionRegistry: Registered SqmFunctionTemplate [NamedSqmFunctionTemplate(min)] under min; prior registration was null
[DEBUG] - [main] - SqmFunctionRegistry: Registered SqmFunctionTemplate [NamedSqmFunctionTemplate(sum)] under sum; prior registration was null
[DEBUG] - [main] - SqmFunctionRegistry: Registered SqmFunctionTemplate [NamedSqmFunctionTemplate(avg)] under avg; prior registration was null
[DEBUG] - [main] - SqmFunctionRegistry: Registered SqmFunctionTemplate [org.hibernate.dialect.function.CountFunction@4ec27c4c] under count; prior registration was null
[DEBUG] - [main] - SqmFunctionRegistry: Registered SqmFunctionTemplate [org.hibernate.dialect.function.EveryAnyEmulation@2a259f6f] under every; prior registration was null
[DEBUG] - [main] - SqmFunctionRegistry: Registered SqmFunctionTemplate [org.hibernate.dialect.function.EveryAnyEmulation@7ccf6114] under any; prior registration was null
[DEBUG] - [main] - SqmFunctionRegistry: Registered SqmFunctionTemplate [NamedSqmFunctionTemplate(round)] under round; prior registration was null
[DEBUG] - [main] - SqmFunctionRegistry: Registered SqmFunctionTemplate [NamedSqmFunctionTemplate(floor)] under floor; prior registration was null
[DEBUG] - [main] - SqmFunctionRegistry: Registered SqmFunctionTemplate [NamedSqmFunctionTemplate(ceiling)] under ceiling; prior registration was null
[DEBUG] - [main] - SqmFunctionRegistry: Registered SqmFunctionTemplate [NamedSqmFunctionTemplate(mod)] under mod; prior registration was null
[DEBUG] - [main] - SqmFunctionRegistry: Registered SqmFunctionTemplate [NamedSqmFunctionTemplate(abs)] under abs; prior registration was null
[DEBUG] - [main] - SqmFunctionRegistry: Registered SqmFunctionTemplate [NamedSqmFunctionTemplate(sign)] under sign; prior registration was null
[DEBUG] - [main] - SqmFunctionRegistry: Registered SqmFunctionTemplate [NamedSqmFunctionTemplate(sqrt)] under sqrt; prior registration was null
[DEBUG] - [main] - SqmFunctionRegistry: Registered SqmFunctionTemplate [NamedSqmFunctionTemplate(ln)] under ln; prior registration was null
[DEBUG] - [main] - SqmFunctionRegistry: Registered SqmFunctionTemplate [NamedSqmFunctionTemplate(exp)] under exp; prior registration was null
[DEBUG] - [main] - SqmFunctionRegistry: Registered SqmFunctionTemplate [NamedSqmFunctionTemplate(power)] under power; prior registration was null
[DEBUG] - [main] - SqmFunctionRegistry: Registered SqmFunctionTemplate [NamedSqmFunctionTemplate(sin)] under sin; prior registration was null
[DEBUG] - [main] - SqmFunctionRegistry: Registered SqmFunctionTemplate [NamedSqmFunctionTemplate(cos)] under cos; prior registration was null
[DEBUG] - [main] - SqmFunctionRegistry: Registered SqmFunctionTemplate [NamedSqmFunctionTemplate(tan)] under tan; prior registration was null
[DEBUG] - [main] - SqmFunctionRegistry: Registered SqmFunctionTemplate [NamedSqmFunctionTemplate(asin)] under asin; prior registration was null
[DEBUG] - [main] - SqmFunctionRegistry: Registered SqmFunctionTemplate [NamedSqmFunctionTemplate(acos)] under acos; prior registration was null
[DEBUG] - [main] - SqmFunctionRegistry: Registered SqmFunctionTemplate [NamedSqmFunctionTemplate(atan)] under atan; prior registration was null
[DEBUG] - [main] - SqmFunctionRegistry: Registered SqmFunctionTemplate [NamedSqmFunctionTemplate(atan2)] under atan2; prior registration was null
[DEBUG] - [main] - SqmFunctionRegistry: Registered SqmFunctionTemplate [NamedSqmFunctionTemplate(coalesce)] under coalesce; prior registration was null
[DEBUG] - [main] - SqmFunctionRegistry: Registered SqmFunctionTemplate [NamedSqmFunctionTemplate(nullif)] under nullif; prior registration was null
[DEBUG] - [main] - SqmFunctionRegistry: Registered SqmFunctionTemplate [NamedSqmFunctionTemplate(left)] under left; prior registration was null
[DEBUG] - [main] - SqmFunctionRegistry: Registered SqmFunctionTemplate [NamedSqmFunctionTemplate(right)] under right; prior registration was null
[DEBUG] - [main] - SqmFunctionRegistry: Registered SqmFunctionTemplate [NamedSqmFunctionTemplate(replace)] under replace; prior registration was null
[DEBUG] - [main] - SqmFunctionRegistry: Registered SqmFunctionTemplate [NamedSqmFunctionTemplate(concat)] under concat; prior registration was null
[DEBUG] - [main] - SqmFunctionRegistry: Registered SqmFunctionTemplate [NamedSqmFunctionTemplate(lower)] under lower; prior registration was null
[DEBUG] - [main] - SqmFunctionRegistry: Registered SqmFunctionTemplate [NamedSqmFunctionTemplate(upper)] under upper; prior registration was null
[DEBUG] - [main] - SqmFunctionRegistry: Registered SqmFunctionTemplate [NamedSqmFunctionTemplate(substring)] under substring; prior registration was null
[DEBUG] - [main] - SqmFunctionRegistry: Registered SqmFunctionTemplate [NamedSqmFunctionTemplate(locate)] under locate; prior registration was null
[DEBUG] - [main] - SqmFunctionRegistry: Registered SqmFunctionTemplate [NamedSqmFunctionTemplate(character_length)] under character_length; prior registration was null
[DEBUG] - [main] - SqmFunctionRegistry: Registering alternate key : length -> character_length
[DEBUG] - [main] - SqmFunctionRegistry: Registered SqmFunctionTemplate [org.hibernate.dialect.function.LocatePositionEmulation@451af781] under position; prior registration was null
[DEBUG] - [main] - SqmFunctionRegistry: Registered SqmFunctionTemplate [org.hibernate.dialect.function.InsertSubstringOverlayEmulation@76ed7573] under overlay; prior registration was null
[DEBUG] - [main] - SqmFunctionRegistry: Registered SqmFunctionTemplate [org.hibernate.dialect.function.TrimFunction@6150afc6] under trim; prior registration was null
[DEBUG] - [main] - SqmFunctionRegistry: Registered SqmFunctionTemplate [org.hibernate.dialect.function.CastFunction@4f82248f] under cast; prior registration was null
[DEBUG] - [main] - SqmFunctionRegistry: Registered SqmFunctionTemplate [org.hibernate.query.sqm.function.PatternBasedSqmFunctionDescriptor@7bb25046] under collate; prior registration was null
[DEBUG] - [main] - SqmFunctionRegistry: Registered SqmFunctionTemplate [org.hibernate.dialect.function.ExtractFunction@77d959f1] under extract; prior registration was null
[DEBUG] - [main] - SqmFunctionRegistry: Registered SqmFunctionTemplate [NamedSqmFunctionTemplate(least)] under least; prior registration was null
[DEBUG] - [main] - SqmFunctionRegistry: Registered SqmFunctionTemplate [NamedSqmFunctionTemplate(greatest)] under greatest; prior registration was null
[DEBUG] - [main] - SqmFunctionRegistry: Registered SqmFunctionTemplate [org.hibernate.dialect.function.CoalesceIfnullEmulation@7793b55d] under ifnull; prior registration was null
[DEBUG] - [main] - SqmFunctionRegistry: Registered SqmFunctionTemplate [NamedSqmFunctionTemplate(lpad)] under lpad; prior registration was null
[DEBUG] - [main] - SqmFunctionRegistry: Registered SqmFunctionTemplate [NamedSqmFunctionTemplate(rpad)] under rpad; prior registration was null
[DEBUG] - [main] - SqmFunctionRegistry: Registered SqmFunctionTemplate [org.hibernate.dialect.function.LpadRpadPadEmulation@297c3a43] under pad; prior registration was null
[DEBUG] - [main] - SqmFunctionRegistry: Registered SqmFunctionTemplate [org.hibernate.dialect.function.CastStrEmulation@4b22214d] under str; prior registration was null
[DEBUG] - [main] - SqmFunctionRegistry: Registered SqmFunctionTemplate [org.hibernate.dialect.function.FormatFunction@1ea96ff2] under format; prior registration was null
[DEBUG] - [main] - SqmFunctionRegistry: Registered SqmFunctionTemplate [org.hibernate.dialect.function.TimestampaddFunction@2fa47368] under timestampadd; prior registration was null
[DEBUG] - [main] - SqmFunctionRegistry: Registered SqmFunctionTemplate [org.hibernate.dialect.function.TimestampdiffFunction@614d7fbf] under timestampdiff; prior registration was null
[DEBUG] - [main] - SqmFunctionRegistry: Registering alternate key : dateadd -> timestampadd
[DEBUG] - [main] - SqmFunctionRegistry: Registering alternate key : datediff -> timestampdiff
[DEBUG] - [main] - SqmFunctionRegistry: Registered SqmFunctionTemplate [org.hibernate.dialect.function.CurrentFunction@4ad3969] under current_date; prior registration was null
[DEBUG] - [main] - SqmFunctionRegistry: Registered SqmFunctionTemplate [org.hibernate.dialect.function.CurrentFunction@5d7ff311] under current_time; prior registration was null
[DEBUG] - [main] - SqmFunctionRegistry: Registered SqmFunctionTemplate [org.hibernate.dialect.function.CurrentFunction@2d7aa291] under current_timestamp; prior registration was null
[DEBUG] - [main] - SqmFunctionRegistry: Registering alternate key : current date -> current_date
[DEBUG] - [main] - SqmFunctionRegistry: Registering alternate key : current time -> current_time
[DEBUG] - [main] - SqmFunctionRegistry: Registering alternate key : current timestamp -> current_timestamp
[DEBUG] - [main] - SqmFunctionRegistry: Registered SqmFunctionTemplate [org.hibernate.dialect.function.CurrentFunction@1ba7db2a] under local_date; prior registration was null
[DEBUG] - [main] - SqmFunctionRegistry: Registered SqmFunctionTemplate [org.hibernate.dialect.function.CurrentFunction@762cdf46] under local_time; prior registration was null
[DEBUG] - [main] - SqmFunctionRegistry: Registered SqmFunctionTemplate [org.hibernate.dialect.function.CurrentFunction@54e94de9] under local_datetime; prior registration was null
[DEBUG] - [main] - SqmFunctionRegistry: Registered SqmFunctionTemplate [org.hibernate.dialect.function.CurrentFunction@2cff03cf] under offset_datetime; prior registration was null
[DEBUG] - [main] - SqmFunctionRegistry: Registering alternate key : local date -> local_date
[DEBUG] - [main] - SqmFunctionRegistry: Registering alternate key : local time -> local_time
[DEBUG] - [main] - SqmFunctionRegistry: Registering alternate key : local datetime -> local_datetime
[DEBUG] - [main] - SqmFunctionRegistry: Registering alternate key : offset datetime -> offset_datetime
[DEBUG] - [main] - SqmFunctionRegistry: Registered SqmFunctionTemplate [org.hibernate.dialect.function.CurrentFunction@924f3f1] under instant; prior registration was null
[DEBUG] - [main] - SqmFunctionRegistry: Registering alternate key : current_instant -> instant
[DEBUG] - [main] - SqmFunctionRegistry: Registered SqmFunctionTemplate [org.hibernate.dialect.function.SqlFunction@7d5a0b14] under sql; prior registration was null
[DEBUG] - [main] - SqmFunctionRegistry: Registered SqmFunctionTemplate [NamedSqmFunctionTemplate(soundex)] under soundex; prior registration was null
[DEBUG] - [main] - SqmFunctionRegistry: Registered SqmFunctionTemplate [NamedSqmFunctionTemplate(radians)] under radians; prior registration was null
[DEBUG] - [main] - SqmFunctionRegistry: Registered SqmFunctionTemplate [NamedSqmFunctionTemplate(degrees)] under degrees; prior registration was null
[DEBUG] - [main] - SqmFunctionRegistry: Registered SqmFunctionTemplate [NamedSqmFunctionTemplate(cot)] under cot; prior registration was null
[DEBUG] - [main] - SqmFunctionRegistry: Registered SqmFunctionTemplate [NamedSqmFunctionTemplate(log)] under log; prior registration was null
[DEBUG] - [main] - SqmFunctionRegistry: Registered SqmFunctionTemplate [NamedSqmFunctionTemplate(log2)] under log2; prior registration was null
[DEBUG] - [main] - SqmFunctionRegistry: Registered SqmFunctionTemplate [NamedSqmFunctionTemplate(log10)] under log10; prior registration was null
[DEBUG] - [main] - SqmFunctionRegistry: Registered SqmFunctionTemplate [NamedSqmFunctionTemplate(pi)] under pi; prior registration was null
[DEBUG] - [main] - SqmFunctionRegistry: Registered SqmFunctionTemplate [NamedSqmFunctionTemplate(ltrim)] under ltrim; prior registration was null
[DEBUG] - [main] - SqmFunctionRegistry: Registered SqmFunctionTemplate [NamedSqmFunctionTemplate(rtrim)] under rtrim; prior registration was null
[DEBUG] - [main] - SqmFunctionRegistry: Registered SqmFunctionTemplate [NamedSqmFunctionTemplate(octet_length)] under octet_length; prior registration was null
[DEBUG] - [main] - SqmFunctionRegistry: Registered SqmFunctionTemplate [NamedSqmFunctionTemplate(reverse)] under reverse; prior registration was null
[DEBUG] - [main] - SqmFunctionRegistry: Registered SqmFunctionTemplate [NamedSqmFunctionTemplate(space)] under space; prior registration was null
[DEBUG] - [main] - SqmFunctionRegistry: Registered SqmFunctionTemplate [NamedSqmFunctionTemplate(repeat)] under repeat; prior registration was null
[DEBUG] - [main] - SqmFunctionRegistry: Registered SqmFunctionTemplate [org.hibernate.query.sqm.function.MultipatternSqmFunctionDescriptor@27dc81be] under lpad; prior registration was NamedSqmFunctionTemplate(lpad)
[DEBUG] - [main] - SqmFunctionRegistry: Registered SqmFunctionTemplate [org.hibernate.query.sqm.function.MultipatternSqmFunctionDescriptor@3595086b] under rpad; prior registration was NamedSqmFunctionTemplate(rpad)
[DEBUG] - [main] - SqmFunctionRegistry: Registered SqmFunctionTemplate [NamedSqmFunctionTemplate(md5)] under md5; prior registration was null
[DEBUG] - [main] - SqmFunctionRegistry: Registered SqmFunctionTemplate [NamedSqmFunctionTemplate(day)] under day; prior registration was null
[DEBUG] - [main] - SqmFunctionRegistry: Registered SqmFunctionTemplate [NamedSqmFunctionTemplate(month)] under month; prior registration was null
[DEBUG] - [main] - SqmFunctionRegistry: Registered SqmFunctionTemplate [NamedSqmFunctionTemplate(year)] under year; prior registration was null
[DEBUG] - [main] - SqmFunctionRegistry: Registered SqmFunctionTemplate [NamedSqmFunctionTemplate(hour)] under hour; prior registration was null
[DEBUG] - [main] - SqmFunctionRegistry: Registered SqmFunctionTemplate [NamedSqmFunctionTemplate(minute)] under minute; prior registration was null
[DEBUG] - [main] - SqmFunctionRegistry: Registered SqmFunctionTemplate [NamedSqmFunctionTemplate(second)] under second; prior registration was null
[DEBUG] - [main] - SqmFunctionRegistry: Registered SqmFunctionTemplate [NamedSqmFunctionTemplate(microsecond)] under microsecond; prior registration was null
[DEBUG] - [main] - SqmFunctionRegistry: Registered SqmFunctionTemplate [NamedSqmFunctionTemplate(dayofweek)] under dayofweek; prior registration was null
[DEBUG] - [main] - SqmFunctionRegistry: Registered SqmFunctionTemplate [NamedSqmFunctionTemplate(dayofmonth)] under dayofmonth; prior registration was null
[DEBUG] - [main] - SqmFunctionRegistry: Registering alternate key : day -> dayofmonth
[DEBUG] - [main] - SqmFunctionRegistry: Registered SqmFunctionTemplate [NamedSqmFunctionTemplate(dayofyear)] under dayofyear; prior registration was null
[DEBUG] - [main] - SqmFunctionRegistry: Registered SqmFunctionTemplate [NamedSqmFunctionTemplate(week)] under week; prior registration was null
[DEBUG] - [main] - SqmFunctionRegistry: Registered SqmFunctionTemplate [NamedSqmFunctionTemplate(quarter)] under quarter; prior registration was null
[DEBUG] - [main] - SqmFunctionRegistry: Registered SqmFunctionTemplate [NamedSqmFunctionTemplate(monthname)] under monthname; prior registration was null
[DEBUG] - [main] - SqmFunctionRegistry: Registered SqmFunctionTemplate [NamedSqmFunctionTemplate(dayname)] under dayname; prior registration was null
[DEBUG] - [main] - SqmFunctionRegistry: Registered SqmFunctionTemplate [NamedSqmFunctionTemplate(last_day)] under last_day; prior registration was null
[DEBUG] - [main] - SqmFunctionRegistry: Registered SqmFunctionTemplate [NamedSqmFunctionTemplate(date)] under date; prior registration was null
[DEBUG] - [main] - SqmFunctionRegistry: Registered SqmFunctionTemplate [NamedSqmFunctionTemplate(timestamp)] under timestamp; prior registration was null
[DEBUG] - [main] - SqmFunctionRegistry: Registered SqmFunctionTemplate [NamedSqmFunctionTemplate(time)] under time; prior registration was null
[DEBUG] - [main] - SqmFunctionRegistry: Registered SqmFunctionTemplate [NamedSqmFunctionTemplate(utc_date)] under utc_date; prior registration was null
[DEBUG] - [main] - SqmFunctionRegistry: Registered SqmFunctionTemplate [NamedSqmFunctionTemplate(utc_time)] under utc_time; prior registration was null
[DEBUG] - [main] - SqmFunctionRegistry: Registered SqmFunctionTemplate [NamedSqmFunctionTemplate(utc_timestamp)] under utc_timestamp; prior registration was null
[DEBUG] - [main] - SqmFunctionRegistry: Registered SqmFunctionTemplate [NamedSqmFunctionTemplate(rand)] under rand; prior registration was null
[DEBUG] - [main] - SqmFunctionRegistry: Registered SqmFunctionTemplate [NamedSqmFunctionTemplate(crc32)] under crc32; prior registration was null
[DEBUG] - [main] - SqmFunctionRegistry: Registered SqmFunctionTemplate [NamedSqmFunctionTemplate(sha1)] under sha1; prior registration was null
[DEBUG] - [main] - SqmFunctionRegistry: Registered SqmFunctionTemplate [NamedSqmFunctionTemplate(sha2)] under sha2; prior registration was null
[DEBUG] - [main] - SqmFunctionRegistry: Registered SqmFunctionTemplate [NamedSqmFunctionTemplate(sha)] under sha; prior registration was null
[DEBUG] - [main] - SqmFunctionRegistry: Registered SqmFunctionTemplate [NamedSqmFunctionTemplate(bit_length)] under bit_length; prior registration was null
[DEBUG] - [main] - SqmFunctionRegistry: Registered SqmFunctionTemplate [NamedSqmFunctionTemplate(octet_length)] under octet_length; prior registration was NamedSqmFunctionTemplate(octet_length)
[DEBUG] - [main] - SqmFunctionRegistry: Registered SqmFunctionTemplate [NamedSqmFunctionTemplate(ascii)] under ascii; prior registration was null
[DEBUG] - [main] - SqmFunctionRegistry: Registered SqmFunctionTemplate [NamedSqmFunctionTemplate(char)] under char; prior registration was null
[DEBUG] - [main] - SqmFunctionRegistry: Registering alternate key : chr -> char
[DEBUG] - [main] - SqmFunctionRegistry: Registered SqmFunctionTemplate [NamedSqmFunctionTemplate(instr)] under instr; prior registration was null
[DEBUG] - [main] - SqmFunctionRegistry: Registered SqmFunctionTemplate [NamedSqmFunctionTemplate(substr)] under substr; prior registration was null
[DEBUG] - [main] - SqmFunctionRegistry: Registered SqmFunctionTemplate [org.hibernate.query.sqm.function.PatternBasedSqmFunctionDescriptor@627d35ff] under position; prior registration was org.hibernate.dialect.function.LocatePositionEmulation@451af781
[DEBUG] - [main] - SqmFunctionRegistry: Registered SqmFunctionTemplate [NamedSqmFunctionTemplate(curtime)] under curtime; prior registration was null
[DEBUG] - [main] - SqmFunctionRegistry: Registered SqmFunctionTemplate [NamedSqmFunctionTemplate(curdate)] under curdate; prior registration was null
[DEBUG] - [main] - SqmFunctionRegistry: Registered SqmFunctionTemplate [NamedSqmFunctionTemplate(now)] under now; prior registration was null
[DEBUG] - [main] - SqmFunctionRegistry: Registered SqmFunctionTemplate [NamedSqmFunctionTemplate(truncate)] under truncate; prior registration was null
[DEBUG] - [main] - SqmFunctionRegistry: Registered SqmFunctionTemplate [NamedSqmFunctionTemplate(insert)] under insert; prior registration was null
[DEBUG] - [main] - SqmFunctionRegistry: Registered SqmFunctionTemplate [org.hibernate.query.sqm.function.PatternBasedSqmFunctionDescriptor@7157413e] under bitand; prior registration was null
[DEBUG] - [main] - SqmFunctionRegistry: Registered SqmFunctionTemplate [org.hibernate.query.sqm.function.PatternBasedSqmFunctionDescriptor@3245efdb] under bitor; prior registration was null
[DEBUG] - [main] - SqmFunctionRegistry: Registered SqmFunctionTemplate [org.hibernate.query.sqm.function.PatternBasedSqmFunctionDescriptor@2f0e7fa8] under bitxor; prior registration was null
[DEBUG] - [main] - SqmFunctionRegistry: Registered SqmFunctionTemplate [org.hibernate.query.sqm.function.PatternBasedSqmFunctionDescriptor@24d7657b] under bitnot; prior registration was null
[DEBUG] - [main] - SqmFunctionRegistry: Registered SqmFunctionTemplate [NamedSqmFunctionTemplate(bit_and)] under bit_and; prior registration was null
[DEBUG] - [main] - SqmFunctionRegistry: Registered SqmFunctionTemplate [NamedSqmFunctionTemplate(bit_or)] under bit_or; prior registration was null
[DEBUG] - [main] - SqmFunctionRegistry: Registered SqmFunctionTemplate [NamedSqmFunctionTemplate(stddev)] under stddev; prior registration was null
[DEBUG] - [main] - SqmFunctionRegistry: Registered SqmFunctionTemplate [NamedSqmFunctionTemplate(stddev_pop)] under stddev_pop; prior registration was null
[DEBUG] - [main] - SqmFunctionRegistry: Registered SqmFunctionTemplate [NamedSqmFunctionTemplate(stddev_samp)] under stddev_samp; prior registration was null
[DEBUG] - [main] - SqmFunctionRegistry: Registered SqmFunctionTemplate [NamedSqmFunctionTemplate(variance)] under variance; prior registration was null
[DEBUG] - [main] - SqmFunctionRegistry: Registered SqmFunctionTemplate [NamedSqmFunctionTemplate(var_pop)] under var_pop; prior registration was null
[DEBUG] - [main] - SqmFunctionRegistry: Registered SqmFunctionTemplate [NamedSqmFunctionTemplate(var_samp)] under var_samp; prior registration was null
[DEBUG] - [main] - SqmFunctionRegistry: Registered SqmFunctionTemplate [NamedSqmFunctionTemplate(datediff)] under datediff; prior registration was null
[DEBUG] - [main] - SqmFunctionRegistry: Registered SqmFunctionTemplate [NamedSqmFunctionTemplate(adddate)] under adddate; prior registration was null
[DEBUG] - [main] - SqmFunctionRegistry: Registered SqmFunctionTemplate [NamedSqmFunctionTemplate(subdate)] under subdate; prior registration was null
[DEBUG] - [main] - SqmFunctionRegistry: Registered SqmFunctionTemplate [NamedSqmFunctionTemplate(addtime)] under addtime; prior registration was null
[DEBUG] - [main] - SqmFunctionRegistry: Registered SqmFunctionTemplate [NamedSqmFunctionTemplate(subtime)] under subtime; prior registration was null
[DEBUG] - [main] - SqmFunctionRegistry: Registered SqmFunctionTemplate [org.hibernate.dialect.function.FormatFunction@6f428e6e] under format; prior registration was org.hibernate.dialect.function.FormatFunction@1ea96ff2
[DEBUG] - [main] - SqmFunctionRegistry: Registered SqmFunctionTemplate [NamedSqmFunctionTemplate(makedate)] under makedate; prior registration was null
[DEBUG] - [main] - SqmFunctionRegistry: Registered SqmFunctionTemplate [NamedSqmFunctionTemplate(maketime)] under maketime; prior registration was null
[DEBUG] - [main] - SqmFunctionRegistry: Registered SqmFunctionTemplate [NamedSqmFunctionTemplate(localtime)] under localtime; prior registration was null
[DEBUG] - [main] - SqmFunctionRegistry: Registered SqmFunctionTemplate [NamedSqmFunctionTemplate(localtimestamp)] under localtimestamp; prior registration was null
[DEBUG] - [main] - SqmFunctionRegistry: Registered SqmFunctionTemplate [NamedSqmFunctionTemplate(localtime)] under local_time; prior registration was org.hibernate.dialect.function.CurrentFunction@762cdf46
[DEBUG] - [main] - SqmFunctionRegistry: Registered SqmFunctionTemplate [NamedSqmFunctionTemplate(localtimestamp)] under local_datetime; prior registration was org.hibernate.dialect.function.CurrentFunction@54e94de9
[DEBUG] - [main] - SqmFunctionRegistry: Registered SqmFunctionTemplate [NamedSqmFunctionTemplate(localtime)] under localtime; prior registration was NamedSqmFunctionTemplate(localtime)
[DEBUG] - [main] - SqmFunctionRegistry: Registered SqmFunctionTemplate [NamedSqmFunctionTemplate(sysdate)] under sysdate; prior registration was null
[DEBUG] - [main] - SqmFunctionRegistry: Registered SqmFunctionTemplate [org.hibernate.dialect.function.ListaggGroupConcatEmulation@4ae2c01b] under listagg; prior registration was null
[DEBUG] - [main] - HQL_FUNCTIONS: abs(NUMERIC arg)
[DEBUG] - [main] - HQL_FUNCTIONS: Double acos(NUMERIC arg)
[DEBUG] - [main] - HQL_FUNCTIONS: adddate(DATE datetime, INTEGER days)
[DEBUG] - [main] - HQL_FUNCTIONS: addtime(TIME datetime, TIME time)
[DEBUG] - [main] - HQL_FUNCTIONS: Boolean any(BOOLEAN arg)
[DEBUG] - [main] - HQL_FUNCTIONS: Integer ascii(STRING arg)
[DEBUG] - [main] - HQL_FUNCTIONS: Double asin(NUMERIC arg)
[DEBUG] - [main] - HQL_FUNCTIONS: Double atan(NUMERIC arg)
[DEBUG] - [main] - HQL_FUNCTIONS: Double atan2(NUMERIC arg0, NUMERIC arg1)
[DEBUG] - [main] - HQL_FUNCTIONS: Double avg(NUMERIC arg)
[DEBUG] - [main] - HQL_FUNCTIONS: bit_and(arg)
[DEBUG] - [main] - HQL_FUNCTIONS: Integer bit_length(STRING_OR_CLOB arg)
[DEBUG] - [main] - HQL_FUNCTIONS: bit_or(arg)
[DEBUG] - [main] - HQL_FUNCTIONS: bitand(arg0, arg1)
[DEBUG] - [main] - HQL_FUNCTIONS: bitnot(arg)
[DEBUG] - [main] - HQL_FUNCTIONS: bitor(arg0, arg1)
[DEBUG] - [main] - HQL_FUNCTIONS: bitxor(arg0, arg1)
[DEBUG] - [main] - HQL_FUNCTIONS: cast(arg as Type)
[DEBUG] - [main] - HQL_FUNCTIONS: ceiling(NUMERIC arg)
[DEBUG] - [main] - HQL_FUNCTIONS: Character char(INTEGER arg)
[DEBUG] - [main] - HQL_FUNCTIONS: Integer character_length(STRING_OR_CLOB arg)
[DEBUG] - [main] - HQL_FUNCTIONS: coalesce(arg0[, arg1[, ...]])
[DEBUG] - [main] - HQL_FUNCTIONS: String collate(STRING string as COLLATION collation)
[DEBUG] - [main] - HQL_FUNCTIONS: String concat(STRING string0[, STRING string1[, ...]])
[DEBUG] - [main] - HQL_FUNCTIONS: Double cos(NUMERIC arg)
[DEBUG] - [main] - HQL_FUNCTIONS: Double cot(NUMERIC arg)
[DEBUG] - [main] - HQL_FUNCTIONS: Long count([distinct ]{arg|*})
[DEBUG] - [main] - HQL_FUNCTIONS: Integer crc32(arg)
[DEBUG] - [main] - HQL_FUNCTIONS: Date curdate()
[DEBUG] - [main] - HQL_FUNCTIONS: Date current_date
[DEBUG] - [main] - HQL_FUNCTIONS: Time current_time
[DEBUG] - [main] - HQL_FUNCTIONS: Timestamp current_timestamp
[DEBUG] - [main] - HQL_FUNCTIONS: Time curtime()
[DEBUG] - [main] - HQL_FUNCTIONS: Date date(arg)
[DEBUG] - [main] - HQL_FUNCTIONS: Integer datediff(DATE end, DATE start)
[DEBUG] - [main] - HQL_FUNCTIONS: Integer day(DATE arg)
[DEBUG] - [main] - HQL_FUNCTIONS: String dayname(DATE arg)
[DEBUG] - [main] - HQL_FUNCTIONS: Integer dayofmonth(DATE arg)
[DEBUG] - [main] - HQL_FUNCTIONS: Integer dayofweek(DATE arg)
[DEBUG] - [main] - HQL_FUNCTIONS: Integer dayofyear(DATE arg)
[DEBUG] - [main] - HQL_FUNCTIONS: Double degrees(NUMERIC arg)
[DEBUG] - [main] - HQL_FUNCTIONS: Boolean every(BOOLEAN arg)
[DEBUG] - [main] - HQL_FUNCTIONS: Double exp(NUMERIC arg)
[DEBUG] - [main] - HQL_FUNCTIONS: extract(TEMPORAL_UNIT field from TEMPORAL arg)
[DEBUG] - [main] - HQL_FUNCTIONS: floor(NUMERIC arg)
[DEBUG] - [main] - HQL_FUNCTIONS: String format(TEMPORAL datetime as STRING pattern)
[DEBUG] - [main] - HQL_FUNCTIONS: greatest(COMPARABLE arg0, COMPARABLE arg1[, arg2[, ...]])
[DEBUG] - [main] - HQL_FUNCTIONS: Integer hour(TIME arg)
[DEBUG] - [main] - HQL_FUNCTIONS: ifnull(arg0, arg1)
[DEBUG] - [main] - HQL_FUNCTIONS: String insert(STRING string, INTEGER start, INTEGER length, STRING replacement)
[DEBUG] - [main] - HQL_FUNCTIONS: Instant instant
[DEBUG] - [main] - HQL_FUNCTIONS: Integer instr(STRING string, STRING pattern[, INTEGER start[, INTEGER occurrence]])
[DEBUG] - [main] - HQL_FUNCTIONS: Date last_day(DATE arg)
[DEBUG] - [main] - HQL_FUNCTIONS: least(COMPARABLE arg0, COMPARABLE arg1[, arg2[, ...]])
[DEBUG] - [main] - HQL_FUNCTIONS: String left(STRING string, INTEGER length)
[DEBUG] - [main] - HQL_FUNCTIONS: String listagg(STRING arg0, STRING arg1)
[DEBUG] - [main] - HQL_FUNCTIONS: Double ln(NUMERIC arg)
[DEBUG] - [main] - HQL_FUNCTIONS: LocalDate local_date
[DEBUG] - [main] - HQL_FUNCTIONS: LocalDateTime local_datetime
[DEBUG] - [main] - HQL_FUNCTIONS: LocalTime local_time
[DEBUG] - [main] - HQL_FUNCTIONS: Timestamp localtime
[DEBUG] - [main] - HQL_FUNCTIONS: Timestamp localtimestamp
[DEBUG] - [main] - HQL_FUNCTIONS: Integer locate(STRING pattern, STRING string[, INTEGER start])
[DEBUG] - [main] - HQL_FUNCTIONS: Double log(NUMERIC arg0[, NUMERIC arg1])
[DEBUG] - [main] - HQL_FUNCTIONS: Double log10(NUMERIC arg)
[DEBUG] - [main] - HQL_FUNCTIONS: Double log2(NUMERIC arg)
[DEBUG] - [main] - HQL_FUNCTIONS: String lower(STRING string)
[DEBUG] - [main] - HQL_FUNCTIONS: String lpad(string, length[, padding])
[DEBUG] - [main] - HQL_FUNCTIONS: String ltrim(STRING string[, STRING characters])
[DEBUG] - [main] - HQL_FUNCTIONS: Date makedate(INTEGER year, INTEGER dayofyear)
[DEBUG] - [main] - HQL_FUNCTIONS: Time maketime(INTEGER hour, INTEGER min, INTEGER sec)
[DEBUG] - [main] - HQL_FUNCTIONS: max(COMPARABLE arg)
[DEBUG] - [main] - HQL_FUNCTIONS: String md5(arg)
[DEBUG] - [main] - HQL_FUNCTIONS: Integer microsecond(TIME arg)
[DEBUG] - [main] - HQL_FUNCTIONS: min(COMPARABLE arg)
[DEBUG] - [main] - HQL_FUNCTIONS: Integer minute(TIME arg)
[DEBUG] - [main] - HQL_FUNCTIONS: Integer mod(INTEGER arg0, INTEGER arg1)
[DEBUG] - [main] - HQL_FUNCTIONS: Integer month(DATE arg)
[DEBUG] - [main] - HQL_FUNCTIONS: String monthname(DATE arg)
[DEBUG] - [main] - HQL_FUNCTIONS: Timestamp now()
[DEBUG] - [main] - HQL_FUNCTIONS: nullif(arg0, arg1)
[DEBUG] - [main] - HQL_FUNCTIONS: Integer octet_length(STRING_OR_CLOB arg)
[DEBUG] - [main] - HQL_FUNCTIONS: OffsetDateTime offset_datetime
[DEBUG] - [main] - HQL_FUNCTIONS: String overlay(STRING string placing STRING replacement from INTEGER start[ for INTEGER length])
[DEBUG] - [main] - HQL_FUNCTIONS: String pad(STRING string with INTEGER length {leading|trailing}[ STRING character])
[DEBUG] - [main] - HQL_FUNCTIONS: Double pi()
[DEBUG] - [main] - HQL_FUNCTIONS: Integer position(STRING pattern in STRING string)
[DEBUG] - [main] - HQL_FUNCTIONS: Double power(NUMERIC arg0, NUMERIC arg1)
[DEBUG] - [main] - HQL_FUNCTIONS: Integer quarter(DATE arg)
[DEBUG] - [main] - HQL_FUNCTIONS: Double radians(NUMERIC arg)
[DEBUG] - [main] - HQL_FUNCTIONS: Double rand([INTEGER seed])
[DEBUG] - [main] - HQL_FUNCTIONS: String repeat(STRING string, INTEGER times)
[DEBUG] - [main] - HQL_FUNCTIONS: String replace(STRING string, STRING pattern, STRING replacement)
[DEBUG] - [main] - HQL_FUNCTIONS: String reverse(STRING arg)
[DEBUG] - [main] - HQL_FUNCTIONS: String right(STRING string, INTEGER length)
[DEBUG] - [main] - HQL_FUNCTIONS: round(NUMERIC arg0, INTEGER arg1)
[DEBUG] - [main] - HQL_FUNCTIONS: String rpad(string, length[, padding])
[DEBUG] - [main] - HQL_FUNCTIONS: String rtrim(STRING string[, STRING characters])
[DEBUG] - [main] - HQL_FUNCTIONS: Integer second(TIME arg)
[DEBUG] - [main] - HQL_FUNCTIONS: String sha(arg)
[DEBUG] - [main] - HQL_FUNCTIONS: String sha1(arg)
[DEBUG] - [main] - HQL_FUNCTIONS: String sha2(arg0, arg1)
[DEBUG] - [main] - HQL_FUNCTIONS: Integer sign(NUMERIC arg)
[DEBUG] - [main] - HQL_FUNCTIONS: Double sin(NUMERIC arg)
[DEBUG] - [main] - HQL_FUNCTIONS: String soundex(arg)
[DEBUG] - [main] - HQL_FUNCTIONS: String space(INTEGER arg)
[DEBUG] - [main] - HQL_FUNCTIONS: Object sql
[DEBUG] - [main] - HQL_FUNCTIONS: Double sqrt(NUMERIC arg)
[DEBUG] - [main] - HQL_FUNCTIONS: Double stddev(NUMERIC arg)
[DEBUG] - [main] - HQL_FUNCTIONS: Double stddev_pop(NUMERIC arg)
[DEBUG] - [main] - HQL_FUNCTIONS: Double stddev_samp(NUMERIC arg)
[DEBUG] - [main] - HQL_FUNCTIONS: String str(arg)
[DEBUG] - [main] - HQL_FUNCTIONS: subdate(DATE datetime, INTEGER days)
[DEBUG] - [main] - HQL_FUNCTIONS: String substr(STRING string, INTEGER start[, INTEGER length])
[DEBUG] - [main] - HQL_FUNCTIONS: String substring(STRING string{ from|,} INTEGER start[{ for|,} INTEGER length])
[DEBUG] - [main] - HQL_FUNCTIONS: subtime(TIME datetime, TIME time)
[DEBUG] - [main] - HQL_FUNCTIONS: sum(arg)
[DEBUG] - [main] - HQL_FUNCTIONS: Timestamp sysdate()
[DEBUG] - [main] - HQL_FUNCTIONS: Double tan(NUMERIC arg)
[DEBUG] - [main] - HQL_FUNCTIONS: String time(arg)
[DEBUG] - [main] - HQL_FUNCTIONS: Timestamp timestamp(arg0[, arg1])
[DEBUG] - [main] - HQL_FUNCTIONS: timestampadd(TEMPORAL_UNIT field, INTEGER magnitude, TEMPORAL datetime)
[DEBUG] - [main] - HQL_FUNCTIONS: basicType@5(java.lang.Long,-5)|basicType@15(java.lang.Double,6) timestampdiff(TEMPORAL_UNIT field, TEMPORAL start, TEMPORAL end)
[DEBUG] - [main] - HQL_FUNCTIONS: String trim([[{leading|trailing|both} ][STRING arg0 ]from] STRING arg1)
[DEBUG] - [main] - HQL_FUNCTIONS: Double truncate(NUMERIC number, INTEGER places)
[DEBUG] - [main] - HQL_FUNCTIONS: String upper(STRING string)
[DEBUG] - [main] - HQL_FUNCTIONS: Date utc_date
[DEBUG] - [main] - HQL_FUNCTIONS: Time utc_time
[DEBUG] - [main] - HQL_FUNCTIONS: Timestamp utc_timestamp
[DEBUG] - [main] - HQL_FUNCTIONS: Double var_pop(NUMERIC arg)
[DEBUG] - [main] - HQL_FUNCTIONS: Double var_samp(NUMERIC arg)
[DEBUG] - [main] - HQL_FUNCTIONS: Double variance(NUMERIC arg)
[DEBUG] - [main] - HQL_FUNCTIONS: Integer week(DATE arg)
[DEBUG] - [main] - HQL_FUNCTIONS: Integer year(DATE arg)
[DEBUG] - [main] - HQL_FUNCTIONS: Character chr(INTEGER arg)
[DEBUG] - [main] - HQL_FUNCTIONS: Date current date
[DEBUG] - [main] - HQL_FUNCTIONS: Time current time
[DEBUG] - [main] - HQL_FUNCTIONS: Timestamp current timestamp
[DEBUG] - [main] - HQL_FUNCTIONS: Instant current_instant
[DEBUG] - [main] - HQL_FUNCTIONS: dateadd(TEMPORAL_UNIT field, INTEGER magnitude, TEMPORAL datetime)
[DEBUG] - [main] - HQL_FUNCTIONS: Integer day(DATE arg)
[DEBUG] - [main] - HQL_FUNCTIONS: Integer length(STRING_OR_CLOB arg)
[DEBUG] - [main] - HQL_FUNCTIONS: LocalDate local date
[DEBUG] - [main] - HQL_FUNCTIONS: LocalDateTime local datetime
[DEBUG] - [main] - HQL_FUNCTIONS: LocalTime local time
[DEBUG] - [main] - HQL_FUNCTIONS: OffsetDateTime offset datetime
[DEBUG] - [main] - TypeConfiguration$Scope: Scoping TypeConfiguration [org.hibernate.type.spi.TypeConfiguration@3982206a] to SessionFactoryImplementor [org.hibernate.internal.SessionFactoryImpl@6a0e97fc]
[DEBUG] - [main] - ClassLoaderAccessImpl: Not known whether passed class name [com.Nttadta.nttdatacentersspringt1SLA.repository.Floor] is safe
[DEBUG] - [main] - ClassLoaderAccessImpl: No temp ClassLoader provided; using live ClassLoader for loading potentially unsafe class : com.Nttadta.nttdatacentersspringt1SLA.repository.Floor
[DEBUG] - [main] - interceptor: To-one property `com.Nttadta.nttdatacentersspringt1SLA.repository.Person#flat` was mapped with LAZY + NO_PROXY but the class was not enhanced
[DEBUG] - [main] - interceptor: To-one property `com.Nttadta.nttdatacentersspringt1SLA.repository.Person#flat` was mapped with LAZY + NO_PROXY but the class was not enhanced
[DEBUG] - [main] - ClassLoaderAccessImpl: Not known whether passed class name [com.Nttadta.nttdatacentersspringt1SLA.repository.Person] is safe
[DEBUG] - [main] - ClassLoaderAccessImpl: No temp ClassLoader provided; using live ClassLoader for loading potentially unsafe class : com.Nttadta.nttdatacentersspringt1SLA.repository.Person
[DEBUG] - [main] - interceptor: To-one property `com.Nttadta.nttdatacentersspringt1SLA.repository.Person#flat` was mapped with LAZY + NO_PROXY but the class was not enhanced
[DEBUG] - [main] - interceptor: To-one property `com.Nttadta.nttdatacentersspringt1SLA.repository.Flat#floor` was mapped with LAZY + NO_PROXY but the class was not enhanced
[DEBUG] - [main] - interceptor: To-one property `com.Nttadta.nttdatacentersspringt1SLA.repository.Flat#floor` was mapped with LAZY + NO_PROXY but the class was not enhanced
[DEBUG] - [main] - ClassLoaderAccessImpl: Not known whether passed class name [com.Nttadta.nttdatacentersspringt1SLA.repository.Flat] is safe
[DEBUG] - [main] - ClassLoaderAccessImpl: No temp ClassLoader provided; using live ClassLoader for loading potentially unsafe class : com.Nttadta.nttdatacentersspringt1SLA.repository.Flat
[DEBUG] - [main] - interceptor: To-one property `com.Nttadta.nttdatacentersspringt1SLA.repository.Flat#floor` was mapped with LAZY + NO_PROXY but the class was not enhanced
[DEBUG] - [main] - AbstractCollectionPersister: Static SQL for collection: com.Nttadta.nttdatacentersspringt1SLA.repository.Floor.flat
[DEBUG] - [main] - AbstractCollectionPersister:  Row insert: update flat set `floor-number`=? where flat_number=?
[DEBUG] - [main] - AbstractCollectionPersister:  Row update: update flat set  where flat_number=?
[DEBUG] - [main] - AbstractCollectionPersister:  Row delete: update flat set `floor-number`=null where `floor-number`=? and flat_number=?
[DEBUG] - [main] - AbstractCollectionPersister:  One-shot delete: update flat set `floor-number`=null where `floor-number`=?
[DEBUG] - [main] - AbstractCollectionPersister: Static SQL for collection: com.Nttadta.nttdatacentersspringt1SLA.repository.Flat.habitants
[DEBUG] - [main] - AbstractCollectionPersister:  Row insert: update person set `flat-number`=? where id=?
[DEBUG] - [main] - AbstractCollectionPersister:  Row update: update person set  where id=?
[DEBUG] - [main] - AbstractCollectionPersister:  Row delete: update person set `flat-number`=null where `flat-number`=? and id=?
[DEBUG] - [main] - AbstractCollectionPersister:  One-shot delete: update person set `flat-number`=null where `flat-number`=?
[DEBUG] - [main] - creation: Starting post-init callbacks
[DEBUG] - [main] - creation: Starting PostInitCallbackEntry : PluralAttributeMapping( NavigableRole[com.Nttadta.nttdatacentersspringt1SLA.repository.Floor.flat#{element}]) - index descriptor
[DEBUG] - [main] - creation: Mapping-model creation encountered (possibly) transient error : java.lang.IllegalStateException: Not yet ready: ToOneAttributeMapping(NavigableRole[com.Nttadta.nttdatacentersspringt1SLA.repository.Flat.floor])@602552403
[DEBUG] - [main] - creation: Starting PostInitCallbackEntry : PluralAttributeMapping(com.Nttadta.nttdatacentersspringt1SLA.repository.Floor.flat)#finishInitialization
[DEBUG] - [main] - creation: Starting PostInitCallbackEntry : PluralAttributeMapping(com.Nttadta.nttdatacentersspringt1SLA.repository.Floor.flat) - key descriptor
[DEBUG] - [main] - creation: Starting PostInitCallbackEntry : Entity(com.Nttadta.nttdatacentersspringt1SLA.repository.Floor) `staticFetchableList` generator
[DEBUG] - [main] - creation: Starting PostInitCallbackEntry : Entity(com.Nttadta.nttdatacentersspringt1SLA.repository.Floor) `sqmMultiTableInsertStrategy` interpretation
[DEBUG] - [main] - creation: Starting PostInitCallbackEntry : To-one key - NavigableRole[com.Nttadta.nttdatacentersspringt1SLA.repository.Person.flat]
[DEBUG] - [main] - creation: Starting PostInitCallbackEntry : Entity(com.Nttadta.nttdatacentersspringt1SLA.repository.Person) `staticFetchableList` generator
[DEBUG] - [main] - creation: Starting PostInitCallbackEntry : Entity(com.Nttadta.nttdatacentersspringt1SLA.repository.Person) `sqmMultiTableInsertStrategy` interpretation
[DEBUG] - [main] - creation: Starting PostInitCallbackEntry : To-one key - NavigableRole[com.Nttadta.nttdatacentersspringt1SLA.repository.Flat.floor]
[DEBUG] - [main] - creation: Starting PostInitCallbackEntry : PluralAttributeMapping( NavigableRole[com.Nttadta.nttdatacentersspringt1SLA.repository.Flat.habitants#{element}]) - index descriptor
[DEBUG] - [main] - creation: Starting PostInitCallbackEntry : PluralAttributeMapping(com.Nttadta.nttdatacentersspringt1SLA.repository.Flat.habitants)#finishInitialization
[DEBUG] - [main] - creation: Starting PostInitCallbackEntry : PluralAttributeMapping(com.Nttadta.nttdatacentersspringt1SLA.repository.Flat.habitants) - key descriptor
[DEBUG] - [main] - creation: Starting PostInitCallbackEntry : Entity(com.Nttadta.nttdatacentersspringt1SLA.repository.Flat) `staticFetchableList` generator
[DEBUG] - [main] - creation: Starting PostInitCallbackEntry : Entity(com.Nttadta.nttdatacentersspringt1SLA.repository.Flat) `sqmMultiTableInsertStrategy` interpretation
[DEBUG] - [main] - creation: Starting PostInitCallbackEntry : PluralAttributeMapping( NavigableRole[com.Nttadta.nttdatacentersspringt1SLA.repository.Floor.flat#{element}]) - index descriptor
[DEBUG] - [main] - AbstractEntityPersister: Static SQL for entity: com.Nttadta.nttdatacentersspringt1SLA.repository.Floor
[DEBUG] - [main] - AbstractEntityPersister:  Version select: select floor_number from floor where floor_number =?
[DEBUG] - [main] - AbstractEntityPersister:  Insert 0: insert into floor (buzon, floor_number) values (?, ?)
[DEBUG] - [main] - AbstractEntityPersister:  Update 0: update floor set buzon=? where floor_number=?
[DEBUG] - [main] - AbstractEntityPersister:  Delete 0: delete from floor where floor_number=?
[DEBUG] - [main] - create: Created new SQL alias : f1_0
[DEBUG] - [main] - create: Registration of TableGroup [StandardTableGroup(com.Nttadta.nttdatacentersspringt1SLA.repository.Floor)] with identifierForTableGroup [com.Nttadta.nttdatacentersspringt1SLA.repository.Floor] for NavigablePath [com.Nttadta.nttdatacentersspringt1SLA.repository.Floor] 
[DEBUG] - [main] - AST: DomainResult Graph:
 \-EntityResultImpl [com.Nttadta.nttdatacentersspringt1SLA.repository.Floor]
 |  +-BasicFetch [com.Nttadta.nttdatacentersspringt1SLA.repository.Floor.buzon]
 |  \-DelayedCollectionFetch [com.Nttadta.nttdatacentersspringt1SLA.repository.Floor.flat]

[DEBUG] - [main] - tree: SQL AST Tree:
    SelectStatement {
      FromClause {
        StandardTableGroup (f1 : com.Nttadta.nttdatacentersspringt1SLA.repository.Floor) {
          primaryTableReference : floor as f1_0
        }
      }
    }

[DEBUG] - [main] - AbstractEntityPersister: Static SQL for entity: com.Nttadta.nttdatacentersspringt1SLA.repository.Person
[DEBUG] - [main] - AbstractEntityPersister:  Version select: select id from person where id =?
[DEBUG] - [main] - AbstractEntityPersister:  Insert 0: insert into person (dni, `flat-number`, name, surname, id) values (?, ?, ?, ?, ?)
[DEBUG] - [main] - AbstractEntityPersister:  Update 0: update person set dni=?, `flat-number`=?, name=?, surname=? where id=?
[DEBUG] - [main] - AbstractEntityPersister:  Delete 0: delete from person where id=?
[DEBUG] - [main] - create: Created new SQL alias : p1_0
[DEBUG] - [main] - create: Registration of TableGroup [StandardTableGroup(com.Nttadta.nttdatacentersspringt1SLA.repository.Person)] with identifierForTableGroup [com.Nttadta.nttdatacentersspringt1SLA.repository.Person] for NavigablePath [com.Nttadta.nttdatacentersspringt1SLA.repository.Person] 
[DEBUG] - [main] - create: Registration of TableGroup [org.hibernate.sql.ast.tree.from.LazyTableGroup@3e5b2630] with identifierForTableGroup [com.Nttadta.nttdatacentersspringt1SLA.repository.Person.flat] for NavigablePath [com.Nttadta.nttdatacentersspringt1SLA.repository.Person.flat] 
[DEBUG] - [main] - create: Created new SQL alias : f1_0
[DEBUG] - [main] - create: Registration of TableGroup [org.hibernate.sql.ast.tree.from.LazyTableGroup@68b3979d] with identifierForTableGroup [com.Nttadta.nttdatacentersspringt1SLA.repository.Person.flat.floor] for NavigablePath [com.Nttadta.nttdatacentersspringt1SLA.repository.Person.flat.floor] 
[DEBUG] - [main] - create: Created new SQL alias : f2_0
[DEBUG] - [main] - AST: DomainResult Graph:
 \-EntityResultImpl [com.Nttadta.nttdatacentersspringt1SLA.repository.Person]
 |  +-BasicFetch [com.Nttadta.nttdatacentersspringt1SLA.repository.Person.dni]
 |  +-EntityFetchJoinedImpl [com.Nttadta.nttdatacentersspringt1SLA.repository.Person.flat]
 |  +-BasicFetch [com.Nttadta.nttdatacentersspringt1SLA.repository.Person.name]
 |  \-BasicFetch [com.Nttadta.nttdatacentersspringt1SLA.repository.Person.surname]

[DEBUG] - [main] - tree: SQL AST Tree:
    SelectStatement {
      FromClause {
        StandardTableGroup (p1 : com.Nttadta.nttdatacentersspringt1SLA.repository.Person) {
          primaryTableReference : person as p1_0
          TableGroupJoins {
            left  join LazyTableGroup (f1 : com.Nttadta.nttdatacentersspringt1SLA.repository.Person.flat) {
              primaryTableReference : flat as f1_0
              TableGroupJoins {
                left  join LazyTableGroup (f2 : com.Nttadta.nttdatacentersspringt1SLA.repository.Person.flat.floor) {
                  primaryTableReference : floor as f2_0
                }
              }
            }
          }
        }
      }
    }

[DEBUG] - [main] - AbstractEntityPersister: Static SQL for entity: com.Nttadta.nttdatacentersspringt1SLA.repository.Flat
[DEBUG] - [main] - AbstractEntityPersister:  Version select: select flat_number from flat where flat_number =?
[DEBUG] - [main] - AbstractEntityPersister:  Insert 0: insert into flat (`floor-number`, flat_number) values (?, ?)
[DEBUG] - [main] - AbstractEntityPersister:  Update 0: update flat set `floor-number`=? where flat_number=?
[DEBUG] - [main] - AbstractEntityPersister:  Delete 0: delete from flat where flat_number=?
[DEBUG] - [main] - create: Created new SQL alias : f1_0
[DEBUG] - [main] - create: Registration of TableGroup [StandardTableGroup(com.Nttadta.nttdatacentersspringt1SLA.repository.Flat)] with identifierForTableGroup [com.Nttadta.nttdatacentersspringt1SLA.repository.Flat] for NavigablePath [com.Nttadta.nttdatacentersspringt1SLA.repository.Flat] 
[DEBUG] - [main] - create: Registration of TableGroup [org.hibernate.sql.ast.tree.from.LazyTableGroup@1f0f92f5] with identifierForTableGroup [com.Nttadta.nttdatacentersspringt1SLA.repository.Flat.floor] for NavigablePath [com.Nttadta.nttdatacentersspringt1SLA.repository.Flat.floor] 
[DEBUG] - [main] - create: Created new SQL alias : f2_0
[DEBUG] - [main] - AST: DomainResult Graph:
 \-EntityResultImpl [com.Nttadta.nttdatacentersspringt1SLA.repository.Flat]
 |  +-EntityFetchJoinedImpl [com.Nttadta.nttdatacentersspringt1SLA.repository.Flat.floor]
 |  \-DelayedCollectionFetch [com.Nttadta.nttdatacentersspringt1SLA.repository.Flat.habitants]

[DEBUG] - [main] - tree: SQL AST Tree:
    SelectStatement {
      FromClause {
        StandardTableGroup (f1 : com.Nttadta.nttdatacentersspringt1SLA.repository.Flat) {
          primaryTableReference : flat as f1_0
          TableGroupJoins {
            left  join LazyTableGroup (f2 : com.Nttadta.nttdatacentersspringt1SLA.repository.Flat.floor) {
              primaryTableReference : floor as f2_0
            }
          }
        }
      }
    }

[DEBUG] - [main] - create: Created new SQL alias : f1_0
[DEBUG] - [main] - create: Registration of TableGroup [org.hibernate.sql.ast.tree.from.OneToManyTableGroup@2a19c36b] with identifierForTableGroup [com.Nttadta.nttdatacentersspringt1SLA.repository.Floor.flat] for NavigablePath [com.Nttadta.nttdatacentersspringt1SLA.repository.Floor.flat] 
[DEBUG] - [main] - create: Registration of TableGroup [StandardTableGroup(com.Nttadta.nttdatacentersspringt1SLA.repository.Floor.flat.{element})] with identifierForTableGroup [com.Nttadta.nttdatacentersspringt1SLA.repository.Floor.flat.{element}] for NavigablePath [com.Nttadta.nttdatacentersspringt1SLA.repository.Floor.flat.{element}] 
[DEBUG] - [main] - create: Created new SQL alias : h1_0
[DEBUG] - [main] - create: Registration of TableGroup [org.hibernate.sql.ast.tree.from.OneToManyTableGroup@7e514482] with identifierForTableGroup [com.Nttadta.nttdatacentersspringt1SLA.repository.Flat.habitants] for NavigablePath [com.Nttadta.nttdatacentersspringt1SLA.repository.Flat.habitants] 
[DEBUG] - [main] - create: Registration of TableGroup [StandardTableGroup(com.Nttadta.nttdatacentersspringt1SLA.repository.Flat.habitants.{element})] with identifierForTableGroup [com.Nttadta.nttdatacentersspringt1SLA.repository.Flat.habitants.{element}] for NavigablePath [com.Nttadta.nttdatacentersspringt1SLA.repository.Flat.habitants.{element}] 
[DEBUG] - [main] - NamedObjectRepository: Checking 0 named HQL queries
[DEBUG] - [main] - NamedObjectRepository: Checking 0 named SQL queries
[DEBUG] - [main] - Table: No alter strings for table : flat
[DEBUG] - [main] - Table: No alter strings for table : flat_seq
[DEBUG] - [main] - Table: No alter strings for table : floor
[DEBUG] - [main] - Table: No alter strings for table : floor_seq
[DEBUG] - [main] - Table: No alter strings for table : person
[DEBUG] - [main] - Table: No alter strings for table : person_seq
[DEBUG] - [main] - SQL: 
    
    alter table flat 
       add constraint FKmtnkjeahla8ue3llj17iwcs03 
       foreign key (`floor-number`) 
       references floor (floor_number)
Hibernate: 
    
    alter table flat 
       add constraint FKmtnkjeahla8ue3llj17iwcs03 
       foreign key (`floor-number`) 
       references floor (floor_number)
[DEBUG] - [main] - SQL: 
    
    alter table person 
       add constraint FKbe1k0ky584u2lwm78p61mcy8e 
       foreign key (`flat-number`) 
       references flat (flat_number)
Hibernate: 
    
    alter table person 
       add constraint FKbe1k0ky584u2lwm78p61mcy8e 
       foreign key (`flat-number`) 
       references flat (flat_number)
[INFO ] - [main] - JtaPlatformInitiator: HHH000490: Using JtaPlatform implementation: [org.hibernate.engine.transaction.jta.platform.internal.NoJtaPlatform]
[DEBUG] - [main] - SessionFactoryServiceRegistryImpl: EventListenerRegistry access via ServiceRegistry is deprecated.  Use `sessionFactory.getEventEngine().getListenerRegistry()` instead
[DEBUG] - [main] - SessionFactoryRegistry: Initializing SessionFactoryRegistry : org.hibernate.internal.SessionFactoryRegistry@61607ff0
[DEBUG] - [main] - SessionFactoryRegistry: Registering SessionFactory: c52ef509-7679-4fca-9096-1614640ab83b (<unnamed>)
[DEBUG] - [main] - SessionFactoryRegistry: Not binding SessionFactory to JNDI, no JNDI name configured
[INFO ] - [main] - LocalContainerEntityManagerFactoryBean: Initialized JPA EntityManagerFactory for persistence unit 'default'
[DEBUG] - [main] - DefaultListableBeanFactory: Creating shared instance of singleton bean 'nttdatacentersSpringT1SlaApplication'
[DEBUG] - [main] - DefaultListableBeanFactory: Creating shared instance of singleton bean 'personManagementServiceImpl'
[DEBUG] - [main] - DefaultListableBeanFactory: Creating shared instance of singleton bean 'personDAOI'
[DEBUG] - [main] - DefaultListableBeanFactory: Creating shared instance of singleton bean 'jpa.named-queries#1'
[DEBUG] - [main] - DefaultListableBeanFactory: Creating shared instance of singleton bean 'jpa.PersonDAOI.fragments#0'
[DEBUG] - [main] - DefaultListableBeanFactory: Creating shared instance of singleton bean 'jpaSharedEM_entityManagerFactory'
[DEBUG] - [main] - DefaultListableBeanFactory: Creating shared instance of singleton bean 'jpaMappingContext'
[DEBUG] - [main] - JpaMetamodelMappingContextFactoryBean: Initializing JpaMetamodelMappingContext…
[DEBUG] - [main] - JpaMetamodelMappingContextFactoryBean: Finished initializing JpaMetamodelMappingContext
[DEBUG] - [main] - SharedEntityManagerCreator$SharedEntityManagerInvocationHandler: Creating new EntityManager for shared EntityManager invocation
[DEBUG] - [main] - StatisticsInitiator: Statistics initialized [enabled=false]
[DEBUG] - [main] - SharedEntityManagerCreator$SharedEntityManagerInvocationHandler: Creating new EntityManager for shared EntityManager invocation
[DEBUG] - [main] - RepositoryFactorySupport: Initializing repository instance for com.Nttadta.nttdatacentersspringt1SLA.repository.PersonDAOI…
[DEBUG] - [main] - SharedEntityManagerCreator$SharedEntityManagerInvocationHandler: Creating new EntityManager for shared EntityManager invocation
[DEBUG] - [main] - NamedQuery: Looking up named query Person.findByNameAndSurname
[DEBUG] - [main] - JdbcResourceLocalTransactionCoordinatorImpl: JDBC transaction marked for rollback-only (exception provided for stack trace)
java.lang.Exception: exception just for purpose of providing stack trace
	at org.hibernate.resource.transaction.backend.jdbc.internal.JdbcResourceLocalTransactionCoordinatorImpl$TransactionDriverControlImpl.markRollbackOnly(JdbcResourceLocalTransactionCoordinatorImpl.java:324)
	at org.hibernate.internal.AbstractSharedSessionContract.buildNamedQuery(AbstractSharedSessionContract.java:1004)
	at org.hibernate.internal.AbstractSharedSessionContract.createNamedQuery(AbstractSharedSessionContract.java:867)
	at org.hibernate.internal.AbstractSharedSessionContract.createNamedQuery(AbstractSharedSessionContract.java:127)
	at java.base/jdk.internal.reflect.NativeMethodAccessorImpl.invoke0(Native Method)
	at java.base/jdk.internal.reflect.NativeMethodAccessorImpl.invoke(NativeMethodAccessorImpl.java:77)
	at java.base/jdk.internal.reflect.DelegatingMethodAccessorImpl.invoke(DelegatingMethodAccessorImpl.java:43)
	at java.base/java.lang.reflect.Method.invoke(Method.java:568)
	at org.springframework.orm.jpa.ExtendedEntityManagerCreator$ExtendedEntityManagerInvocationHandler.invoke(ExtendedEntityManagerCreator.java:360)
	at jdk.proxy2/jdk.proxy2.$Proxy104.createNamedQuery(Unknown Source)
	at org.springframework.data.jpa.repository.query.NamedQuery.hasNamedQuery(NamedQuery.java:115)
	at org.springframework.data.jpa.repository.query.NamedQuery.lookupFrom(NamedQuery.java:144)
	at org.springframework.data.jpa.repository.query.JpaQueryLookupStrategy$DeclaredQueryLookupStrategy.resolveQuery(JpaQueryLookupStrategy.java:180)
	at org.springframework.data.jpa.repository.query.JpaQueryLookupStrategy$CreateIfNotFoundQueryLookupStrategy.resolveQuery(JpaQueryLookupStrategy.java:252)
	at org.springframework.data.jpa.repository.query.JpaQueryLookupStrategy$AbstractQueryLookupStrategy.resolveQuery(JpaQueryLookupStrategy.java:95)
	at org.springframework.data.repository.core.support.QueryExecutorMethodInterceptor.lookupQuery(QueryExecutorMethodInterceptor.java:111)
	at org.springframework.data.repository.core.support.QueryExecutorMethodInterceptor.mapMethodsToQuery(QueryExecutorMethodInterceptor.java:99)
	at org.springframework.data.repository.core.support.QueryExecutorMethodInterceptor.lambda$new$0(QueryExecutorMethodInterceptor.java:88)
	at java.base/java.util.Optional.map(Optional.java:260)
	at org.springframework.data.repository.core.support.QueryExecutorMethodInterceptor.<init>(QueryExecutorMethodInterceptor.java:88)
	at org.springframework.data.repository.core.support.RepositoryFactorySupport.getRepository(RepositoryFactorySupport.java:357)
	at org.springframework.data.repository.core.support.RepositoryFactoryBeanSupport.lambda$afterPropertiesSet$5(RepositoryFactoryBeanSupport.java:279)
	at org.springframework.data.util.Lazy.getNullable(Lazy.java:229)
	at org.springframework.data.util.Lazy.get(Lazy.java:113)
	at org.springframework.data.repository.core.support.RepositoryFactoryBeanSupport.afterPropertiesSet(RepositoryFactoryBeanSupport.java:285)
	at org.springframework.data.jpa.repository.support.JpaRepositoryFactoryBean.afterPropertiesSet(JpaRepositoryFactoryBean.java:132)
	at org.springframework.beans.factory.support.AbstractAutowireCapableBeanFactory.invokeInitMethods(AbstractAutowireCapableBeanFactory.java:1797)
	at org.springframework.beans.factory.support.AbstractAutowireCapableBeanFactory.initializeBean(AbstractAutowireCapableBeanFactory.java:1747)
	at org.springframework.beans.factory.support.AbstractAutowireCapableBeanFactory.doCreateBean(AbstractAutowireCapableBeanFactory.java:599)
	at org.springframework.beans.factory.support.AbstractAutowireCapableBeanFactory.createBean(AbstractAutowireCapableBeanFactory.java:521)
	at org.springframework.beans.factory.support.AbstractBeanFactory.lambda$doGetBean$0(AbstractBeanFactory.java:326)
	at org.springframework.beans.factory.support.DefaultSingletonBeanRegistry.getSingleton(DefaultSingletonBeanRegistry.java:234)
	at org.springframework.beans.factory.support.AbstractBeanFactory.doGetBean(AbstractBeanFactory.java:324)
	at org.springframework.beans.factory.support.AbstractBeanFactory.getBean(AbstractBeanFactory.java:200)
	at org.springframework.beans.factory.config.DependencyDescriptor.resolveCandidate(DependencyDescriptor.java:254)
	at org.springframework.beans.factory.support.DefaultListableBeanFactory.doResolveDependency(DefaultListableBeanFactory.java:1405)
	at org.springframework.beans.factory.support.DefaultListableBeanFactory.resolveDependency(DefaultListableBeanFactory.java:1325)
	at org.springframework.beans.factory.annotation.AutowiredAnnotationBeanPostProcessor$AutowiredFieldElement.resolveFieldValue(AutowiredAnnotationBeanPostProcessor.java:709)
	at org.springframework.beans.factory.annotation.AutowiredAnnotationBeanPostProcessor$AutowiredFieldElement.inject(AutowiredAnnotationBeanPostProcessor.java:692)
	at org.springframework.beans.factory.annotation.InjectionMetadata.inject(InjectionMetadata.java:127)
	at org.springframework.beans.factory.annotation.AutowiredAnnotationBeanPostProcessor.postProcessProperties(AutowiredAnnotationBeanPostProcessor.java:481)
	at org.springframework.beans.factory.support.AbstractAutowireCapableBeanFactory.populateBean(AbstractAutowireCapableBeanFactory.java:1397)
	at org.springframework.beans.factory.support.AbstractAutowireCapableBeanFactory.doCreateBean(AbstractAutowireCapableBeanFactory.java:598)
	at org.springframework.beans.factory.support.AbstractAutowireCapableBeanFactory.createBean(AbstractAutowireCapableBeanFactory.java:521)
	at org.springframework.beans.factory.support.AbstractBeanFactory.lambda$doGetBean$0(AbstractBeanFactory.java:326)
	at org.springframework.beans.factory.support.DefaultSingletonBeanRegistry.getSingleton(DefaultSingletonBeanRegistry.java:234)
	at org.springframework.beans.factory.support.AbstractBeanFactory.doGetBean(AbstractBeanFactory.java:324)
	at org.springframework.beans.factory.support.AbstractBeanFactory.getBean(AbstractBeanFactory.java:200)
	at org.springframework.beans.factory.config.DependencyDescriptor.resolveCandidate(DependencyDescriptor.java:254)
	at org.springframework.beans.factory.support.DefaultListableBeanFactory.doResolveDependency(DefaultListableBeanFactory.java:1405)
	at org.springframework.beans.factory.support.DefaultListableBeanFactory.resolveDependency(DefaultListableBeanFactory.java:1325)
	at org.springframework.beans.factory.annotation.AutowiredAnnotationBeanPostProcessor$AutowiredFieldElement.resolveFieldValue(AutowiredAnnotationBeanPostProcessor.java:709)
	at org.springframework.beans.factory.annotation.AutowiredAnnotationBeanPostProcessor$AutowiredFieldElement.inject(AutowiredAnnotationBeanPostProcessor.java:692)
	at org.springframework.beans.factory.annotation.InjectionMetadata.inject(InjectionMetadata.java:127)
	at org.springframework.beans.factory.annotation.AutowiredAnnotationBeanPostProcessor.postProcessProperties(AutowiredAnnotationBeanPostProcessor.java:481)
	at org.springframework.beans.factory.support.AbstractAutowireCapableBeanFactory.populateBean(AbstractAutowireCapableBeanFactory.java:1397)
	at org.springframework.beans.factory.support.AbstractAutowireCapableBeanFactory.doCreateBean(AbstractAutowireCapableBeanFactory.java:598)
	at org.springframework.beans.factory.support.AbstractAutowireCapableBeanFactory.createBean(AbstractAutowireCapableBeanFactory.java:521)
	at org.springframework.beans.factory.support.AbstractBeanFactory.lambda$doGetBean$0(AbstractBeanFactory.java:326)
	at org.springframework.beans.factory.support.DefaultSingletonBeanRegistry.getSingleton(DefaultSingletonBeanRegistry.java:234)
	at org.springframework.beans.factory.support.AbstractBeanFactory.doGetBean(AbstractBeanFactory.java:324)
	at org.springframework.beans.factory.support.AbstractBeanFactory.getBean(AbstractBeanFactory.java:200)
	at org.springframework.beans.factory.support.DefaultListableBeanFactory.preInstantiateSingletons(DefaultListableBeanFactory.java:961)
	at org.springframework.context.support.AbstractApplicationContext.finishBeanFactoryInitialization(AbstractApplicationContext.java:915)
	at org.springframework.context.support.AbstractApplicationContext.refresh(AbstractApplicationContext.java:584)
	at org.springframework.boot.SpringApplication.refresh(SpringApplication.java:730)
	at org.springframework.boot.SpringApplication.refreshContext(SpringApplication.java:432)
	at org.springframework.boot.SpringApplication.run(SpringApplication.java:308)
	at org.springframework.boot.test.context.SpringBootContextLoader.lambda$loadContext$3(SpringBootContextLoader.java:137)
	at org.springframework.util.function.ThrowingSupplier.get(ThrowingSupplier.java:59)
	at org.springframework.util.function.ThrowingSupplier.get(ThrowingSupplier.java:47)
	at org.springframework.boot.SpringApplication.withHook(SpringApplication.java:1386)
	at org.springframework.boot.test.context.SpringBootContextLoader$ContextLoaderHook.run(SpringBootContextLoader.java:543)
	at org.springframework.boot.test.context.SpringBootContextLoader.loadContext(SpringBootContextLoader.java:137)
	at org.springframework.boot.test.context.SpringBootContextLoader.loadContext(SpringBootContextLoader.java:108)
	at org.springframework.test.context.cache.DefaultCacheAwareContextLoaderDelegate.loadContextInternal(DefaultCacheAwareContextLoaderDelegate.java:183)
	at org.springframework.test.context.cache.DefaultCacheAwareContextLoaderDelegate.loadContext(DefaultCacheAwareContextLoaderDelegate.java:117)
	at org.springframework.test.context.support.DefaultTestContext.getApplicationContext(DefaultTestContext.java:127)
	at org.springframework.test.context.web.ServletTestExecutionListener.setUpRequestContextIfNecessary(ServletTestExecutionListener.java:192)
	at org.springframework.test.context.web.ServletTestExecutionListener.prepareTestInstance(ServletTestExecutionListener.java:131)
	at org.springframework.test.context.TestContextManager.prepareTestInstance(TestContextManager.java:249)
	at org.springframework.test.context.junit.jupiter.SpringExtension.postProcessTestInstance(SpringExtension.java:138)
	at org.junit.jupiter.engine.descriptor.ClassBasedTestDescriptor.lambda$invokeTestInstancePostProcessors$10(ClassBasedTestDescriptor.java:377)
	at org.junit.jupiter.engine.descriptor.ClassBasedTestDescriptor.executeAndMaskThrowable(ClassBasedTestDescriptor.java:382)
	at org.junit.jupiter.engine.descriptor.ClassBasedTestDescriptor.lambda$invokeTestInstancePostProcessors$11(ClassBasedTestDescriptor.java:377)
	at java.base/java.util.stream.ReferencePipeline$3$1.accept(ReferencePipeline.java:197)
	at java.base/java.util.stream.ReferencePipeline$2$1.accept(ReferencePipeline.java:179)
	at java.base/java.util.ArrayList$ArrayListSpliterator.forEachRemaining(ArrayList.java:1625)
	at java.base/java.util.stream.AbstractPipeline.copyInto(AbstractPipeline.java:509)
	at java.base/java.util.stream.AbstractPipeline.wrapAndCopyInto(AbstractPipeline.java:499)
	at java.base/java.util.stream.StreamSpliterators$WrappingSpliterator.forEachRemaining(StreamSpliterators.java:310)
	at java.base/java.util.stream.Streams$ConcatSpliterator.forEachRemaining(Streams.java:735)
	at java.base/java.util.stream.Streams$ConcatSpliterator.forEachRemaining(Streams.java:734)
	at java.base/java.util.stream.ReferencePipeline$Head.forEach(ReferencePipeline.java:762)
	at org.junit.jupiter.engine.descriptor.ClassBasedTestDescriptor.invokeTestInstancePostProcessors(ClassBasedTestDescriptor.java:376)
	at org.junit.jupiter.engine.descriptor.ClassBasedTestDescriptor.lambda$instantiateAndPostProcessTestInstance$6(ClassBasedTestDescriptor.java:289)
	at org.junit.platform.engine.support.hierarchical.ThrowableCollector.execute(ThrowableCollector.java:73)
	at org.junit.jupiter.engine.descriptor.ClassBasedTestDescriptor.instantiateAndPostProcessTestInstance(ClassBasedTestDescriptor.java:288)
	at org.junit.jupiter.engine.descriptor.ClassBasedTestDescriptor.lambda$testInstancesProvider$4(ClassBasedTestDescriptor.java:278)
	at java.base/java.util.Optional.orElseGet(Optional.java:364)
	at org.junit.jupiter.engine.descriptor.ClassBasedTestDescriptor.lambda$testInstancesProvider$5(ClassBasedTestDescriptor.java:277)
	at org.junit.jupiter.engine.execution.TestInstancesProvider.getTestInstances(TestInstancesProvider.java:31)
	at org.junit.jupiter.engine.descriptor.TestMethodTestDescriptor.lambda$prepare$0(TestMethodTestDescriptor.java:105)
	at org.junit.platform.engine.support.hierarchical.ThrowableCollector.execute(ThrowableCollector.java:73)
	at org.junit.jupiter.engine.descriptor.TestMethodTestDescriptor.prepare(TestMethodTestDescriptor.java:104)
	at org.junit.jupiter.engine.descriptor.TestMethodTestDescriptor.prepare(TestMethodTestDescriptor.java:68)
	at org.junit.platform.engine.support.hierarchical.NodeTestTask.lambda$prepare$2(NodeTestTask.java:123)
	at org.junit.platform.engine.support.hierarchical.ThrowableCollector.execute(ThrowableCollector.java:73)
	at org.junit.platform.engine.support.hierarchical.NodeTestTask.prepare(NodeTestTask.java:123)
	at org.junit.platform.engine.support.hierarchical.NodeTestTask.execute(NodeTestTask.java:90)
	at java.base/java.util.ArrayList.forEach(ArrayList.java:1511)
	at org.junit.platform.engine.support.hierarchical.SameThreadHierarchicalTestExecutorService.invokeAll(SameThreadHierarchicalTestExecutorService.java:41)
	at org.junit.platform.engine.support.hierarchical.NodeTestTask.lambda$executeRecursively$6(NodeTestTask.java:155)
	at org.junit.platform.engine.support.hierarchical.ThrowableCollector.execute(ThrowableCollector.java:73)
	at org.junit.platform.engine.support.hierarchical.NodeTestTask.lambda$executeRecursively$8(NodeTestTask.java:141)
	at org.junit.platform.engine.support.hierarchical.Node.around(Node.java:137)
	at org.junit.platform.engine.support.hierarchical.NodeTestTask.lambda$executeRecursively$9(NodeTestTask.java:139)
	at org.junit.platform.engine.support.hierarchical.ThrowableCollector.execute(ThrowableCollector.java:73)
	at org.junit.platform.engine.support.hierarchical.NodeTestTask.executeRecursively(NodeTestTask.java:138)
	at org.junit.platform.engine.support.hierarchical.NodeTestTask.execute(NodeTestTask.java:95)
	at java.base/java.util.ArrayList.forEach(ArrayList.java:1511)
	at org.junit.platform.engine.support.hierarchical.SameThreadHierarchicalTestExecutorService.invokeAll(SameThreadHierarchicalTestExecutorService.java:41)
	at org.junit.platform.engine.support.hierarchical.NodeTestTask.lambda$executeRecursively$6(NodeTestTask.java:155)
	at org.junit.platform.engine.support.hierarchical.ThrowableCollector.execute(ThrowableCollector.java:73)
	at org.junit.platform.engine.support.hierarchical.NodeTestTask.lambda$executeRecursively$8(NodeTestTask.java:141)
	at org.junit.platform.engine.support.hierarchical.Node.around(Node.java:137)
	at org.junit.platform.engine.support.hierarchical.NodeTestTask.lambda$executeRecursively$9(NodeTestTask.java:139)
	at org.junit.platform.engine.support.hierarchical.ThrowableCollector.execute(ThrowableCollector.java:73)
	at org.junit.platform.engine.support.hierarchical.NodeTestTask.executeRecursively(NodeTestTask.java:138)
	at org.junit.platform.engine.support.hierarchical.NodeTestTask.execute(NodeTestTask.java:95)
	at org.junit.platform.engine.support.hierarchical.SameThreadHierarchicalTestExecutorService.submit(SameThreadHierarchicalTestExecutorService.java:35)
	at org.junit.platform.engine.support.hierarchical.HierarchicalTestExecutor.execute(HierarchicalTestExecutor.java:57)
	at org.junit.platform.engine.support.hierarchical.HierarchicalTestEngine.execute(HierarchicalTestEngine.java:54)
	at org.junit.platform.launcher.core.DefaultLauncher.execute(DefaultLauncher.java:220)
	at org.junit.platform.launcher.core.DefaultLauncher.lambda$execute$6(DefaultLauncher.java:188)
	at org.junit.platform.launcher.core.DefaultLauncher.withInterceptedStreams(DefaultLauncher.java:202)
	at org.junit.platform.launcher.core.DefaultLauncher.execute(DefaultLauncher.java:181)
	at org.junit.platform.launcher.core.DefaultLauncher.execute(DefaultLauncher.java:128)
	at org.apache.maven.surefire.junitplatform.JUnitPlatformProvider.invokeAllTests(JUnitPlatformProvider.java:150)
	at org.apache.maven.surefire.junitplatform.JUnitPlatformProvider.invoke(JUnitPlatformProvider.java:124)
	at org.apache.maven.surefire.booter.ForkedBooter.invokeProviderInSameClassLoader(ForkedBooter.java:384)
	at org.apache.maven.surefire.booter.ForkedBooter.runSuitesInProcess(ForkedBooter.java:345)
	at org.apache.maven.surefire.booter.ForkedBooter.execute(ForkedBooter.java:126)
	at org.apache.maven.surefire.booter.ForkedBooter.main(ForkedBooter.java:418)
[DEBUG] - [main] - NamedQuery: Did not find named query Person.findByNameAndSurname
[DEBUG] - [main] - SharedEntityManagerCreator$SharedEntityManagerInvocationHandler: Creating new EntityManager for shared EntityManager invocation
[DEBUG] - [main] - RepositoryFactorySupport: Finished creation of repository instance for com.Nttadta.nttdatacentersspringt1SLA.repository.PersonDAOI.
[DEBUG] - [main] - DefaultListableBeanFactory: Creating shared instance of singleton bean 'floorManagementServiceImpl'
[DEBUG] - [main] - DefaultListableBeanFactory: Creating shared instance of singleton bean 'floorDAOI'
[DEBUG] - [main] - DefaultListableBeanFactory: Creating shared instance of singleton bean 'jpa.named-queries#2'
[DEBUG] - [main] - DefaultListableBeanFactory: Creating shared instance of singleton bean 'jpa.FloorDAOI.fragments#0'
[DEBUG] - [main] - SharedEntityManagerCreator$SharedEntityManagerInvocationHandler: Creating new EntityManager for shared EntityManager invocation
[DEBUG] - [main] - RepositoryFactorySupport: Initializing repository instance for com.Nttadta.nttdatacentersspringt1SLA.repository.FloorDAOI…
[DEBUG] - [main] - SharedEntityManagerCreator$SharedEntityManagerInvocationHandler: Creating new EntityManager for shared EntityManager invocation
[DEBUG] - [main] - RepositoryFactorySupport: Finished creation of repository instance for com.Nttadta.nttdatacentersspringt1SLA.repository.FloorDAOI.
[DEBUG] - [main] - DefaultListableBeanFactory: Creating shared instance of singleton bean 'flatManagementServiceImpl'
[DEBUG] - [main] - DefaultListableBeanFactory: Creating shared instance of singleton bean 'flatDAOI'
[DEBUG] - [main] - DefaultListableBeanFactory: Creating shared instance of singleton bean 'jpa.named-queries#0'
[DEBUG] - [main] - DefaultListableBeanFactory: Creating shared instance of singleton bean 'jpa.FlatDAOI.fragments#0'
[DEBUG] - [main] - SharedEntityManagerCreator$SharedEntityManagerInvocationHandler: Creating new EntityManager for shared EntityManager invocation
[DEBUG] - [main] - RepositoryFactorySupport: Initializing repository instance for com.Nttadta.nttdatacentersspringt1SLA.repository.FlatDAOI…
[DEBUG] - [main] - SharedEntityManagerCreator$SharedEntityManagerInvocationHandler: Creating new EntityManager for shared EntityManager invocation
[DEBUG] - [main] - RepositoryFactorySupport: Finished creation of repository instance for com.Nttadta.nttdatacentersspringt1SLA.repository.FlatDAOI.
[DEBUG] - [main] - DefaultListableBeanFactory: Creating shared instance of singleton bean 'exampleController'
[DEBUG] - [main] - DefaultListableBeanFactory: Creating shared instance of singleton bean 'homeController'
[DEBUG] - [main] - DefaultListableBeanFactory: Creating shared instance of singleton bean 'org.springframework.boot.autoconfigure.context.PropertyPlaceholderAutoConfiguration'
[DEBUG] - [main] - DefaultListableBeanFactory: Creating shared instance of singleton bean 'org.springframework.boot.autoconfigure.websocket.servlet.WebSocketServletAutoConfiguration$TomcatWebSocketConfiguration'
[DEBUG] - [main] - DefaultListableBeanFactory: Creating shared instance of singleton bean 'websocketServletWebServerCustomizer'
[DEBUG] - [main] - DefaultListableBeanFactory: Creating shared instance of singleton bean 'org.springframework.boot.autoconfigure.websocket.servlet.WebSocketServletAutoConfiguration'
[DEBUG] - [main] - DefaultListableBeanFactory: Creating shared instance of singleton bean 'org.springframework.boot.autoconfigure.web.servlet.ServletWebServerFactoryConfiguration$EmbeddedTomcat'
[DEBUG] - [main] - DefaultListableBeanFactory: Creating shared instance of singleton bean 'tomcatServletWebServerFactory'
[DEBUG] - [main] - DefaultListableBeanFactory: Creating shared instance of singleton bean 'servletWebServerFactoryCustomizer'
[DEBUG] - [main] - DefaultListableBeanFactory: Creating shared instance of singleton bean 'org.springframework.boot.autoconfigure.web.servlet.ServletWebServerFactoryAutoConfiguration'
[DEBUG] - [main] - DefaultListableBeanFactory: Creating shared instance of singleton bean 'server-org.springframework.boot.autoconfigure.web.ServerProperties'
[DEBUG] - [main] - DefaultListableBeanFactory: Autowiring by type from bean name 'servletWebServerFactoryCustomizer' via factory method to bean named 'server-org.springframework.boot.autoconfigure.web.ServerProperties'
[DEBUG] - [main] - DefaultListableBeanFactory: Creating shared instance of singleton bean 'tomcatServletWebServerFactoryCustomizer'
[DEBUG] - [main] - DefaultListableBeanFactory: Autowiring by type from bean name 'tomcatServletWebServerFactoryCustomizer' via factory method to bean named 'server-org.springframework.boot.autoconfigure.web.ServerProperties'
[DEBUG] - [main] - DefaultListableBeanFactory: Creating shared instance of singleton bean 'tomcatWebServerFactoryCustomizer'
[DEBUG] - [main] - DefaultListableBeanFactory: Creating shared instance of singleton bean 'org.springframework.boot.autoconfigure.web.embedded.EmbeddedWebServerFactoryCustomizerAutoConfiguration$TomcatWebServerFactoryCustomizerConfiguration'
[DEBUG] - [main] - DefaultListableBeanFactory: Autowiring by type from bean name 'tomcatWebServerFactoryCustomizer' via factory method to bean named 'environment'
[DEBUG] - [main] - DefaultListableBeanFactory: Autowiring by type from bean name 'tomcatWebServerFactoryCustomizer' via factory method to bean named 'server-org.springframework.boot.autoconfigure.web.ServerProperties'
[DEBUG] - [main] - DefaultListableBeanFactory: Creating shared instance of singleton bean 'localeCharsetMappingsCustomizer'
[DEBUG] - [main] - DefaultListableBeanFactory: Creating shared instance of singleton bean 'org.springframework.boot.autoconfigure.web.servlet.HttpEncodingAutoConfiguration'
[DEBUG] - [main] - DefaultListableBeanFactory: Autowiring by type from bean name 'org.springframework.boot.autoconfigure.web.servlet.HttpEncodingAutoConfiguration' via constructor to bean named 'server-org.springframework.boot.autoconfigure.web.ServerProperties'
[DEBUG] - [main] - DefaultListableBeanFactory: Creating shared instance of singleton bean 'org.springframework.boot.context.properties.EnableConfigurationPropertiesRegistrar.methodValidationExcludeFilter'
[DEBUG] - [main] - DefaultListableBeanFactory: Creating shared instance of singleton bean 'org.springframework.boot.autoconfigure.web.servlet.DispatcherServletAutoConfiguration$DispatcherServletConfiguration'
[DEBUG] - [main] - DefaultListableBeanFactory: Creating shared instance of singleton bean 'dispatcherServlet'
[DEBUG] - [main] - DefaultListableBeanFactory: Creating shared instance of singleton bean 'spring.mvc-org.springframework.boot.autoconfigure.web.servlet.WebMvcProperties'
[DEBUG] - [main] - DefaultListableBeanFactory: Autowiring by type from bean name 'dispatcherServlet' via factory method to bean named 'spring.mvc-org.springframework.boot.autoconfigure.web.servlet.WebMvcProperties'
[DEBUG] - [main] - DefaultListableBeanFactory: Creating shared instance of singleton bean 'org.springframework.boot.autoconfigure.web.servlet.DispatcherServletAutoConfiguration$DispatcherServletRegistrationConfiguration'
[DEBUG] - [main] - DefaultListableBeanFactory: Creating shared instance of singleton bean 'dispatcherServletRegistration'
[DEBUG] - [main] - DefaultListableBeanFactory: Autowiring by type from bean name 'dispatcherServletRegistration' via factory method to bean named 'dispatcherServlet'
[DEBUG] - [main] - DefaultListableBeanFactory: Autowiring by type from bean name 'dispatcherServletRegistration' via factory method to bean named 'spring.mvc-org.springframework.boot.autoconfigure.web.servlet.WebMvcProperties'
[DEBUG] - [main] - DefaultListableBeanFactory: Creating shared instance of singleton bean 'multipartConfigElement'
[DEBUG] - [main] - DefaultListableBeanFactory: Creating shared instance of singleton bean 'org.springframework.boot.autoconfigure.web.servlet.MultipartAutoConfiguration'
[DEBUG] - [main] - DefaultListableBeanFactory: Creating shared instance of singleton bean 'spring.servlet.multipart-org.springframework.boot.autoconfigure.web.servlet.MultipartProperties'
[DEBUG] - [main] - DefaultListableBeanFactory: Autowiring by type from bean name 'org.springframework.boot.autoconfigure.web.servlet.MultipartAutoConfiguration' via constructor to bean named 'spring.servlet.multipart-org.springframework.boot.autoconfigure.web.servlet.MultipartProperties'
[DEBUG] - [main] - DefaultListableBeanFactory: Creating shared instance of singleton bean 'org.springframework.boot.autoconfigure.web.servlet.DispatcherServletAutoConfiguration'
[DEBUG] - [main] - DefaultListableBeanFactory: Creating shared instance of singleton bean 'org.springframework.boot.autoconfigure.task.TaskExecutionAutoConfiguration'
[DEBUG] - [main] - DefaultListableBeanFactory: Creating shared instance of singleton bean 'taskExecutorBuilder'
[DEBUG] - [main] - DefaultListableBeanFactory: Creating shared instance of singleton bean 'spring.task.execution-org.springframework.boot.autoconfigure.task.TaskExecutionProperties'
[DEBUG] - [main] - DefaultListableBeanFactory: Autowiring by type from bean name 'taskExecutorBuilder' via factory method to bean named 'spring.task.execution-org.springframework.boot.autoconfigure.task.TaskExecutionProperties'
[DEBUG] - [main] - DefaultListableBeanFactory: Creating shared instance of singleton bean 'org.springframework.boot.autoconfigure.web.servlet.WebMvcAutoConfiguration$EnableWebMvcConfiguration'
[DEBUG] - [main] - DefaultListableBeanFactory: Creating shared instance of singleton bean 'spring.web-org.springframework.boot.autoconfigure.web.WebProperties'
[DEBUG] - [main] - DefaultListableBeanFactory: Autowiring by type from bean name 'org.springframework.boot.autoconfigure.web.servlet.WebMvcAutoConfiguration$EnableWebMvcConfiguration' via constructor to bean named 'spring.mvc-org.springframework.boot.autoconfigure.web.servlet.WebMvcProperties'
[DEBUG] - [main] - DefaultListableBeanFactory: Autowiring by type from bean name 'org.springframework.boot.autoconfigure.web.servlet.WebMvcAutoConfiguration$EnableWebMvcConfiguration' via constructor to bean named 'spring.web-org.springframework.boot.autoconfigure.web.WebProperties'
[DEBUG] - [main] - DefaultListableBeanFactory: Autowiring by type from bean name 'org.springframework.boot.autoconfigure.web.servlet.WebMvcAutoConfiguration$EnableWebMvcConfiguration' via constructor to bean named 'org.springframework.beans.factory.support.DefaultListableBeanFactory@ae372b9'
[DEBUG] - [main] - DefaultListableBeanFactory: Creating shared instance of singleton bean 'org.springframework.boot.autoconfigure.web.servlet.WebMvcAutoConfiguration$WebMvcAutoConfigurationAdapter'
[DEBUG] - [main] - DefaultListableBeanFactory: Autowiring by type from bean name 'org.springframework.boot.autoconfigure.web.servlet.WebMvcAutoConfiguration$WebMvcAutoConfigurationAdapter' via constructor to bean named 'spring.web-org.springframework.boot.autoconfigure.web.WebProperties'
[DEBUG] - [main] - DefaultListableBeanFactory: Autowiring by type from bean name 'org.springframework.boot.autoconfigure.web.servlet.WebMvcAutoConfiguration$WebMvcAutoConfigurationAdapter' via constructor to bean named 'spring.mvc-org.springframework.boot.autoconfigure.web.servlet.WebMvcProperties'
[DEBUG] - [main] - DefaultListableBeanFactory: Autowiring by type from bean name 'org.springframework.boot.autoconfigure.web.servlet.WebMvcAutoConfiguration$WebMvcAutoConfigurationAdapter' via constructor to bean named 'org.springframework.beans.factory.support.DefaultListableBeanFactory@ae372b9'
[DEBUG] - [main] - DefaultListableBeanFactory: Creating shared instance of singleton bean 'openEntityManagerInViewInterceptorConfigurer'
[DEBUG] - [main] - DefaultListableBeanFactory: Creating shared instance of singleton bean 'org.springframework.boot.autoconfigure.orm.jpa.JpaBaseConfiguration$JpaWebConfiguration'
[DEBUG] - [main] - DefaultListableBeanFactory: Autowiring by type from bean name 'org.springframework.boot.autoconfigure.orm.jpa.JpaBaseConfiguration$JpaWebConfiguration' via constructor to bean named 'spring.jpa-org.springframework.boot.autoconfigure.orm.jpa.JpaProperties'
[DEBUG] - [main] - DefaultListableBeanFactory: Creating shared instance of singleton bean 'openEntityManagerInViewInterceptor'
[WARN ] - [main] - JpaBaseConfiguration$JpaWebConfiguration: spring.jpa.open-in-view is enabled by default. Therefore, database queries may be performed during view rendering. Explicitly configure spring.jpa.open-in-view to disable this warning
[DEBUG] - [main] - DefaultListableBeanFactory: Autowiring by type from bean name 'openEntityManagerInViewInterceptorConfigurer' via factory method to bean named 'openEntityManagerInViewInterceptor'
[DEBUG] - [main] - DefaultListableBeanFactory: Creating shared instance of singleton bean 'org.springframework.data.web.config.SpringDataWebConfiguration'
[DEBUG] - [main] - DefaultListableBeanFactory: Autowiring by type from bean name 'org.springframework.data.web.config.SpringDataWebConfiguration' via constructor to bean named 'org.springframework.web.context.support.GenericWebApplicationContext@2d7e1102'
[DEBUG] - [main] - DefaultListableBeanFactory: Creating shared instance of singleton bean 'requestMappingHandlerAdapter'
[DEBUG] - [main] - DefaultListableBeanFactory: Creating shared instance of singleton bean 'mvcContentNegotiationManager'
[DEBUG] - [main] - DefaultListableBeanFactory: Creating shared instance of singleton bean 'mvcConversionService'
[DEBUG] - [main] - DefaultListableBeanFactory: Creating shared instance of singleton bean 'mvcValidator'
[DEBUG] - [main] - DefaultListableBeanFactory: Autowiring by type from bean name 'requestMappingHandlerAdapter' via factory method to bean named 'mvcContentNegotiationManager'
[DEBUG] - [main] - DefaultListableBeanFactory: Autowiring by type from bean name 'requestMappingHandlerAdapter' via factory method to bean named 'mvcConversionService'
[DEBUG] - [main] - DefaultListableBeanFactory: Autowiring by type from bean name 'requestMappingHandlerAdapter' via factory method to bean named 'mvcValidator'
[DEBUG] - [main] - DefaultListableBeanFactory: Creating shared instance of singleton bean 'messageConverters'
[DEBUG] - [main] - DefaultListableBeanFactory: Creating shared instance of singleton bean 'org.springframework.boot.autoconfigure.http.HttpMessageConvertersAutoConfiguration'
[DEBUG] - [main] - DefaultListableBeanFactory: Creating shared instance of singleton bean 'stringHttpMessageConverter'
[DEBUG] - [main] - DefaultListableBeanFactory: Creating shared instance of singleton bean 'org.springframework.boot.autoconfigure.http.HttpMessageConvertersAutoConfiguration$StringHttpMessageConverterConfiguration'
[DEBUG] - [main] - DefaultListableBeanFactory: Autowiring by type from bean name 'stringHttpMessageConverter' via factory method to bean named 'environment'
[DEBUG] - [main] - DefaultListableBeanFactory: Creating shared instance of singleton bean 'mappingJackson2HttpMessageConverter'
[DEBUG] - [main] - DefaultListableBeanFactory: Creating shared instance of singleton bean 'org.springframework.boot.autoconfigure.http.JacksonHttpMessageConvertersConfiguration$MappingJackson2HttpMessageConverterConfiguration'
[DEBUG] - [main] - DefaultListableBeanFactory: Creating shared instance of singleton bean 'jacksonObjectMapper'
[DEBUG] - [main] - DefaultListableBeanFactory: Creating shared instance of singleton bean 'org.springframework.boot.autoconfigure.jackson.JacksonAutoConfiguration$JacksonObjectMapperConfiguration'
[DEBUG] - [main] - DefaultListableBeanFactory: Creating shared instance of singleton bean 'org.springframework.boot.autoconfigure.jackson.JacksonAutoConfiguration$JacksonObjectMapperBuilderConfiguration'
[DEBUG] - [main] - DefaultListableBeanFactory: Creating shared instance of singleton bean 'standardJacksonObjectMapperBuilderCustomizer'
[DEBUG] - [main] - DefaultListableBeanFactory: Creating shared instance of singleton bean 'org.springframework.boot.autoconfigure.jackson.JacksonAutoConfiguration$Jackson2ObjectMapperBuilderCustomizerConfiguration'
[DEBUG] - [main] - DefaultListableBeanFactory: Creating shared instance of singleton bean 'spring.jackson-org.springframework.boot.autoconfigure.jackson.JacksonProperties'
[DEBUG] - [main] - DefaultListableBeanFactory: Autowiring by type from bean name 'standardJacksonObjectMapperBuilderCustomizer' via factory method to bean named 'spring.jackson-org.springframework.boot.autoconfigure.jackson.JacksonProperties'
[DEBUG] - [main] - DefaultListableBeanFactory: Creating shared instance of singleton bean 'parameterNamesModule'
[DEBUG] - [main] - DefaultListableBeanFactory: Creating shared instance of singleton bean 'org.springframework.boot.autoconfigure.jackson.JacksonAutoConfiguration$ParameterNamesModuleConfiguration'
[DEBUG] - [main] - DefaultListableBeanFactory: Creating shared instance of singleton bean 'jsonMixinModule'
[DEBUG] - [main] - DefaultListableBeanFactory: Creating shared instance of singleton bean 'org.springframework.boot.autoconfigure.jackson.JacksonAutoConfiguration$JacksonMixinConfiguration'
[DEBUG] - [main] - DefaultListableBeanFactory: Creating shared instance of singleton bean 'jsonMixinModuleEntries'
[DEBUG] - [main] - DefaultListableBeanFactory: Autowiring by type from bean name 'jsonMixinModuleEntries' via factory method to bean named 'org.springframework.web.context.support.GenericWebApplicationContext@2d7e1102'
[DEBUG] - [main] - DefaultListableBeanFactory: Autowiring by type from bean name 'jsonMixinModule' via factory method to bean named 'org.springframework.web.context.support.GenericWebApplicationContext@2d7e1102'
[DEBUG] - [main] - DefaultListableBeanFactory: Autowiring by type from bean name 'jsonMixinModule' via factory method to bean named 'jsonMixinModuleEntries'
[DEBUG] - [main] - DefaultListableBeanFactory: Creating shared instance of singleton bean 'jsonComponentModule'
[DEBUG] - [main] - DefaultListableBeanFactory: Creating shared instance of singleton bean 'org.springframework.boot.autoconfigure.jackson.JacksonAutoConfiguration'
[DEBUG] - [main] - DefaultListableBeanFactory: Creating shared instance of singleton bean 'jacksonGeoModule'
[DEBUG] - [main] - DefaultListableBeanFactory: Creating shared instance of singleton bean 'org.springframework.data.web.config.SpringDataJacksonConfiguration'
[DEBUG] - [main] - DefaultListableBeanFactory: Autowiring by type from bean name 'jacksonObjectMapperBuilder' via factory method to bean named 'org.springframework.web.context.support.GenericWebApplicationContext@2d7e1102'
[DEBUG] - [main] - DefaultListableBeanFactory: Autowiring by type from bean name 'jacksonObjectMapperBuilder' via factory method to bean named 'standardJacksonObjectMapperBuilderCustomizer'
[DEBUG] - [main] - DefaultListableBeanFactory: Autowiring by type from bean name 'jacksonObjectMapper' via factory method to bean named 'jacksonObjectMapperBuilder'
[DEBUG] - [main] - DefaultListableBeanFactory: Autowiring by type from bean name 'mappingJackson2HttpMessageConverter' via factory method to bean named 'jacksonObjectMapper'
[DEBUG] - [main] - DefaultListableBeanFactory: Creating shared instance of singleton bean 'sortResolver'
[DEBUG] - [main] - DefaultListableBeanFactory: Creating shared instance of singleton bean 'sortCustomizer'
[DEBUG] - [main] - DefaultListableBeanFactory: Creating shared instance of singleton bean 'org.springframework.boot.autoconfigure.data.web.SpringDataWebAutoConfiguration'
[DEBUG] - [main] - DefaultListableBeanFactory: Creating shared instance of singleton bean 'spring.data.web-org.springframework.boot.autoconfigure.data.web.SpringDataWebProperties'
[DEBUG] - [main] - DefaultListableBeanFactory: Autowiring by type from bean name 'org.springframework.boot.autoconfigure.data.web.SpringDataWebAutoConfiguration' via constructor to bean named 'spring.data.web-org.springframework.boot.autoconfigure.data.web.SpringDataWebProperties'
[DEBUG] - [main] - DefaultListableBeanFactory: Creating shared instance of singleton bean 'pageableResolver'
[DEBUG] - [main] - DefaultListableBeanFactory: Creating shared instance of singleton bean 'pageableCustomizer'
[DEBUG] - [main] - DefaultListableBeanFactory: Creating shared instance of singleton bean 'applicationTaskExecutor'
[DEBUG] - [main] - DefaultListableBeanFactory: Autowiring by type from bean name 'applicationTaskExecutor' via factory method to bean named 'taskExecutorBuilder'
[DEBUG] - [main] - ThreadPoolTaskExecutor: Initializing ExecutorService 'applicationTaskExecutor'
[DEBUG] - [main] - RequestMappingHandlerAdapter: ControllerAdvice beans: 0 @ModelAttribute, 0 @InitBinder, 1 RequestBodyAdvice, 1 ResponseBodyAdvice
[DEBUG] - [main] - DefaultListableBeanFactory: Creating shared instance of singleton bean 'welcomePageHandlerMapping'
[DEBUG] - [main] - DefaultListableBeanFactory: Creating shared instance of singleton bean 'mvcResourceUrlProvider'
[DEBUG] - [main] - DefaultListableBeanFactory: Autowiring by type from bean name 'welcomePageHandlerMapping' via factory method to bean named 'org.springframework.web.context.support.GenericWebApplicationContext@2d7e1102'
[DEBUG] - [main] - DefaultListableBeanFactory: Autowiring by type from bean name 'welcomePageHandlerMapping' via factory method to bean named 'mvcConversionService'
[DEBUG] - [main] - DefaultListableBeanFactory: Autowiring by type from bean name 'welcomePageHandlerMapping' via factory method to bean named 'mvcResourceUrlProvider'
[DEBUG] - [main] - DefaultListableBeanFactory: Creating shared instance of singleton bean 'localeResolver'
[DEBUG] - [main] - DefaultListableBeanFactory: Creating shared instance of singleton bean 'themeResolver'
[DEBUG] - [main] - DefaultListableBeanFactory: Creating shared instance of singleton bean 'flashMapManager'
[DEBUG] - [main] - DefaultListableBeanFactory: Creating shared instance of singleton bean 'requestMappingHandlerMapping'
[DEBUG] - [main] - DefaultListableBeanFactory: Autowiring by type from bean name 'requestMappingHandlerMapping' via factory method to bean named 'mvcContentNegotiationManager'
[DEBUG] - [main] - DefaultListableBeanFactory: Autowiring by type from bean name 'requestMappingHandlerMapping' via factory method to bean named 'mvcConversionService'
[DEBUG] - [main] - DefaultListableBeanFactory: Autowiring by type from bean name 'requestMappingHandlerMapping' via factory method to bean named 'mvcResourceUrlProvider'
[DEBUG] - [main] - Mappings: 
	c.N.n.c.ExampleController:
	{GET [/prueba/buscar]}: buscar()
[DEBUG] - [main] - Mappings: 
	c.N.n.c.HomeController:
	{GET [/]}: saludos()
[DEBUG] - [main] - RequestMappingHandlerMapping: 2 mappings in 'requestMappingHandlerMapping'
[DEBUG] - [main] - DefaultListableBeanFactory: Creating shared instance of singleton bean 'mvcPatternParser'
[DEBUG] - [main] - DefaultListableBeanFactory: Creating shared instance of singleton bean 'mvcUrlPathHelper'
[DEBUG] - [main] - DefaultListableBeanFactory: Creating shared instance of singleton bean 'mvcPathMatcher'
[DEBUG] - [main] - DefaultListableBeanFactory: Creating shared instance of singleton bean 'viewControllerHandlerMapping'
[DEBUG] - [main] - DefaultListableBeanFactory: Autowiring by type from bean name 'viewControllerHandlerMapping' via factory method to bean named 'mvcConversionService'
[DEBUG] - [main] - DefaultListableBeanFactory: Autowiring by type from bean name 'viewControllerHandlerMapping' via factory method to bean named 'mvcResourceUrlProvider'
[DEBUG] - [main] - DefaultListableBeanFactory: Creating shared instance of singleton bean 'beanNameHandlerMapping'
[DEBUG] - [main] - DefaultListableBeanFactory: Autowiring by type from bean name 'beanNameHandlerMapping' via factory method to bean named 'mvcConversionService'
[DEBUG] - [main] - DefaultListableBeanFactory: Autowiring by type from bean name 'beanNameHandlerMapping' via factory method to bean named 'mvcResourceUrlProvider'
[DEBUG] - [main] - Mappings: 'beanNameHandlerMapping' {}
[DEBUG] - [main] - DefaultListableBeanFactory: Creating shared instance of singleton bean 'routerFunctionMapping'
[DEBUG] - [main] - DefaultListableBeanFactory: Autowiring by type from bean name 'routerFunctionMapping' via factory method to bean named 'mvcConversionService'
[DEBUG] - [main] - DefaultListableBeanFactory: Autowiring by type from bean name 'routerFunctionMapping' via factory method to bean named 'mvcResourceUrlProvider'
[DEBUG] - [main] - DefaultListableBeanFactory: Creating shared instance of singleton bean 'resourceHandlerMapping'
[DEBUG] - [main] - DefaultListableBeanFactory: Autowiring by type from bean name 'resourceHandlerMapping' via factory method to bean named 'mvcContentNegotiationManager'
[DEBUG] - [main] - DefaultListableBeanFactory: Autowiring by type from bean name 'resourceHandlerMapping' via factory method to bean named 'mvcConversionService'
[DEBUG] - [main] - DefaultListableBeanFactory: Autowiring by type from bean name 'resourceHandlerMapping' via factory method to bean named 'mvcResourceUrlProvider'
[DEBUG] - [main] - Mappings: 'resourceHandlerMapping' {/webjars/**=ResourceHttpRequestHandler [classpath [META-INF/resources/webjars/]], /**=ResourceHttpRequestHandler [classpath [META-INF/resources/], classpath [resources/], classpath [static/], classpath [public/], ServletContext [/]]}
[DEBUG] - [main] - DefaultListableBeanFactory: Creating shared instance of singleton bean 'defaultServletHandlerMapping'
[DEBUG] - [main] - DefaultListableBeanFactory: Creating shared instance of singleton bean 'handlerFunctionAdapter'
[DEBUG] - [main] - DefaultListableBeanFactory: Creating shared instance of singleton bean 'mvcUriComponentsContributor'
[DEBUG] - [main] - DefaultListableBeanFactory: Autowiring by type from bean name 'mvcUriComponentsContributor' via factory method to bean named 'mvcConversionService'
[DEBUG] - [main] - DefaultListableBeanFactory: Autowiring by type from bean name 'mvcUriComponentsContributor' via factory method to bean named 'requestMappingHandlerAdapter'
[DEBUG] - [main] - DefaultListableBeanFactory: Creating shared instance of singleton bean 'httpRequestHandlerAdapter'
[DEBUG] - [main] - DefaultListableBeanFactory: Creating shared instance of singleton bean 'simpleControllerHandlerAdapter'
[DEBUG] - [main] - DefaultListableBeanFactory: Creating shared instance of singleton bean 'handlerExceptionResolver'
[DEBUG] - [main] - DefaultListableBeanFactory: Autowiring by type from bean name 'handlerExceptionResolver' via factory method to bean named 'mvcContentNegotiationManager'
[DEBUG] - [main] - ExceptionHandlerExceptionResolver: ControllerAdvice beans: 0 @ExceptionHandler, 1 ResponseBodyAdvice
[DEBUG] - [main] - DefaultListableBeanFactory: Creating shared instance of singleton bean 'mvcViewResolver'
[DEBUG] - [main] - DefaultListableBeanFactory: Autowiring by type from bean name 'mvcViewResolver' via factory method to bean named 'mvcContentNegotiationManager'
[DEBUG] - [main] - DefaultListableBeanFactory: Creating shared instance of singleton bean 'viewNameTranslator'
[DEBUG] - [main] - DefaultListableBeanFactory: Creating shared instance of singleton bean 'defaultViewResolver'
[DEBUG] - [main] - DefaultListableBeanFactory: Creating shared instance of singleton bean 'viewResolver'
[DEBUG] - [main] - DefaultListableBeanFactory: Autowiring by type from bean name 'viewResolver' via factory method to bean named 'org.springframework.beans.factory.support.DefaultListableBeanFactory@ae372b9'
[DEBUG] - [main] - DefaultListableBeanFactory: Creating shared instance of singleton bean 'viewResolver'
[DEBUG] - [main] - DefaultListableBeanFactory: Creating shared instance of singleton bean 'thymeleafViewResolver'
[DEBUG] - [main] - DefaultListableBeanFactory: Creating shared instance of singleton bean 'org.springframework.boot.autoconfigure.thymeleaf.ThymeleafAutoConfiguration$ThymeleafWebMvcConfiguration$ThymeleafViewResolverConfiguration'
[DEBUG] - [main] - DefaultListableBeanFactory: Creating shared instance of singleton bean 'spring.thymeleaf-org.springframework.boot.autoconfigure.thymeleaf.ThymeleafProperties'
[DEBUG] - [main] - DefaultListableBeanFactory: Creating shared instance of singleton bean 'templateEngine'
[DEBUG] - [main] - DefaultListableBeanFactory: Creating shared instance of singleton bean 'org.springframework.boot.autoconfigure.thymeleaf.TemplateEngineConfigurations$DefaultTemplateEngineConfiguration'
[DEBUG] - [main] - DefaultListableBeanFactory: Autowiring by type from bean name 'templateEngine' via factory method to bean named 'spring.thymeleaf-org.springframework.boot.autoconfigure.thymeleaf.ThymeleafProperties'
[DEBUG] - [main] - DefaultListableBeanFactory: Creating shared instance of singleton bean 'defaultTemplateResolver'
[DEBUG] - [main] - DefaultListableBeanFactory: Creating shared instance of singleton bean 'org.springframework.boot.autoconfigure.thymeleaf.ThymeleafAutoConfiguration$DefaultTemplateResolverConfiguration'
[DEBUG] - [main] - DefaultListableBeanFactory: Autowiring by type from bean name 'org.springframework.boot.autoconfigure.thymeleaf.ThymeleafAutoConfiguration$DefaultTemplateResolverConfiguration' via constructor to bean named 'spring.thymeleaf-org.springframework.boot.autoconfigure.thymeleaf.ThymeleafProperties'
[DEBUG] - [main] - DefaultListableBeanFactory: Autowiring by type from bean name 'org.springframework.boot.autoconfigure.thymeleaf.ThymeleafAutoConfiguration$DefaultTemplateResolverConfiguration' via constructor to bean named 'org.springframework.web.context.support.GenericWebApplicationContext@2d7e1102'
[DEBUG] - [main] - DefaultListableBeanFactory: Autowiring by type from bean name 'thymeleafViewResolver' via factory method to bean named 'spring.thymeleaf-org.springframework.boot.autoconfigure.thymeleaf.ThymeleafProperties'
[DEBUG] - [main] - DefaultListableBeanFactory: Autowiring by type from bean name 'thymeleafViewResolver' via factory method to bean named 'templateEngine'
[DEBUG] - [main] - DefaultListableBeanFactory: Creating shared instance of singleton bean 'requestContextFilter'
[DEBUG] - [main] - DefaultListableBeanFactory: Creating shared instance of singleton bean 'org.springframework.boot.autoconfigure.web.servlet.WebMvcAutoConfiguration'
[DEBUG] - [main] - DefaultListableBeanFactory: Creating shared instance of singleton bean 'formContentFilter'
[DEBUG] - [main] - DefaultListableBeanFactory: Creating shared instance of singleton bean 'org.springframework.boot.autoconfigure.aop.AopAutoConfiguration$AspectJAutoProxyingConfiguration$CglibAutoProxyConfiguration'
[DEBUG] - [main] - DefaultListableBeanFactory: Creating shared instance of singleton bean 'org.springframework.boot.autoconfigure.aop.AopAutoConfiguration$AspectJAutoProxyingConfiguration'
[DEBUG] - [main] - DefaultListableBeanFactory: Creating shared instance of singleton bean 'org.springframework.boot.autoconfigure.aop.AopAutoConfiguration'
[DEBUG] - [main] - DefaultListableBeanFactory: Creating shared instance of singleton bean 'org.springframework.boot.autoconfigure.availability.ApplicationAvailabilityAutoConfiguration'
[DEBUG] - [main] - DefaultListableBeanFactory: Creating shared instance of singleton bean 'applicationAvailability'
[DEBUG] - [main] - DefaultListableBeanFactory: Creating shared instance of singleton bean 'org.springframework.boot.autoconfigure.transaction.jta.JtaAutoConfiguration'
[DEBUG] - [main] - DefaultListableBeanFactory: Creating shared instance of singleton bean 'org.springframework.boot.autoconfigure.jdbc.DataSourceAutoConfiguration$PooledDataSourceConfiguration'
[DEBUG] - [main] - DefaultListableBeanFactory: Creating shared instance of singleton bean 'org.springframework.boot.autoconfigure.jdbc.metadata.DataSourcePoolMetadataProvidersConfiguration'
[DEBUG] - [main] - DefaultListableBeanFactory: Creating shared instance of singleton bean 'org.springframework.boot.autoconfigure.jdbc.DataSourceAutoConfiguration'
[DEBUG] - [main] - DefaultListableBeanFactory: Creating shared instance of singleton bean 'org.springframework.boot.autoconfigure.orm.jpa.JpaBaseConfiguration$PersistenceManagedTypesConfiguration'
[DEBUG] - [main] - DefaultListableBeanFactory: Creating shared instance of singleton bean 'transactionManager'
[DEBUG] - [main] - DefaultListableBeanFactory: Creating shared instance of singleton bean 'platformTransactionManagerCustomizers'
[DEBUG] - [main] - DefaultListableBeanFactory: Creating shared instance of singleton bean 'org.springframework.boot.autoconfigure.transaction.TransactionAutoConfiguration'
[DEBUG] - [main] - DefaultListableBeanFactory: Creating shared instance of singleton bean 'spring.transaction-org.springframework.boot.autoconfigure.transaction.TransactionProperties'
[DEBUG] - [main] - DefaultListableBeanFactory: Creating shared instance of singleton bean 'org.springframework.boot.autoconfigure.orm.jpa.HibernateJpaAutoConfiguration'
[DEBUG] - [main] - DefaultListableBeanFactory: Creating shared instance of singleton bean 'org.springframework.boot.autoconfigure.context.ConfigurationPropertiesAutoConfiguration'
[DEBUG] - [main] - DefaultListableBeanFactory: Creating shared instance of singleton bean 'org.springframework.boot.autoconfigure.context.LifecycleAutoConfiguration'
[DEBUG] - [main] - DefaultListableBeanFactory: Creating shared instance of singleton bean 'lifecycleProcessor'
[DEBUG] - [main] - DefaultListableBeanFactory: Creating shared instance of singleton bean 'spring.lifecycle-org.springframework.boot.autoconfigure.context.LifecycleProperties'
[DEBUG] - [main] - DefaultListableBeanFactory: Autowiring by type from bean name 'lifecycleProcessor' via factory method to bean named 'spring.lifecycle-org.springframework.boot.autoconfigure.context.LifecycleProperties'
[DEBUG] - [main] - DefaultListableBeanFactory: Creating shared instance of singleton bean 'org.springframework.boot.autoconfigure.dao.PersistenceExceptionTranslationAutoConfiguration'
[DEBUG] - [main] - DefaultListableBeanFactory: Creating shared instance of singleton bean 'org.springframework.boot.autoconfigure.data.jpa.JpaRepositoriesAutoConfiguration'
[DEBUG] - [main] - DefaultListableBeanFactory: Creating shared instance of singleton bean 'org.springframework.data.jpa.util.JpaMetamodelCacheCleanup'
[DEBUG] - [main] - DefaultListableBeanFactory: Creating shared instance of singleton bean 'org.springframework.data.jpa.repository.support.JpaEvaluationContextExtension'
[DEBUG] - [main] - DefaultListableBeanFactory: Creating shared instance of singleton bean 'data-jpa.repository-aot-processor'
[DEBUG] - [main] - DefaultListableBeanFactory: Creating shared instance of singleton bean 'org.springframework.boot.autoconfigure.http.JacksonHttpMessageConvertersConfiguration'
[DEBUG] - [main] - DefaultListableBeanFactory: Creating shared instance of singleton bean 'org.springframework.data.web.config.ProjectingArgumentResolverRegistrar'
[DEBUG] - [main] - DefaultListableBeanFactory: Creating shared instance of singleton bean 'org.springframework.boot.autoconfigure.info.ProjectInfoAutoConfiguration'
[DEBUG] - [main] - DefaultListableBeanFactory: Creating shared instance of singleton bean 'spring.info-org.springframework.boot.autoconfigure.info.ProjectInfoProperties'
[DEBUG] - [main] - DefaultListableBeanFactory: Autowiring by type from bean name 'org.springframework.boot.autoconfigure.info.ProjectInfoAutoConfiguration' via constructor to bean named 'spring.info-org.springframework.boot.autoconfigure.info.ProjectInfoProperties'
[DEBUG] - [main] - DefaultListableBeanFactory: Creating shared instance of singleton bean 'org.springframework.boot.autoconfigure.jdbc.JdbcTemplateConfiguration'
[DEBUG] - [main] - DefaultListableBeanFactory: Creating shared instance of singleton bean 'jdbcTemplate'
[DEBUG] - [main] - DefaultListableBeanFactory: Creating shared instance of singleton bean 'spring.jdbc-org.springframework.boot.autoconfigure.jdbc.JdbcProperties'
[DEBUG] - [main] - DefaultListableBeanFactory: Autowiring by type from bean name 'jdbcTemplate' via factory method to bean named 'dataSource'
[DEBUG] - [main] - DefaultListableBeanFactory: Autowiring by type from bean name 'jdbcTemplate' via factory method to bean named 'spring.jdbc-org.springframework.boot.autoconfigure.jdbc.JdbcProperties'
[DEBUG] - [main] - DefaultListableBeanFactory: Creating shared instance of singleton bean 'org.springframework.boot.autoconfigure.jdbc.NamedParameterJdbcTemplateConfiguration'
[DEBUG] - [main] - DefaultListableBeanFactory: Creating shared instance of singleton bean 'namedParameterJdbcTemplate'
[DEBUG] - [main] - DefaultListableBeanFactory: Autowiring by type from bean name 'namedParameterJdbcTemplate' via factory method to bean named 'jdbcTemplate'
[DEBUG] - [main] - DefaultListableBeanFactory: Creating shared instance of singleton bean 'org.springframework.boot.autoconfigure.jdbc.JdbcTemplateAutoConfiguration'
[DEBUG] - [main] - DefaultListableBeanFactory: Creating shared instance of singleton bean 'org.springframework.boot.autoconfigure.sql.init.SqlInitializationAutoConfiguration'
[DEBUG] - [main] - DefaultListableBeanFactory: Creating shared instance of singleton bean 'org.springframework.boot.autoconfigure.task.TaskSchedulingAutoConfiguration'
[DEBUG] - [main] - DefaultListableBeanFactory: Creating shared instance of singleton bean 'taskSchedulerBuilder'
[DEBUG] - [main] - DefaultListableBeanFactory: Creating shared instance of singleton bean 'spring.task.scheduling-org.springframework.boot.autoconfigure.task.TaskSchedulingProperties'
[DEBUG] - [main] - DefaultListableBeanFactory: Autowiring by type from bean name 'taskSchedulerBuilder' via factory method to bean named 'spring.task.scheduling-org.springframework.boot.autoconfigure.task.TaskSchedulingProperties'
[DEBUG] - [main] - DefaultListableBeanFactory: Creating shared instance of singleton bean 'org.springframework.boot.autoconfigure.thymeleaf.ThymeleafAutoConfiguration$ThymeleafWebMvcConfiguration'
[DEBUG] - [main] - DefaultListableBeanFactory: Creating shared instance of singleton bean 'org.springframework.boot.autoconfigure.thymeleaf.ThymeleafAutoConfiguration'
[DEBUG] - [main] - DefaultListableBeanFactory: Creating shared instance of singleton bean 'org.springframework.boot.autoconfigure.jdbc.DataSourceTransactionManagerAutoConfiguration$JdbcTransactionManagerConfiguration'
[DEBUG] - [main] - DefaultListableBeanFactory: Creating shared instance of singleton bean 'org.springframework.boot.autoconfigure.jdbc.DataSourceTransactionManagerAutoConfiguration'
[DEBUG] - [main] - DefaultListableBeanFactory: Creating shared instance of singleton bean 'org.springframework.boot.autoconfigure.transaction.TransactionAutoConfiguration$EnableTransactionManagementConfiguration$CglibAutoProxyConfiguration'
[DEBUG] - [main] - DefaultListableBeanFactory: Creating shared instance of singleton bean 'org.springframework.boot.autoconfigure.transaction.TransactionAutoConfiguration$EnableTransactionManagementConfiguration'
[DEBUG] - [main] - DefaultListableBeanFactory: Creating shared instance of singleton bean 'org.springframework.boot.autoconfigure.transaction.TransactionAutoConfiguration$TransactionTemplateConfiguration'
[DEBUG] - [main] - DefaultListableBeanFactory: Creating shared instance of singleton bean 'transactionTemplate'
[DEBUG] - [main] - DefaultListableBeanFactory: Autowiring by type from bean name 'transactionTemplate' via factory method to bean named 'transactionManager'
[DEBUG] - [main] - DefaultListableBeanFactory: Creating shared instance of singleton bean 'org.springframework.boot.autoconfigure.web.client.RestTemplateAutoConfiguration'
[DEBUG] - [main] - DefaultListableBeanFactory: Creating shared instance of singleton bean 'org.springframework.boot.autoconfigure.web.embedded.EmbeddedWebServerFactoryCustomizerAutoConfiguration'
[DEBUG] - [main] - DefaultListableBeanFactory: Creating shared instance of singleton bean 'characterEncodingFilter'
[DEBUG] - [main] - DefaultListableBeanFactory: Creating shared instance of singleton bean 'multipartResolver'
[DEBUG] - [main] - DefaultLifecycleProcessor: Starting beans in phase -2147483647
[DEBUG] - [main] - DefaultLifecycleProcessor: Successfully started bean 'springBootLoggingLifecycle'
[DEBUG] - [main] - ConditionEvaluationReportLogger: 


============================
CONDITIONS EVALUATION REPORT
============================


Positive matches:
-----------------

   AopAutoConfiguration matched:
      - @ConditionalOnProperty (spring.aop.auto=true) matched (OnPropertyCondition)

   AopAutoConfiguration.AspectJAutoProxyingConfiguration matched:
      - @ConditionalOnClass found required class 'org.aspectj.weaver.Advice' (OnClassCondition)

   AopAutoConfiguration.AspectJAutoProxyingConfiguration.CglibAutoProxyConfiguration matched:
      - @ConditionalOnProperty (spring.aop.proxy-target-class=true) matched (OnPropertyCondition)

   DataSourceAutoConfiguration matched:
      - @ConditionalOnClass found required classes 'javax.sql.DataSource', 'org.springframework.jdbc.datasource.embedded.EmbeddedDatabaseType' (OnClassCondition)
      - @ConditionalOnMissingBean (types: io.r2dbc.spi.ConnectionFactory; SearchStrategy: all) did not find any beans (OnBeanCondition)

   DataSourceAutoConfiguration.PooledDataSourceConfiguration matched:
      - AnyNestedCondition 1 matched 1 did not; NestedCondition on DataSourceAutoConfiguration.PooledDataSourceCondition.PooledDataSourceAvailable PooledDataSource found supported DataSource; NestedCondition on DataSourceAutoConfiguration.PooledDataSourceCondition.ExplicitType @ConditionalOnProperty (spring.datasource.type) did not find property 'type' (DataSourceAutoConfiguration.PooledDataSourceCondition)
      - @ConditionalOnMissingBean (types: javax.sql.DataSource,javax.sql.XADataSource; SearchStrategy: all) did not find any beans (OnBeanCondition)

   DataSourceConfiguration.Hikari matched:
      - @ConditionalOnClass found required class 'com.zaxxer.hikari.HikariDataSource' (OnClassCondition)
      - @ConditionalOnProperty (spring.datasource.type=com.zaxxer.hikari.HikariDataSource) matched (OnPropertyCondition)
      - @ConditionalOnMissingBean (types: javax.sql.DataSource; SearchStrategy: all) did not find any beans (OnBeanCondition)

   DataSourceInitializationConfiguration matched:
      - @ConditionalOnClass found required class 'org.springframework.jdbc.datasource.init.DatabasePopulator' (OnClassCondition)
      - @ConditionalOnSingleCandidate (types: javax.sql.DataSource; SearchStrategy: all) found a single bean 'dataSource'; @ConditionalOnMissingBean (types: org.springframework.boot.autoconfigure.sql.init.SqlDataSourceScriptDatabaseInitializer,org.springframework.boot.autoconfigure.sql.init.SqlR2dbcScriptDatabaseInitializer; SearchStrategy: all) did not find any beans (OnBeanCondition)

   DataSourcePoolMetadataProvidersConfiguration.HikariPoolDataSourceMetadataProviderConfiguration matched:
      - @ConditionalOnClass found required class 'com.zaxxer.hikari.HikariDataSource' (OnClassCondition)

   DataSourceTransactionManagerAutoConfiguration matched:
      - @ConditionalOnClass found required classes 'org.springframework.jdbc.core.JdbcTemplate', 'org.springframework.transaction.TransactionManager' (OnClassCondition)

   DataSourceTransactionManagerAutoConfiguration.JdbcTransactionManagerConfiguration matched:
      - @ConditionalOnSingleCandidate (types: javax.sql.DataSource; SearchStrategy: all) found a single bean 'dataSource' (OnBeanCondition)

   DispatcherServletAutoConfiguration matched:
      - @ConditionalOnClass found required class 'org.springframework.web.servlet.DispatcherServlet' (OnClassCondition)
      - found 'session' scope (OnWebApplicationCondition)

   DispatcherServletAutoConfiguration.DispatcherServletConfiguration matched:
      - @ConditionalOnClass found required class 'jakarta.servlet.ServletRegistration' (OnClassCondition)
      - Default DispatcherServlet did not find dispatcher servlet beans (DispatcherServletAutoConfiguration.DefaultDispatcherServletCondition)

   DispatcherServletAutoConfiguration.DispatcherServletRegistrationConfiguration matched:
      - @ConditionalOnClass found required class 'jakarta.servlet.ServletRegistration' (OnClassCondition)
      - DispatcherServlet Registration did not find servlet registration bean (DispatcherServletAutoConfiguration.DispatcherServletRegistrationCondition)

   DispatcherServletAutoConfiguration.DispatcherServletRegistrationConfiguration#dispatcherServletRegistration matched:
      - @ConditionalOnBean (names: dispatcherServlet types: org.springframework.web.servlet.DispatcherServlet; SearchStrategy: all) found bean 'dispatcherServlet' (OnBeanCondition)

   EmbeddedWebServerFactoryCustomizerAutoConfiguration matched:
      - @ConditionalOnWebApplication (required) found 'session' scope (OnWebApplicationCondition)

   EmbeddedWebServerFactoryCustomizerAutoConfiguration.TomcatWebServerFactoryCustomizerConfiguration matched:
      - @ConditionalOnClass found required classes 'org.apache.catalina.startup.Tomcat', 'org.apache.coyote.UpgradeProtocol' (OnClassCondition)

   GenericCacheConfiguration matched:
      - Cache org.springframework.boot.autoconfigure.cache.GenericCacheConfiguration automatic cache type (CacheCondition)

   HibernateJpaAutoConfiguration matched:
      - @ConditionalOnClass found required classes 'org.springframework.orm.jpa.LocalContainerEntityManagerFactoryBean', 'jakarta.persistence.EntityManager', 'org.hibernate.engine.spi.SessionImplementor' (OnClassCondition)

   HibernateJpaConfiguration matched:
      - @ConditionalOnSingleCandidate (types: javax.sql.DataSource; SearchStrategy: all) found a single bean 'dataSource' (OnBeanCondition)

   HttpEncodingAutoConfiguration matched:
      - @ConditionalOnClass found required class 'org.springframework.web.filter.CharacterEncodingFilter' (OnClassCondition)
      - found 'session' scope (OnWebApplicationCondition)
      - @ConditionalOnProperty (server.servlet.encoding.enabled) matched (OnPropertyCondition)

   HttpEncodingAutoConfiguration#characterEncodingFilter matched:
      - @ConditionalOnMissingBean (types: org.springframework.web.filter.CharacterEncodingFilter; SearchStrategy: all) did not find any beans (OnBeanCondition)

   HttpMessageConvertersAutoConfiguration matched:
      - @ConditionalOnClass found required class 'org.springframework.http.converter.HttpMessageConverter' (OnClassCondition)
      - NoneNestedConditions 0 matched 1 did not; NestedCondition on HttpMessageConvertersAutoConfiguration.NotReactiveWebApplicationCondition.ReactiveWebApplication did not find reactive web application classes (HttpMessageConvertersAutoConfiguration.NotReactiveWebApplicationCondition)

   HttpMessageConvertersAutoConfiguration#messageConverters matched:
      - @ConditionalOnMissingBean (types: org.springframework.boot.autoconfigure.http.HttpMessageConverters; SearchStrategy: all) did not find any beans (OnBeanCondition)

   HttpMessageConvertersAutoConfiguration.StringHttpMessageConverterConfiguration matched:
      - @ConditionalOnClass found required class 'org.springframework.http.converter.StringHttpMessageConverter' (OnClassCondition)

   HttpMessageConvertersAutoConfiguration.StringHttpMessageConverterConfiguration#stringHttpMessageConverter matched:
      - @ConditionalOnMissingBean (types: org.springframework.http.converter.StringHttpMessageConverter; SearchStrategy: all) did not find any beans (OnBeanCondition)

   JacksonAutoConfiguration matched:
      - @ConditionalOnClass found required class 'com.fasterxml.jackson.databind.ObjectMapper' (OnClassCondition)

   JacksonAutoConfiguration.Jackson2ObjectMapperBuilderCustomizerConfiguration matched:
      - @ConditionalOnClass found required class 'org.springframework.http.converter.json.Jackson2ObjectMapperBuilder' (OnClassCondition)

   JacksonAutoConfiguration.JacksonObjectMapperBuilderConfiguration matched:
      - @ConditionalOnClass found required class 'org.springframework.http.converter.json.Jackson2ObjectMapperBuilder' (OnClassCondition)

   JacksonAutoConfiguration.JacksonObjectMapperBuilderConfiguration#jacksonObjectMapperBuilder matched:
      - @ConditionalOnMissingBean (types: org.springframework.http.converter.json.Jackson2ObjectMapperBuilder; SearchStrategy: all) did not find any beans (OnBeanCondition)

   JacksonAutoConfiguration.JacksonObjectMapperConfiguration matched:
      - @ConditionalOnClass found required class 'org.springframework.http.converter.json.Jackson2ObjectMapperBuilder' (OnClassCondition)

   JacksonAutoConfiguration.JacksonObjectMapperConfiguration#jacksonObjectMapper matched:
      - @ConditionalOnMissingBean (types: com.fasterxml.jackson.databind.ObjectMapper; SearchStrategy: all) did not find any beans (OnBeanCondition)

   JacksonAutoConfiguration.ParameterNamesModuleConfiguration matched:
      - @ConditionalOnClass found required class 'com.fasterxml.jackson.module.paramnames.ParameterNamesModule' (OnClassCondition)

   JacksonAutoConfiguration.ParameterNamesModuleConfiguration#parameterNamesModule matched:
      - @ConditionalOnMissingBean (types: com.fasterxml.jackson.module.paramnames.ParameterNamesModule; SearchStrategy: all) did not find any beans (OnBeanCondition)

   JacksonHttpMessageConvertersConfiguration.MappingJackson2HttpMessageConverterConfiguration matched:
      - @ConditionalOnClass found required class 'com.fasterxml.jackson.databind.ObjectMapper' (OnClassCondition)
      - @ConditionalOnProperty (spring.mvc.converters.preferred-json-mapper=jackson) matched (OnPropertyCondition)
      - @ConditionalOnBean (types: com.fasterxml.jackson.databind.ObjectMapper; SearchStrategy: all) found bean 'jacksonObjectMapper' (OnBeanCondition)

   JacksonHttpMessageConvertersConfiguration.MappingJackson2HttpMessageConverterConfiguration#mappingJackson2HttpMessageConverter matched:
      - @ConditionalOnMissingBean (types: org.springframework.http.converter.json.MappingJackson2HttpMessageConverter ignored: org.springframework.hateoas.server.mvc.TypeConstrainedMappingJackson2HttpMessageConverter,org.springframework.data.rest.webmvc.alps.AlpsJsonHttpMessageConverter; SearchStrategy: all) did not find any beans (OnBeanCondition)

   JdbcTemplateAutoConfiguration matched:
      - @ConditionalOnClass found required classes 'javax.sql.DataSource', 'org.springframework.jdbc.core.JdbcTemplate' (OnClassCondition)
      - @ConditionalOnSingleCandidate (types: javax.sql.DataSource; SearchStrategy: all) found a single bean 'dataSource' (OnBeanCondition)

   JdbcTemplateConfiguration matched:
      - @ConditionalOnMissingBean (types: org.springframework.jdbc.core.JdbcOperations; SearchStrategy: all) did not find any beans (OnBeanCondition)

   JpaBaseConfiguration#entityManagerFactory matched:
      - @ConditionalOnMissingBean (types: org.springframework.orm.jpa.LocalContainerEntityManagerFactoryBean,jakarta.persistence.EntityManagerFactory; SearchStrategy: all) did not find any beans (OnBeanCondition)

   JpaBaseConfiguration#entityManagerFactoryBuilder matched:
      - @ConditionalOnMissingBean (types: org.springframework.boot.orm.jpa.EntityManagerFactoryBuilder; SearchStrategy: all) did not find any beans (OnBeanCondition)

   JpaBaseConfiguration#jpaVendorAdapter matched:
      - @ConditionalOnMissingBean (types: org.springframework.orm.jpa.JpaVendorAdapter; SearchStrategy: all) did not find any beans (OnBeanCondition)

   JpaBaseConfiguration#transactionManager matched:
      - @ConditionalOnMissingBean (types: org.springframework.transaction.TransactionManager; SearchStrategy: all) did not find any beans (OnBeanCondition)

   JpaBaseConfiguration.JpaWebConfiguration matched:
      - @ConditionalOnClass found required class 'org.springframework.web.servlet.config.annotation.WebMvcConfigurer' (OnClassCondition)
      - found 'session' scope (OnWebApplicationCondition)
      - @ConditionalOnProperty (spring.jpa.open-in-view=true) matched (OnPropertyCondition)
      - @ConditionalOnMissingBean (types: org.springframework.orm.jpa.support.OpenEntityManagerInViewInterceptor,org.springframework.orm.jpa.support.OpenEntityManagerInViewFilter; SearchStrategy: all) did not find any beans (OnBeanCondition)

   JpaBaseConfiguration.PersistenceManagedTypesConfiguration matched:
      - @ConditionalOnMissingBean (types: org.springframework.orm.jpa.LocalContainerEntityManagerFactoryBean,jakarta.persistence.EntityManagerFactory; SearchStrategy: all) did not find any beans (OnBeanCondition)

   JpaBaseConfiguration.PersistenceManagedTypesConfiguration#persistenceManagedTypes matched:
      - @ConditionalOnMissingBean (types: org.springframework.orm.jpa.persistenceunit.PersistenceManagedTypes; SearchStrategy: all) did not find any beans (OnBeanCondition)

   JpaRepositoriesAutoConfiguration matched:
      - @ConditionalOnClass found required class 'org.springframework.data.jpa.repository.JpaRepository' (OnClassCondition)
      - @ConditionalOnProperty (spring.data.jpa.repositories.enabled=true) matched (OnPropertyCondition)
      - @ConditionalOnBean (types: javax.sql.DataSource; SearchStrategy: all) found bean 'dataSource'; @ConditionalOnMissingBean (types: org.springframework.data.jpa.repository.support.JpaRepositoryFactoryBean,org.springframework.data.jpa.repository.config.JpaRepositoryConfigExtension; SearchStrategy: all) did not find any beans (OnBeanCondition)

   JtaAutoConfiguration matched:
      - @ConditionalOnClass found required class 'jakarta.transaction.Transaction' (OnClassCondition)
      - @ConditionalOnProperty (spring.jta.enabled) matched (OnPropertyCondition)

   LifecycleAutoConfiguration#defaultLifecycleProcessor matched:
      - @ConditionalOnMissingBean (names: lifecycleProcessor; SearchStrategy: current) did not find any beans (OnBeanCondition)

   MultipartAutoConfiguration matched:
      - @ConditionalOnClass found required classes 'jakarta.servlet.Servlet', 'org.springframework.web.multipart.support.StandardServletMultipartResolver', 'jakarta.servlet.MultipartConfigElement' (OnClassCondition)
      - found 'session' scope (OnWebApplicationCondition)
      - @ConditionalOnProperty (spring.servlet.multipart.enabled) matched (OnPropertyCondition)

   MultipartAutoConfiguration#multipartConfigElement matched:
      - @ConditionalOnMissingBean (types: jakarta.servlet.MultipartConfigElement; SearchStrategy: all) did not find any beans (OnBeanCondition)

   MultipartAutoConfiguration#multipartResolver matched:
      - @ConditionalOnMissingBean (types: org.springframework.web.multipart.MultipartResolver; SearchStrategy: all) did not find any beans (OnBeanCondition)

   NamedParameterJdbcTemplateConfiguration matched:
      - @ConditionalOnSingleCandidate (types: org.springframework.jdbc.core.JdbcTemplate; SearchStrategy: all) found a single bean 'jdbcTemplate'; @ConditionalOnMissingBean (types: org.springframework.jdbc.core.namedparam.NamedParameterJdbcOperations; SearchStrategy: all) did not find any beans (OnBeanCondition)

   NoOpCacheConfiguration matched:
      - Cache org.springframework.boot.autoconfigure.cache.NoOpCacheConfiguration automatic cache type (CacheCondition)

   PersistenceExceptionTranslationAutoConfiguration matched:
      - @ConditionalOnClass found required class 'org.springframework.dao.annotation.PersistenceExceptionTranslationPostProcessor' (OnClassCondition)

   PersistenceExceptionTranslationAutoConfiguration#persistenceExceptionTranslationPostProcessor matched:
      - @ConditionalOnProperty (spring.dao.exceptiontranslation.enabled) matched (OnPropertyCondition)
      - @ConditionalOnMissingBean (types: org.springframework.dao.annotation.PersistenceExceptionTranslationPostProcessor; SearchStrategy: all) did not find any beans (OnBeanCondition)

   PropertyPlaceholderAutoConfiguration#propertySourcesPlaceholderConfigurer matched:
      - @ConditionalOnMissingBean (types: org.springframework.context.support.PropertySourcesPlaceholderConfigurer; SearchStrategy: current) did not find any beans (OnBeanCondition)

   RestTemplateAutoConfiguration matched:
      - @ConditionalOnClass found required class 'org.springframework.web.client.RestTemplate' (OnClassCondition)
      - NoneNestedConditions 0 matched 1 did not; NestedCondition on RestTemplateAutoConfiguration.NotReactiveWebApplicationCondition.ReactiveWebApplication did not find reactive web application classes (RestTemplateAutoConfiguration.NotReactiveWebApplicationCondition)

   RestTemplateAutoConfiguration#restTemplateBuilder matched:
      - @ConditionalOnMissingBean (types: org.springframework.boot.web.client.RestTemplateBuilder; SearchStrategy: all) did not find any beans (OnBeanCondition)

   RestTemplateAutoConfiguration#restTemplateBuilderConfigurer matched:
      - @ConditionalOnMissingBean (types: org.springframework.boot.autoconfigure.web.client.RestTemplateBuilderConfigurer; SearchStrategy: all) did not find any beans (OnBeanCondition)

   ServletWebServerFactoryAutoConfiguration matched:
      - @ConditionalOnClass found required class 'jakarta.servlet.ServletRequest' (OnClassCondition)
      - found 'session' scope (OnWebApplicationCondition)

   ServletWebServerFactoryAutoConfiguration#tomcatServletWebServerFactoryCustomizer matched:
      - @ConditionalOnClass found required class 'org.apache.catalina.startup.Tomcat' (OnClassCondition)

   ServletWebServerFactoryConfiguration.EmbeddedTomcat matched:
      - @ConditionalOnClass found required classes 'jakarta.servlet.Servlet', 'org.apache.catalina.startup.Tomcat', 'org.apache.coyote.UpgradeProtocol' (OnClassCondition)
      - @ConditionalOnMissingBean (types: org.springframework.boot.web.servlet.server.ServletWebServerFactory; SearchStrategy: current) did not find any beans (OnBeanCondition)

   SimpleCacheConfiguration matched:
      - Cache org.springframework.boot.autoconfigure.cache.SimpleCacheConfiguration automatic cache type (CacheCondition)

   SpringDataWebAutoConfiguration matched:
      - @ConditionalOnClass found required classes 'org.springframework.data.web.PageableHandlerMethodArgumentResolver', 'org.springframework.web.servlet.config.annotation.WebMvcConfigurer' (OnClassCondition)
      - found 'session' scope (OnWebApplicationCondition)
      - @ConditionalOnMissingBean (types: org.springframework.data.web.PageableHandlerMethodArgumentResolver; SearchStrategy: all) did not find any beans (OnBeanCondition)

   SpringDataWebAutoConfiguration#pageableCustomizer matched:
      - @ConditionalOnMissingBean (types: org.springframework.data.web.config.PageableHandlerMethodArgumentResolverCustomizer; SearchStrategy: all) did not find any beans (OnBeanCondition)

   SpringDataWebAutoConfiguration#sortCustomizer matched:
      - @ConditionalOnMissingBean (types: org.springframework.data.web.config.SortHandlerMethodArgumentResolverCustomizer; SearchStrategy: all) did not find any beans (OnBeanCondition)

   SqlInitializationAutoConfiguration matched:
      - @ConditionalOnProperty (spring.sql.init.enabled) matched (OnPropertyCondition)
      - NoneNestedConditions 0 matched 1 did not; NestedCondition on SqlInitializationAutoConfiguration.SqlInitializationModeCondition.ModeIsNever @ConditionalOnProperty (spring.sql.init.mode=never) did not find property 'mode' (SqlInitializationAutoConfiguration.SqlInitializationModeCondition)

   TaskExecutionAutoConfiguration matched:
      - @ConditionalOnClass found required class 'org.springframework.scheduling.concurrent.ThreadPoolTaskExecutor' (OnClassCondition)

   TaskExecutionAutoConfiguration#applicationTaskExecutor matched:
      - @ConditionalOnMissingBean (types: java.util.concurrent.Executor; SearchStrategy: all) did not find any beans (OnBeanCondition)

   TaskExecutionAutoConfiguration#taskExecutorBuilder matched:
      - @ConditionalOnMissingBean (types: org.springframework.boot.task.TaskExecutorBuilder; SearchStrategy: all) did not find any beans (OnBeanCondition)

   TaskSchedulingAutoConfiguration matched:
      - @ConditionalOnClass found required class 'org.springframework.scheduling.concurrent.ThreadPoolTaskScheduler' (OnClassCondition)

   TaskSchedulingAutoConfiguration#taskSchedulerBuilder matched:
      - @ConditionalOnMissingBean (types: org.springframework.boot.task.TaskSchedulerBuilder; SearchStrategy: all) did not find any beans (OnBeanCondition)

   TemplateEngineConfigurations.DefaultTemplateEngineConfiguration#templateEngine matched:
      - @ConditionalOnMissingBean (types: org.thymeleaf.spring6.ISpringTemplateEngine; SearchStrategy: all) did not find any beans (OnBeanCondition)

   ThymeleafAutoConfiguration matched:
      - @ConditionalOnClass found required classes 'org.thymeleaf.templatemode.TemplateMode', 'org.thymeleaf.spring6.SpringTemplateEngine' (OnClassCondition)

   ThymeleafAutoConfiguration.DefaultTemplateResolverConfiguration matched:
      - @ConditionalOnMissingBean (names: defaultTemplateResolver; SearchStrategy: all) did not find any beans (OnBeanCondition)

   ThymeleafAutoConfiguration.ThymeleafWebMvcConfiguration matched:
      - found 'session' scope (OnWebApplicationCondition)
      - @ConditionalOnProperty (spring.thymeleaf.enabled) matched (OnPropertyCondition)

   ThymeleafAutoConfiguration.ThymeleafWebMvcConfiguration.ThymeleafViewResolverConfiguration#thymeleafViewResolver matched:
      - @ConditionalOnMissingBean (names: thymeleafViewResolver; SearchStrategy: all) did not find any beans (OnBeanCondition)

   TransactionAutoConfiguration matched:
      - @ConditionalOnClass found required class 'org.springframework.transaction.PlatformTransactionManager' (OnClassCondition)

   TransactionAutoConfiguration#platformTransactionManagerCustomizers matched:
      - @ConditionalOnMissingBean (types: org.springframework.boot.autoconfigure.transaction.TransactionManagerCustomizers; SearchStrategy: all) did not find any beans (OnBeanCondition)

   TransactionAutoConfiguration.EnableTransactionManagementConfiguration matched:
      - @ConditionalOnBean (types: org.springframework.transaction.TransactionManager; SearchStrategy: all) found bean 'transactionManager'; @ConditionalOnMissingBean (types: org.springframework.transaction.annotation.AbstractTransactionManagementConfiguration; SearchStrategy: all) did not find any beans (OnBeanCondition)

   TransactionAutoConfiguration.EnableTransactionManagementConfiguration.CglibAutoProxyConfiguration matched:
      - @ConditionalOnProperty (spring.aop.proxy-target-class=true) matched (OnPropertyCondition)

   TransactionAutoConfiguration.TransactionTemplateConfiguration matched:
      - @ConditionalOnSingleCandidate (types: org.springframework.transaction.PlatformTransactionManager; SearchStrategy: all) found a single bean 'transactionManager' (OnBeanCondition)

   TransactionAutoConfiguration.TransactionTemplateConfiguration#transactionTemplate matched:
      - @ConditionalOnMissingBean (types: org.springframework.transaction.support.TransactionOperations; SearchStrategy: all) did not find any beans (OnBeanCondition)

   WebMvcAutoConfiguration matched:
      - @ConditionalOnClass found required classes 'jakarta.servlet.Servlet', 'org.springframework.web.servlet.DispatcherServlet', 'org.springframework.web.servlet.config.annotation.WebMvcConfigurer' (OnClassCondition)
      - found 'session' scope (OnWebApplicationCondition)
      - @ConditionalOnMissingBean (types: org.springframework.web.servlet.config.annotation.WebMvcConfigurationSupport; SearchStrategy: all) did not find any beans (OnBeanCondition)

   WebMvcAutoConfiguration#formContentFilter matched:
      - @ConditionalOnProperty (spring.mvc.formcontent.filter.enabled) matched (OnPropertyCondition)
      - @ConditionalOnMissingBean (types: org.springframework.web.filter.FormContentFilter; SearchStrategy: all) did not find any beans (OnBeanCondition)

   WebMvcAutoConfiguration.EnableWebMvcConfiguration#flashMapManager matched:
      - @ConditionalOnMissingBean (names: flashMapManager; SearchStrategy: all) did not find any beans (OnBeanCondition)

   WebMvcAutoConfiguration.EnableWebMvcConfiguration#localeResolver matched:
      - @ConditionalOnMissingBean (names: localeResolver; SearchStrategy: all) did not find any beans (OnBeanCondition)

   WebMvcAutoConfiguration.EnableWebMvcConfiguration#themeResolver matched:
      - @ConditionalOnMissingBean (names: themeResolver; SearchStrategy: all) did not find any beans (OnBeanCondition)

   WebMvcAutoConfiguration.WebMvcAutoConfigurationAdapter#defaultViewResolver matched:
      - @ConditionalOnMissingBean (types: org.springframework.web.servlet.view.InternalResourceViewResolver; SearchStrategy: all) did not find any beans (OnBeanCondition)

   WebMvcAutoConfiguration.WebMvcAutoConfigurationAdapter#requestContextFilter matched:
      - @ConditionalOnMissingBean (types: org.springframework.web.context.request.RequestContextListener,org.springframework.web.filter.RequestContextFilter; SearchStrategy: all) did not find any beans (OnBeanCondition)

   WebMvcAutoConfiguration.WebMvcAutoConfigurationAdapter#viewResolver matched:
      - @ConditionalOnBean (types: org.springframework.web.servlet.ViewResolver; SearchStrategy: all) found beans 'defaultViewResolver', 'mvcViewResolver'; @ConditionalOnMissingBean (names: viewResolver types: org.springframework.web.servlet.view.ContentNegotiatingViewResolver; SearchStrategy: all) did not find any beans (OnBeanCondition)

   WebSocketServletAutoConfiguration matched:
      - @ConditionalOnClass found required classes 'jakarta.servlet.Servlet', 'jakarta.websocket.server.ServerContainer' (OnClassCondition)
      - found 'session' scope (OnWebApplicationCondition)

   WebSocketServletAutoConfiguration.TomcatWebSocketConfiguration matched:
      - @ConditionalOnClass found required classes 'org.apache.catalina.startup.Tomcat', 'org.apache.tomcat.websocket.server.WsSci' (OnClassCondition)

   WebSocketServletAutoConfiguration.TomcatWebSocketConfiguration#websocketServletWebServerCustomizer matched:
      - @ConditionalOnMissingBean (names: websocketServletWebServerCustomizer; SearchStrategy: all) did not find any beans (OnBeanCondition)


Negative matches:
-----------------

   AopAutoConfiguration.AspectJAutoProxyingConfiguration.JdkDynamicAutoProxyConfiguration:
      Did not match:
         - @ConditionalOnProperty (spring.aop.proxy-target-class=false) did not find property 'proxy-target-class' (OnPropertyCondition)

   AopAutoConfiguration.ClassProxyingConfiguration:
      Did not match:
         - @ConditionalOnMissingClass found unwanted class 'org.aspectj.weaver.Advice' (OnClassCondition)

   ArtemisAutoConfiguration:
      Did not match:
         - @ConditionalOnClass did not find required class 'jakarta.jms.ConnectionFactory' (OnClassCondition)

   BatchAutoConfiguration:
      Did not match:
         - @ConditionalOnClass did not find required class 'org.springframework.batch.core.launch.JobLauncher' (OnClassCondition)

   Cache2kCacheConfiguration:
      Did not match:
         - @ConditionalOnClass did not find required class 'org.cache2k.Cache2kBuilder' (OnClassCondition)

   CacheAutoConfiguration:
      Did not match:
         - @ConditionalOnBean (types: org.springframework.cache.interceptor.CacheAspectSupport; SearchStrategy: all) did not find any beans of type org.springframework.cache.interceptor.CacheAspectSupport (OnBeanCondition)
      Matched:
         - @ConditionalOnClass found required class 'org.springframework.cache.CacheManager' (OnClassCondition)

   CacheAutoConfiguration.CacheManagerEntityManagerFactoryDependsOnPostProcessor:
      Did not match:
         - Ancestor org.springframework.boot.autoconfigure.cache.CacheAutoConfiguration did not match (ConditionEvaluationReport.AncestorsMatchedCondition)
      Matched:
         - @ConditionalOnClass found required class 'org.springframework.orm.jpa.LocalContainerEntityManagerFactoryBean' (OnClassCondition)

   CaffeineCacheConfiguration:
      Did not match:
         - @ConditionalOnClass did not find required class 'com.github.benmanes.caffeine.cache.Caffeine' (OnClassCondition)

   CassandraAutoConfiguration:
      Did not match:
         - @ConditionalOnClass did not find required class 'com.datastax.oss.driver.api.core.CqlSession' (OnClassCondition)

   CassandraDataAutoConfiguration:
      Did not match:
         - @ConditionalOnClass did not find required class 'com.datastax.oss.driver.api.core.CqlSession' (OnClassCondition)

   CassandraReactiveDataAutoConfiguration:
      Did not match:
         - @ConditionalOnClass did not find required class 'com.datastax.oss.driver.api.core.CqlSession' (OnClassCondition)

   CassandraReactiveRepositoriesAutoConfiguration:
      Did not match:
         - @ConditionalOnClass did not find required class 'org.springframework.data.cassandra.ReactiveSession' (OnClassCondition)

   CassandraRepositoriesAutoConfiguration:
      Did not match:
         - @ConditionalOnClass did not find required class 'com.datastax.oss.driver.api.core.CqlSession' (OnClassCondition)

   ClientHttpConnectorAutoConfiguration:
      Did not match:
         - @ConditionalOnClass did not find required class 'org.springframework.web.reactive.function.client.WebClient' (OnClassCondition)

   CodecsAutoConfiguration:
      Did not match:
         - @ConditionalOnClass did not find required class 'org.springframework.web.reactive.function.client.WebClient' (OnClassCondition)

   CouchbaseAutoConfiguration:
      Did not match:
         - @ConditionalOnClass did not find required class 'com.couchbase.client.java.Cluster' (OnClassCondition)

   CouchbaseCacheConfiguration:
      Did not match:
         - @ConditionalOnClass did not find required class 'com.couchbase.client.java.Cluster' (OnClassCondition)

   CouchbaseDataAutoConfiguration:
      Did not match:
         - @ConditionalOnClass did not find required class 'com.couchbase.client.java.Bucket' (OnClassCondition)

   CouchbaseReactiveDataAutoConfiguration:
      Did not match:
         - @ConditionalOnClass did not find required class 'com.couchbase.client.java.Cluster' (OnClassCondition)

   CouchbaseReactiveRepositoriesAutoConfiguration:
      Did not match:
         - @ConditionalOnClass did not find required class 'com.couchbase.client.java.Cluster' (OnClassCondition)

   CouchbaseRepositoriesAutoConfiguration:
      Did not match:
         - @ConditionalOnClass did not find required class 'com.couchbase.client.java.Bucket' (OnClassCondition)

   DataSourceAutoConfiguration.EmbeddedDatabaseConfiguration:
      Did not match:
         - EmbeddedDataSource spring.datasource.url is set (DataSourceAutoConfiguration.EmbeddedDatabaseCondition)

   DataSourceConfiguration.Dbcp2:
      Did not match:
         - @ConditionalOnClass did not find required class 'org.apache.commons.dbcp2.BasicDataSource' (OnClassCondition)

   DataSourceConfiguration.Generic:
      Did not match:
         - @ConditionalOnProperty (spring.datasource.type) did not find property 'spring.datasource.type' (OnPropertyCondition)

   DataSourceConfiguration.OracleUcp:
      Did not match:
         - @ConditionalOnClass did not find required classes 'oracle.ucp.jdbc.PoolDataSourceImpl', 'oracle.jdbc.OracleConnection' (OnClassCondition)

   DataSourceConfiguration.Tomcat:
      Did not match:
         - @ConditionalOnClass did not find required class 'org.apache.tomcat.jdbc.pool.DataSource' (OnClassCondition)

   DataSourceJmxConfiguration:
      Did not match:
         - @ConditionalOnProperty (spring.jmx.enabled=true) found different value in property 'enabled' (OnPropertyCondition)

   DataSourcePoolMetadataProvidersConfiguration.CommonsDbcp2PoolDataSourceMetadataProviderConfiguration:
      Did not match:
         - @ConditionalOnClass did not find required class 'org.apache.commons.dbcp2.BasicDataSource' (OnClassCondition)

   DataSourcePoolMetadataProvidersConfiguration.OracleUcpPoolDataSourceMetadataProviderConfiguration:
      Did not match:
         - @ConditionalOnClass did not find required classes 'oracle.ucp.jdbc.PoolDataSource', 'oracle.jdbc.OracleConnection' (OnClassCondition)

   DataSourcePoolMetadataProvidersConfiguration.TomcatDataSourcePoolMetadataProviderConfiguration:
      Did not match:
         - @ConditionalOnClass did not find required class 'org.apache.tomcat.jdbc.pool.DataSource' (OnClassCondition)

   DataSourceTransactionManagerAutoConfiguration.JdbcTransactionManagerConfiguration#transactionManager:
      Did not match:
         - @ConditionalOnMissingBean (types: org.springframework.transaction.TransactionManager; SearchStrategy: all) found beans of type 'org.springframework.transaction.TransactionManager' transactionManager (OnBeanCondition)

   DevToolsDataSourceAutoConfiguration:
      Did not match:
         - Devtools devtools is disabled for current context. (OnEnabledDevToolsCondition)

   DevToolsR2dbcAutoConfiguration:
      Did not match:
         - @ConditionalOnClass did not find required class 'io.r2dbc.spi.ConnectionFactory' (OnClassCondition)

   DispatcherServletAutoConfiguration.DispatcherServletConfiguration#multipartResolver:
      Did not match:
         - @ConditionalOnBean (types: org.springframework.web.multipart.MultipartResolver; SearchStrategy: all) did not find any beans of type org.springframework.web.multipart.MultipartResolver (OnBeanCondition)

   ElasticsearchClientAutoConfiguration:
      Did not match:
         - @ConditionalOnClass did not find required class 'co.elastic.clients.elasticsearch.ElasticsearchClient' (OnClassCondition)

   ElasticsearchDataAutoConfiguration:
      Did not match:
         - @ConditionalOnClass did not find required class 'org.springframework.data.elasticsearch.client.elc.ElasticsearchTemplate' (OnClassCondition)

   ElasticsearchRepositoriesAutoConfiguration:
      Did not match:
         - @ConditionalOnClass did not find required class 'org.springframework.data.elasticsearch.repository.ElasticsearchRepository' (OnClassCondition)

   ElasticsearchRestClientAutoConfiguration:
      Did not match:
         - @ConditionalOnClass did not find required class 'org.elasticsearch.client.RestClientBuilder' (OnClassCondition)

   EmbeddedLdapAutoConfiguration:
      Did not match:
         - @ConditionalOnClass did not find required class 'com.unboundid.ldap.listener.InMemoryDirectoryServer' (OnClassCondition)

   EmbeddedWebServerFactoryCustomizerAutoConfiguration.JettyWebServerFactoryCustomizerConfiguration:
      Did not match:
         - @ConditionalOnClass did not find required classes 'org.eclipse.jetty.server.Server', 'org.eclipse.jetty.util.Loader', 'org.eclipse.jetty.webapp.WebAppContext' (OnClassCondition)

   EmbeddedWebServerFactoryCustomizerAutoConfiguration.NettyWebServerFactoryCustomizerConfiguration:
      Did not match:
         - @ConditionalOnClass did not find required class 'reactor.netty.http.server.HttpServer' (OnClassCondition)

   EmbeddedWebServerFactoryCustomizerAutoConfiguration.UndertowWebServerFactoryCustomizerConfiguration:
      Did not match:
         - @ConditionalOnClass did not find required classes 'io.undertow.Undertow', 'org.xnio.SslClientAuthMode' (OnClassCondition)

   ErrorWebFluxAutoConfiguration:
      Did not match:
         - @ConditionalOnClass did not find required class 'org.springframework.web.reactive.config.WebFluxConfigurer' (OnClassCondition)

   FlywayAutoConfiguration:
      Did not match:
         - @ConditionalOnClass did not find required class 'org.flywaydb.core.Flyway' (OnClassCondition)

   FreeMarkerAutoConfiguration:
      Did not match:
         - @ConditionalOnClass did not find required class 'freemarker.template.Configuration' (OnClassCondition)

   GraphQlAutoConfiguration:
      Did not match:
         - @ConditionalOnClass did not find required class 'graphql.GraphQL' (OnClassCondition)

   GraphQlQueryByExampleAutoConfiguration:
      Did not match:
         - @ConditionalOnClass did not find required class 'graphql.GraphQL' (OnClassCondition)

   GraphQlQuerydslAutoConfiguration:
      Did not match:
         - @ConditionalOnClass did not find required class 'graphql.GraphQL' (OnClassCondition)

   GraphQlRSocketAutoConfiguration:
      Did not match:
         - @ConditionalOnClass did not find required class 'graphql.GraphQL' (OnClassCondition)

   GraphQlReactiveQueryByExampleAutoConfiguration:
      Did not match:
         - @ConditionalOnClass did not find required class 'graphql.GraphQL' (OnClassCondition)

   GraphQlReactiveQuerydslAutoConfiguration:
      Did not match:
         - @ConditionalOnClass did not find required class 'graphql.GraphQL' (OnClassCondition)

   GraphQlWebFluxAutoConfiguration:
      Did not match:
         - @ConditionalOnClass did not find required class 'graphql.GraphQL' (OnClassCondition)

   GraphQlWebFluxSecurityAutoConfiguration:
      Did not match:
         - @ConditionalOnClass did not find required class 'graphql.GraphQL' (OnClassCondition)

   GraphQlWebMvcAutoConfiguration:
      Did not match:
         - @ConditionalOnClass did not find required class 'graphql.GraphQL' (OnClassCondition)

   GraphQlWebMvcSecurityAutoConfiguration:
      Did not match:
         - @ConditionalOnClass did not find required class 'graphql.GraphQL' (OnClassCondition)

   GroovyTemplateAutoConfiguration:
      Did not match:
         - @ConditionalOnClass did not find required class 'groovy.text.markup.MarkupTemplateEngine' (OnClassCondition)

   GsonAutoConfiguration:
      Did not match:
         - @ConditionalOnClass did not find required class 'com.google.gson.Gson' (OnClassCondition)

   GsonHttpMessageConvertersConfiguration:
      Did not match:
         - @ConditionalOnClass did not find required class 'com.google.gson.Gson' (OnClassCondition)

   H2ConsoleAutoConfiguration:
      Did not match:
         - @ConditionalOnProperty (spring.h2.console.enabled=true) did not find property 'enabled' (OnPropertyCondition)
      Matched:
         - @ConditionalOnClass found required class 'org.h2.server.web.JakartaWebServlet' (OnClassCondition)
         - found 'session' scope (OnWebApplicationCondition)

   HazelcastAutoConfiguration:
      Did not match:
         - @ConditionalOnClass did not find required class 'com.hazelcast.core.HazelcastInstance' (OnClassCondition)

   HazelcastCacheConfiguration:
      Did not match:
         - @ConditionalOnClass did not find required class 'com.hazelcast.core.HazelcastInstance' (OnClassCondition)

   HazelcastJpaDependencyAutoConfiguration:
      Did not match:
         - @ConditionalOnClass did not find required class 'com.hazelcast.core.HazelcastInstance' (OnClassCondition)

   HttpHandlerAutoConfiguration:
      Did not match:
         - @ConditionalOnClass did not find required class 'org.springframework.web.reactive.DispatcherHandler' (OnClassCondition)

   HypermediaAutoConfiguration:
      Did not match:
         - @ConditionalOnClass did not find required class 'org.springframework.hateoas.EntityModel' (OnClassCondition)

   InfinispanCacheConfiguration:
      Did not match:
         - @ConditionalOnClass did not find required class 'org.infinispan.spring.embedded.provider.SpringEmbeddedCacheManager' (OnClassCondition)

   InfluxDbAutoConfiguration:
      Did not match:
         - @ConditionalOnClass did not find required class 'org.influxdb.InfluxDB' (OnClassCondition)

   IntegrationAutoConfiguration:
      Did not match:
         - @ConditionalOnClass did not find required class 'org.springframework.integration.config.EnableIntegration' (OnClassCondition)

   JCacheCacheConfiguration:
      Did not match:
         - @ConditionalOnClass did not find required class 'javax.cache.Caching' (OnClassCondition)

   JacksonHttpMessageConvertersConfiguration.MappingJackson2XmlHttpMessageConverterConfiguration:
      Did not match:
         - @ConditionalOnClass did not find required class 'com.fasterxml.jackson.dataformat.xml.XmlMapper' (OnClassCondition)

   JdbcRepositoriesAutoConfiguration:
      Did not match:
         - @ConditionalOnClass did not find required class 'org.springframework.data.jdbc.repository.config.AbstractJdbcConfiguration' (OnClassCondition)

   JerseyAutoConfiguration:
      Did not match:
         - @ConditionalOnClass did not find required class 'org.glassfish.jersey.server.spring.SpringComponentProvider' (OnClassCondition)

   JmsAutoConfiguration:
      Did not match:
         - @ConditionalOnClass did not find required class 'jakarta.jms.Message' (OnClassCondition)

   JmxAutoConfiguration:
      Did not match:
         - @ConditionalOnProperty (spring.jmx.enabled=true) found different value in property 'enabled' (OnPropertyCondition)
      Matched:
         - @ConditionalOnClass found required class 'org.springframework.jmx.export.MBeanExporter' (OnClassCondition)

   JndiConnectionFactoryAutoConfiguration:
      Did not match:
         - @ConditionalOnClass did not find required class 'org.springframework.jms.core.JmsTemplate' (OnClassCondition)

   JndiDataSourceAutoConfiguration:
      Did not match:
         - @ConditionalOnProperty (spring.datasource.jndi-name) did not find property 'jndi-name' (OnPropertyCondition)
      Matched:
         - @ConditionalOnClass found required classes 'javax.sql.DataSource', 'org.springframework.jdbc.datasource.embedded.EmbeddedDatabaseType' (OnClassCondition)

   JndiJtaConfiguration:
      Did not match:
         - @ConditionalOnJndi JNDI environment is not available (OnJndiCondition)
      Matched:
         - @ConditionalOnClass found required class 'org.springframework.transaction.jta.JtaTransactionManager' (OnClassCondition)

   JooqAutoConfiguration:
      Did not match:
         - @ConditionalOnClass did not find required class 'org.jooq.DSLContext' (OnClassCondition)

   JpaRepositoriesAutoConfiguration#entityManagerFactoryBootstrapExecutorCustomizer:
      Did not match:
         - AnyNestedCondition 0 matched 2 did not; NestedCondition on JpaRepositoriesAutoConfiguration.BootstrapExecutorCondition.LazyBootstrapMode @ConditionalOnProperty (spring.data.jpa.repositories.bootstrap-mode=lazy) did not find property 'bootstrap-mode'; NestedCondition on JpaRepositoriesAutoConfiguration.BootstrapExecutorCondition.DeferredBootstrapMode @ConditionalOnProperty (spring.data.jpa.repositories.bootstrap-mode=deferred) did not find property 'bootstrap-mode' (JpaRepositoriesAutoConfiguration.BootstrapExecutorCondition)

   JsonbAutoConfiguration:
      Did not match:
         - @ConditionalOnClass did not find required class 'jakarta.json.bind.Jsonb' (OnClassCondition)

   JsonbHttpMessageConvertersConfiguration:
      Did not match:
         - @ConditionalOnClass did not find required class 'jakarta.json.bind.Jsonb' (OnClassCondition)

   KafkaAutoConfiguration:
      Did not match:
         - @ConditionalOnClass did not find required class 'org.springframework.kafka.core.KafkaTemplate' (OnClassCondition)

   LdapAutoConfiguration:
      Did not match:
         - @ConditionalOnClass did not find required class 'org.springframework.ldap.core.ContextSource' (OnClassCondition)

   LdapRepositoriesAutoConfiguration:
      Did not match:
         - @ConditionalOnClass did not find required class 'org.springframework.data.ldap.repository.LdapRepository' (OnClassCondition)

   LiquibaseAutoConfiguration:
      Did not match:
         - @ConditionalOnClass did not find required class 'liquibase.change.DatabaseChange' (OnClassCondition)

   LocalDevToolsAutoConfiguration:
      Did not match:
         - Initialized Restarter Condition initialized without URLs (OnInitializedRestarterCondition)

   MailSenderAutoConfiguration:
      Did not match:
         - @ConditionalOnClass did not find required class 'jakarta.mail.internet.MimeMessage' (OnClassCondition)

   MailSenderValidatorAutoConfiguration:
      Did not match:
         - @ConditionalOnSingleCandidate did not find required type 'org.springframework.mail.javamail.JavaMailSenderImpl' (OnBeanCondition)

   MessageSourceAutoConfiguration:
      Did not match:
         - ResourceBundle did not find bundle with basename messages (MessageSourceAutoConfiguration.ResourceBundleCondition)

   MongoAutoConfiguration:
      Did not match:
         - @ConditionalOnClass did not find required class 'com.mongodb.client.MongoClient' (OnClassCondition)

   MongoDataAutoConfiguration:
      Did not match:
         - @ConditionalOnClass did not find required class 'com.mongodb.client.MongoClient' (OnClassCondition)

   MongoReactiveAutoConfiguration:
      Did not match:
         - @ConditionalOnClass did not find required class 'com.mongodb.reactivestreams.client.MongoClient' (OnClassCondition)

   MongoReactiveDataAutoConfiguration:
      Did not match:
         - @ConditionalOnClass did not find required class 'com.mongodb.reactivestreams.client.MongoClient' (OnClassCondition)

   MongoReactiveRepositoriesAutoConfiguration:
      Did not match:
         - @ConditionalOnClass did not find required class 'com.mongodb.reactivestreams.client.MongoClient' (OnClassCondition)

   MongoRepositoriesAutoConfiguration:
      Did not match:
         - @ConditionalOnClass did not find required class 'com.mongodb.client.MongoClient' (OnClassCondition)

   MustacheAutoConfiguration:
      Did not match:
         - @ConditionalOnClass did not find required class 'com.samskivert.mustache.Mustache' (OnClassCondition)

   Neo4jAutoConfiguration:
      Did not match:
         - @ConditionalOnClass did not find required class 'org.neo4j.driver.Driver' (OnClassCondition)

   Neo4jDataAutoConfiguration:
      Did not match:
         - @ConditionalOnClass did not find required class 'org.neo4j.driver.Driver' (OnClassCondition)

   Neo4jReactiveDataAutoConfiguration:
      Did not match:
         - @ConditionalOnClass did not find required class 'org.neo4j.driver.Driver' (OnClassCondition)

   Neo4jReactiveRepositoriesAutoConfiguration:
      Did not match:
         - @ConditionalOnClass did not find required class 'org.neo4j.driver.Driver' (OnClassCondition)

   Neo4jRepositoriesAutoConfiguration:
      Did not match:
         - @ConditionalOnClass did not find required class 'org.neo4j.driver.Driver' (OnClassCondition)

   NettyAutoConfiguration:
      Did not match:
         - @ConditionalOnClass did not find required class 'io.netty.util.NettyRuntime' (OnClassCondition)

   OAuth2ClientAutoConfiguration:
      Did not match:
         - @ConditionalOnClass did not find required class 'org.springframework.security.config.annotation.web.configuration.EnableWebSecurity' (OnClassCondition)

   OAuth2ResourceServerAutoConfiguration:
      Did not match:
         - @ConditionalOnClass did not find required class 'org.springframework.security.oauth2.server.resource.authentication.BearerTokenAuthenticationToken' (OnClassCondition)

   ProjectInfoAutoConfiguration#buildProperties:
      Did not match:
         - @ConditionalOnResource did not find resource '${spring.info.build.location:classpath:META-INF/build-info.properties}' (OnResourceCondition)

   ProjectInfoAutoConfiguration#gitProperties:
      Did not match:
         - GitResource did not find git info at classpath:git.properties (ProjectInfoAutoConfiguration.GitResourceAvailableCondition)

   QuartzAutoConfiguration:
      Did not match:
         - @ConditionalOnClass did not find required class 'org.quartz.Scheduler' (OnClassCondition)

   R2dbcAutoConfiguration:
      Did not match:
         - @ConditionalOnClass did not find required class 'io.r2dbc.spi.ConnectionFactory' (OnClassCondition)

   R2dbcDataAutoConfiguration:
      Did not match:
         - @ConditionalOnClass did not find required class 'org.springframework.data.r2dbc.core.R2dbcEntityTemplate' (OnClassCondition)

   R2dbcInitializationConfiguration:
      Did not match:
         - @ConditionalOnClass did not find required classes 'io.r2dbc.spi.ConnectionFactory', 'org.springframework.r2dbc.connection.init.DatabasePopulator' (OnClassCondition)

   R2dbcRepositoriesAutoConfiguration:
      Did not match:
         - @ConditionalOnClass did not find required class 'io.r2dbc.spi.ConnectionFactory' (OnClassCondition)

   R2dbcTransactionManagerAutoConfiguration:
      Did not match:
         - @ConditionalOnClass did not find required class 'org.springframework.r2dbc.connection.R2dbcTransactionManager' (OnClassCondition)

   RSocketGraphQlClientAutoConfiguration:
      Did not match:
         - @ConditionalOnClass did not find required class 'graphql.GraphQL' (OnClassCondition)

   RSocketMessagingAutoConfiguration:
      Did not match:
         - @ConditionalOnClass did not find required class 'io.rsocket.RSocket' (OnClassCondition)

   RSocketRequesterAutoConfiguration:
      Did not match:
         - @ConditionalOnClass did not find required class 'io.rsocket.RSocket' (OnClassCondition)

   RSocketSecurityAutoConfiguration:
      Did not match:
         - @ConditionalOnClass did not find required class 'org.springframework.security.rsocket.core.SecuritySocketAcceptorInterceptor' (OnClassCondition)

   RSocketServerAutoConfiguration:
      Did not match:
         - @ConditionalOnClass did not find required class 'io.rsocket.core.RSocketServer' (OnClassCondition)

   RSocketStrategiesAutoConfiguration:
      Did not match:
         - @ConditionalOnClass did not find required class 'io.netty.buffer.PooledByteBufAllocator' (OnClassCondition)

   RabbitAutoConfiguration:
      Did not match:
         - @ConditionalOnClass did not find required class 'com.rabbitmq.client.Channel' (OnClassCondition)

   ReactiveElasticsearchClientAutoConfiguration:
      Did not match:
         - @ConditionalOnClass did not find required class 'co.elastic.clients.transport.ElasticsearchTransport' (OnClassCondition)

   ReactiveElasticsearchRepositoriesAutoConfiguration:
      Did not match:
         - @ConditionalOnClass did not find required class 'org.springframework.data.elasticsearch.client.elc.ReactiveElasticsearchClient' (OnClassCondition)

   ReactiveMultipartAutoConfiguration:
      Did not match:
         - @ConditionalOnClass did not find required class 'org.springframework.web.reactive.config.WebFluxConfigurer' (OnClassCondition)

   ReactiveOAuth2ClientAutoConfiguration:
      Did not match:
         - @ConditionalOnClass did not find required class 'reactor.core.publisher.Flux' (OnClassCondition)

   ReactiveOAuth2ResourceServerAutoConfiguration:
      Did not match:
         - @ConditionalOnClass did not find required class 'org.springframework.security.config.annotation.web.reactive.EnableWebFluxSecurity' (OnClassCondition)

   ReactiveSecurityAutoConfiguration:
      Did not match:
         - @ConditionalOnClass did not find required class 'reactor.core.publisher.Flux' (OnClassCondition)

   ReactiveUserDetailsServiceAutoConfiguration:
      Did not match:
         - @ConditionalOnClass did not find required class 'org.springframework.security.authentication.ReactiveAuthenticationManager' (OnClassCondition)

   ReactiveWebServerFactoryAutoConfiguration:
      Did not match:
         - @ConditionalOnWebApplication did not find reactive web application classes (OnWebApplicationCondition)

   RedisAutoConfiguration:
      Did not match:
         - @ConditionalOnClass did not find required class 'org.springframework.data.redis.core.RedisOperations' (OnClassCondition)

   RedisCacheConfiguration:
      Did not match:
         - @ConditionalOnClass did not find required class 'org.springframework.data.redis.connection.RedisConnectionFactory' (OnClassCondition)

   RedisReactiveAutoConfiguration:
      Did not match:
         - @ConditionalOnClass did not find required class 'reactor.core.publisher.Flux' (OnClassCondition)

   RedisRepositoriesAutoConfiguration:
      Did not match:
         - @ConditionalOnClass did not find required class 'org.springframework.data.redis.repository.configuration.EnableRedisRepositories' (OnClassCondition)

   RemoteDevToolsAutoConfiguration:
      Did not match:
         - @ConditionalOnProperty (spring.devtools.remote.secret) did not find property 'secret' (OnPropertyCondition)
      Matched:
         - @ConditionalOnClass found required classes 'jakarta.servlet.Filter', 'org.springframework.http.server.ServerHttpRequest' (OnClassCondition)

   RepositoryRestMvcAutoConfiguration:
      Did not match:
         - @ConditionalOnClass did not find required class 'org.springframework.data.rest.webmvc.config.RepositoryRestMvcConfiguration' (OnClassCondition)

   Saml2RelyingPartyAutoConfiguration:
      Did not match:
         - @ConditionalOnClass did not find required class 'org.springframework.security.saml2.provider.service.registration.RelyingPartyRegistrationRepository' (OnClassCondition)

   SecurityAutoConfiguration:
      Did not match:
         - @ConditionalOnClass did not find required class 'org.springframework.security.authentication.DefaultAuthenticationEventPublisher' (OnClassCondition)

   SecurityFilterAutoConfiguration:
      Did not match:
         - @ConditionalOnClass did not find required class 'org.springframework.security.config.http.SessionCreationPolicy' (OnClassCondition)

   SendGridAutoConfiguration:
      Did not match:
         - @ConditionalOnClass did not find required class 'com.sendgrid.SendGrid' (OnClassCondition)

   ServletWebServerFactoryAutoConfiguration.ForwardedHeaderFilterConfiguration:
      Did not match:
         - @ConditionalOnProperty (server.forward-headers-strategy=framework) did not find property 'server.forward-headers-strategy' (OnPropertyCondition)

   ServletWebServerFactoryConfiguration.EmbeddedJetty:
      Did not match:
         - @ConditionalOnClass did not find required classes 'org.eclipse.jetty.server.Server', 'org.eclipse.jetty.util.Loader', 'org.eclipse.jetty.webapp.WebAppContext' (OnClassCondition)

   ServletWebServerFactoryConfiguration.EmbeddedUndertow:
      Did not match:
         - @ConditionalOnClass did not find required classes 'io.undertow.Undertow', 'org.xnio.SslClientAuthMode' (OnClassCondition)

   SessionAutoConfiguration:
      Did not match:
         - @ConditionalOnClass did not find required class 'org.springframework.session.Session' (OnClassCondition)

   SpringApplicationAdminJmxAutoConfiguration:
      Did not match:
         - @ConditionalOnProperty (spring.application.admin.enabled=true) did not find property 'enabled' (OnPropertyCondition)

   TaskSchedulingAutoConfiguration#scheduledBeanLazyInitializationExcludeFilter:
      Did not match:
         - @ConditionalOnBean (names: org.springframework.context.annotation.internalScheduledAnnotationProcessor; SearchStrategy: all) did not find any beans named org.springframework.context.annotation.internalScheduledAnnotationProcessor (OnBeanCondition)

   TaskSchedulingAutoConfiguration#taskScheduler:
      Did not match:
         - @ConditionalOnBean (names: org.springframework.context.annotation.internalScheduledAnnotationProcessor; SearchStrategy: all) did not find any beans named org.springframework.context.annotation.internalScheduledAnnotationProcessor (OnBeanCondition)

   TemplateEngineConfigurations.ReactiveTemplateEngineConfiguration:
      Did not match:
         - did not find reactive web application classes (OnWebApplicationCondition)

   ThymeleafAutoConfiguration.DataAttributeDialectConfiguration:
      Did not match:
         - @ConditionalOnClass did not find required class 'com.github.mxab.thymeleaf.extras.dataattribute.dialect.DataAttributeDialect' (OnClassCondition)

   ThymeleafAutoConfiguration.ThymeleafSecurityDialectConfiguration:
      Did not match:
         - @ConditionalOnClass did not find required classes 'org.thymeleaf.extras.springsecurity6.dialect.SpringSecurityDialect', 'org.springframework.security.web.server.csrf.CsrfToken' (OnClassCondition)

   ThymeleafAutoConfiguration.ThymeleafWebFluxConfiguration:
      Did not match:
         - did not find reactive web application classes (OnWebApplicationCondition)

   ThymeleafAutoConfiguration.ThymeleafWebLayoutConfiguration:
      Did not match:
         - @ConditionalOnClass did not find required class 'nz.net.ultraq.thymeleaf.layoutdialect.LayoutDialect' (OnClassCondition)

   ThymeleafAutoConfiguration.ThymeleafWebMvcConfiguration#resourceUrlEncodingFilter:
      Did not match:
         - @ConditionalOnEnabledResourceChain did not find class org.webjars.WebJarAssetLocator (OnEnabledResourceChainCondition)

   TransactionAutoConfiguration#transactionalOperator:
      Did not match:
         - @ConditionalOnSingleCandidate (types: org.springframework.transaction.ReactiveTransactionManager; SearchStrategy: all) did not find any beans (OnBeanCondition)

   TransactionAutoConfiguration.EnableTransactionManagementConfiguration.JdkDynamicAutoProxyConfiguration:
      Did not match:
         - @ConditionalOnProperty (spring.aop.proxy-target-class=false) did not find property 'proxy-target-class' (OnPropertyCondition)

   UserDetailsServiceAutoConfiguration:
      Did not match:
         - @ConditionalOnClass did not find required class 'org.springframework.security.authentication.AuthenticationManager' (OnClassCondition)

   ValidationAutoConfiguration:
      Did not match:
         - @ConditionalOnClass did not find required class 'jakarta.validation.executable.ExecutableValidator' (OnClassCondition)

   WebClientAutoConfiguration:
      Did not match:
         - @ConditionalOnClass did not find required class 'org.springframework.web.reactive.function.client.WebClient' (OnClassCondition)

   WebFluxAutoConfiguration:
      Did not match:
         - @ConditionalOnClass did not find required class 'org.springframework.web.reactive.config.WebFluxConfigurer' (OnClassCondition)

   WebMvcAutoConfiguration#hiddenHttpMethodFilter:
      Did not match:
         - @ConditionalOnProperty (spring.mvc.hiddenmethod.filter.enabled) did not find property 'enabled' (OnPropertyCondition)

   WebMvcAutoConfiguration.ProblemDetailsErrorHandlingConfiguration:
      Did not match:
         - @ConditionalOnProperty (spring.mvc.problemdetails.enabled=true) did not find property 'enabled' (OnPropertyCondition)

   WebMvcAutoConfiguration.ResourceChainCustomizerConfiguration:
      Did not match:
         - @ConditionalOnEnabledResourceChain did not find class org.webjars.WebJarAssetLocator (OnEnabledResourceChainCondition)

   WebMvcAutoConfiguration.WebMvcAutoConfigurationAdapter#beanNameViewResolver:
      Did not match:
         - @ConditionalOnBean (types: org.springframework.web.servlet.View; SearchStrategy: all) did not find any beans of type org.springframework.web.servlet.View (OnBeanCondition)

   WebServiceTemplateAutoConfiguration:
      Did not match:
         - @ConditionalOnClass did not find required class 'org.springframework.oxm.Marshaller' (OnClassCondition)

   WebServicesAutoConfiguration:
      Did not match:
         - @ConditionalOnClass did not find required class 'org.springframework.ws.transport.http.MessageDispatcherServlet' (OnClassCondition)

   WebSessionIdResolverAutoConfiguration:
      Did not match:
         - @ConditionalOnClass did not find required class 'reactor.core.publisher.Mono' (OnClassCondition)

   WebSocketMessagingAutoConfiguration:
      Did not match:
         - @ConditionalOnClass did not find required class 'org.springframework.web.socket.config.annotation.WebSocketMessageBrokerConfigurer' (OnClassCondition)

   WebSocketReactiveAutoConfiguration:
      Did not match:
         - @ConditionalOnWebApplication did not find reactive web application classes (OnWebApplicationCondition)

   WebSocketServletAutoConfiguration.JettyWebSocketConfiguration:
      Did not match:
         - @ConditionalOnClass did not find required class 'org.eclipse.jetty.websocket.jakarta.server.config.JakartaWebSocketServletContainerInitializer' (OnClassCondition)

   WebSocketServletAutoConfiguration.UndertowWebSocketConfiguration:
      Did not match:
         - @ConditionalOnClass did not find required class 'io.undertow.websockets.jsr.Bootstrap' (OnClassCondition)

   XADataSourceAutoConfiguration:
      Did not match:
         - @ConditionalOnBean (types: org.springframework.boot.jdbc.XADataSourceWrapper; SearchStrategy: all) did not find any beans of type org.springframework.boot.jdbc.XADataSourceWrapper (OnBeanCondition)
      Matched:
         - @ConditionalOnClass found required classes 'javax.sql.DataSource', 'jakarta.transaction.TransactionManager', 'org.springframework.jdbc.datasource.embedded.EmbeddedDatabaseType' (OnClassCondition)


Exclusions:
-----------

    org.springframework.boot.autoconfigure.web.servlet.error.ErrorMvcAutoConfiguration


Unconditional classes:
----------------------

    org.springframework.boot.autoconfigure.context.ConfigurationPropertiesAutoConfiguration

    org.springframework.boot.autoconfigure.context.LifecycleAutoConfiguration

    org.springframework.boot.autoconfigure.context.PropertyPlaceholderAutoConfiguration

    org.springframework.boot.autoconfigure.availability.ApplicationAvailabilityAutoConfiguration

    org.springframework.boot.autoconfigure.info.ProjectInfoAutoConfiguration



[INFO ] - [main] - NttdatacentersSpringT1SlaApplicationTests: Started NttdatacentersSpringT1SlaApplicationTests in 10.218 seconds (process running for 13.078)
[DEBUG] - [main] - ApplicationAvailabilityBean: Application availability state LivenessState changed to CORRECT
[DEBUG] - [main] - NttdatacentersSpringT1SlaApplication: Iniciando creación de plantas
[DEBUG] - [main] - NttdatacentersSpringT1SlaApplication: Plantas creadas satisfactoriamente
[DEBUG] - [main] - NttdatacentersSpringT1SlaApplication: PIniciando creación de pisos
[DEBUG] - [main] - NttdatacentersSpringT1SlaApplication: Pisos creados satisfactoriamente
[DEBUG] - [main] - NttdatacentersSpringT1SlaApplication: Iniciando creación de personas
[DEBUG] - [main] - NttdatacentersSpringT1SlaApplication: Personas creadas satisfactoriamente
[DEBUG] - [main] - NttdatacentersSpringT1SlaApplication: Realizando inserción de entidades
[DEBUG] - [main] - JpaTransactionManager: Creating new transaction with name [org.springframework.data.jpa.repository.support.SimpleJpaRepository.save]: PROPAGATION_REQUIRED,ISOLATION_DEFAULT
[DEBUG] - [main] - JpaTransactionManager: Opened new EntityManager [SessionImpl(1817055696<open>)] for JPA transaction
[DEBUG] - [main] - TransactionImpl: On TransactionImpl creation, JpaCompliance#isJpaTransactionComplianceEnabled == false
[DEBUG] - [main] - TransactionImpl: begin
[DEBUG] - [main] - JpaTransactionManager: Exposing JPA transaction as JDBC [org.springframework.orm.jpa.vendor.HibernateJpaDialect$HibernateConnectionHandle@308e465b]
[DEBUG] - [main] - PersistenceUnitUtilImpl: jakarta.persistence.PersistenceUnitUtil.getIdentifier is only intended to work with enhanced entities (although Hibernate also adapts this support to its proxies); however the passed entity was not enhanced (nor a proxy).. may not be able to read identifier
[DEBUG] - [main] - SQL: 
    select
        next_val as id_val 
    from
        floor_seq for update
Hibernate: 
    select
        next_val as id_val 
    from
        floor_seq for update
[DEBUG] - [main] - SQL: 
    update
        floor_seq 
    set
        next_val= ? 
    where
        next_val=?
Hibernate: 
    update
        floor_seq 
    set
        next_val= ? 
    where
        next_val=?
[DEBUG] - [main] - AbstractSaveEventListener: Generated identifier: 52, using strategy: org.hibernate.id.enhanced.SequenceStyleGenerator
[DEBUG] - [main] - JpaTransactionManager: Initiating transaction commit
[DEBUG] - [main] - JpaTransactionManager: Committing JPA transaction on EntityManager [SessionImpl(1817055696<open>)]
[DEBUG] - [main] - TransactionImpl: committing
[DEBUG] - [main] - AbstractFlushingEventListener: Processing flush-time cascades
[DEBUG] - [main] - AbstractFlushingEventListener: Dirty checking collections
[DEBUG] - [main] - Collections: Collection found: [com.Nttadta.nttdatacentersspringt1SLA.repository.Floor.flat#52], was: [<unreferenced>] (initialized)
[DEBUG] - [main] - AbstractFlushingEventListener: Flushed: 1 insertions, 0 updates, 0 deletions to 1 objects
[DEBUG] - [main] - AbstractFlushingEventListener: Flushed: 1 (re)creations, 0 updates, 0 removals to 1 collections
[DEBUG] - [main] - EntityPrinter: Listing entities:
[DEBUG] - [main] - EntityPrinter: com.Nttadta.nttdatacentersspringt1SLA.repository.Floor{flat=[com.Nttadta.nttdatacentersspringt1SLA.repository.Flat#0, com.Nttadta.nttdatacentersspringt1SLA.repository.Flat#0], floorNumber=52, buzon=1}
[DEBUG] - [main] - SQL: 
    insert 
    into
        floor
        (buzon, floor_number) 
    values
        (?, ?)
Hibernate: 
    insert 
    into
        floor
        (buzon, floor_number) 
    values
        (?, ?)
[DEBUG] - [main] - JpaTransactionManager: Closing JPA EntityManager [SessionImpl(1817055696<open>)] after transaction
[DEBUG] - [main] - JpaTransactionManager: Creating new transaction with name [org.springframework.data.jpa.repository.support.SimpleJpaRepository.save]: PROPAGATION_REQUIRED,ISOLATION_DEFAULT
[DEBUG] - [main] - JpaTransactionManager: Opened new EntityManager [SessionImpl(976783209<open>)] for JPA transaction
[DEBUG] - [main] - TransactionImpl: On TransactionImpl creation, JpaCompliance#isJpaTransactionComplianceEnabled == false
[DEBUG] - [main] - TransactionImpl: begin
[DEBUG] - [main] - JpaTransactionManager: Exposing JPA transaction as JDBC [org.springframework.orm.jpa.vendor.HibernateJpaDialect$HibernateConnectionHandle@3054cdd3]
[DEBUG] - [main] - PersistenceUnitUtilImpl: jakarta.persistence.PersistenceUnitUtil.getIdentifier is only intended to work with enhanced entities (although Hibernate also adapts this support to its proxies); however the passed entity was not enhanced (nor a proxy).. may not be able to read identifier
[DEBUG] - [main] - AbstractSaveEventListener: Generated identifier: 53, using strategy: org.hibernate.id.enhanced.SequenceStyleGenerator
[DEBUG] - [main] - JpaTransactionManager: Initiating transaction commit
[DEBUG] - [main] - JpaTransactionManager: Committing JPA transaction on EntityManager [SessionImpl(976783209<open>)]
[DEBUG] - [main] - TransactionImpl: committing
[DEBUG] - [main] - AbstractFlushingEventListener: Processing flush-time cascades
[DEBUG] - [main] - AbstractFlushingEventListener: Dirty checking collections
[DEBUG] - [main] - Collections: Collection found: [com.Nttadta.nttdatacentersspringt1SLA.repository.Floor.flat#53], was: [<unreferenced>] (initialized)
[DEBUG] - [main] - AbstractFlushingEventListener: Flushed: 1 insertions, 0 updates, 0 deletions to 1 objects
[DEBUG] - [main] - AbstractFlushingEventListener: Flushed: 1 (re)creations, 0 updates, 0 removals to 1 collections
[DEBUG] - [main] - EntityPrinter: Listing entities:
[DEBUG] - [main] - EntityPrinter: com.Nttadta.nttdatacentersspringt1SLA.repository.Floor{flat=[com.Nttadta.nttdatacentersspringt1SLA.repository.Flat#0], floorNumber=53, buzon=2}
[DEBUG] - [main] - SQL: 
    insert 
    into
        floor
        (buzon, floor_number) 
    values
        (?, ?)
Hibernate: 
    insert 
    into
        floor
        (buzon, floor_number) 
    values
        (?, ?)
[DEBUG] - [main] - JpaTransactionManager: Closing JPA EntityManager [SessionImpl(976783209<open>)] after transaction
[DEBUG] - [main] - NttdatacentersSpringT1SlaApplication: Plantas insertadas satisfactoriamente
[DEBUG] - [main] - JpaTransactionManager: Creating new transaction with name [org.springframework.data.jpa.repository.support.SimpleJpaRepository.save]: PROPAGATION_REQUIRED,ISOLATION_DEFAULT
[DEBUG] - [main] - JpaTransactionManager: Opened new EntityManager [SessionImpl(564421326<open>)] for JPA transaction
[DEBUG] - [main] - TransactionImpl: On TransactionImpl creation, JpaCompliance#isJpaTransactionComplianceEnabled == false
[DEBUG] - [main] - TransactionImpl: begin
[DEBUG] - [main] - JpaTransactionManager: Exposing JPA transaction as JDBC [org.springframework.orm.jpa.vendor.HibernateJpaDialect$HibernateConnectionHandle@37e28b20]
[DEBUG] - [main] - PersistenceUnitUtilImpl: jakarta.persistence.PersistenceUnitUtil.getIdentifier is only intended to work with enhanced entities (although Hibernate also adapts this support to its proxies); however the passed entity was not enhanced (nor a proxy).. may not be able to read identifier
[DEBUG] - [main] - SQL: 
    select
        next_val as id_val 
    from
        flat_seq for update
Hibernate: 
    select
        next_val as id_val 
    from
        flat_seq for update
[DEBUG] - [main] - SQL: 
    update
        flat_seq 
    set
        next_val= ? 
    where
        next_val=?
Hibernate: 
    update
        flat_seq 
    set
        next_val= ? 
    where
        next_val=?
[DEBUG] - [main] - AbstractSaveEventListener: Generated identifier: 52, using strategy: org.hibernate.id.enhanced.SequenceStyleGenerator
[DEBUG] - [main] - JpaTransactionManager: Initiating transaction commit
[DEBUG] - [main] - JpaTransactionManager: Committing JPA transaction on EntityManager [SessionImpl(564421326<open>)]
[DEBUG] - [main] - TransactionImpl: committing
[DEBUG] - [main] - AbstractFlushingEventListener: Processing flush-time cascades
[DEBUG] - [main] - AbstractFlushingEventListener: Dirty checking collections
[DEBUG] - [main] - Collections: Collection found: [com.Nttadta.nttdatacentersspringt1SLA.repository.Flat.habitants#52], was: [<unreferenced>] (initialized)
[DEBUG] - [main] - AbstractFlushingEventListener: Flushed: 1 insertions, 0 updates, 0 deletions to 1 objects
[DEBUG] - [main] - AbstractFlushingEventListener: Flushed: 1 (re)creations, 0 updates, 0 removals to 1 collections
[DEBUG] - [main] - EntityPrinter: Listing entities:
[DEBUG] - [main] - EntityPrinter: com.Nttadta.nttdatacentersspringt1SLA.repository.Flat{flatNumber=52, floor=com.Nttadta.nttdatacentersspringt1SLA.repository.Floor#52, habitants=[]}
[DEBUG] - [main] - SQL: 
    insert 
    into
        flat
        (`floor-number`, flat_number) 
    values
        (?, ?)
Hibernate: 
    insert 
    into
        flat
        (`floor-number`, flat_number) 
    values
        (?, ?)
[DEBUG] - [main] - JpaTransactionManager: Closing JPA EntityManager [SessionImpl(564421326<open>)] after transaction
[DEBUG] - [main] - JpaTransactionManager: Creating new transaction with name [org.springframework.data.jpa.repository.support.SimpleJpaRepository.save]: PROPAGATION_REQUIRED,ISOLATION_DEFAULT
[DEBUG] - [main] - JpaTransactionManager: Opened new EntityManager [SessionImpl(445013695<open>)] for JPA transaction
[DEBUG] - [main] - TransactionImpl: On TransactionImpl creation, JpaCompliance#isJpaTransactionComplianceEnabled == false
[DEBUG] - [main] - TransactionImpl: begin
[DEBUG] - [main] - JpaTransactionManager: Exposing JPA transaction as JDBC [org.springframework.orm.jpa.vendor.HibernateJpaDialect$HibernateConnectionHandle@6b3d3e57]
[DEBUG] - [main] - PersistenceUnitUtilImpl: jakarta.persistence.PersistenceUnitUtil.getIdentifier is only intended to work with enhanced entities (although Hibernate also adapts this support to its proxies); however the passed entity was not enhanced (nor a proxy).. may not be able to read identifier
[DEBUG] - [main] - AbstractSaveEventListener: Generated identifier: 53, using strategy: org.hibernate.id.enhanced.SequenceStyleGenerator
[DEBUG] - [main] - JpaTransactionManager: Initiating transaction commit
[DEBUG] - [main] - JpaTransactionManager: Committing JPA transaction on EntityManager [SessionImpl(445013695<open>)]
[DEBUG] - [main] - TransactionImpl: committing
[DEBUG] - [main] - AbstractFlushingEventListener: Processing flush-time cascades
[DEBUG] - [main] - AbstractFlushingEventListener: Dirty checking collections
[DEBUG] - [main] - Collections: Collection found: [com.Nttadta.nttdatacentersspringt1SLA.repository.Flat.habitants#53], was: [<unreferenced>] (initialized)
[DEBUG] - [main] - AbstractFlushingEventListener: Flushed: 1 insertions, 0 updates, 0 deletions to 1 objects
[DEBUG] - [main] - AbstractFlushingEventListener: Flushed: 1 (re)creations, 0 updates, 0 removals to 1 collections
[DEBUG] - [main] - EntityPrinter: Listing entities:
[DEBUG] - [main] - EntityPrinter: com.Nttadta.nttdatacentersspringt1SLA.repository.Flat{flatNumber=53, floor=com.Nttadta.nttdatacentersspringt1SLA.repository.Floor#52, habitants=[]}
[DEBUG] - [main] - SQL: 
    insert 
    into
        flat
        (`floor-number`, flat_number) 
    values
        (?, ?)
Hibernate: 
    insert 
    into
        flat
        (`floor-number`, flat_number) 
    values
        (?, ?)
[DEBUG] - [main] - JpaTransactionManager: Closing JPA EntityManager [SessionImpl(445013695<open>)] after transaction
[DEBUG] - [main] - JpaTransactionManager: Creating new transaction with name [org.springframework.data.jpa.repository.support.SimpleJpaRepository.save]: PROPAGATION_REQUIRED,ISOLATION_DEFAULT
[DEBUG] - [main] - JpaTransactionManager: Opened new EntityManager [SessionImpl(1823652167<open>)] for JPA transaction
[DEBUG] - [main] - TransactionImpl: On TransactionImpl creation, JpaCompliance#isJpaTransactionComplianceEnabled == false
[DEBUG] - [main] - TransactionImpl: begin
[DEBUG] - [main] - JpaTransactionManager: Exposing JPA transaction as JDBC [org.springframework.orm.jpa.vendor.HibernateJpaDialect$HibernateConnectionHandle@40ef385f]
[DEBUG] - [main] - PersistenceUnitUtilImpl: jakarta.persistence.PersistenceUnitUtil.getIdentifier is only intended to work with enhanced entities (although Hibernate also adapts this support to its proxies); however the passed entity was not enhanced (nor a proxy).. may not be able to read identifier
[DEBUG] - [main] - AbstractSaveEventListener: Generated identifier: 54, using strategy: org.hibernate.id.enhanced.SequenceStyleGenerator
[DEBUG] - [main] - JpaTransactionManager: Initiating transaction commit
[DEBUG] - [main] - JpaTransactionManager: Committing JPA transaction on EntityManager [SessionImpl(1823652167<open>)]
[DEBUG] - [main] - TransactionImpl: committing
[DEBUG] - [main] - AbstractFlushingEventListener: Processing flush-time cascades
[DEBUG] - [main] - AbstractFlushingEventListener: Dirty checking collections
[DEBUG] - [main] - Collections: Collection found: [com.Nttadta.nttdatacentersspringt1SLA.repository.Flat.habitants#54], was: [<unreferenced>] (initialized)
[DEBUG] - [main] - AbstractFlushingEventListener: Flushed: 1 insertions, 0 updates, 0 deletions to 1 objects
[DEBUG] - [main] - AbstractFlushingEventListener: Flushed: 1 (re)creations, 0 updates, 0 removals to 1 collections
[DEBUG] - [main] - EntityPrinter: Listing entities:
[DEBUG] - [main] - EntityPrinter: com.Nttadta.nttdatacentersspringt1SLA.repository.Flat{flatNumber=54, floor=com.Nttadta.nttdatacentersspringt1SLA.repository.Floor#53, habitants=[]}
[DEBUG] - [main] - SQL: 
    insert 
    into
        flat
        (`floor-number`, flat_number) 
    values
        (?, ?)
Hibernate: 
    insert 
    into
        flat
        (`floor-number`, flat_number) 
    values
        (?, ?)
[DEBUG] - [main] - JpaTransactionManager: Closing JPA EntityManager [SessionImpl(1823652167<open>)] after transaction
[DEBUG] - [main] - NttdatacentersSpringT1SlaApplication: Pisos insertados satisfactoriamente
[DEBUG] - [main] - PersonManagementServiceImpl: Almacenando persona: 12345678a
[DEBUG] - [main] - JpaTransactionManager: Creating new transaction with name [org.springframework.data.jpa.repository.support.SimpleJpaRepository.save]: PROPAGATION_REQUIRED,ISOLATION_DEFAULT
[DEBUG] - [main] - JpaTransactionManager: Opened new EntityManager [SessionImpl(285527866<open>)] for JPA transaction
[DEBUG] - [main] - TransactionImpl: On TransactionImpl creation, JpaCompliance#isJpaTransactionComplianceEnabled == false
[DEBUG] - [main] - TransactionImpl: begin
[DEBUG] - [main] - JpaTransactionManager: Exposing JPA transaction as JDBC [org.springframework.orm.jpa.vendor.HibernateJpaDialect$HibernateConnectionHandle@85fd4b]
[DEBUG] - [main] - PersistenceUnitUtilImpl: jakarta.persistence.PersistenceUnitUtil.getIdentifier is only intended to work with enhanced entities (although Hibernate also adapts this support to its proxies); however the passed entity was not enhanced (nor a proxy).. may not be able to read identifier
[DEBUG] - [main] - SQL: 
    select
        next_val as id_val 
    from
        person_seq for update
Hibernate: 
    select
        next_val as id_val 
    from
        person_seq for update
[DEBUG] - [main] - SQL: 
    update
        person_seq 
    set
        next_val= ? 
    where
        next_val=?
Hibernate: 
    update
        person_seq 
    set
        next_val= ? 
    where
        next_val=?
[DEBUG] - [main] - AbstractSaveEventListener: Generated identifier: 52, using strategy: org.hibernate.id.enhanced.SequenceStyleGenerator
[DEBUG] - [main] - JpaTransactionManager: Initiating transaction commit
[DEBUG] - [main] - JpaTransactionManager: Committing JPA transaction on EntityManager [SessionImpl(285527866<open>)]
[DEBUG] - [main] - TransactionImpl: committing
[DEBUG] - [main] - AbstractFlushingEventListener: Processing flush-time cascades
[DEBUG] - [main] - AbstractFlushingEventListener: Dirty checking collections
[DEBUG] - [main] - AbstractFlushingEventListener: Flushed: 1 insertions, 0 updates, 0 deletions to 1 objects
[DEBUG] - [main] - AbstractFlushingEventListener: Flushed: 0 (re)creations, 0 updates, 0 removals to 0 collections
[DEBUG] - [main] - EntityPrinter: Listing entities:
[DEBUG] - [main] - EntityPrinter: com.Nttadta.nttdatacentersspringt1SLA.repository.Person{flat=com.Nttadta.nttdatacentersspringt1SLA.repository.Flat#52, surname=Lopez, name=Santiago, id=52, dni=12345678a}
[DEBUG] - [main] - SQL: 
    insert 
    into
        person
        (dni, `flat-number`, name, surname, id) 
    values
        (?, ?, ?, ?, ?)
Hibernate: 
    insert 
    into
        person
        (dni, `flat-number`, name, surname, id) 
    values
        (?, ?, ?, ?, ?)
[DEBUG] - [main] - JpaTransactionManager: Closing JPA EntityManager [SessionImpl(285527866<open>)] after transaction
[DEBUG] - [main] - PersonManagementServiceImpl: Persona almacenada satisfactoriamente
[DEBUG] - [main] - PersonManagementServiceImpl: Almacenando persona: 87654321a
[DEBUG] - [main] - JpaTransactionManager: Creating new transaction with name [org.springframework.data.jpa.repository.support.SimpleJpaRepository.save]: PROPAGATION_REQUIRED,ISOLATION_DEFAULT
[DEBUG] - [main] - JpaTransactionManager: Opened new EntityManager [SessionImpl(1112766156<open>)] for JPA transaction
[DEBUG] - [main] - TransactionImpl: On TransactionImpl creation, JpaCompliance#isJpaTransactionComplianceEnabled == false
[DEBUG] - [main] - TransactionImpl: begin
[DEBUG] - [main] - JpaTransactionManager: Exposing JPA transaction as JDBC [org.springframework.orm.jpa.vendor.HibernateJpaDialect$HibernateConnectionHandle@28705150]
[DEBUG] - [main] - PersistenceUnitUtilImpl: jakarta.persistence.PersistenceUnitUtil.getIdentifier is only intended to work with enhanced entities (although Hibernate also adapts this support to its proxies); however the passed entity was not enhanced (nor a proxy).. may not be able to read identifier
[DEBUG] - [main] - AbstractSaveEventListener: Generated identifier: 53, using strategy: org.hibernate.id.enhanced.SequenceStyleGenerator
[DEBUG] - [main] - JpaTransactionManager: Initiating transaction commit
[DEBUG] - [main] - JpaTransactionManager: Committing JPA transaction on EntityManager [SessionImpl(1112766156<open>)]
[DEBUG] - [main] - TransactionImpl: committing
[DEBUG] - [main] - AbstractFlushingEventListener: Processing flush-time cascades
[DEBUG] - [main] - AbstractFlushingEventListener: Dirty checking collections
[DEBUG] - [main] - AbstractFlushingEventListener: Flushed: 1 insertions, 0 updates, 0 deletions to 1 objects
[DEBUG] - [main] - AbstractFlushingEventListener: Flushed: 0 (re)creations, 0 updates, 0 removals to 0 collections
[DEBUG] - [main] - EntityPrinter: Listing entities:
[DEBUG] - [main] - EntityPrinter: com.Nttadta.nttdatacentersspringt1SLA.repository.Person{flat=com.Nttadta.nttdatacentersspringt1SLA.repository.Flat#53, surname=Perez, name=Juan, id=53, dni=87654321a}
[DEBUG] - [main] - SQL: 
    insert 
    into
        person
        (dni, `flat-number`, name, surname, id) 
    values
        (?, ?, ?, ?, ?)
Hibernate: 
    insert 
    into
        person
        (dni, `flat-number`, name, surname, id) 
    values
        (?, ?, ?, ?, ?)
[DEBUG] - [main] - JpaTransactionManager: Closing JPA EntityManager [SessionImpl(1112766156<open>)] after transaction
[DEBUG] - [main] - PersonManagementServiceImpl: Persona almacenada satisfactoriamente
[DEBUG] - [main] - PersonManagementServiceImpl: Almacenando persona: 12332156a
[DEBUG] - [main] - JpaTransactionManager: Creating new transaction with name [org.springframework.data.jpa.repository.support.SimpleJpaRepository.save]: PROPAGATION_REQUIRED,ISOLATION_DEFAULT
[DEBUG] - [main] - JpaTransactionManager: Opened new EntityManager [SessionImpl(1532904892<open>)] for JPA transaction
[DEBUG] - [main] - TransactionImpl: On TransactionImpl creation, JpaCompliance#isJpaTransactionComplianceEnabled == false
[DEBUG] - [main] - TransactionImpl: begin
[DEBUG] - [main] - JpaTransactionManager: Exposing JPA transaction as JDBC [org.springframework.orm.jpa.vendor.HibernateJpaDialect$HibernateConnectionHandle@10c1682b]
[DEBUG] - [main] - PersistenceUnitUtilImpl: jakarta.persistence.PersistenceUnitUtil.getIdentifier is only intended to work with enhanced entities (although Hibernate also adapts this support to its proxies); however the passed entity was not enhanced (nor a proxy).. may not be able to read identifier
[DEBUG] - [main] - AbstractSaveEventListener: Generated identifier: 54, using strategy: org.hibernate.id.enhanced.SequenceStyleGenerator
[DEBUG] - [main] - JpaTransactionManager: Initiating transaction commit
[DEBUG] - [main] - JpaTransactionManager: Committing JPA transaction on EntityManager [SessionImpl(1532904892<open>)]
[DEBUG] - [main] - TransactionImpl: committing
[DEBUG] - [main] - AbstractFlushingEventListener: Processing flush-time cascades
[DEBUG] - [main] - AbstractFlushingEventListener: Dirty checking collections
[DEBUG] - [main] - AbstractFlushingEventListener: Flushed: 1 insertions, 0 updates, 0 deletions to 1 objects
[DEBUG] - [main] - AbstractFlushingEventListener: Flushed: 0 (re)creations, 0 updates, 0 removals to 0 collections
[DEBUG] - [main] - EntityPrinter: Listing entities:
[DEBUG] - [main] - EntityPrinter: com.Nttadta.nttdatacentersspringt1SLA.repository.Person{flat=com.Nttadta.nttdatacentersspringt1SLA.repository.Flat#54, surname=Wayne, name=Bruce, id=54, dni=12332156a}
[DEBUG] - [main] - SQL: 
    insert 
    into
        person
        (dni, `flat-number`, name, surname, id) 
    values
        (?, ?, ?, ?, ?)
Hibernate: 
    insert 
    into
        person
        (dni, `flat-number`, name, surname, id) 
    values
        (?, ?, ?, ?, ?)
[DEBUG] - [main] - JpaTransactionManager: Closing JPA EntityManager [SessionImpl(1532904892<open>)] after transaction
[DEBUG] - [main] - PersonManagementServiceImpl: Persona almacenada satisfactoriamente
[DEBUG] - [main] - PersonManagementServiceImpl: Almacenando persona: 11122233a
[DEBUG] - [main] - JpaTransactionManager: Creating new transaction with name [org.springframework.data.jpa.repository.support.SimpleJpaRepository.save]: PROPAGATION_REQUIRED,ISOLATION_DEFAULT
[DEBUG] - [main] - JpaTransactionManager: Opened new EntityManager [SessionImpl(473170143<open>)] for JPA transaction
[DEBUG] - [main] - TransactionImpl: On TransactionImpl creation, JpaCompliance#isJpaTransactionComplianceEnabled == false
[DEBUG] - [main] - TransactionImpl: begin
[DEBUG] - [main] - JpaTransactionManager: Exposing JPA transaction as JDBC [org.springframework.orm.jpa.vendor.HibernateJpaDialect$HibernateConnectionHandle@7be9e9fc]
[DEBUG] - [main] - PersistenceUnitUtilImpl: jakarta.persistence.PersistenceUnitUtil.getIdentifier is only intended to work with enhanced entities (although Hibernate also adapts this support to its proxies); however the passed entity was not enhanced (nor a proxy).. may not be able to read identifier
[DEBUG] - [main] - AbstractSaveEventListener: Generated identifier: 55, using strategy: org.hibernate.id.enhanced.SequenceStyleGenerator
[DEBUG] - [main] - JpaTransactionManager: Initiating transaction commit
[DEBUG] - [main] - JpaTransactionManager: Committing JPA transaction on EntityManager [SessionImpl(473170143<open>)]
[DEBUG] - [main] - TransactionImpl: committing
[DEBUG] - [main] - AbstractFlushingEventListener: Processing flush-time cascades
[DEBUG] - [main] - AbstractFlushingEventListener: Dirty checking collections
[DEBUG] - [main] - AbstractFlushingEventListener: Flushed: 1 insertions, 0 updates, 0 deletions to 1 objects
[DEBUG] - [main] - AbstractFlushingEventListener: Flushed: 0 (re)creations, 0 updates, 0 removals to 0 collections
[DEBUG] - [main] - EntityPrinter: Listing entities:
[DEBUG] - [main] - EntityPrinter: com.Nttadta.nttdatacentersspringt1SLA.repository.Person{flat=com.Nttadta.nttdatacentersspringt1SLA.repository.Flat#52, surname=Wilson, name=Wade, id=55, dni=11122233a}
[DEBUG] - [main] - SQL: 
    insert 
    into
        person
        (dni, `flat-number`, name, surname, id) 
    values
        (?, ?, ?, ?, ?)
Hibernate: 
    insert 
    into
        person
        (dni, `flat-number`, name, surname, id) 
    values
        (?, ?, ?, ?, ?)
[DEBUG] - [main] - JpaTransactionManager: Closing JPA EntityManager [SessionImpl(473170143<open>)] after transaction
[DEBUG] - [main] - PersonManagementServiceImpl: Persona almacenada satisfactoriamente
[DEBUG] - [main] - NttdatacentersSpringT1SlaApplication: Personas insertadas satisfactoriamente
[DEBUG] - [main] - PersonManagementServiceImpl: Buscando todos los empleados
[DEBUG] - [main] - JpaTransactionManager: Creating new transaction with name [org.springframework.data.jpa.repository.support.SimpleJpaRepository.findAll]: PROPAGATION_REQUIRED,ISOLATION_DEFAULT,readOnly
[DEBUG] - [main] - JpaTransactionManager: Opened new EntityManager [SessionImpl(214869182<open>)] for JPA transaction
[DEBUG] - [main] - DataSourceUtils: Setting JDBC Connection [HikariProxyConnection@1598009290 wrapping com.mysql.cj.jdbc.ConnectionImpl@a84338a] read-only
[DEBUG] - [main] - TransactionImpl: On TransactionImpl creation, JpaCompliance#isJpaTransactionComplianceEnabled == false
[DEBUG] - [main] - TransactionImpl: begin
[DEBUG] - [main] - JpaTransactionManager: Exposing JPA transaction as JDBC [org.springframework.orm.jpa.vendor.HibernateJpaDialect$HibernateConnectionHandle@5fa3df]
[DEBUG] - [main] - create: Created new SQL alias : p1_0
[DEBUG] - [main] - create: Registration of TableGroup [StandardTableGroup(com.Nttadta.nttdatacentersspringt1SLA.repository.Person(8480897598800))] with identifierForTableGroup [com.Nttadta.nttdatacentersspringt1SLA.repository.Person] for NavigablePath [com.Nttadta.nttdatacentersspringt1SLA.repository.Person] 
[DEBUG] - [main] - AST: DomainResult Graph:
 \-EntityResultImpl [com.Nttadta.nttdatacentersspringt1SLA.repository.Person(8480897598800)]
 |  +-BasicFetch [com.Nttadta.nttdatacentersspringt1SLA.repository.Person(8480897598800).dni]
 |  +-CircularFetchImpl [com.Nttadta.nttdatacentersspringt1SLA.repository.Person(8480897598800).flat]
 |  +-BasicFetch [com.Nttadta.nttdatacentersspringt1SLA.repository.Person(8480897598800).name]
 |  \-BasicFetch [com.Nttadta.nttdatacentersspringt1SLA.repository.Person(8480897598800).surname]

[DEBUG] - [main] - tree: SQL AST Tree:
    SelectStatement {
      FromClause {
        StandardTableGroup (p1 : com.Nttadta.nttdatacentersspringt1SLA.repository.Person(8480897598800)) {
          primaryTableReference : person as p1_0
        }
      }
    }

[DEBUG] - [main] - exec: Skipping reading Query result cache data: cache-enabled = false, cache-mode = NORMAL
[DEBUG] - [main] - results: Initializer list
[DEBUG] - [main] - results:     com.Nttadta.nttdatacentersspringt1SLA.repository.Person(8480897598800).flat -> EntitySelectFetchInitializer(com.Nttadta.nttdatacentersspringt1SLA.repository.Person(8480897598800).flat)@1652339693 (ToOneAttributeMapping(NavigableRole[com.Nttadta.nttdatacentersspringt1SLA.repository.Person.flat])@34241760)
[DEBUG] - [main] - results:     com.Nttadta.nttdatacentersspringt1SLA.repository.Person(8480897598800) -> EntityResultInitializer(com.Nttadta.nttdatacentersspringt1SLA.repository.Person(8480897598800))@242204546 (SingleTableEntityPersister(com.Nttadta.nttdatacentersspringt1SLA.repository.Person))
[DEBUG] - [main] - SQL: 
    select
        p1_0.id,
        p1_0.dni,
        p1_0.`flat-number`,
        p1_0.name,
        p1_0.surname 
    from
        person p1_0
Hibernate: 
    select
        p1_0.id,
        p1_0.dni,
        p1_0.`flat-number`,
        p1_0.name,
        p1_0.surname 
    from
        person p1_0
[DEBUG] - [main] - results: Extracted JDBC value [0] - [1]
[DEBUG] - [main] - entity: (EntityResultInitializer) Hydrated EntityKey (com.Nttadta.nttdatacentersspringt1SLA.repository.Person(8480897598800)): 1
[DEBUG] - [main] - entity: (EntityResultInitializer) Created new entity instance [com.Nttadta.nttdatacentersspringt1SLA.repository.Person(8480897598800)#1] : Person [id=1, name=null, surname=null]
[DEBUG] - [main] - results: Extracted JDBC value [2] - [1]
[DEBUG] - [main] - entity: (EntitySelectFetchInitializer) Invoking session#internalLoad for entity (com.Nttadta.nttdatacentersspringt1SLA.repository.Person(8480897598800).flat#1) : 1
[DEBUG] - [main] - exec: Skipping reading Query result cache data: cache-enabled = false, cache-mode = IGNORE
[DEBUG] - [main] - results: Initializer list
[DEBUG] - [main] - results:     com.Nttadta.nttdatacentersspringt1SLA.repository.Flat.floor.flat -> DelayedCollectionInitializer(com.Nttadta.nttdatacentersspringt1SLA.repository.Flat.floor.flat)@593315506 (PluralAttribute(com.Nttadta.nttdatacentersspringt1SLA.repository.Floor.flat))
[DEBUG] - [main] - results:     com.Nttadta.nttdatacentersspringt1SLA.repository.Flat.floor -> EntityJoinedFetchInitializer(com.Nttadta.nttdatacentersspringt1SLA.repository.Flat.floor)@373607469 (ToOneAttributeMapping(NavigableRole[com.Nttadta.nttdatacentersspringt1SLA.repository.Flat.floor])@602552403)
[DEBUG] - [main] - results:     com.Nttadta.nttdatacentersspringt1SLA.repository.Flat.habitants -> DelayedCollectionInitializer(com.Nttadta.nttdatacentersspringt1SLA.repository.Flat.habitants)@16266774 (PluralAttribute(com.Nttadta.nttdatacentersspringt1SLA.repository.Flat.habitants))
[DEBUG] - [main] - results:     com.Nttadta.nttdatacentersspringt1SLA.repository.Flat -> EntityResultInitializer(com.Nttadta.nttdatacentersspringt1SLA.repository.Flat)@371874892 (SingleTableEntityPersister(com.Nttadta.nttdatacentersspringt1SLA.repository.Flat))
[DEBUG] - [main] - SQL: 
    select
        f1_0.flat_number,
        f2_0.floor_number,
        f2_0.buzon 
    from
        flat f1_0 
    left join
        floor f2_0 
            on f2_0.floor_number=f1_0.`floor-number` 
    where
        f1_0.flat_number=?
Hibernate: 
    select
        f1_0.flat_number,
        f2_0.floor_number,
        f2_0.buzon 
    from
        flat f1_0 
    left join
        floor f2_0 
            on f2_0.floor_number=f1_0.`floor-number` 
    where
        f1_0.flat_number=?
[DEBUG] - [main] - results: Extracted JDBC value [1] - [1]
[DEBUG] - [main] - entity: (EntityJoinedFetchInitializer) Hydrated EntityKey (com.Nttadta.nttdatacentersspringt1SLA.repository.Flat.floor): 1
[DEBUG] - [main] - entity: (EntityResultInitializer) Hydrated EntityKey (com.Nttadta.nttdatacentersspringt1SLA.repository.Flat): 1
[DEBUG] - [main] - results: Extracted JDBC value [1] - [1]
[DEBUG] - [main] - collection: (DelayedCollectionInitializer) Current row collection key : com.Nttadta.nttdatacentersspringt1SLA.repository.Flat.floor.flat#1
[DEBUG] - [main] - results: Extracted JDBC value [0] - [1]
[DEBUG] - [main] - collection: (DelayedCollectionInitializer) Current row collection key : com.Nttadta.nttdatacentersspringt1SLA.repository.Flat.habitants#1
[DEBUG] - [main] - entity: (EntityJoinedFetchInitializer) Created new entity instance [com.Nttadta.nttdatacentersspringt1SLA.repository.Flat.floor#1] : Floor [floorNumber=1, Buzon=0, flat=[]]
[DEBUG] - [main] - entity: (EntityResultInitializer) Created new entity instance [com.Nttadta.nttdatacentersspringt1SLA.repository.Flat#1] : com.Nttadta.nttdatacentersspringt1SLA.repository.Flat@72e9f0f7
[DEBUG] - [main] - results: Extracted JDBC value [2] - [1]
[DEBUG] - [main] - entity: (EntityJoinedFetchInitializer) Done materializing entityInstance : com.Nttadta.nttdatacentersspringt1SLA.repository.Flat.floor#1
[DEBUG] - [main] - entity: (EntityJoinedFetchInitializer) Found existing loading entry [com.Nttadta.nttdatacentersspringt1SLA.repository.Flat.floor#1] - using loading instance
[DEBUG] - [main] - entity: (EntityResultInitializer) Done materializing entityInstance : com.Nttadta.nttdatacentersspringt1SLA.repository.Flat#1
[DEBUG] - [main] - loading: Calling top-level assembler (0 / 1) : org.hibernate.sql.results.graph.entity.internal.EntityAssembler@6e8f3b76
[DEBUG] - [main] - entity: (EntityResultInitializer) Found existing loading entry [com.Nttadta.nttdatacentersspringt1SLA.repository.Flat#1] - using loading instance
[DEBUG] - [main] - entity: (EntitySelectFetchInitializer) Entity [com.Nttadta.nttdatacentersspringt1SLA.repository.Person(8480897598800).flat#1] : 1 has being loaded by session.internalLoad.
[DEBUG] - [main] - results: Extracted JDBC value [1] - [12345678a]
[DEBUG] - [main] - results: Extracted JDBC value [3] - [Santiago]
[DEBUG] - [main] - results: Extracted JDBC value [4] - [Lopez]
[DEBUG] - [main] - entity: (EntityResultInitializer) Done materializing entityInstance : com.Nttadta.nttdatacentersspringt1SLA.repository.Person(8480897598800)#1
[DEBUG] - [main] - loading: Calling top-level assembler (0 / 1) : org.hibernate.sql.results.graph.entity.internal.EntityAssembler@d98ce13
[DEBUG] - [main] - entity: (EntityResultInitializer) Found existing loading entry [com.Nttadta.nttdatacentersspringt1SLA.repository.Person(8480897598800)#1] - using loading instance
[DEBUG] - [main] - results: Extracted JDBC value [0] - [2]
[DEBUG] - [main] - entity: (EntityResultInitializer) Hydrated EntityKey (com.Nttadta.nttdatacentersspringt1SLA.repository.Person(8480897598800)): 2
[DEBUG] - [main] - entity: (EntityResultInitializer) Created new entity instance [com.Nttadta.nttdatacentersspringt1SLA.repository.Person(8480897598800)#2] : Person [id=2, name=null, surname=null]
[DEBUG] - [main] - results: Extracted JDBC value [2] - [2]
[DEBUG] - [main] - entity: (EntitySelectFetchInitializer) Invoking session#internalLoad for entity (com.Nttadta.nttdatacentersspringt1SLA.repository.Person(8480897598800).flat#2) : 2
[DEBUG] - [main] - exec: Skipping reading Query result cache data: cache-enabled = false, cache-mode = IGNORE
[DEBUG] - [main] - results: Initializer list
[DEBUG] - [main] - results:     com.Nttadta.nttdatacentersspringt1SLA.repository.Flat.floor.flat -> DelayedCollectionInitializer(com.Nttadta.nttdatacentersspringt1SLA.repository.Flat.floor.flat)@512144081 (PluralAttribute(com.Nttadta.nttdatacentersspringt1SLA.repository.Floor.flat))
[DEBUG] - [main] - results:     com.Nttadta.nttdatacentersspringt1SLA.repository.Flat.floor -> EntityJoinedFetchInitializer(com.Nttadta.nttdatacentersspringt1SLA.repository.Flat.floor)@105916924 (ToOneAttributeMapping(NavigableRole[com.Nttadta.nttdatacentersspringt1SLA.repository.Flat.floor])@602552403)
[DEBUG] - [main] - results:     com.Nttadta.nttdatacentersspringt1SLA.repository.Flat.habitants -> DelayedCollectionInitializer(com.Nttadta.nttdatacentersspringt1SLA.repository.Flat.habitants)@1214595918 (PluralAttribute(com.Nttadta.nttdatacentersspringt1SLA.repository.Flat.habitants))
[DEBUG] - [main] - results:     com.Nttadta.nttdatacentersspringt1SLA.repository.Flat -> EntityResultInitializer(com.Nttadta.nttdatacentersspringt1SLA.repository.Flat)@63366151 (SingleTableEntityPersister(com.Nttadta.nttdatacentersspringt1SLA.repository.Flat))
[DEBUG] - [main] - SQL: 
    select
        f1_0.flat_number,
        f2_0.floor_number,
        f2_0.buzon 
    from
        flat f1_0 
    left join
        floor f2_0 
            on f2_0.floor_number=f1_0.`floor-number` 
    where
        f1_0.flat_number=?
Hibernate: 
    select
        f1_0.flat_number,
        f2_0.floor_number,
        f2_0.buzon 
    from
        flat f1_0 
    left join
        floor f2_0 
            on f2_0.floor_number=f1_0.`floor-number` 
    where
        f1_0.flat_number=?
[DEBUG] - [main] - results: Extracted JDBC value [1] - [1]
[DEBUG] - [main] - entity: (EntityJoinedFetchInitializer) Hydrated EntityKey (com.Nttadta.nttdatacentersspringt1SLA.repository.Flat.floor): 1
[DEBUG] - [main] - entity: (EntityResultInitializer) Hydrated EntityKey (com.Nttadta.nttdatacentersspringt1SLA.repository.Flat): 2
[DEBUG] - [main] - results: Extracted JDBC value [1] - [1]
[DEBUG] - [main] - collection: (DelayedCollectionInitializer) Current row collection key : com.Nttadta.nttdatacentersspringt1SLA.repository.Flat.floor.flat#1
[DEBUG] - [main] - results: Extracted JDBC value [0] - [2]
[DEBUG] - [main] - collection: (DelayedCollectionInitializer) Current row collection key : com.Nttadta.nttdatacentersspringt1SLA.repository.Flat.habitants#2
[DEBUG] - [main] - entity: (EntityResultInitializer) Created new entity instance [com.Nttadta.nttdatacentersspringt1SLA.repository.Flat#2] : com.Nttadta.nttdatacentersspringt1SLA.repository.Flat@79aa675b
[DEBUG] - [main] - entity: (EntityResultInitializer) Done materializing entityInstance : com.Nttadta.nttdatacentersspringt1SLA.repository.Flat#2
[DEBUG] - [main] - loading: Calling top-level assembler (0 / 1) : org.hibernate.sql.results.graph.entity.internal.EntityAssembler@3fe59f84
[DEBUG] - [main] - entity: (EntityResultInitializer) Found existing loading entry [com.Nttadta.nttdatacentersspringt1SLA.repository.Flat#2] - using loading instance
[DEBUG] - [main] - entity: (EntitySelectFetchInitializer) Entity [com.Nttadta.nttdatacentersspringt1SLA.repository.Person(8480897598800).flat#2] : 2 has being loaded by session.internalLoad.
[DEBUG] - [main] - results: Extracted JDBC value [1] - [87654321a]
[DEBUG] - [main] - results: Extracted JDBC value [3] - [Juan]
[DEBUG] - [main] - results: Extracted JDBC value [4] - [Perez]
[DEBUG] - [main] - entity: (EntityResultInitializer) Done materializing entityInstance : com.Nttadta.nttdatacentersspringt1SLA.repository.Person(8480897598800)#2
[DEBUG] - [main] - loading: Calling top-level assembler (0 / 1) : org.hibernate.sql.results.graph.entity.internal.EntityAssembler@d98ce13
[DEBUG] - [main] - entity: (EntityResultInitializer) Found existing loading entry [com.Nttadta.nttdatacentersspringt1SLA.repository.Person(8480897598800)#2] - using loading instance
[DEBUG] - [main] - results: Extracted JDBC value [0] - [3]
[DEBUG] - [main] - entity: (EntityResultInitializer) Hydrated EntityKey (com.Nttadta.nttdatacentersspringt1SLA.repository.Person(8480897598800)): 3
[DEBUG] - [main] - entity: (EntityResultInitializer) Created new entity instance [com.Nttadta.nttdatacentersspringt1SLA.repository.Person(8480897598800)#3] : Person [id=3, name=null, surname=null]
[DEBUG] - [main] - results: Extracted JDBC value [2] - [3]
[DEBUG] - [main] - entity: (EntitySelectFetchInitializer) Invoking session#internalLoad for entity (com.Nttadta.nttdatacentersspringt1SLA.repository.Person(8480897598800).flat#3) : 3
[DEBUG] - [main] - exec: Skipping reading Query result cache data: cache-enabled = false, cache-mode = IGNORE
[DEBUG] - [main] - results: Initializer list
[DEBUG] - [main] - results:     com.Nttadta.nttdatacentersspringt1SLA.repository.Flat.floor.flat -> DelayedCollectionInitializer(com.Nttadta.nttdatacentersspringt1SLA.repository.Flat.floor.flat)@495367734 (PluralAttribute(com.Nttadta.nttdatacentersspringt1SLA.repository.Floor.flat))
[DEBUG] - [main] - results:     com.Nttadta.nttdatacentersspringt1SLA.repository.Flat.floor -> EntityJoinedFetchInitializer(com.Nttadta.nttdatacentersspringt1SLA.repository.Flat.floor)@235668413 (ToOneAttributeMapping(NavigableRole[com.Nttadta.nttdatacentersspringt1SLA.repository.Flat.floor])@602552403)
[DEBUG] - [main] - results:     com.Nttadta.nttdatacentersspringt1SLA.repository.Flat.habitants -> DelayedCollectionInitializer(com.Nttadta.nttdatacentersspringt1SLA.repository.Flat.habitants)@1642373234 (PluralAttribute(com.Nttadta.nttdatacentersspringt1SLA.repository.Flat.habitants))
[DEBUG] - [main] - results:     com.Nttadta.nttdatacentersspringt1SLA.repository.Flat -> EntityResultInitializer(com.Nttadta.nttdatacentersspringt1SLA.repository.Flat)@854777436 (SingleTableEntityPersister(com.Nttadta.nttdatacentersspringt1SLA.repository.Flat))
[DEBUG] - [main] - SQL: 
    select
        f1_0.flat_number,
        f2_0.floor_number,
        f2_0.buzon 
    from
        flat f1_0 
    left join
        floor f2_0 
            on f2_0.floor_number=f1_0.`floor-number` 
    where
        f1_0.flat_number=?
Hibernate: 
    select
        f1_0.flat_number,
        f2_0.floor_number,
        f2_0.buzon 
    from
        flat f1_0 
    left join
        floor f2_0 
            on f2_0.floor_number=f1_0.`floor-number` 
    where
        f1_0.flat_number=?
[DEBUG] - [main] - results: Extracted JDBC value [1] - [2]
[DEBUG] - [main] - entity: (EntityJoinedFetchInitializer) Hydrated EntityKey (com.Nttadta.nttdatacentersspringt1SLA.repository.Flat.floor): 2
[DEBUG] - [main] - entity: (EntityResultInitializer) Hydrated EntityKey (com.Nttadta.nttdatacentersspringt1SLA.repository.Flat): 3
[DEBUG] - [main] - results: Extracted JDBC value [1] - [2]
[DEBUG] - [main] - collection: (DelayedCollectionInitializer) Current row collection key : com.Nttadta.nttdatacentersspringt1SLA.repository.Flat.floor.flat#2
[DEBUG] - [main] - results: Extracted JDBC value [0] - [3]
[DEBUG] - [main] - collection: (DelayedCollectionInitializer) Current row collection key : com.Nttadta.nttdatacentersspringt1SLA.repository.Flat.habitants#3
[DEBUG] - [main] - entity: (EntityJoinedFetchInitializer) Created new entity instance [com.Nttadta.nttdatacentersspringt1SLA.repository.Flat.floor#2] : Floor [floorNumber=2, Buzon=0, flat=[]]
[DEBUG] - [main] - entity: (EntityResultInitializer) Created new entity instance [com.Nttadta.nttdatacentersspringt1SLA.repository.Flat#3] : com.Nttadta.nttdatacentersspringt1SLA.repository.Flat@61c42e54
[DEBUG] - [main] - results: Extracted JDBC value [2] - [2]
[DEBUG] - [main] - entity: (EntityJoinedFetchInitializer) Done materializing entityInstance : com.Nttadta.nttdatacentersspringt1SLA.repository.Flat.floor#2
[DEBUG] - [main] - entity: (EntityJoinedFetchInitializer) Found existing loading entry [com.Nttadta.nttdatacentersspringt1SLA.repository.Flat.floor#2] - using loading instance
[DEBUG] - [main] - entity: (EntityResultInitializer) Done materializing entityInstance : com.Nttadta.nttdatacentersspringt1SLA.repository.Flat#3
[DEBUG] - [main] - loading: Calling top-level assembler (0 / 1) : org.hibernate.sql.results.graph.entity.internal.EntityAssembler@3bf306d3
[DEBUG] - [main] - entity: (EntityResultInitializer) Found existing loading entry [com.Nttadta.nttdatacentersspringt1SLA.repository.Flat#3] - using loading instance
[DEBUG] - [main] - entity: (EntitySelectFetchInitializer) Entity [com.Nttadta.nttdatacentersspringt1SLA.repository.Person(8480897598800).flat#3] : 3 has being loaded by session.internalLoad.
[DEBUG] - [main] - results: Extracted JDBC value [1] - [12332156a]
[DEBUG] - [main] - results: Extracted JDBC value [3] - [Bruce]
[DEBUG] - [main] - results: Extracted JDBC value [4] - [Wayne]
[DEBUG] - [main] - entity: (EntityResultInitializer) Done materializing entityInstance : com.Nttadta.nttdatacentersspringt1SLA.repository.Person(8480897598800)#3
[DEBUG] - [main] - loading: Calling top-level assembler (0 / 1) : org.hibernate.sql.results.graph.entity.internal.EntityAssembler@d98ce13
[DEBUG] - [main] - entity: (EntityResultInitializer) Found existing loading entry [com.Nttadta.nttdatacentersspringt1SLA.repository.Person(8480897598800)#3] - using loading instance
[DEBUG] - [main] - results: Extracted JDBC value [0] - [4]
[DEBUG] - [main] - entity: (EntityResultInitializer) Hydrated EntityKey (com.Nttadta.nttdatacentersspringt1SLA.repository.Person(8480897598800)): 4
[DEBUG] - [main] - entity: (EntityResultInitializer) Created new entity instance [com.Nttadta.nttdatacentersspringt1SLA.repository.Person(8480897598800)#4] : Person [id=4, name=null, surname=null]
[DEBUG] - [main] - results: Extracted JDBC value [2] - [1]
[DEBUG] - [main] - results: Extracted JDBC value [1] - [11122233a]
[DEBUG] - [main] - results: Extracted JDBC value [3] - [Wade]
[DEBUG] - [main] - results: Extracted JDBC value [4] - [Wilson]
[DEBUG] - [main] - entity: (EntityResultInitializer) Done materializing entityInstance : com.Nttadta.nttdatacentersspringt1SLA.repository.Person(8480897598800)#4
[DEBUG] - [main] - loading: Calling top-level assembler (0 / 1) : org.hibernate.sql.results.graph.entity.internal.EntityAssembler@d98ce13
[DEBUG] - [main] - entity: (EntityResultInitializer) Found existing loading entry [com.Nttadta.nttdatacentersspringt1SLA.repository.Person(8480897598800)#4] - using loading instance
[DEBUG] - [main] - results: Extracted JDBC value [0] - [52]
[DEBUG] - [main] - entity: (EntityResultInitializer) Hydrated EntityKey (com.Nttadta.nttdatacentersspringt1SLA.repository.Person(8480897598800)): 52
[DEBUG] - [main] - entity: (EntityResultInitializer) Created new entity instance [com.Nttadta.nttdatacentersspringt1SLA.repository.Person(8480897598800)#52] : Person [id=52, name=null, surname=null]
[DEBUG] - [main] - results: Extracted JDBC value [2] - [52]
[DEBUG] - [main] - entity: (EntitySelectFetchInitializer) Invoking session#internalLoad for entity (com.Nttadta.nttdatacentersspringt1SLA.repository.Person(8480897598800).flat#52) : 52
[DEBUG] - [main] - exec: Skipping reading Query result cache data: cache-enabled = false, cache-mode = IGNORE
[DEBUG] - [main] - results: Initializer list
[DEBUG] - [main] - results:     com.Nttadta.nttdatacentersspringt1SLA.repository.Flat.floor.flat -> DelayedCollectionInitializer(com.Nttadta.nttdatacentersspringt1SLA.repository.Flat.floor.flat)@2107902964 (PluralAttribute(com.Nttadta.nttdatacentersspringt1SLA.repository.Floor.flat))
[DEBUG] - [main] - results:     com.Nttadta.nttdatacentersspringt1SLA.repository.Flat.floor -> EntityJoinedFetchInitializer(com.Nttadta.nttdatacentersspringt1SLA.repository.Flat.floor)@1970307376 (ToOneAttributeMapping(NavigableRole[com.Nttadta.nttdatacentersspringt1SLA.repository.Flat.floor])@602552403)
[DEBUG] - [main] - results:     com.Nttadta.nttdatacentersspringt1SLA.repository.Flat.habitants -> DelayedCollectionInitializer(com.Nttadta.nttdatacentersspringt1SLA.repository.Flat.habitants)@207950470 (PluralAttribute(com.Nttadta.nttdatacentersspringt1SLA.repository.Flat.habitants))
[DEBUG] - [main] - results:     com.Nttadta.nttdatacentersspringt1SLA.repository.Flat -> EntityResultInitializer(com.Nttadta.nttdatacentersspringt1SLA.repository.Flat)@1076906296 (SingleTableEntityPersister(com.Nttadta.nttdatacentersspringt1SLA.repository.Flat))
[DEBUG] - [main] - SQL: 
    select
        f1_0.flat_number,
        f2_0.floor_number,
        f2_0.buzon 
    from
        flat f1_0 
    left join
        floor f2_0 
            on f2_0.floor_number=f1_0.`floor-number` 
    where
        f1_0.flat_number=?
Hibernate: 
    select
        f1_0.flat_number,
        f2_0.floor_number,
        f2_0.buzon 
    from
        flat f1_0 
    left join
        floor f2_0 
            on f2_0.floor_number=f1_0.`floor-number` 
    where
        f1_0.flat_number=?
[DEBUG] - [main] - results: Extracted JDBC value [1] - [52]
[DEBUG] - [main] - entity: (EntityJoinedFetchInitializer) Hydrated EntityKey (com.Nttadta.nttdatacentersspringt1SLA.repository.Flat.floor): 52
[DEBUG] - [main] - entity: (EntityResultInitializer) Hydrated EntityKey (com.Nttadta.nttdatacentersspringt1SLA.repository.Flat): 52
[DEBUG] - [main] - results: Extracted JDBC value [1] - [52]
[DEBUG] - [main] - collection: (DelayedCollectionInitializer) Current row collection key : com.Nttadta.nttdatacentersspringt1SLA.repository.Flat.floor.flat#52
[DEBUG] - [main] - results: Extracted JDBC value [0] - [52]
[DEBUG] - [main] - collection: (DelayedCollectionInitializer) Current row collection key : com.Nttadta.nttdatacentersspringt1SLA.repository.Flat.habitants#52
[DEBUG] - [main] - entity: (EntityJoinedFetchInitializer) Created new entity instance [com.Nttadta.nttdatacentersspringt1SLA.repository.Flat.floor#52] : Floor [floorNumber=52, Buzon=0, flat=[]]
[DEBUG] - [main] - entity: (EntityResultInitializer) Created new entity instance [com.Nttadta.nttdatacentersspringt1SLA.repository.Flat#52] : com.Nttadta.nttdatacentersspringt1SLA.repository.Flat@2740585b
[DEBUG] - [main] - results: Extracted JDBC value [2] - [1]
[DEBUG] - [main] - entity: (EntityJoinedFetchInitializer) Done materializing entityInstance : com.Nttadta.nttdatacentersspringt1SLA.repository.Flat.floor#52
[DEBUG] - [main] - entity: (EntityJoinedFetchInitializer) Found existing loading entry [com.Nttadta.nttdatacentersspringt1SLA.repository.Flat.floor#52] - using loading instance
[DEBUG] - [main] - entity: (EntityResultInitializer) Done materializing entityInstance : com.Nttadta.nttdatacentersspringt1SLA.repository.Flat#52
[DEBUG] - [main] - loading: Calling top-level assembler (0 / 1) : org.hibernate.sql.results.graph.entity.internal.EntityAssembler@2d6e09f0
[DEBUG] - [main] - entity: (EntityResultInitializer) Found existing loading entry [com.Nttadta.nttdatacentersspringt1SLA.repository.Flat#52] - using loading instance
[DEBUG] - [main] - entity: (EntitySelectFetchInitializer) Entity [com.Nttadta.nttdatacentersspringt1SLA.repository.Person(8480897598800).flat#52] : 52 has being loaded by session.internalLoad.
[DEBUG] - [main] - results: Extracted JDBC value [1] - [12345678a]
[DEBUG] - [main] - results: Extracted JDBC value [3] - [Santiago]
[DEBUG] - [main] - results: Extracted JDBC value [4] - [Lopez]
[DEBUG] - [main] - entity: (EntityResultInitializer) Done materializing entityInstance : com.Nttadta.nttdatacentersspringt1SLA.repository.Person(8480897598800)#52
[DEBUG] - [main] - loading: Calling top-level assembler (0 / 1) : org.hibernate.sql.results.graph.entity.internal.EntityAssembler@d98ce13
[DEBUG] - [main] - entity: (EntityResultInitializer) Found existing loading entry [com.Nttadta.nttdatacentersspringt1SLA.repository.Person(8480897598800)#52] - using loading instance
[DEBUG] - [main] - results: Extracted JDBC value [0] - [53]
[DEBUG] - [main] - entity: (EntityResultInitializer) Hydrated EntityKey (com.Nttadta.nttdatacentersspringt1SLA.repository.Person(8480897598800)): 53
[DEBUG] - [main] - entity: (EntityResultInitializer) Created new entity instance [com.Nttadta.nttdatacentersspringt1SLA.repository.Person(8480897598800)#53] : Person [id=53, name=null, surname=null]
[DEBUG] - [main] - results: Extracted JDBC value [2] - [53]
[DEBUG] - [main] - entity: (EntitySelectFetchInitializer) Invoking session#internalLoad for entity (com.Nttadta.nttdatacentersspringt1SLA.repository.Person(8480897598800).flat#53) : 53
[DEBUG] - [main] - exec: Skipping reading Query result cache data: cache-enabled = false, cache-mode = IGNORE
[DEBUG] - [main] - results: Initializer list
[DEBUG] - [main] - results:     com.Nttadta.nttdatacentersspringt1SLA.repository.Flat.floor.flat -> DelayedCollectionInitializer(com.Nttadta.nttdatacentersspringt1SLA.repository.Flat.floor.flat)@255748214 (PluralAttribute(com.Nttadta.nttdatacentersspringt1SLA.repository.Floor.flat))
[DEBUG] - [main] - results:     com.Nttadta.nttdatacentersspringt1SLA.repository.Flat.floor -> EntityJoinedFetchInitializer(com.Nttadta.nttdatacentersspringt1SLA.repository.Flat.floor)@1388499432 (ToOneAttributeMapping(NavigableRole[com.Nttadta.nttdatacentersspringt1SLA.repository.Flat.floor])@602552403)
[DEBUG] - [main] - results:     com.Nttadta.nttdatacentersspringt1SLA.repository.Flat.habitants -> DelayedCollectionInitializer(com.Nttadta.nttdatacentersspringt1SLA.repository.Flat.habitants)@443006127 (PluralAttribute(com.Nttadta.nttdatacentersspringt1SLA.repository.Flat.habitants))
[DEBUG] - [main] - results:     com.Nttadta.nttdatacentersspringt1SLA.repository.Flat -> EntityResultInitializer(com.Nttadta.nttdatacentersspringt1SLA.repository.Flat)@1330346542 (SingleTableEntityPersister(com.Nttadta.nttdatacentersspringt1SLA.repository.Flat))
[DEBUG] - [main] - SQL: 
    select
        f1_0.flat_number,
        f2_0.floor_number,
        f2_0.buzon 
    from
        flat f1_0 
    left join
        floor f2_0 
            on f2_0.floor_number=f1_0.`floor-number` 
    where
        f1_0.flat_number=?
Hibernate: 
    select
        f1_0.flat_number,
        f2_0.floor_number,
        f2_0.buzon 
    from
        flat f1_0 
    left join
        floor f2_0 
            on f2_0.floor_number=f1_0.`floor-number` 
    where
        f1_0.flat_number=?
[DEBUG] - [main] - results: Extracted JDBC value [1] - [52]
[DEBUG] - [main] - entity: (EntityJoinedFetchInitializer) Hydrated EntityKey (com.Nttadta.nttdatacentersspringt1SLA.repository.Flat.floor): 52
[DEBUG] - [main] - entity: (EntityResultInitializer) Hydrated EntityKey (com.Nttadta.nttdatacentersspringt1SLA.repository.Flat): 53
[DEBUG] - [main] - results: Extracted JDBC value [1] - [52]
[DEBUG] - [main] - collection: (DelayedCollectionInitializer) Current row collection key : com.Nttadta.nttdatacentersspringt1SLA.repository.Flat.floor.flat#52
[DEBUG] - [main] - results: Extracted JDBC value [0] - [53]
[DEBUG] - [main] - collection: (DelayedCollectionInitializer) Current row collection key : com.Nttadta.nttdatacentersspringt1SLA.repository.Flat.habitants#53
[DEBUG] - [main] - entity: (EntityResultInitializer) Created new entity instance [com.Nttadta.nttdatacentersspringt1SLA.repository.Flat#53] : com.Nttadta.nttdatacentersspringt1SLA.repository.Flat@4468ced2
[DEBUG] - [main] - entity: (EntityResultInitializer) Done materializing entityInstance : com.Nttadta.nttdatacentersspringt1SLA.repository.Flat#53
[DEBUG] - [main] - loading: Calling top-level assembler (0 / 1) : org.hibernate.sql.results.graph.entity.internal.EntityAssembler@21f421b8
[DEBUG] - [main] - entity: (EntityResultInitializer) Found existing loading entry [com.Nttadta.nttdatacentersspringt1SLA.repository.Flat#53] - using loading instance
[DEBUG] - [main] - entity: (EntitySelectFetchInitializer) Entity [com.Nttadta.nttdatacentersspringt1SLA.repository.Person(8480897598800).flat#53] : 53 has being loaded by session.internalLoad.
[DEBUG] - [main] - results: Extracted JDBC value [1] - [87654321a]
[DEBUG] - [main] - results: Extracted JDBC value [3] - [Juan]
[DEBUG] - [main] - results: Extracted JDBC value [4] - [Perez]
[DEBUG] - [main] - entity: (EntityResultInitializer) Done materializing entityInstance : com.Nttadta.nttdatacentersspringt1SLA.repository.Person(8480897598800)#53
[DEBUG] - [main] - loading: Calling top-level assembler (0 / 1) : org.hibernate.sql.results.graph.entity.internal.EntityAssembler@d98ce13
[DEBUG] - [main] - entity: (EntityResultInitializer) Found existing loading entry [com.Nttadta.nttdatacentersspringt1SLA.repository.Person(8480897598800)#53] - using loading instance
[DEBUG] - [main] - results: Extracted JDBC value [0] - [54]
[DEBUG] - [main] - entity: (EntityResultInitializer) Hydrated EntityKey (com.Nttadta.nttdatacentersspringt1SLA.repository.Person(8480897598800)): 54
[DEBUG] - [main] - entity: (EntityResultInitializer) Created new entity instance [com.Nttadta.nttdatacentersspringt1SLA.repository.Person(8480897598800)#54] : Person [id=54, name=null, surname=null]
[DEBUG] - [main] - results: Extracted JDBC value [2] - [54]
[DEBUG] - [main] - entity: (EntitySelectFetchInitializer) Invoking session#internalLoad for entity (com.Nttadta.nttdatacentersspringt1SLA.repository.Person(8480897598800).flat#54) : 54
[DEBUG] - [main] - exec: Skipping reading Query result cache data: cache-enabled = false, cache-mode = IGNORE
[DEBUG] - [main] - results: Initializer list
[DEBUG] - [main] - results:     com.Nttadta.nttdatacentersspringt1SLA.repository.Flat.floor.flat -> DelayedCollectionInitializer(com.Nttadta.nttdatacentersspringt1SLA.repository.Flat.floor.flat)@772065437 (PluralAttribute(com.Nttadta.nttdatacentersspringt1SLA.repository.Floor.flat))
[DEBUG] - [main] - results:     com.Nttadta.nttdatacentersspringt1SLA.repository.Flat.floor -> EntityJoinedFetchInitializer(com.Nttadta.nttdatacentersspringt1SLA.repository.Flat.floor)@779998468 (ToOneAttributeMapping(NavigableRole[com.Nttadta.nttdatacentersspringt1SLA.repository.Flat.floor])@602552403)
[DEBUG] - [main] - results:     com.Nttadta.nttdatacentersspringt1SLA.repository.Flat.habitants -> DelayedCollectionInitializer(com.Nttadta.nttdatacentersspringt1SLA.repository.Flat.habitants)@1046473705 (PluralAttribute(com.Nttadta.nttdatacentersspringt1SLA.repository.Flat.habitants))
[DEBUG] - [main] - results:     com.Nttadta.nttdatacentersspringt1SLA.repository.Flat -> EntityResultInitializer(com.Nttadta.nttdatacentersspringt1SLA.repository.Flat)@1447232813 (SingleTableEntityPersister(com.Nttadta.nttdatacentersspringt1SLA.repository.Flat))
[DEBUG] - [main] - SQL: 
    select
        f1_0.flat_number,
        f2_0.floor_number,
        f2_0.buzon 
    from
        flat f1_0 
    left join
        floor f2_0 
            on f2_0.floor_number=f1_0.`floor-number` 
    where
        f1_0.flat_number=?
Hibernate: 
    select
        f1_0.flat_number,
        f2_0.floor_number,
        f2_0.buzon 
    from
        flat f1_0 
    left join
        floor f2_0 
            on f2_0.floor_number=f1_0.`floor-number` 
    where
        f1_0.flat_number=?
[DEBUG] - [main] - results: Extracted JDBC value [1] - [53]
[DEBUG] - [main] - entity: (EntityJoinedFetchInitializer) Hydrated EntityKey (com.Nttadta.nttdatacentersspringt1SLA.repository.Flat.floor): 53
[DEBUG] - [main] - entity: (EntityResultInitializer) Hydrated EntityKey (com.Nttadta.nttdatacentersspringt1SLA.repository.Flat): 54
[DEBUG] - [main] - results: Extracted JDBC value [1] - [53]
[DEBUG] - [main] - collection: (DelayedCollectionInitializer) Current row collection key : com.Nttadta.nttdatacentersspringt1SLA.repository.Flat.floor.flat#53
[DEBUG] - [main] - results: Extracted JDBC value [0] - [54]
[DEBUG] - [main] - collection: (DelayedCollectionInitializer) Current row collection key : com.Nttadta.nttdatacentersspringt1SLA.repository.Flat.habitants#54
[DEBUG] - [main] - entity: (EntityJoinedFetchInitializer) Created new entity instance [com.Nttadta.nttdatacentersspringt1SLA.repository.Flat.floor#53] : Floor [floorNumber=53, Buzon=0, flat=[]]
[DEBUG] - [main] - entity: (EntityResultInitializer) Created new entity instance [com.Nttadta.nttdatacentersspringt1SLA.repository.Flat#54] : com.Nttadta.nttdatacentersspringt1SLA.repository.Flat@140fa482
[DEBUG] - [main] - results: Extracted JDBC value [2] - [2]
[DEBUG] - [main] - entity: (EntityJoinedFetchInitializer) Done materializing entityInstance : com.Nttadta.nttdatacentersspringt1SLA.repository.Flat.floor#53
[DEBUG] - [main] - entity: (EntityJoinedFetchInitializer) Found existing loading entry [com.Nttadta.nttdatacentersspringt1SLA.repository.Flat.floor#53] - using loading instance
[DEBUG] - [main] - entity: (EntityResultInitializer) Done materializing entityInstance : com.Nttadta.nttdatacentersspringt1SLA.repository.Flat#54
[DEBUG] - [main] - loading: Calling top-level assembler (0 / 1) : org.hibernate.sql.results.graph.entity.internal.EntityAssembler@588614f9
[DEBUG] - [main] - entity: (EntityResultInitializer) Found existing loading entry [com.Nttadta.nttdatacentersspringt1SLA.repository.Flat#54] - using loading instance
[DEBUG] - [main] - entity: (EntitySelectFetchInitializer) Entity [com.Nttadta.nttdatacentersspringt1SLA.repository.Person(8480897598800).flat#54] : 54 has being loaded by session.internalLoad.
[DEBUG] - [main] - results: Extracted JDBC value [1] - [12332156a]
[DEBUG] - [main] - results: Extracted JDBC value [3] - [Bruce]
[DEBUG] - [main] - results: Extracted JDBC value [4] - [Wayne]
[DEBUG] - [main] - entity: (EntityResultInitializer) Done materializing entityInstance : com.Nttadta.nttdatacentersspringt1SLA.repository.Person(8480897598800)#54
[DEBUG] - [main] - loading: Calling top-level assembler (0 / 1) : org.hibernate.sql.results.graph.entity.internal.EntityAssembler@d98ce13
[DEBUG] - [main] - entity: (EntityResultInitializer) Found existing loading entry [com.Nttadta.nttdatacentersspringt1SLA.repository.Person(8480897598800)#54] - using loading instance
[DEBUG] - [main] - results: Extracted JDBC value [0] - [55]
[DEBUG] - [main] - entity: (EntityResultInitializer) Hydrated EntityKey (com.Nttadta.nttdatacentersspringt1SLA.repository.Person(8480897598800)): 55
[DEBUG] - [main] - entity: (EntityResultInitializer) Created new entity instance [com.Nttadta.nttdatacentersspringt1SLA.repository.Person(8480897598800)#55] : Person [id=55, name=null, surname=null]
[DEBUG] - [main] - results: Extracted JDBC value [2] - [52]
[DEBUG] - [main] - results: Extracted JDBC value [1] - [11122233a]
[DEBUG] - [main] - results: Extracted JDBC value [3] - [Wade]
[DEBUG] - [main] - results: Extracted JDBC value [4] - [Wilson]
[DEBUG] - [main] - entity: (EntityResultInitializer) Done materializing entityInstance : com.Nttadta.nttdatacentersspringt1SLA.repository.Person(8480897598800)#55
[DEBUG] - [main] - loading: Calling top-level assembler (0 / 1) : org.hibernate.sql.results.graph.entity.internal.EntityAssembler@d98ce13
[DEBUG] - [main] - entity: (EntityResultInitializer) Found existing loading entry [com.Nttadta.nttdatacentersspringt1SLA.repository.Person(8480897598800)#55] - using loading instance
[DEBUG] - [main] - JpaTransactionManager: Initiating transaction commit
[DEBUG] - [main] - JpaTransactionManager: Committing JPA transaction on EntityManager [SessionImpl(214869182<open>)]
[DEBUG] - [main] - TransactionImpl: committing
[DEBUG] - [main] - DataSourceUtils: Resetting read-only flag of JDBC Connection [HikariProxyConnection@1598009290 wrapping com.mysql.cj.jdbc.ConnectionImpl@a84338a]
[DEBUG] - [main] - JpaTransactionManager: Closing JPA EntityManager [SessionImpl(214869182<open>)] after transaction
[DEBUG] - [main] - PersonManagementServiceImpl: Empleados buscados satisfactoriamenre, devueltos: [Person [id=1, name=Santiago, surname=Lopez], Person [id=2, name=Juan, surname=Perez], Person [id=3, name=Bruce, surname=Wayne], Person [id=4, name=Wade, surname=Wilson], Person [id=52, name=Santiago, surname=Lopez], Person [id=53, name=Juan, surname=Perez], Person [id=54, name=Bruce, surname=Wayne], Person [id=55, name=Wade, surname=Wilson]]
[DEBUG] - [main] - PersonManagementServiceImpl: Buscando persona por nombre y apellidos: Juan Perez
[DEBUG] - [main] - SharedEntityManagerCreator$SharedEntityManagerInvocationHandler: Creating new EntityManager for shared EntityManager invocation
[DEBUG] - [main] - create: Created new SQL alias : p1_0
[DEBUG] - [main] - create: Registration of TableGroup [StandardTableGroup(com.Nttadta.nttdatacentersspringt1SLA.repository.Person(8479050601900))] with identifierForTableGroup [com.Nttadta.nttdatacentersspringt1SLA.repository.Person] for NavigablePath [com.Nttadta.nttdatacentersspringt1SLA.repository.Person] 
[DEBUG] - [main] - BaseSqmToSqlAstConverter: Determining mapping-model type for SqmParameter : org.hibernate.query.sqm.tree.expression.SqmJpaCriteriaParameterWrapper@71b6edfb
[DEBUG] - [main] - BaseSqmToSqlAstConverter: Determining mapping-model type for SqmPath : SqmBasicValuedSimplePath(com.Nttadta.nttdatacentersspringt1SLA.repository.Person(8479050601900).name) 
[DEBUG] - [main] - BaseSqmToSqlAstConverter: Determining mapping-model type for SqmParameter : org.hibernate.query.sqm.tree.expression.SqmJpaCriteriaParameterWrapper@1dcc0bb8
[DEBUG] - [main] - BaseSqmToSqlAstConverter: Determining mapping-model type for SqmPath : SqmBasicValuedSimplePath(com.Nttadta.nttdatacentersspringt1SLA.repository.Person(8479050601900).surname) 
[DEBUG] - [main] - AST: DomainResult Graph:
 \-EntityResultImpl [com.Nttadta.nttdatacentersspringt1SLA.repository.Person(8479050601900)]
 |  +-BasicFetch [com.Nttadta.nttdatacentersspringt1SLA.repository.Person(8479050601900).dni]
 |  +-CircularFetchImpl [com.Nttadta.nttdatacentersspringt1SLA.repository.Person(8479050601900).flat]
 |  +-BasicFetch [com.Nttadta.nttdatacentersspringt1SLA.repository.Person(8479050601900).name]
 |  \-BasicFetch [com.Nttadta.nttdatacentersspringt1SLA.repository.Person(8479050601900).surname]

[DEBUG] - [main] - tree: SQL AST Tree:
    SelectStatement {
      FromClause {
        StandardTableGroup (p1 : com.Nttadta.nttdatacentersspringt1SLA.repository.Person(8479050601900)) {
          primaryTableReference : person as p1_0
        }
      }
    }

[DEBUG] - [main] - exec: Skipping reading Query result cache data: cache-enabled = false, cache-mode = NORMAL
[DEBUG] - [main] - results: Initializer list
[DEBUG] - [main] - results:     com.Nttadta.nttdatacentersspringt1SLA.repository.Person(8479050601900).flat -> EntitySelectFetchInitializer(com.Nttadta.nttdatacentersspringt1SLA.repository.Person(8479050601900).flat)@859363078 (ToOneAttributeMapping(NavigableRole[com.Nttadta.nttdatacentersspringt1SLA.repository.Person.flat])@34241760)
[DEBUG] - [main] - results:     com.Nttadta.nttdatacentersspringt1SLA.repository.Person(8479050601900) -> EntityResultInitializer(com.Nttadta.nttdatacentersspringt1SLA.repository.Person(8479050601900))@259484490 (SingleTableEntityPersister(com.Nttadta.nttdatacentersspringt1SLA.repository.Person))
[DEBUG] - [main] - SQL: 
    select
        p1_0.id,
        p1_0.dni,
        p1_0.`flat-number`,
        p1_0.name,
        p1_0.surname 
    from
        person p1_0 
    where
        p1_0.name=? 
        and p1_0.surname=?
Hibernate: 
    select
        p1_0.id,
        p1_0.dni,
        p1_0.`flat-number`,
        p1_0.name,
        p1_0.surname 
    from
        person p1_0 
    where
        p1_0.name=? 
        and p1_0.surname=?
[DEBUG] - [main] - results: Extracted JDBC value [0] - [2]
[DEBUG] - [main] - entity: (EntityResultInitializer) Hydrated EntityKey (com.Nttadta.nttdatacentersspringt1SLA.repository.Person(8479050601900)): 2
[DEBUG] - [main] - entity: (EntityResultInitializer) Created new entity instance [com.Nttadta.nttdatacentersspringt1SLA.repository.Person(8479050601900)#2] : Person [id=2, name=null, surname=null]
[DEBUG] - [main] - results: Extracted JDBC value [2] - [2]
[DEBUG] - [main] - entity: (EntitySelectFetchInitializer) Invoking session#internalLoad for entity (com.Nttadta.nttdatacentersspringt1SLA.repository.Person(8479050601900).flat#2) : 2
[DEBUG] - [main] - exec: Skipping reading Query result cache data: cache-enabled = false, cache-mode = IGNORE
[DEBUG] - [main] - results: Initializer list
[DEBUG] - [main] - results:     com.Nttadta.nttdatacentersspringt1SLA.repository.Flat.floor.flat -> DelayedCollectionInitializer(com.Nttadta.nttdatacentersspringt1SLA.repository.Flat.floor.flat)@1817190424 (PluralAttribute(com.Nttadta.nttdatacentersspringt1SLA.repository.Floor.flat))
[DEBUG] - [main] - results:     com.Nttadta.nttdatacentersspringt1SLA.repository.Flat.floor -> EntityJoinedFetchInitializer(com.Nttadta.nttdatacentersspringt1SLA.repository.Flat.floor)@1489583075 (ToOneAttributeMapping(NavigableRole[com.Nttadta.nttdatacentersspringt1SLA.repository.Flat.floor])@602552403)
[DEBUG] - [main] - results:     com.Nttadta.nttdatacentersspringt1SLA.repository.Flat.habitants -> DelayedCollectionInitializer(com.Nttadta.nttdatacentersspringt1SLA.repository.Flat.habitants)@1574317831 (PluralAttribute(com.Nttadta.nttdatacentersspringt1SLA.repository.Flat.habitants))
[DEBUG] - [main] - results:     com.Nttadta.nttdatacentersspringt1SLA.repository.Flat -> EntityResultInitializer(com.Nttadta.nttdatacentersspringt1SLA.repository.Flat)@1852218204 (SingleTableEntityPersister(com.Nttadta.nttdatacentersspringt1SLA.repository.Flat))
[DEBUG] - [main] - SQL: 
    select
        f1_0.flat_number,
        f2_0.floor_number,
        f2_0.buzon 
    from
        flat f1_0 
    left join
        floor f2_0 
            on f2_0.floor_number=f1_0.`floor-number` 
    where
        f1_0.flat_number=?
Hibernate: 
    select
        f1_0.flat_number,
        f2_0.floor_number,
        f2_0.buzon 
    from
        flat f1_0 
    left join
        floor f2_0 
            on f2_0.floor_number=f1_0.`floor-number` 
    where
        f1_0.flat_number=?
[DEBUG] - [main] - results: Extracted JDBC value [1] - [1]
[DEBUG] - [main] - entity: (EntityJoinedFetchInitializer) Hydrated EntityKey (com.Nttadta.nttdatacentersspringt1SLA.repository.Flat.floor): 1
[DEBUG] - [main] - entity: (EntityResultInitializer) Hydrated EntityKey (com.Nttadta.nttdatacentersspringt1SLA.repository.Flat): 2
[DEBUG] - [main] - results: Extracted JDBC value [1] - [1]
[DEBUG] - [main] - collection: (DelayedCollectionInitializer) Current row collection key : com.Nttadta.nttdatacentersspringt1SLA.repository.Flat.floor.flat#1
[DEBUG] - [main] - results: Extracted JDBC value [0] - [2]
[DEBUG] - [main] - collection: (DelayedCollectionInitializer) Current row collection key : com.Nttadta.nttdatacentersspringt1SLA.repository.Flat.habitants#2
[DEBUG] - [main] - entity: (EntityJoinedFetchInitializer) Created new entity instance [com.Nttadta.nttdatacentersspringt1SLA.repository.Flat.floor#1] : Floor [floorNumber=1, Buzon=0, flat=[]]
[DEBUG] - [main] - entity: (EntityResultInitializer) Created new entity instance [com.Nttadta.nttdatacentersspringt1SLA.repository.Flat#2] : com.Nttadta.nttdatacentersspringt1SLA.repository.Flat@7e4a6afd
[DEBUG] - [main] - results: Extracted JDBC value [2] - [1]
[DEBUG] - [main] - entity: (EntityJoinedFetchInitializer) Done materializing entityInstance : com.Nttadta.nttdatacentersspringt1SLA.repository.Flat.floor#1
[DEBUG] - [main] - entity: (EntityJoinedFetchInitializer) Found existing loading entry [com.Nttadta.nttdatacentersspringt1SLA.repository.Flat.floor#1] - using loading instance
[DEBUG] - [main] - entity: (EntityResultInitializer) Done materializing entityInstance : com.Nttadta.nttdatacentersspringt1SLA.repository.Flat#2
[DEBUG] - [main] - loading: Calling top-level assembler (0 / 1) : org.hibernate.sql.results.graph.entity.internal.EntityAssembler@6037748a
[DEBUG] - [main] - entity: (EntityResultInitializer) Found existing loading entry [com.Nttadta.nttdatacentersspringt1SLA.repository.Flat#2] - using loading instance
[DEBUG] - [main] - entity: (EntitySelectFetchInitializer) Entity [com.Nttadta.nttdatacentersspringt1SLA.repository.Person(8479050601900).flat#2] : 2 has being loaded by session.internalLoad.
[DEBUG] - [main] - results: Extracted JDBC value [1] - [87654321a]
[DEBUG] - [main] - results: Extracted JDBC value [3] - [Juan]
[DEBUG] - [main] - results: Extracted JDBC value [4] - [Perez]
[DEBUG] - [main] - entity: (EntityResultInitializer) Done materializing entityInstance : com.Nttadta.nttdatacentersspringt1SLA.repository.Person(8479050601900)#2
[DEBUG] - [main] - loading: Calling top-level assembler (0 / 1) : org.hibernate.sql.results.graph.entity.internal.EntityAssembler@4fcb796f
[DEBUG] - [main] - entity: (EntityResultInitializer) Found existing loading entry [com.Nttadta.nttdatacentersspringt1SLA.repository.Person(8479050601900)#2] - using loading instance
[DEBUG] - [main] - results: Extracted JDBC value [0] - [53]
[DEBUG] - [main] - entity: (EntityResultInitializer) Hydrated EntityKey (com.Nttadta.nttdatacentersspringt1SLA.repository.Person(8479050601900)): 53
[DEBUG] - [main] - entity: (EntityResultInitializer) Created new entity instance [com.Nttadta.nttdatacentersspringt1SLA.repository.Person(8479050601900)#53] : Person [id=53, name=null, surname=null]
[DEBUG] - [main] - results: Extracted JDBC value [2] - [53]
[DEBUG] - [main] - entity: (EntitySelectFetchInitializer) Invoking session#internalLoad for entity (com.Nttadta.nttdatacentersspringt1SLA.repository.Person(8479050601900).flat#53) : 53
[DEBUG] - [main] - exec: Skipping reading Query result cache data: cache-enabled = false, cache-mode = IGNORE
[DEBUG] - [main] - results: Initializer list
[DEBUG] - [main] - results:     com.Nttadta.nttdatacentersspringt1SLA.repository.Flat.floor.flat -> DelayedCollectionInitializer(com.Nttadta.nttdatacentersspringt1SLA.repository.Flat.floor.flat)@344180536 (PluralAttribute(com.Nttadta.nttdatacentersspringt1SLA.repository.Floor.flat))
[DEBUG] - [main] - results:     com.Nttadta.nttdatacentersspringt1SLA.repository.Flat.floor -> EntityJoinedFetchInitializer(com.Nttadta.nttdatacentersspringt1SLA.repository.Flat.floor)@1724453412 (ToOneAttributeMapping(NavigableRole[com.Nttadta.nttdatacentersspringt1SLA.repository.Flat.floor])@602552403)
[DEBUG] - [main] - results:     com.Nttadta.nttdatacentersspringt1SLA.repository.Flat.habitants -> DelayedCollectionInitializer(com.Nttadta.nttdatacentersspringt1SLA.repository.Flat.habitants)@1341960637 (PluralAttribute(com.Nttadta.nttdatacentersspringt1SLA.repository.Flat.habitants))
[DEBUG] - [main] - results:     com.Nttadta.nttdatacentersspringt1SLA.repository.Flat -> EntityResultInitializer(com.Nttadta.nttdatacentersspringt1SLA.repository.Flat)@1541974316 (SingleTableEntityPersister(com.Nttadta.nttdatacentersspringt1SLA.repository.Flat))
[DEBUG] - [main] - SQL: 
    select
        f1_0.flat_number,
        f2_0.floor_number,
        f2_0.buzon 
    from
        flat f1_0 
    left join
        floor f2_0 
            on f2_0.floor_number=f1_0.`floor-number` 
    where
        f1_0.flat_number=?
Hibernate: 
    select
        f1_0.flat_number,
        f2_0.floor_number,
        f2_0.buzon 
    from
        flat f1_0 
    left join
        floor f2_0 
            on f2_0.floor_number=f1_0.`floor-number` 
    where
        f1_0.flat_number=?
[DEBUG] - [main] - results: Extracted JDBC value [1] - [52]
[DEBUG] - [main] - entity: (EntityJoinedFetchInitializer) Hydrated EntityKey (com.Nttadta.nttdatacentersspringt1SLA.repository.Flat.floor): 52
[DEBUG] - [main] - entity: (EntityResultInitializer) Hydrated EntityKey (com.Nttadta.nttdatacentersspringt1SLA.repository.Flat): 53
[DEBUG] - [main] - results: Extracted JDBC value [1] - [52]
[DEBUG] - [main] - collection: (DelayedCollectionInitializer) Current row collection key : com.Nttadta.nttdatacentersspringt1SLA.repository.Flat.floor.flat#52
[DEBUG] - [main] - results: Extracted JDBC value [0] - [53]
[DEBUG] - [main] - collection: (DelayedCollectionInitializer) Current row collection key : com.Nttadta.nttdatacentersspringt1SLA.repository.Flat.habitants#53
[DEBUG] - [main] - entity: (EntityJoinedFetchInitializer) Created new entity instance [com.Nttadta.nttdatacentersspringt1SLA.repository.Flat.floor#52] : Floor [floorNumber=52, Buzon=0, flat=[]]
[DEBUG] - [main] - entity: (EntityResultInitializer) Created new entity instance [com.Nttadta.nttdatacentersspringt1SLA.repository.Flat#53] : com.Nttadta.nttdatacentersspringt1SLA.repository.Flat@5af8ef61
[DEBUG] - [main] - results: Extracted JDBC value [2] - [1]
[DEBUG] - [main] - entity: (EntityJoinedFetchInitializer) Done materializing entityInstance : com.Nttadta.nttdatacentersspringt1SLA.repository.Flat.floor#52
[DEBUG] - [main] - entity: (EntityJoinedFetchInitializer) Found existing loading entry [com.Nttadta.nttdatacentersspringt1SLA.repository.Flat.floor#52] - using loading instance
[DEBUG] - [main] - entity: (EntityResultInitializer) Done materializing entityInstance : com.Nttadta.nttdatacentersspringt1SLA.repository.Flat#53
[DEBUG] - [main] - loading: Calling top-level assembler (0 / 1) : org.hibernate.sql.results.graph.entity.internal.EntityAssembler@29682244
[DEBUG] - [main] - entity: (EntityResultInitializer) Found existing loading entry [com.Nttadta.nttdatacentersspringt1SLA.repository.Flat#53] - using loading instance
[DEBUG] - [main] - entity: (EntitySelectFetchInitializer) Entity [com.Nttadta.nttdatacentersspringt1SLA.repository.Person(8479050601900).flat#53] : 53 has being loaded by session.internalLoad.
[DEBUG] - [main] - results: Extracted JDBC value [1] - [87654321a]
[DEBUG] - [main] - results: Extracted JDBC value [3] - [Juan]
[DEBUG] - [main] - results: Extracted JDBC value [4] - [Perez]
[DEBUG] - [main] - entity: (EntityResultInitializer) Done materializing entityInstance : com.Nttadta.nttdatacentersspringt1SLA.repository.Person(8479050601900)#53
[DEBUG] - [main] - loading: Calling top-level assembler (0 / 1) : org.hibernate.sql.results.graph.entity.internal.EntityAssembler@4fcb796f
[DEBUG] - [main] - entity: (EntityResultInitializer) Found existing loading entry [com.Nttadta.nttdatacentersspringt1SLA.repository.Person(8479050601900)#53] - using loading instance
[DEBUG] - [main] - Restarter: Creating new Restarter for thread Thread[main,5,main]
[DEBUG] - [main] - ConditionEvaluationReportLogger: 


============================
CONDITIONS EVALUATION REPORT
============================


Positive matches:
-----------------

   AopAutoConfiguration matched:
      - @ConditionalOnProperty (spring.aop.auto=true) matched (OnPropertyCondition)

   AopAutoConfiguration.AspectJAutoProxyingConfiguration matched:
      - @ConditionalOnClass found required class 'org.aspectj.weaver.Advice' (OnClassCondition)

   AopAutoConfiguration.AspectJAutoProxyingConfiguration.CglibAutoProxyConfiguration matched:
      - @ConditionalOnProperty (spring.aop.proxy-target-class=true) matched (OnPropertyCondition)

   DataSourceAutoConfiguration matched:
      - @ConditionalOnClass found required classes 'javax.sql.DataSource', 'org.springframework.jdbc.datasource.embedded.EmbeddedDatabaseType' (OnClassCondition)
      - @ConditionalOnMissingBean (types: io.r2dbc.spi.ConnectionFactory; SearchStrategy: all) did not find any beans (OnBeanCondition)

   DataSourceAutoConfiguration.PooledDataSourceConfiguration matched:
      - AnyNestedCondition 1 matched 1 did not; NestedCondition on DataSourceAutoConfiguration.PooledDataSourceCondition.PooledDataSourceAvailable PooledDataSource found supported DataSource; NestedCondition on DataSourceAutoConfiguration.PooledDataSourceCondition.ExplicitType @ConditionalOnProperty (spring.datasource.type) did not find property 'type' (DataSourceAutoConfiguration.PooledDataSourceCondition)
      - @ConditionalOnMissingBean (types: javax.sql.DataSource,javax.sql.XADataSource; SearchStrategy: all) did not find any beans (OnBeanCondition)

   DataSourceConfiguration.Hikari matched:
      - @ConditionalOnClass found required class 'com.zaxxer.hikari.HikariDataSource' (OnClassCondition)
      - @ConditionalOnProperty (spring.datasource.type=com.zaxxer.hikari.HikariDataSource) matched (OnPropertyCondition)
      - @ConditionalOnMissingBean (types: javax.sql.DataSource; SearchStrategy: all) did not find any beans (OnBeanCondition)

   DataSourceInitializationConfiguration matched:
      - @ConditionalOnClass found required class 'org.springframework.jdbc.datasource.init.DatabasePopulator' (OnClassCondition)
      - @ConditionalOnSingleCandidate (types: javax.sql.DataSource; SearchStrategy: all) found a single bean 'dataSource'; @ConditionalOnMissingBean (types: org.springframework.boot.autoconfigure.sql.init.SqlDataSourceScriptDatabaseInitializer,org.springframework.boot.autoconfigure.sql.init.SqlR2dbcScriptDatabaseInitializer; SearchStrategy: all) did not find any beans (OnBeanCondition)

   DataSourcePoolMetadataProvidersConfiguration.HikariPoolDataSourceMetadataProviderConfiguration matched:
      - @ConditionalOnClass found required class 'com.zaxxer.hikari.HikariDataSource' (OnClassCondition)

   DataSourceTransactionManagerAutoConfiguration matched:
      - @ConditionalOnClass found required classes 'org.springframework.jdbc.core.JdbcTemplate', 'org.springframework.transaction.TransactionManager' (OnClassCondition)

   DataSourceTransactionManagerAutoConfiguration.JdbcTransactionManagerConfiguration matched:
      - @ConditionalOnSingleCandidate (types: javax.sql.DataSource; SearchStrategy: all) found a single bean 'dataSource' (OnBeanCondition)

   DispatcherServletAutoConfiguration matched:
      - @ConditionalOnClass found required class 'org.springframework.web.servlet.DispatcherServlet' (OnClassCondition)
      - found 'session' scope (OnWebApplicationCondition)

   DispatcherServletAutoConfiguration.DispatcherServletConfiguration matched:
      - @ConditionalOnClass found required class 'jakarta.servlet.ServletRegistration' (OnClassCondition)
      - Default DispatcherServlet did not find dispatcher servlet beans (DispatcherServletAutoConfiguration.DefaultDispatcherServletCondition)

   DispatcherServletAutoConfiguration.DispatcherServletRegistrationConfiguration matched:
      - @ConditionalOnClass found required class 'jakarta.servlet.ServletRegistration' (OnClassCondition)
      - DispatcherServlet Registration did not find servlet registration bean (DispatcherServletAutoConfiguration.DispatcherServletRegistrationCondition)

   DispatcherServletAutoConfiguration.DispatcherServletRegistrationConfiguration#dispatcherServletRegistration matched:
      - @ConditionalOnBean (names: dispatcherServlet types: org.springframework.web.servlet.DispatcherServlet; SearchStrategy: all) found bean 'dispatcherServlet' (OnBeanCondition)

   EmbeddedWebServerFactoryCustomizerAutoConfiguration matched:
      - @ConditionalOnWebApplication (required) found 'session' scope (OnWebApplicationCondition)

   EmbeddedWebServerFactoryCustomizerAutoConfiguration.TomcatWebServerFactoryCustomizerConfiguration matched:
      - @ConditionalOnClass found required classes 'org.apache.catalina.startup.Tomcat', 'org.apache.coyote.UpgradeProtocol' (OnClassCondition)

   GenericCacheConfiguration matched:
      - Cache org.springframework.boot.autoconfigure.cache.GenericCacheConfiguration automatic cache type (CacheCondition)

   HibernateJpaAutoConfiguration matched:
      - @ConditionalOnClass found required classes 'org.springframework.orm.jpa.LocalContainerEntityManagerFactoryBean', 'jakarta.persistence.EntityManager', 'org.hibernate.engine.spi.SessionImplementor' (OnClassCondition)

   HibernateJpaConfiguration matched:
      - @ConditionalOnSingleCandidate (types: javax.sql.DataSource; SearchStrategy: all) found a single bean 'dataSource' (OnBeanCondition)

   HttpEncodingAutoConfiguration matched:
      - @ConditionalOnClass found required class 'org.springframework.web.filter.CharacterEncodingFilter' (OnClassCondition)
      - found 'session' scope (OnWebApplicationCondition)
      - @ConditionalOnProperty (server.servlet.encoding.enabled) matched (OnPropertyCondition)

   HttpEncodingAutoConfiguration#characterEncodingFilter matched:
      - @ConditionalOnMissingBean (types: org.springframework.web.filter.CharacterEncodingFilter; SearchStrategy: all) did not find any beans (OnBeanCondition)

   HttpMessageConvertersAutoConfiguration matched:
      - @ConditionalOnClass found required class 'org.springframework.http.converter.HttpMessageConverter' (OnClassCondition)
      - NoneNestedConditions 0 matched 1 did not; NestedCondition on HttpMessageConvertersAutoConfiguration.NotReactiveWebApplicationCondition.ReactiveWebApplication did not find reactive web application classes (HttpMessageConvertersAutoConfiguration.NotReactiveWebApplicationCondition)

   HttpMessageConvertersAutoConfiguration#messageConverters matched:
      - @ConditionalOnMissingBean (types: org.springframework.boot.autoconfigure.http.HttpMessageConverters; SearchStrategy: all) did not find any beans (OnBeanCondition)

   HttpMessageConvertersAutoConfiguration.StringHttpMessageConverterConfiguration matched:
      - @ConditionalOnClass found required class 'org.springframework.http.converter.StringHttpMessageConverter' (OnClassCondition)

   HttpMessageConvertersAutoConfiguration.StringHttpMessageConverterConfiguration#stringHttpMessageConverter matched:
      - @ConditionalOnMissingBean (types: org.springframework.http.converter.StringHttpMessageConverter; SearchStrategy: all) did not find any beans (OnBeanCondition)

   JacksonAutoConfiguration matched:
      - @ConditionalOnClass found required class 'com.fasterxml.jackson.databind.ObjectMapper' (OnClassCondition)

   JacksonAutoConfiguration.Jackson2ObjectMapperBuilderCustomizerConfiguration matched:
      - @ConditionalOnClass found required class 'org.springframework.http.converter.json.Jackson2ObjectMapperBuilder' (OnClassCondition)

   JacksonAutoConfiguration.JacksonObjectMapperBuilderConfiguration matched:
      - @ConditionalOnClass found required class 'org.springframework.http.converter.json.Jackson2ObjectMapperBuilder' (OnClassCondition)

   JacksonAutoConfiguration.JacksonObjectMapperBuilderConfiguration#jacksonObjectMapperBuilder matched:
      - @ConditionalOnMissingBean (types: org.springframework.http.converter.json.Jackson2ObjectMapperBuilder; SearchStrategy: all) did not find any beans (OnBeanCondition)

   JacksonAutoConfiguration.JacksonObjectMapperConfiguration matched:
      - @ConditionalOnClass found required class 'org.springframework.http.converter.json.Jackson2ObjectMapperBuilder' (OnClassCondition)

   JacksonAutoConfiguration.JacksonObjectMapperConfiguration#jacksonObjectMapper matched:
      - @ConditionalOnMissingBean (types: com.fasterxml.jackson.databind.ObjectMapper; SearchStrategy: all) did not find any beans (OnBeanCondition)

   JacksonAutoConfiguration.ParameterNamesModuleConfiguration matched:
      - @ConditionalOnClass found required class 'com.fasterxml.jackson.module.paramnames.ParameterNamesModule' (OnClassCondition)

   JacksonAutoConfiguration.ParameterNamesModuleConfiguration#parameterNamesModule matched:
      - @ConditionalOnMissingBean (types: com.fasterxml.jackson.module.paramnames.ParameterNamesModule; SearchStrategy: all) did not find any beans (OnBeanCondition)

   JacksonHttpMessageConvertersConfiguration.MappingJackson2HttpMessageConverterConfiguration matched:
      - @ConditionalOnClass found required class 'com.fasterxml.jackson.databind.ObjectMapper' (OnClassCondition)
      - @ConditionalOnProperty (spring.mvc.converters.preferred-json-mapper=jackson) matched (OnPropertyCondition)
      - @ConditionalOnBean (types: com.fasterxml.jackson.databind.ObjectMapper; SearchStrategy: all) found bean 'jacksonObjectMapper' (OnBeanCondition)

   JacksonHttpMessageConvertersConfiguration.MappingJackson2HttpMessageConverterConfiguration#mappingJackson2HttpMessageConverter matched:
      - @ConditionalOnMissingBean (types: org.springframework.http.converter.json.MappingJackson2HttpMessageConverter ignored: org.springframework.hateoas.server.mvc.TypeConstrainedMappingJackson2HttpMessageConverter,org.springframework.data.rest.webmvc.alps.AlpsJsonHttpMessageConverter; SearchStrategy: all) did not find any beans (OnBeanCondition)

   JdbcTemplateAutoConfiguration matched:
      - @ConditionalOnClass found required classes 'javax.sql.DataSource', 'org.springframework.jdbc.core.JdbcTemplate' (OnClassCondition)
      - @ConditionalOnSingleCandidate (types: javax.sql.DataSource; SearchStrategy: all) found a single bean 'dataSource' (OnBeanCondition)

   JdbcTemplateConfiguration matched:
      - @ConditionalOnMissingBean (types: org.springframework.jdbc.core.JdbcOperations; SearchStrategy: all) did not find any beans (OnBeanCondition)

   JpaBaseConfiguration#entityManagerFactory matched:
      - @ConditionalOnMissingBean (types: org.springframework.orm.jpa.LocalContainerEntityManagerFactoryBean,jakarta.persistence.EntityManagerFactory; SearchStrategy: all) did not find any beans (OnBeanCondition)

   JpaBaseConfiguration#entityManagerFactoryBuilder matched:
      - @ConditionalOnMissingBean (types: org.springframework.boot.orm.jpa.EntityManagerFactoryBuilder; SearchStrategy: all) did not find any beans (OnBeanCondition)

   JpaBaseConfiguration#jpaVendorAdapter matched:
      - @ConditionalOnMissingBean (types: org.springframework.orm.jpa.JpaVendorAdapter; SearchStrategy: all) did not find any beans (OnBeanCondition)

   JpaBaseConfiguration#transactionManager matched:
      - @ConditionalOnMissingBean (types: org.springframework.transaction.TransactionManager; SearchStrategy: all) did not find any beans (OnBeanCondition)

   JpaBaseConfiguration.JpaWebConfiguration matched:
      - @ConditionalOnClass found required class 'org.springframework.web.servlet.config.annotation.WebMvcConfigurer' (OnClassCondition)
      - found 'session' scope (OnWebApplicationCondition)
      - @ConditionalOnProperty (spring.jpa.open-in-view=true) matched (OnPropertyCondition)
      - @ConditionalOnMissingBean (types: org.springframework.orm.jpa.support.OpenEntityManagerInViewInterceptor,org.springframework.orm.jpa.support.OpenEntityManagerInViewFilter; SearchStrategy: all) did not find any beans (OnBeanCondition)

   JpaBaseConfiguration.PersistenceManagedTypesConfiguration matched:
      - @ConditionalOnMissingBean (types: org.springframework.orm.jpa.LocalContainerEntityManagerFactoryBean,jakarta.persistence.EntityManagerFactory; SearchStrategy: all) did not find any beans (OnBeanCondition)

   JpaBaseConfiguration.PersistenceManagedTypesConfiguration#persistenceManagedTypes matched:
      - @ConditionalOnMissingBean (types: org.springframework.orm.jpa.persistenceunit.PersistenceManagedTypes; SearchStrategy: all) did not find any beans (OnBeanCondition)

   JpaRepositoriesAutoConfiguration matched:
      - @ConditionalOnClass found required class 'org.springframework.data.jpa.repository.JpaRepository' (OnClassCondition)
      - @ConditionalOnProperty (spring.data.jpa.repositories.enabled=true) matched (OnPropertyCondition)
      - @ConditionalOnBean (types: javax.sql.DataSource; SearchStrategy: all) found bean 'dataSource'; @ConditionalOnMissingBean (types: org.springframework.data.jpa.repository.support.JpaRepositoryFactoryBean,org.springframework.data.jpa.repository.config.JpaRepositoryConfigExtension; SearchStrategy: all) did not find any beans (OnBeanCondition)

   JtaAutoConfiguration matched:
      - @ConditionalOnClass found required class 'jakarta.transaction.Transaction' (OnClassCondition)
      - @ConditionalOnProperty (spring.jta.enabled) matched (OnPropertyCondition)

   LifecycleAutoConfiguration#defaultLifecycleProcessor matched:
      - @ConditionalOnMissingBean (names: lifecycleProcessor; SearchStrategy: current) did not find any beans (OnBeanCondition)

   MultipartAutoConfiguration matched:
      - @ConditionalOnClass found required classes 'jakarta.servlet.Servlet', 'org.springframework.web.multipart.support.StandardServletMultipartResolver', 'jakarta.servlet.MultipartConfigElement' (OnClassCondition)
      - found 'session' scope (OnWebApplicationCondition)
      - @ConditionalOnProperty (spring.servlet.multipart.enabled) matched (OnPropertyCondition)

   MultipartAutoConfiguration#multipartConfigElement matched:
      - @ConditionalOnMissingBean (types: jakarta.servlet.MultipartConfigElement; SearchStrategy: all) did not find any beans (OnBeanCondition)

   MultipartAutoConfiguration#multipartResolver matched:
      - @ConditionalOnMissingBean (types: org.springframework.web.multipart.MultipartResolver; SearchStrategy: all) did not find any beans (OnBeanCondition)

   NamedParameterJdbcTemplateConfiguration matched:
      - @ConditionalOnSingleCandidate (types: org.springframework.jdbc.core.JdbcTemplate; SearchStrategy: all) found a single bean 'jdbcTemplate'; @ConditionalOnMissingBean (types: org.springframework.jdbc.core.namedparam.NamedParameterJdbcOperations; SearchStrategy: all) did not find any beans (OnBeanCondition)

   NoOpCacheConfiguration matched:
      - Cache org.springframework.boot.autoconfigure.cache.NoOpCacheConfiguration automatic cache type (CacheCondition)

   PersistenceExceptionTranslationAutoConfiguration matched:
      - @ConditionalOnClass found required class 'org.springframework.dao.annotation.PersistenceExceptionTranslationPostProcessor' (OnClassCondition)

   PersistenceExceptionTranslationAutoConfiguration#persistenceExceptionTranslationPostProcessor matched:
      - @ConditionalOnProperty (spring.dao.exceptiontranslation.enabled) matched (OnPropertyCondition)
      - @ConditionalOnMissingBean (types: org.springframework.dao.annotation.PersistenceExceptionTranslationPostProcessor; SearchStrategy: all) did not find any beans (OnBeanCondition)

   PropertyPlaceholderAutoConfiguration#propertySourcesPlaceholderConfigurer matched:
      - @ConditionalOnMissingBean (types: org.springframework.context.support.PropertySourcesPlaceholderConfigurer; SearchStrategy: current) did not find any beans (OnBeanCondition)

   RestTemplateAutoConfiguration matched:
      - @ConditionalOnClass found required class 'org.springframework.web.client.RestTemplate' (OnClassCondition)
      - NoneNestedConditions 0 matched 1 did not; NestedCondition on RestTemplateAutoConfiguration.NotReactiveWebApplicationCondition.ReactiveWebApplication did not find reactive web application classes (RestTemplateAutoConfiguration.NotReactiveWebApplicationCondition)

   RestTemplateAutoConfiguration#restTemplateBuilder matched:
      - @ConditionalOnMissingBean (types: org.springframework.boot.web.client.RestTemplateBuilder; SearchStrategy: all) did not find any beans (OnBeanCondition)

   RestTemplateAutoConfiguration#restTemplateBuilderConfigurer matched:
      - @ConditionalOnMissingBean (types: org.springframework.boot.autoconfigure.web.client.RestTemplateBuilderConfigurer; SearchStrategy: all) did not find any beans (OnBeanCondition)

   ServletWebServerFactoryAutoConfiguration matched:
      - @ConditionalOnClass found required class 'jakarta.servlet.ServletRequest' (OnClassCondition)
      - found 'session' scope (OnWebApplicationCondition)

   ServletWebServerFactoryAutoConfiguration#tomcatServletWebServerFactoryCustomizer matched:
      - @ConditionalOnClass found required class 'org.apache.catalina.startup.Tomcat' (OnClassCondition)

   ServletWebServerFactoryConfiguration.EmbeddedTomcat matched:
      - @ConditionalOnClass found required classes 'jakarta.servlet.Servlet', 'org.apache.catalina.startup.Tomcat', 'org.apache.coyote.UpgradeProtocol' (OnClassCondition)
      - @ConditionalOnMissingBean (types: org.springframework.boot.web.servlet.server.ServletWebServerFactory; SearchStrategy: current) did not find any beans (OnBeanCondition)

   SimpleCacheConfiguration matched:
      - Cache org.springframework.boot.autoconfigure.cache.SimpleCacheConfiguration automatic cache type (CacheCondition)

   SpringDataWebAutoConfiguration matched:
      - @ConditionalOnClass found required classes 'org.springframework.data.web.PageableHandlerMethodArgumentResolver', 'org.springframework.web.servlet.config.annotation.WebMvcConfigurer' (OnClassCondition)
      - found 'session' scope (OnWebApplicationCondition)
      - @ConditionalOnMissingBean (types: org.springframework.data.web.PageableHandlerMethodArgumentResolver; SearchStrategy: all) did not find any beans (OnBeanCondition)

   SpringDataWebAutoConfiguration#pageableCustomizer matched:
      - @ConditionalOnMissingBean (types: org.springframework.data.web.config.PageableHandlerMethodArgumentResolverCustomizer; SearchStrategy: all) did not find any beans (OnBeanCondition)

   SpringDataWebAutoConfiguration#sortCustomizer matched:
      - @ConditionalOnMissingBean (types: org.springframework.data.web.config.SortHandlerMethodArgumentResolverCustomizer; SearchStrategy: all) did not find any beans (OnBeanCondition)

   SqlInitializationAutoConfiguration matched:
      - @ConditionalOnProperty (spring.sql.init.enabled) matched (OnPropertyCondition)
      - NoneNestedConditions 0 matched 1 did not; NestedCondition on SqlInitializationAutoConfiguration.SqlInitializationModeCondition.ModeIsNever @ConditionalOnProperty (spring.sql.init.mode=never) did not find property 'mode' (SqlInitializationAutoConfiguration.SqlInitializationModeCondition)

   TaskExecutionAutoConfiguration matched:
      - @ConditionalOnClass found required class 'org.springframework.scheduling.concurrent.ThreadPoolTaskExecutor' (OnClassCondition)

   TaskExecutionAutoConfiguration#applicationTaskExecutor matched:
      - @ConditionalOnMissingBean (types: java.util.concurrent.Executor; SearchStrategy: all) did not find any beans (OnBeanCondition)

   TaskExecutionAutoConfiguration#taskExecutorBuilder matched:
      - @ConditionalOnMissingBean (types: org.springframework.boot.task.TaskExecutorBuilder; SearchStrategy: all) did not find any beans (OnBeanCondition)

   TaskSchedulingAutoConfiguration matched:
      - @ConditionalOnClass found required class 'org.springframework.scheduling.concurrent.ThreadPoolTaskScheduler' (OnClassCondition)

   TaskSchedulingAutoConfiguration#taskSchedulerBuilder matched:
      - @ConditionalOnMissingBean (types: org.springframework.boot.task.TaskSchedulerBuilder; SearchStrategy: all) did not find any beans (OnBeanCondition)

   TemplateEngineConfigurations.DefaultTemplateEngineConfiguration#templateEngine matched:
      - @ConditionalOnMissingBean (types: org.thymeleaf.spring6.ISpringTemplateEngine; SearchStrategy: all) did not find any beans (OnBeanCondition)

   ThymeleafAutoConfiguration matched:
      - @ConditionalOnClass found required classes 'org.thymeleaf.templatemode.TemplateMode', 'org.thymeleaf.spring6.SpringTemplateEngine' (OnClassCondition)

   ThymeleafAutoConfiguration.DefaultTemplateResolverConfiguration matched:
      - @ConditionalOnMissingBean (names: defaultTemplateResolver; SearchStrategy: all) did not find any beans (OnBeanCondition)

   ThymeleafAutoConfiguration.ThymeleafWebMvcConfiguration matched:
      - found 'session' scope (OnWebApplicationCondition)
      - @ConditionalOnProperty (spring.thymeleaf.enabled) matched (OnPropertyCondition)

   ThymeleafAutoConfiguration.ThymeleafWebMvcConfiguration.ThymeleafViewResolverConfiguration#thymeleafViewResolver matched:
      - @ConditionalOnMissingBean (names: thymeleafViewResolver; SearchStrategy: all) did not find any beans (OnBeanCondition)

   TransactionAutoConfiguration matched:
      - @ConditionalOnClass found required class 'org.springframework.transaction.PlatformTransactionManager' (OnClassCondition)

   TransactionAutoConfiguration#platformTransactionManagerCustomizers matched:
      - @ConditionalOnMissingBean (types: org.springframework.boot.autoconfigure.transaction.TransactionManagerCustomizers; SearchStrategy: all) did not find any beans (OnBeanCondition)

   TransactionAutoConfiguration.EnableTransactionManagementConfiguration matched:
      - @ConditionalOnBean (types: org.springframework.transaction.TransactionManager; SearchStrategy: all) found bean 'transactionManager'; @ConditionalOnMissingBean (types: org.springframework.transaction.annotation.AbstractTransactionManagementConfiguration; SearchStrategy: all) did not find any beans (OnBeanCondition)

   TransactionAutoConfiguration.EnableTransactionManagementConfiguration.CglibAutoProxyConfiguration matched:
      - @ConditionalOnProperty (spring.aop.proxy-target-class=true) matched (OnPropertyCondition)

   TransactionAutoConfiguration.TransactionTemplateConfiguration matched:
      - @ConditionalOnSingleCandidate (types: org.springframework.transaction.PlatformTransactionManager; SearchStrategy: all) found a single bean 'transactionManager' (OnBeanCondition)

   TransactionAutoConfiguration.TransactionTemplateConfiguration#transactionTemplate matched:
      - @ConditionalOnMissingBean (types: org.springframework.transaction.support.TransactionOperations; SearchStrategy: all) did not find any beans (OnBeanCondition)

   WebMvcAutoConfiguration matched:
      - @ConditionalOnClass found required classes 'jakarta.servlet.Servlet', 'org.springframework.web.servlet.DispatcherServlet', 'org.springframework.web.servlet.config.annotation.WebMvcConfigurer' (OnClassCondition)
      - found 'session' scope (OnWebApplicationCondition)
      - @ConditionalOnMissingBean (types: org.springframework.web.servlet.config.annotation.WebMvcConfigurationSupport; SearchStrategy: all) did not find any beans (OnBeanCondition)

   WebMvcAutoConfiguration#formContentFilter matched:
      - @ConditionalOnProperty (spring.mvc.formcontent.filter.enabled) matched (OnPropertyCondition)
      - @ConditionalOnMissingBean (types: org.springframework.web.filter.FormContentFilter; SearchStrategy: all) did not find any beans (OnBeanCondition)

   WebMvcAutoConfiguration.EnableWebMvcConfiguration#flashMapManager matched:
      - @ConditionalOnMissingBean (names: flashMapManager; SearchStrategy: all) did not find any beans (OnBeanCondition)

   WebMvcAutoConfiguration.EnableWebMvcConfiguration#localeResolver matched:
      - @ConditionalOnMissingBean (names: localeResolver; SearchStrategy: all) did not find any beans (OnBeanCondition)

   WebMvcAutoConfiguration.EnableWebMvcConfiguration#themeResolver matched:
      - @ConditionalOnMissingBean (names: themeResolver; SearchStrategy: all) did not find any beans (OnBeanCondition)

   WebMvcAutoConfiguration.WebMvcAutoConfigurationAdapter#defaultViewResolver matched:
      - @ConditionalOnMissingBean (types: org.springframework.web.servlet.view.InternalResourceViewResolver; SearchStrategy: all) did not find any beans (OnBeanCondition)

   WebMvcAutoConfiguration.WebMvcAutoConfigurationAdapter#requestContextFilter matched:
      - @ConditionalOnMissingBean (types: org.springframework.web.context.request.RequestContextListener,org.springframework.web.filter.RequestContextFilter; SearchStrategy: all) did not find any beans (OnBeanCondition)

   WebMvcAutoConfiguration.WebMvcAutoConfigurationAdapter#viewResolver matched:
      - @ConditionalOnBean (types: org.springframework.web.servlet.ViewResolver; SearchStrategy: all) found beans 'defaultViewResolver', 'mvcViewResolver'; @ConditionalOnMissingBean (names: viewResolver types: org.springframework.web.servlet.view.ContentNegotiatingViewResolver; SearchStrategy: all) did not find any beans (OnBeanCondition)

   WebSocketServletAutoConfiguration matched:
      - @ConditionalOnClass found required classes 'jakarta.servlet.Servlet', 'jakarta.websocket.server.ServerContainer' (OnClassCondition)
      - found 'session' scope (OnWebApplicationCondition)

   WebSocketServletAutoConfiguration.TomcatWebSocketConfiguration matched:
      - @ConditionalOnClass found required classes 'org.apache.catalina.startup.Tomcat', 'org.apache.tomcat.websocket.server.WsSci' (OnClassCondition)

   WebSocketServletAutoConfiguration.TomcatWebSocketConfiguration#websocketServletWebServerCustomizer matched:
      - @ConditionalOnMissingBean (names: websocketServletWebServerCustomizer; SearchStrategy: all) did not find any beans (OnBeanCondition)


Negative matches:
-----------------

   AopAutoConfiguration.AspectJAutoProxyingConfiguration.JdkDynamicAutoProxyConfiguration:
      Did not match:
         - @ConditionalOnProperty (spring.aop.proxy-target-class=false) did not find property 'proxy-target-class' (OnPropertyCondition)

   AopAutoConfiguration.ClassProxyingConfiguration:
      Did not match:
         - @ConditionalOnMissingClass found unwanted class 'org.aspectj.weaver.Advice' (OnClassCondition)

   ArtemisAutoConfiguration:
      Did not match:
         - @ConditionalOnClass did not find required class 'jakarta.jms.ConnectionFactory' (OnClassCondition)

   BatchAutoConfiguration:
      Did not match:
         - @ConditionalOnClass did not find required class 'org.springframework.batch.core.launch.JobLauncher' (OnClassCondition)

   Cache2kCacheConfiguration:
      Did not match:
         - @ConditionalOnClass did not find required class 'org.cache2k.Cache2kBuilder' (OnClassCondition)

   CacheAutoConfiguration:
      Did not match:
         - @ConditionalOnBean (types: org.springframework.cache.interceptor.CacheAspectSupport; SearchStrategy: all) did not find any beans of type org.springframework.cache.interceptor.CacheAspectSupport (OnBeanCondition)
      Matched:
         - @ConditionalOnClass found required class 'org.springframework.cache.CacheManager' (OnClassCondition)

   CacheAutoConfiguration.CacheManagerEntityManagerFactoryDependsOnPostProcessor:
      Did not match:
         - Ancestor org.springframework.boot.autoconfigure.cache.CacheAutoConfiguration did not match (ConditionEvaluationReport.AncestorsMatchedCondition)
      Matched:
         - @ConditionalOnClass found required class 'org.springframework.orm.jpa.LocalContainerEntityManagerFactoryBean' (OnClassCondition)

   CaffeineCacheConfiguration:
      Did not match:
         - @ConditionalOnClass did not find required class 'com.github.benmanes.caffeine.cache.Caffeine' (OnClassCondition)

   CassandraAutoConfiguration:
      Did not match:
         - @ConditionalOnClass did not find required class 'com.datastax.oss.driver.api.core.CqlSession' (OnClassCondition)

   CassandraDataAutoConfiguration:
      Did not match:
         - @ConditionalOnClass did not find required class 'com.datastax.oss.driver.api.core.CqlSession' (OnClassCondition)

   CassandraReactiveDataAutoConfiguration:
      Did not match:
         - @ConditionalOnClass did not find required class 'com.datastax.oss.driver.api.core.CqlSession' (OnClassCondition)

   CassandraReactiveRepositoriesAutoConfiguration:
      Did not match:
         - @ConditionalOnClass did not find required class 'org.springframework.data.cassandra.ReactiveSession' (OnClassCondition)

   CassandraRepositoriesAutoConfiguration:
      Did not match:
         - @ConditionalOnClass did not find required class 'com.datastax.oss.driver.api.core.CqlSession' (OnClassCondition)

   ClientHttpConnectorAutoConfiguration:
      Did not match:
         - @ConditionalOnClass did not find required class 'org.springframework.web.reactive.function.client.WebClient' (OnClassCondition)

   CodecsAutoConfiguration:
      Did not match:
         - @ConditionalOnClass did not find required class 'org.springframework.web.reactive.function.client.WebClient' (OnClassCondition)

   CouchbaseAutoConfiguration:
      Did not match:
         - @ConditionalOnClass did not find required class 'com.couchbase.client.java.Cluster' (OnClassCondition)

   CouchbaseCacheConfiguration:
      Did not match:
         - @ConditionalOnClass did not find required class 'com.couchbase.client.java.Cluster' (OnClassCondition)

   CouchbaseDataAutoConfiguration:
      Did not match:
         - @ConditionalOnClass did not find required class 'com.couchbase.client.java.Bucket' (OnClassCondition)

   CouchbaseReactiveDataAutoConfiguration:
      Did not match:
         - @ConditionalOnClass did not find required class 'com.couchbase.client.java.Cluster' (OnClassCondition)

   CouchbaseReactiveRepositoriesAutoConfiguration:
      Did not match:
         - @ConditionalOnClass did not find required class 'com.couchbase.client.java.Cluster' (OnClassCondition)

   CouchbaseRepositoriesAutoConfiguration:
      Did not match:
         - @ConditionalOnClass did not find required class 'com.couchbase.client.java.Bucket' (OnClassCondition)

   DataSourceAutoConfiguration.EmbeddedDatabaseConfiguration:
      Did not match:
         - EmbeddedDataSource spring.datasource.url is set (DataSourceAutoConfiguration.EmbeddedDatabaseCondition)

   DataSourceConfiguration.Dbcp2:
      Did not match:
         - @ConditionalOnClass did not find required class 'org.apache.commons.dbcp2.BasicDataSource' (OnClassCondition)

   DataSourceConfiguration.Generic:
      Did not match:
         - @ConditionalOnProperty (spring.datasource.type) did not find property 'spring.datasource.type' (OnPropertyCondition)

   DataSourceConfiguration.OracleUcp:
      Did not match:
         - @ConditionalOnClass did not find required classes 'oracle.ucp.jdbc.PoolDataSourceImpl', 'oracle.jdbc.OracleConnection' (OnClassCondition)

   DataSourceConfiguration.Tomcat:
      Did not match:
         - @ConditionalOnClass did not find required class 'org.apache.tomcat.jdbc.pool.DataSource' (OnClassCondition)

   DataSourceJmxConfiguration:
      Did not match:
         - @ConditionalOnProperty (spring.jmx.enabled=true) found different value in property 'enabled' (OnPropertyCondition)

   DataSourcePoolMetadataProvidersConfiguration.CommonsDbcp2PoolDataSourceMetadataProviderConfiguration:
      Did not match:
         - @ConditionalOnClass did not find required class 'org.apache.commons.dbcp2.BasicDataSource' (OnClassCondition)

   DataSourcePoolMetadataProvidersConfiguration.OracleUcpPoolDataSourceMetadataProviderConfiguration:
      Did not match:
         - @ConditionalOnClass did not find required classes 'oracle.ucp.jdbc.PoolDataSource', 'oracle.jdbc.OracleConnection' (OnClassCondition)

   DataSourcePoolMetadataProvidersConfiguration.TomcatDataSourcePoolMetadataProviderConfiguration:
      Did not match:
         - @ConditionalOnClass did not find required class 'org.apache.tomcat.jdbc.pool.DataSource' (OnClassCondition)

   DataSourceTransactionManagerAutoConfiguration.JdbcTransactionManagerConfiguration#transactionManager:
      Did not match:
         - @ConditionalOnMissingBean (types: org.springframework.transaction.TransactionManager; SearchStrategy: all) found beans of type 'org.springframework.transaction.TransactionManager' transactionManager (OnBeanCondition)

   DevToolsDataSourceAutoConfiguration:
      Did not match:
         - Devtools devtools is disabled for current context. (OnEnabledDevToolsCondition)

   DevToolsR2dbcAutoConfiguration:
      Did not match:
         - @ConditionalOnClass did not find required class 'io.r2dbc.spi.ConnectionFactory' (OnClassCondition)

   DispatcherServletAutoConfiguration.DispatcherServletConfiguration#multipartResolver:
      Did not match:
         - @ConditionalOnBean (types: org.springframework.web.multipart.MultipartResolver; SearchStrategy: all) did not find any beans of type org.springframework.web.multipart.MultipartResolver (OnBeanCondition)

   ElasticsearchClientAutoConfiguration:
      Did not match:
         - @ConditionalOnClass did not find required class 'co.elastic.clients.elasticsearch.ElasticsearchClient' (OnClassCondition)

   ElasticsearchDataAutoConfiguration:
      Did not match:
         - @ConditionalOnClass did not find required class 'org.springframework.data.elasticsearch.client.elc.ElasticsearchTemplate' (OnClassCondition)

   ElasticsearchRepositoriesAutoConfiguration:
      Did not match:
         - @ConditionalOnClass did not find required class 'org.springframework.data.elasticsearch.repository.ElasticsearchRepository' (OnClassCondition)

   ElasticsearchRestClientAutoConfiguration:
      Did not match:
         - @ConditionalOnClass did not find required class 'org.elasticsearch.client.RestClientBuilder' (OnClassCondition)

   EmbeddedLdapAutoConfiguration:
      Did not match:
         - @ConditionalOnClass did not find required class 'com.unboundid.ldap.listener.InMemoryDirectoryServer' (OnClassCondition)

   EmbeddedWebServerFactoryCustomizerAutoConfiguration.JettyWebServerFactoryCustomizerConfiguration:
      Did not match:
         - @ConditionalOnClass did not find required classes 'org.eclipse.jetty.server.Server', 'org.eclipse.jetty.util.Loader', 'org.eclipse.jetty.webapp.WebAppContext' (OnClassCondition)

   EmbeddedWebServerFactoryCustomizerAutoConfiguration.NettyWebServerFactoryCustomizerConfiguration:
      Did not match:
         - @ConditionalOnClass did not find required class 'reactor.netty.http.server.HttpServer' (OnClassCondition)

   EmbeddedWebServerFactoryCustomizerAutoConfiguration.UndertowWebServerFactoryCustomizerConfiguration:
      Did not match:
         - @ConditionalOnClass did not find required classes 'io.undertow.Undertow', 'org.xnio.SslClientAuthMode' (OnClassCondition)

   ErrorWebFluxAutoConfiguration:
      Did not match:
         - @ConditionalOnClass did not find required class 'org.springframework.web.reactive.config.WebFluxConfigurer' (OnClassCondition)

   FlywayAutoConfiguration:
      Did not match:
         - @ConditionalOnClass did not find required class 'org.flywaydb.core.Flyway' (OnClassCondition)

   FreeMarkerAutoConfiguration:
      Did not match:
         - @ConditionalOnClass did not find required class 'freemarker.template.Configuration' (OnClassCondition)

   GraphQlAutoConfiguration:
      Did not match:
         - @ConditionalOnClass did not find required class 'graphql.GraphQL' (OnClassCondition)

   GraphQlQueryByExampleAutoConfiguration:
      Did not match:
         - @ConditionalOnClass did not find required class 'graphql.GraphQL' (OnClassCondition)

   GraphQlQuerydslAutoConfiguration:
      Did not match:
         - @ConditionalOnClass did not find required class 'graphql.GraphQL' (OnClassCondition)

   GraphQlRSocketAutoConfiguration:
      Did not match:
         - @ConditionalOnClass did not find required class 'graphql.GraphQL' (OnClassCondition)

   GraphQlReactiveQueryByExampleAutoConfiguration:
      Did not match:
         - @ConditionalOnClass did not find required class 'graphql.GraphQL' (OnClassCondition)

   GraphQlReactiveQuerydslAutoConfiguration:
      Did not match:
         - @ConditionalOnClass did not find required class 'graphql.GraphQL' (OnClassCondition)

   GraphQlWebFluxAutoConfiguration:
      Did not match:
         - @ConditionalOnClass did not find required class 'graphql.GraphQL' (OnClassCondition)

   GraphQlWebFluxSecurityAutoConfiguration:
      Did not match:
         - @ConditionalOnClass did not find required class 'graphql.GraphQL' (OnClassCondition)

   GraphQlWebMvcAutoConfiguration:
      Did not match:
         - @ConditionalOnClass did not find required class 'graphql.GraphQL' (OnClassCondition)

   GraphQlWebMvcSecurityAutoConfiguration:
      Did not match:
         - @ConditionalOnClass did not find required class 'graphql.GraphQL' (OnClassCondition)

   GroovyTemplateAutoConfiguration:
      Did not match:
         - @ConditionalOnClass did not find required class 'groovy.text.markup.MarkupTemplateEngine' (OnClassCondition)

   GsonAutoConfiguration:
      Did not match:
         - @ConditionalOnClass did not find required class 'com.google.gson.Gson' (OnClassCondition)

   GsonHttpMessageConvertersConfiguration:
      Did not match:
         - @ConditionalOnClass did not find required class 'com.google.gson.Gson' (OnClassCondition)

   H2ConsoleAutoConfiguration:
      Did not match:
         - @ConditionalOnProperty (spring.h2.console.enabled=true) did not find property 'enabled' (OnPropertyCondition)
      Matched:
         - @ConditionalOnClass found required class 'org.h2.server.web.JakartaWebServlet' (OnClassCondition)
         - found 'session' scope (OnWebApplicationCondition)

   HazelcastAutoConfiguration:
      Did not match:
         - @ConditionalOnClass did not find required class 'com.hazelcast.core.HazelcastInstance' (OnClassCondition)

   HazelcastCacheConfiguration:
      Did not match:
         - @ConditionalOnClass did not find required class 'com.hazelcast.core.HazelcastInstance' (OnClassCondition)

   HazelcastJpaDependencyAutoConfiguration:
      Did not match:
         - @ConditionalOnClass did not find required class 'com.hazelcast.core.HazelcastInstance' (OnClassCondition)

   HttpHandlerAutoConfiguration:
      Did not match:
         - @ConditionalOnClass did not find required class 'org.springframework.web.reactive.DispatcherHandler' (OnClassCondition)

   HypermediaAutoConfiguration:
      Did not match:
         - @ConditionalOnClass did not find required class 'org.springframework.hateoas.EntityModel' (OnClassCondition)

   InfinispanCacheConfiguration:
      Did not match:
         - @ConditionalOnClass did not find required class 'org.infinispan.spring.embedded.provider.SpringEmbeddedCacheManager' (OnClassCondition)

   InfluxDbAutoConfiguration:
      Did not match:
         - @ConditionalOnClass did not find required class 'org.influxdb.InfluxDB' (OnClassCondition)

   IntegrationAutoConfiguration:
      Did not match:
         - @ConditionalOnClass did not find required class 'org.springframework.integration.config.EnableIntegration' (OnClassCondition)

   JCacheCacheConfiguration:
      Did not match:
         - @ConditionalOnClass did not find required class 'javax.cache.Caching' (OnClassCondition)

   JacksonHttpMessageConvertersConfiguration.MappingJackson2XmlHttpMessageConverterConfiguration:
      Did not match:
         - @ConditionalOnClass did not find required class 'com.fasterxml.jackson.dataformat.xml.XmlMapper' (OnClassCondition)

   JdbcRepositoriesAutoConfiguration:
      Did not match:
         - @ConditionalOnClass did not find required class 'org.springframework.data.jdbc.repository.config.AbstractJdbcConfiguration' (OnClassCondition)

   JerseyAutoConfiguration:
      Did not match:
         - @ConditionalOnClass did not find required class 'org.glassfish.jersey.server.spring.SpringComponentProvider' (OnClassCondition)

   JmsAutoConfiguration:
      Did not match:
         - @ConditionalOnClass did not find required class 'jakarta.jms.Message' (OnClassCondition)

   JmxAutoConfiguration:
      Did not match:
         - @ConditionalOnProperty (spring.jmx.enabled=true) found different value in property 'enabled' (OnPropertyCondition)
      Matched:
         - @ConditionalOnClass found required class 'org.springframework.jmx.export.MBeanExporter' (OnClassCondition)

   JndiConnectionFactoryAutoConfiguration:
      Did not match:
         - @ConditionalOnClass did not find required class 'org.springframework.jms.core.JmsTemplate' (OnClassCondition)

   JndiDataSourceAutoConfiguration:
      Did not match:
         - @ConditionalOnProperty (spring.datasource.jndi-name) did not find property 'jndi-name' (OnPropertyCondition)
      Matched:
         - @ConditionalOnClass found required classes 'javax.sql.DataSource', 'org.springframework.jdbc.datasource.embedded.EmbeddedDatabaseType' (OnClassCondition)

   JndiJtaConfiguration:
      Did not match:
         - @ConditionalOnJndi JNDI environment is not available (OnJndiCondition)
      Matched:
         - @ConditionalOnClass found required class 'org.springframework.transaction.jta.JtaTransactionManager' (OnClassCondition)

   JooqAutoConfiguration:
      Did not match:
         - @ConditionalOnClass did not find required class 'org.jooq.DSLContext' (OnClassCondition)

   JpaRepositoriesAutoConfiguration#entityManagerFactoryBootstrapExecutorCustomizer:
      Did not match:
         - AnyNestedCondition 0 matched 2 did not; NestedCondition on JpaRepositoriesAutoConfiguration.BootstrapExecutorCondition.LazyBootstrapMode @ConditionalOnProperty (spring.data.jpa.repositories.bootstrap-mode=lazy) did not find property 'bootstrap-mode'; NestedCondition on JpaRepositoriesAutoConfiguration.BootstrapExecutorCondition.DeferredBootstrapMode @ConditionalOnProperty (spring.data.jpa.repositories.bootstrap-mode=deferred) did not find property 'bootstrap-mode' (JpaRepositoriesAutoConfiguration.BootstrapExecutorCondition)

   JsonbAutoConfiguration:
      Did not match:
         - @ConditionalOnClass did not find required class 'jakarta.json.bind.Jsonb' (OnClassCondition)

   JsonbHttpMessageConvertersConfiguration:
      Did not match:
         - @ConditionalOnClass did not find required class 'jakarta.json.bind.Jsonb' (OnClassCondition)

   KafkaAutoConfiguration:
      Did not match:
         - @ConditionalOnClass did not find required class 'org.springframework.kafka.core.KafkaTemplate' (OnClassCondition)

   LdapAutoConfiguration:
      Did not match:
         - @ConditionalOnClass did not find required class 'org.springframework.ldap.core.ContextSource' (OnClassCondition)

   LdapRepositoriesAutoConfiguration:
      Did not match:
         - @ConditionalOnClass did not find required class 'org.springframework.data.ldap.repository.LdapRepository' (OnClassCondition)

   LiquibaseAutoConfiguration:
      Did not match:
         - @ConditionalOnClass did not find required class 'liquibase.change.DatabaseChange' (OnClassCondition)

   LocalDevToolsAutoConfiguration:
      Did not match:
         - Initialized Restarter Condition initialized without URLs (OnInitializedRestarterCondition)

   MailSenderAutoConfiguration:
      Did not match:
         - @ConditionalOnClass did not find required class 'jakarta.mail.internet.MimeMessage' (OnClassCondition)

   MailSenderValidatorAutoConfiguration:
      Did not match:
         - @ConditionalOnSingleCandidate did not find required type 'org.springframework.mail.javamail.JavaMailSenderImpl' (OnBeanCondition)

   MessageSourceAutoConfiguration:
      Did not match:
         - ResourceBundle did not find bundle with basename messages (MessageSourceAutoConfiguration.ResourceBundleCondition)

   MongoAutoConfiguration:
      Did not match:
         - @ConditionalOnClass did not find required class 'com.mongodb.client.MongoClient' (OnClassCondition)

   MongoDataAutoConfiguration:
      Did not match:
         - @ConditionalOnClass did not find required class 'com.mongodb.client.MongoClient' (OnClassCondition)

   MongoReactiveAutoConfiguration:
      Did not match:
         - @ConditionalOnClass did not find required class 'com.mongodb.reactivestreams.client.MongoClient' (OnClassCondition)

   MongoReactiveDataAutoConfiguration:
      Did not match:
         - @ConditionalOnClass did not find required class 'com.mongodb.reactivestreams.client.MongoClient' (OnClassCondition)

   MongoReactiveRepositoriesAutoConfiguration:
      Did not match:
         - @ConditionalOnClass did not find required class 'com.mongodb.reactivestreams.client.MongoClient' (OnClassCondition)

   MongoRepositoriesAutoConfiguration:
      Did not match:
         - @ConditionalOnClass did not find required class 'com.mongodb.client.MongoClient' (OnClassCondition)

   MustacheAutoConfiguration:
      Did not match:
         - @ConditionalOnClass did not find required class 'com.samskivert.mustache.Mustache' (OnClassCondition)

   Neo4jAutoConfiguration:
      Did not match:
         - @ConditionalOnClass did not find required class 'org.neo4j.driver.Driver' (OnClassCondition)

   Neo4jDataAutoConfiguration:
      Did not match:
         - @ConditionalOnClass did not find required class 'org.neo4j.driver.Driver' (OnClassCondition)

   Neo4jReactiveDataAutoConfiguration:
      Did not match:
         - @ConditionalOnClass did not find required class 'org.neo4j.driver.Driver' (OnClassCondition)

   Neo4jReactiveRepositoriesAutoConfiguration:
      Did not match:
         - @ConditionalOnClass did not find required class 'org.neo4j.driver.Driver' (OnClassCondition)

   Neo4jRepositoriesAutoConfiguration:
      Did not match:
         - @ConditionalOnClass did not find required class 'org.neo4j.driver.Driver' (OnClassCondition)

   NettyAutoConfiguration:
      Did not match:
         - @ConditionalOnClass did not find required class 'io.netty.util.NettyRuntime' (OnClassCondition)

   OAuth2ClientAutoConfiguration:
      Did not match:
         - @ConditionalOnClass did not find required class 'org.springframework.security.config.annotation.web.configuration.EnableWebSecurity' (OnClassCondition)

   OAuth2ResourceServerAutoConfiguration:
      Did not match:
         - @ConditionalOnClass did not find required class 'org.springframework.security.oauth2.server.resource.authentication.BearerTokenAuthenticationToken' (OnClassCondition)

   ProjectInfoAutoConfiguration#buildProperties:
      Did not match:
         - @ConditionalOnResource did not find resource '${spring.info.build.location:classpath:META-INF/build-info.properties}' (OnResourceCondition)

   ProjectInfoAutoConfiguration#gitProperties:
      Did not match:
         - GitResource did not find git info at classpath:git.properties (ProjectInfoAutoConfiguration.GitResourceAvailableCondition)

   QuartzAutoConfiguration:
      Did not match:
         - @ConditionalOnClass did not find required class 'org.quartz.Scheduler' (OnClassCondition)

   R2dbcAutoConfiguration:
      Did not match:
         - @ConditionalOnClass did not find required class 'io.r2dbc.spi.ConnectionFactory' (OnClassCondition)

   R2dbcDataAutoConfiguration:
      Did not match:
         - @ConditionalOnClass did not find required class 'org.springframework.data.r2dbc.core.R2dbcEntityTemplate' (OnClassCondition)

   R2dbcInitializationConfiguration:
      Did not match:
         - @ConditionalOnClass did not find required classes 'io.r2dbc.spi.ConnectionFactory', 'org.springframework.r2dbc.connection.init.DatabasePopulator' (OnClassCondition)

   R2dbcRepositoriesAutoConfiguration:
      Did not match:
         - @ConditionalOnClass did not find required class 'io.r2dbc.spi.ConnectionFactory' (OnClassCondition)

   R2dbcTransactionManagerAutoConfiguration:
      Did not match:
         - @ConditionalOnClass did not find required class 'org.springframework.r2dbc.connection.R2dbcTransactionManager' (OnClassCondition)

   RSocketGraphQlClientAutoConfiguration:
      Did not match:
         - @ConditionalOnClass did not find required class 'graphql.GraphQL' (OnClassCondition)

   RSocketMessagingAutoConfiguration:
      Did not match:
         - @ConditionalOnClass did not find required class 'io.rsocket.RSocket' (OnClassCondition)

   RSocketRequesterAutoConfiguration:
      Did not match:
         - @ConditionalOnClass did not find required class 'io.rsocket.RSocket' (OnClassCondition)

   RSocketSecurityAutoConfiguration:
      Did not match:
         - @ConditionalOnClass did not find required class 'org.springframework.security.rsocket.core.SecuritySocketAcceptorInterceptor' (OnClassCondition)

   RSocketServerAutoConfiguration:
      Did not match:
         - @ConditionalOnClass did not find required class 'io.rsocket.core.RSocketServer' (OnClassCondition)

   RSocketStrategiesAutoConfiguration:
      Did not match:
         - @ConditionalOnClass did not find required class 'io.netty.buffer.PooledByteBufAllocator' (OnClassCondition)

   RabbitAutoConfiguration:
      Did not match:
         - @ConditionalOnClass did not find required class 'com.rabbitmq.client.Channel' (OnClassCondition)

   ReactiveElasticsearchClientAutoConfiguration:
      Did not match:
         - @ConditionalOnClass did not find required class 'co.elastic.clients.transport.ElasticsearchTransport' (OnClassCondition)

   ReactiveElasticsearchRepositoriesAutoConfiguration:
      Did not match:
         - @ConditionalOnClass did not find required class 'org.springframework.data.elasticsearch.client.elc.ReactiveElasticsearchClient' (OnClassCondition)

   ReactiveMultipartAutoConfiguration:
      Did not match:
         - @ConditionalOnClass did not find required class 'org.springframework.web.reactive.config.WebFluxConfigurer' (OnClassCondition)

   ReactiveOAuth2ClientAutoConfiguration:
      Did not match:
         - @ConditionalOnClass did not find required class 'reactor.core.publisher.Flux' (OnClassCondition)

   ReactiveOAuth2ResourceServerAutoConfiguration:
      Did not match:
         - @ConditionalOnClass did not find required class 'org.springframework.security.config.annotation.web.reactive.EnableWebFluxSecurity' (OnClassCondition)

   ReactiveSecurityAutoConfiguration:
      Did not match:
         - @ConditionalOnClass did not find required class 'reactor.core.publisher.Flux' (OnClassCondition)

   ReactiveUserDetailsServiceAutoConfiguration:
      Did not match:
         - @ConditionalOnClass did not find required class 'org.springframework.security.authentication.ReactiveAuthenticationManager' (OnClassCondition)

   ReactiveWebServerFactoryAutoConfiguration:
      Did not match:
         - @ConditionalOnWebApplication did not find reactive web application classes (OnWebApplicationCondition)

   RedisAutoConfiguration:
      Did not match:
         - @ConditionalOnClass did not find required class 'org.springframework.data.redis.core.RedisOperations' (OnClassCondition)

   RedisCacheConfiguration:
      Did not match:
         - @ConditionalOnClass did not find required class 'org.springframework.data.redis.connection.RedisConnectionFactory' (OnClassCondition)

   RedisReactiveAutoConfiguration:
      Did not match:
         - @ConditionalOnClass did not find required class 'reactor.core.publisher.Flux' (OnClassCondition)

   RedisRepositoriesAutoConfiguration:
      Did not match:
         - @ConditionalOnClass did not find required class 'org.springframework.data.redis.repository.configuration.EnableRedisRepositories' (OnClassCondition)

   RemoteDevToolsAutoConfiguration:
      Did not match:
         - @ConditionalOnProperty (spring.devtools.remote.secret) did not find property 'secret' (OnPropertyCondition)
      Matched:
         - @ConditionalOnClass found required classes 'jakarta.servlet.Filter', 'org.springframework.http.server.ServerHttpRequest' (OnClassCondition)

   RepositoryRestMvcAutoConfiguration:
      Did not match:
         - @ConditionalOnClass did not find required class 'org.springframework.data.rest.webmvc.config.RepositoryRestMvcConfiguration' (OnClassCondition)

   Saml2RelyingPartyAutoConfiguration:
      Did not match:
         - @ConditionalOnClass did not find required class 'org.springframework.security.saml2.provider.service.registration.RelyingPartyRegistrationRepository' (OnClassCondition)

   SecurityAutoConfiguration:
      Did not match:
         - @ConditionalOnClass did not find required class 'org.springframework.security.authentication.DefaultAuthenticationEventPublisher' (OnClassCondition)

   SecurityFilterAutoConfiguration:
      Did not match:
         - @ConditionalOnClass did not find required class 'org.springframework.security.config.http.SessionCreationPolicy' (OnClassCondition)

   SendGridAutoConfiguration:
      Did not match:
         - @ConditionalOnClass did not find required class 'com.sendgrid.SendGrid' (OnClassCondition)

   ServletWebServerFactoryAutoConfiguration.ForwardedHeaderFilterConfiguration:
      Did not match:
         - @ConditionalOnProperty (server.forward-headers-strategy=framework) did not find property 'server.forward-headers-strategy' (OnPropertyCondition)

   ServletWebServerFactoryConfiguration.EmbeddedJetty:
      Did not match:
         - @ConditionalOnClass did not find required classes 'org.eclipse.jetty.server.Server', 'org.eclipse.jetty.util.Loader', 'org.eclipse.jetty.webapp.WebAppContext' (OnClassCondition)

   ServletWebServerFactoryConfiguration.EmbeddedUndertow:
      Did not match:
         - @ConditionalOnClass did not find required classes 'io.undertow.Undertow', 'org.xnio.SslClientAuthMode' (OnClassCondition)

   SessionAutoConfiguration:
      Did not match:
         - @ConditionalOnClass did not find required class 'org.springframework.session.Session' (OnClassCondition)

   SpringApplicationAdminJmxAutoConfiguration:
      Did not match:
         - @ConditionalOnProperty (spring.application.admin.enabled=true) did not find property 'enabled' (OnPropertyCondition)

   TaskSchedulingAutoConfiguration#scheduledBeanLazyInitializationExcludeFilter:
      Did not match:
         - @ConditionalOnBean (names: org.springframework.context.annotation.internalScheduledAnnotationProcessor; SearchStrategy: all) did not find any beans named org.springframework.context.annotation.internalScheduledAnnotationProcessor (OnBeanCondition)

   TaskSchedulingAutoConfiguration#taskScheduler:
      Did not match:
         - @ConditionalOnBean (names: org.springframework.context.annotation.internalScheduledAnnotationProcessor; SearchStrategy: all) did not find any beans named org.springframework.context.annotation.internalScheduledAnnotationProcessor (OnBeanCondition)

   TemplateEngineConfigurations.ReactiveTemplateEngineConfiguration:
      Did not match:
         - did not find reactive web application classes (OnWebApplicationCondition)

   ThymeleafAutoConfiguration.DataAttributeDialectConfiguration:
      Did not match:
         - @ConditionalOnClass did not find required class 'com.github.mxab.thymeleaf.extras.dataattribute.dialect.DataAttributeDialect' (OnClassCondition)

   ThymeleafAutoConfiguration.ThymeleafSecurityDialectConfiguration:
      Did not match:
         - @ConditionalOnClass did not find required classes 'org.thymeleaf.extras.springsecurity6.dialect.SpringSecurityDialect', 'org.springframework.security.web.server.csrf.CsrfToken' (OnClassCondition)

   ThymeleafAutoConfiguration.ThymeleafWebFluxConfiguration:
      Did not match:
         - did not find reactive web application classes (OnWebApplicationCondition)

   ThymeleafAutoConfiguration.ThymeleafWebLayoutConfiguration:
      Did not match:
         - @ConditionalOnClass did not find required class 'nz.net.ultraq.thymeleaf.layoutdialect.LayoutDialect' (OnClassCondition)

   ThymeleafAutoConfiguration.ThymeleafWebMvcConfiguration#resourceUrlEncodingFilter:
      Did not match:
         - @ConditionalOnEnabledResourceChain did not find class org.webjars.WebJarAssetLocator (OnEnabledResourceChainCondition)

   TransactionAutoConfiguration#transactionalOperator:
      Did not match:
         - @ConditionalOnSingleCandidate (types: org.springframework.transaction.ReactiveTransactionManager; SearchStrategy: all) did not find any beans (OnBeanCondition)

   TransactionAutoConfiguration.EnableTransactionManagementConfiguration.JdkDynamicAutoProxyConfiguration:
      Did not match:
         - @ConditionalOnProperty (spring.aop.proxy-target-class=false) did not find property 'proxy-target-class' (OnPropertyCondition)

   UserDetailsServiceAutoConfiguration:
      Did not match:
         - @ConditionalOnClass did not find required class 'org.springframework.security.authentication.AuthenticationManager' (OnClassCondition)

   ValidationAutoConfiguration:
      Did not match:
         - @ConditionalOnClass did not find required class 'jakarta.validation.executable.ExecutableValidator' (OnClassCondition)

   WebClientAutoConfiguration:
      Did not match:
         - @ConditionalOnClass did not find required class 'org.springframework.web.reactive.function.client.WebClient' (OnClassCondition)

   WebFluxAutoConfiguration:
      Did not match:
         - @ConditionalOnClass did not find required class 'org.springframework.web.reactive.config.WebFluxConfigurer' (OnClassCondition)

   WebMvcAutoConfiguration#hiddenHttpMethodFilter:
      Did not match:
         - @ConditionalOnProperty (spring.mvc.hiddenmethod.filter.enabled) did not find property 'enabled' (OnPropertyCondition)

   WebMvcAutoConfiguration.ProblemDetailsErrorHandlingConfiguration:
      Did not match:
         - @ConditionalOnProperty (spring.mvc.problemdetails.enabled=true) did not find property 'enabled' (OnPropertyCondition)

   WebMvcAutoConfiguration.ResourceChainCustomizerConfiguration:
      Did not match:
         - @ConditionalOnEnabledResourceChain did not find class org.webjars.WebJarAssetLocator (OnEnabledResourceChainCondition)

   WebMvcAutoConfiguration.WebMvcAutoConfigurationAdapter#beanNameViewResolver:
      Did not match:
         - @ConditionalOnBean (types: org.springframework.web.servlet.View; SearchStrategy: all) did not find any beans of type org.springframework.web.servlet.View (OnBeanCondition)

   WebServiceTemplateAutoConfiguration:
      Did not match:
         - @ConditionalOnClass did not find required class 'org.springframework.oxm.Marshaller' (OnClassCondition)

   WebServicesAutoConfiguration:
      Did not match:
         - @ConditionalOnClass did not find required class 'org.springframework.ws.transport.http.MessageDispatcherServlet' (OnClassCondition)

   WebSessionIdResolverAutoConfiguration:
      Did not match:
         - @ConditionalOnClass did not find required class 'reactor.core.publisher.Mono' (OnClassCondition)

   WebSocketMessagingAutoConfiguration:
      Did not match:
         - @ConditionalOnClass did not find required class 'org.springframework.web.socket.config.annotation.WebSocketMessageBrokerConfigurer' (OnClassCondition)

   WebSocketReactiveAutoConfiguration:
      Did not match:
         - @ConditionalOnWebApplication did not find reactive web application classes (OnWebApplicationCondition)

   WebSocketServletAutoConfiguration.JettyWebSocketConfiguration:
      Did not match:
         - @ConditionalOnClass did not find required class 'org.eclipse.jetty.websocket.jakarta.server.config.JakartaWebSocketServletContainerInitializer' (OnClassCondition)

   WebSocketServletAutoConfiguration.UndertowWebSocketConfiguration:
      Did not match:
         - @ConditionalOnClass did not find required class 'io.undertow.websockets.jsr.Bootstrap' (OnClassCondition)

   XADataSourceAutoConfiguration:
      Did not match:
         - @ConditionalOnBean (types: org.springframework.boot.jdbc.XADataSourceWrapper; SearchStrategy: all) did not find any beans of type org.springframework.boot.jdbc.XADataSourceWrapper (OnBeanCondition)
      Matched:
         - @ConditionalOnClass found required classes 'javax.sql.DataSource', 'jakarta.transaction.TransactionManager', 'org.springframework.jdbc.datasource.embedded.EmbeddedDatabaseType' (OnClassCondition)


Exclusions:
-----------

    org.springframework.boot.autoconfigure.web.servlet.error.ErrorMvcAutoConfiguration


Unconditional classes:
----------------------

    org.springframework.boot.autoconfigure.context.ConfigurationPropertiesAutoConfiguration

    org.springframework.boot.autoconfigure.context.LifecycleAutoConfiguration

    org.springframework.boot.autoconfigure.context.PropertyPlaceholderAutoConfiguration

    org.springframework.boot.autoconfigure.availability.ApplicationAvailabilityAutoConfiguration

    org.springframework.boot.autoconfigure.info.ProjectInfoAutoConfiguration



[ERROR] - [main] - SpringApplication: Application run failed
java.lang.IllegalStateException: Failed to execute CommandLineRunner
	at org.springframework.boot.SpringApplication.callRunner(SpringApplication.java:770)
	at org.springframework.boot.SpringApplication.callRunners(SpringApplication.java:751)
	at org.springframework.boot.SpringApplication.run(SpringApplication.java:315)
	at org.springframework.boot.test.context.SpringBootContextLoader.lambda$loadContext$3(SpringBootContextLoader.java:137)
	at org.springframework.util.function.ThrowingSupplier.get(ThrowingSupplier.java:59)
	at org.springframework.util.function.ThrowingSupplier.get(ThrowingSupplier.java:47)
	at org.springframework.boot.SpringApplication.withHook(SpringApplication.java:1386)
	at org.springframework.boot.test.context.SpringBootContextLoader$ContextLoaderHook.run(SpringBootContextLoader.java:543)
	at org.springframework.boot.test.context.SpringBootContextLoader.loadContext(SpringBootContextLoader.java:137)
	at org.springframework.boot.test.context.SpringBootContextLoader.loadContext(SpringBootContextLoader.java:108)
	at org.springframework.test.context.cache.DefaultCacheAwareContextLoaderDelegate.loadContextInternal(DefaultCacheAwareContextLoaderDelegate.java:183)
	at org.springframework.test.context.cache.DefaultCacheAwareContextLoaderDelegate.loadContext(DefaultCacheAwareContextLoaderDelegate.java:117)
	at org.springframework.test.context.support.DefaultTestContext.getApplicationContext(DefaultTestContext.java:127)
	at org.springframework.test.context.web.ServletTestExecutionListener.setUpRequestContextIfNecessary(ServletTestExecutionListener.java:192)
	at org.springframework.test.context.web.ServletTestExecutionListener.prepareTestInstance(ServletTestExecutionListener.java:131)
	at org.springframework.test.context.TestContextManager.prepareTestInstance(TestContextManager.java:249)
	at org.springframework.test.context.junit.jupiter.SpringExtension.postProcessTestInstance(SpringExtension.java:138)
	at org.junit.jupiter.engine.descriptor.ClassBasedTestDescriptor.lambda$invokeTestInstancePostProcessors$10(ClassBasedTestDescriptor.java:377)
	at org.junit.jupiter.engine.descriptor.ClassBasedTestDescriptor.executeAndMaskThrowable(ClassBasedTestDescriptor.java:382)
	at org.junit.jupiter.engine.descriptor.ClassBasedTestDescriptor.lambda$invokeTestInstancePostProcessors$11(ClassBasedTestDescriptor.java:377)
	at java.base/java.util.stream.ReferencePipeline$3$1.accept(ReferencePipeline.java:197)
	at java.base/java.util.stream.ReferencePipeline$2$1.accept(ReferencePipeline.java:179)
	at java.base/java.util.ArrayList$ArrayListSpliterator.forEachRemaining(ArrayList.java:1625)
	at java.base/java.util.stream.AbstractPipeline.copyInto(AbstractPipeline.java:509)
	at java.base/java.util.stream.AbstractPipeline.wrapAndCopyInto(AbstractPipeline.java:499)
	at java.base/java.util.stream.StreamSpliterators$WrappingSpliterator.forEachRemaining(StreamSpliterators.java:310)
	at java.base/java.util.stream.Streams$ConcatSpliterator.forEachRemaining(Streams.java:735)
	at java.base/java.util.stream.Streams$ConcatSpliterator.forEachRemaining(Streams.java:734)
	at java.base/java.util.stream.ReferencePipeline$Head.forEach(ReferencePipeline.java:762)
	at org.junit.jupiter.engine.descriptor.ClassBasedTestDescriptor.invokeTestInstancePostProcessors(ClassBasedTestDescriptor.java:376)
	at org.junit.jupiter.engine.descriptor.ClassBasedTestDescriptor.lambda$instantiateAndPostProcessTestInstance$6(ClassBasedTestDescriptor.java:289)
	at org.junit.platform.engine.support.hierarchical.ThrowableCollector.execute(ThrowableCollector.java:73)
	at org.junit.jupiter.engine.descriptor.ClassBasedTestDescriptor.instantiateAndPostProcessTestInstance(ClassBasedTestDescriptor.java:288)
	at org.junit.jupiter.engine.descriptor.ClassBasedTestDescriptor.lambda$testInstancesProvider$4(ClassBasedTestDescriptor.java:278)
	at java.base/java.util.Optional.orElseGet(Optional.java:364)
	at org.junit.jupiter.engine.descriptor.ClassBasedTestDescriptor.lambda$testInstancesProvider$5(ClassBasedTestDescriptor.java:277)
	at org.junit.jupiter.engine.execution.TestInstancesProvider.getTestInstances(TestInstancesProvider.java:31)
	at org.junit.jupiter.engine.descriptor.TestMethodTestDescriptor.lambda$prepare$0(TestMethodTestDescriptor.java:105)
	at org.junit.platform.engine.support.hierarchical.ThrowableCollector.execute(ThrowableCollector.java:73)
	at org.junit.jupiter.engine.descriptor.TestMethodTestDescriptor.prepare(TestMethodTestDescriptor.java:104)
	at org.junit.jupiter.engine.descriptor.TestMethodTestDescriptor.prepare(TestMethodTestDescriptor.java:68)
	at org.junit.platform.engine.support.hierarchical.NodeTestTask.lambda$prepare$2(NodeTestTask.java:123)
	at org.junit.platform.engine.support.hierarchical.ThrowableCollector.execute(ThrowableCollector.java:73)
	at org.junit.platform.engine.support.hierarchical.NodeTestTask.prepare(NodeTestTask.java:123)
	at org.junit.platform.engine.support.hierarchical.NodeTestTask.execute(NodeTestTask.java:90)
	at java.base/java.util.ArrayList.forEach(ArrayList.java:1511)
	at org.junit.platform.engine.support.hierarchical.SameThreadHierarchicalTestExecutorService.invokeAll(SameThreadHierarchicalTestExecutorService.java:41)
	at org.junit.platform.engine.support.hierarchical.NodeTestTask.lambda$executeRecursively$6(NodeTestTask.java:155)
	at org.junit.platform.engine.support.hierarchical.ThrowableCollector.execute(ThrowableCollector.java:73)
	at org.junit.platform.engine.support.hierarchical.NodeTestTask.lambda$executeRecursively$8(NodeTestTask.java:141)
	at org.junit.platform.engine.support.hierarchical.Node.around(Node.java:137)
	at org.junit.platform.engine.support.hierarchical.NodeTestTask.lambda$executeRecursively$9(NodeTestTask.java:139)
	at org.junit.platform.engine.support.hierarchical.ThrowableCollector.execute(ThrowableCollector.java:73)
	at org.junit.platform.engine.support.hierarchical.NodeTestTask.executeRecursively(NodeTestTask.java:138)
	at org.junit.platform.engine.support.hierarchical.NodeTestTask.execute(NodeTestTask.java:95)
	at java.base/java.util.ArrayList.forEach(ArrayList.java:1511)
	at org.junit.platform.engine.support.hierarchical.SameThreadHierarchicalTestExecutorService.invokeAll(SameThreadHierarchicalTestExecutorService.java:41)
	at org.junit.platform.engine.support.hierarchical.NodeTestTask.lambda$executeRecursively$6(NodeTestTask.java:155)
	at org.junit.platform.engine.support.hierarchical.ThrowableCollector.execute(ThrowableCollector.java:73)
	at org.junit.platform.engine.support.hierarchical.NodeTestTask.lambda$executeRecursively$8(NodeTestTask.java:141)
	at org.junit.platform.engine.support.hierarchical.Node.around(Node.java:137)
	at org.junit.platform.engine.support.hierarchical.NodeTestTask.lambda$executeRecursively$9(NodeTestTask.java:139)
	at org.junit.platform.engine.support.hierarchical.ThrowableCollector.execute(ThrowableCollector.java:73)
	at org.junit.platform.engine.support.hierarchical.NodeTestTask.executeRecursively(NodeTestTask.java:138)
	at org.junit.platform.engine.support.hierarchical.NodeTestTask.execute(NodeTestTask.java:95)
	at org.junit.platform.engine.support.hierarchical.SameThreadHierarchicalTestExecutorService.submit(SameThreadHierarchicalTestExecutorService.java:35)
	at org.junit.platform.engine.support.hierarchical.HierarchicalTestExecutor.execute(HierarchicalTestExecutor.java:57)
	at org.junit.platform.engine.support.hierarchical.HierarchicalTestEngine.execute(HierarchicalTestEngine.java:54)
	at org.junit.platform.launcher.core.DefaultLauncher.execute(DefaultLauncher.java:220)
	at org.junit.platform.launcher.core.DefaultLauncher.lambda$execute$6(DefaultLauncher.java:188)
	at org.junit.platform.launcher.core.DefaultLauncher.withInterceptedStreams(DefaultLauncher.java:202)
	at org.junit.platform.launcher.core.DefaultLauncher.execute(DefaultLauncher.java:181)
	at org.junit.platform.launcher.core.DefaultLauncher.execute(DefaultLauncher.java:128)
	at org.apache.maven.surefire.junitplatform.JUnitPlatformProvider.invokeAllTests(JUnitPlatformProvider.java:150)
	at org.apache.maven.surefire.junitplatform.JUnitPlatformProvider.invoke(JUnitPlatformProvider.java:124)
	at org.apache.maven.surefire.booter.ForkedBooter.invokeProviderInSameClassLoader(ForkedBooter.java:384)
	at org.apache.maven.surefire.booter.ForkedBooter.runSuitesInProcess(ForkedBooter.java:345)
	at org.apache.maven.surefire.booter.ForkedBooter.execute(ForkedBooter.java:126)
	at org.apache.maven.surefire.booter.ForkedBooter.main(ForkedBooter.java:418)
Caused by: org.springframework.dao.IncorrectResultSizeDataAccessException: query did not return a unique result: 2
	at org.springframework.orm.jpa.EntityManagerFactoryUtils.convertJpaAccessExceptionIfPossible(EntityManagerFactoryUtils.java:382)
	at org.springframework.orm.jpa.vendor.HibernateJpaDialect.translateExceptionIfPossible(HibernateJpaDialect.java:235)
	at org.springframework.orm.jpa.AbstractEntityManagerFactoryBean.translateExceptionIfPossible(AbstractEntityManagerFactoryBean.java:550)
	at org.springframework.dao.support.ChainedPersistenceExceptionTranslator.translateExceptionIfPossible(ChainedPersistenceExceptionTranslator.java:61)
	at org.springframework.dao.support.DataAccessUtils.translateIfNecessary(DataAccessUtils.java:242)
	at org.springframework.dao.support.PersistenceExceptionTranslationInterceptor.invoke(PersistenceExceptionTranslationInterceptor.java:152)
	at org.springframework.aop.framework.ReflectiveMethodInvocation.proceed(ReflectiveMethodInvocation.java:184)
	at org.springframework.data.jpa.repository.support.CrudMethodMetadataPostProcessor$CrudMethodMetadataPopulatingMethodInterceptor.invoke(CrudMethodMetadataPostProcessor.java:134)
	at org.springframework.aop.framework.ReflectiveMethodInvocation.proceed(ReflectiveMethodInvocation.java:184)
	at org.springframework.aop.interceptor.ExposeInvocationInterceptor.invoke(ExposeInvocationInterceptor.java:97)
	at org.springframework.aop.framework.ReflectiveMethodInvocation.proceed(ReflectiveMethodInvocation.java:184)
	at org.springframework.aop.framework.JdkDynamicAopProxy.invoke(JdkDynamicAopProxy.java:218)
	at jdk.proxy2/jdk.proxy2.$Proxy109.findByNameAndSurname(Unknown Source)
	at com.Nttadta.nttdatacentersspringt1SLA.services.PersonManagementServiceImpl.searchByNameAndSurname(PersonManagementServiceImpl.java:68)
	at com.Nttadta.nttdatacentersspringt1SLA.NttdatacentersSpringT1SlaApplication.run(NttdatacentersSpringT1SlaApplication.java:189)
	at org.springframework.boot.SpringApplication.callRunner(SpringApplication.java:767)
	... 78 common frames omitted
Caused by: jakarta.persistence.NonUniqueResultException: query did not return a unique result: 2
	at org.hibernate.internal.ExceptionConverterImpl.convert(ExceptionConverterImpl.java:128)
	at org.hibernate.query.spi.AbstractSelectionQuery.getSingleResult(AbstractSelectionQuery.java:466)
	at org.hibernate.query.sqm.internal.QuerySqmImpl.getSingleResult(QuerySqmImpl.java:1062)
	at java.base/jdk.internal.reflect.NativeMethodAccessorImpl.invoke0(Native Method)
	at java.base/jdk.internal.reflect.NativeMethodAccessorImpl.invoke(NativeMethodAccessorImpl.java:77)
	at java.base/jdk.internal.reflect.DelegatingMethodAccessorImpl.invoke(DelegatingMethodAccessorImpl.java:43)
	at java.base/java.lang.reflect.Method.invoke(Method.java:568)
	at org.springframework.orm.jpa.SharedEntityManagerCreator$DeferredQueryInvocationHandler.invoke(SharedEntityManagerCreator.java:401)
	at jdk.proxy2/jdk.proxy2.$Proxy124.getSingleResult(Unknown Source)
	at org.springframework.data.jpa.repository.query.JpaQueryExecution$SingleEntityExecution.doExecute(JpaQueryExecution.java:193)
	at org.springframework.data.jpa.repository.query.JpaQueryExecution.execute(JpaQueryExecution.java:90)
	at org.springframework.data.jpa.repository.query.AbstractJpaQuery.doExecute(AbstractJpaQuery.java:148)
	at org.springframework.data.jpa.repository.query.AbstractJpaQuery.execute(AbstractJpaQuery.java:136)
	at org.springframework.data.repository.core.support.RepositoryMethodInvoker.doInvoke(RepositoryMethodInvoker.java:136)
	at org.springframework.data.repository.core.support.RepositoryMethodInvoker.invoke(RepositoryMethodInvoker.java:120)
	at org.springframework.data.repository.core.support.QueryExecutorMethodInterceptor.doInvoke(QueryExecutorMethodInterceptor.java:164)
	at org.springframework.data.repository.core.support.QueryExecutorMethodInterceptor.invoke(QueryExecutorMethodInterceptor.java:143)
	at org.springframework.aop.framework.ReflectiveMethodInvocation.proceed(ReflectiveMethodInvocation.java:184)
	at org.springframework.data.projection.DefaultMethodInvokingMethodInterceptor.invoke(DefaultMethodInvokingMethodInterceptor.java:77)
	at org.springframework.aop.framework.ReflectiveMethodInvocation.proceed(ReflectiveMethodInvocation.java:184)
	at org.springframework.transaction.interceptor.TransactionInterceptor$1.proceedWithInvocation(TransactionInterceptor.java:123)
	at org.springframework.transaction.interceptor.TransactionAspectSupport.invokeWithinTransaction(TransactionAspectSupport.java:388)
	at org.springframework.transaction.interceptor.TransactionInterceptor.invoke(TransactionInterceptor.java:119)
	at org.springframework.aop.framework.ReflectiveMethodInvocation.proceed(ReflectiveMethodInvocation.java:184)
	at org.springframework.dao.support.PersistenceExceptionTranslationInterceptor.invoke(PersistenceExceptionTranslationInterceptor.java:137)
	... 88 common frames omitted
[DEBUG] - [main] - GenericWebApplicationContext: Closing org.springframework.web.context.support.GenericWebApplicationContext@2d7e1102, started on Wed Dec 14 10:20:03 CET 2022
[DEBUG] - [main] - DefaultLifecycleProcessor: Stopping beans in phase -2147483647
[DEBUG] - [main] - DefaultLifecycleProcessor: Bean 'springBootLoggingLifecycle' completed its stop procedure
[DEBUG] - [main] - ThreadPoolTaskExecutor: Shutting down ExecutorService 'applicationTaskExecutor'
[INFO ] - [main] - LocalContainerEntityManagerFactoryBean: Closing JPA EntityManagerFactory for persistence unit 'default'
[DEBUG] - [main] - SessionFactoryImpl: HHH000031: Closing
[DEBUG] - [main] - TypeConfiguration$Scope: Un-scoping TypeConfiguration [org.hibernate.type.spi.TypeConfiguration$Scope@4d21b505] from SessionFactory [org.hibernate.internal.SessionFactoryImpl@6a0e97fc]
[DEBUG] - [main] - AbstractServiceRegistryImpl: Implicitly destroying ServiceRegistry on de-registration of all child ServiceRegistries
[DEBUG] - [main] - BootstrapServiceRegistryImpl: Implicitly destroying Boot-strap registry on de-registration of all child ServiceRegistries
[INFO ] - [main] - HikariDataSource: HikariPool-1 - Shutdown initiated...
[DEBUG] - [main] - HikariPool: HikariPool-1 - Before shutdown stats (total=10, active=0, idle=10, waiting=0)
[DEBUG] - [HikariPool-1 connection closer] - PoolBase: HikariPool-1 - Closing connection com.mysql.cj.jdbc.ConnectionImpl@a84338a: (connection evicted)
[DEBUG] - [HikariPool-1 connection closer] - PoolBase: HikariPool-1 - Closing connection com.mysql.cj.jdbc.ConnectionImpl@3750ac9a: (connection evicted)
[DEBUG] - [HikariPool-1 connection closer] - PoolBase: HikariPool-1 - Closing connection com.mysql.cj.jdbc.ConnectionImpl@6ad3c61: (connection evicted)
[DEBUG] - [HikariPool-1 connection closer] - PoolBase: HikariPool-1 - Closing connection com.mysql.cj.jdbc.ConnectionImpl@531555eb: (connection evicted)
[DEBUG] - [HikariPool-1 connection closer] - PoolBase: HikariPool-1 - Closing connection com.mysql.cj.jdbc.ConnectionImpl@53316803: (connection evicted)
[DEBUG] - [HikariPool-1 connection closer] - PoolBase: HikariPool-1 - Closing connection com.mysql.cj.jdbc.ConnectionImpl@371ad198: (connection evicted)
[DEBUG] - [HikariPool-1 connection closer] - PoolBase: HikariPool-1 - Closing connection com.mysql.cj.jdbc.ConnectionImpl@7a343dc4: (connection evicted)
[DEBUG] - [HikariPool-1 connection closer] - PoolBase: HikariPool-1 - Closing connection com.mysql.cj.jdbc.ConnectionImpl@ef255cc: (connection evicted)
[DEBUG] - [HikariPool-1 connection closer] - PoolBase: HikariPool-1 - Closing connection com.mysql.cj.jdbc.ConnectionImpl@539b2bce: (connection evicted)
[DEBUG] - [HikariPool-1 connection closer] - PoolBase: HikariPool-1 - Closing connection com.mysql.cj.jdbc.ConnectionImpl@6a42d73: (connection evicted)
[DEBUG] - [main] - HikariPool: HikariPool-1 - After shutdown stats (total=0, active=0, idle=0, waiting=0)
[INFO ] - [main] - HikariDataSource: HikariPool-1 - Shutdown completed.
[ERROR] - [main] - TestContextManager: Caught exception while allowing TestExecutionListener [org.springframework.test.context.web.ServletTestExecutionListener@1d7f2719] to prepare test instance [com.Nttadta.nttdatacentersspringt1SLA.NttdatacentersSpringT1SlaApplicationTests@685e5967]
java.lang.IllegalStateException: Failed to load ApplicationContext for [WebMergedContextConfiguration@66297b63 testClass = com.Nttadta.nttdatacentersspringt1SLA.NttdatacentersSpringT1SlaApplicationTests, locations = [], classes = [com.Nttadta.nttdatacentersspringt1SLA.NttdatacentersSpringT1SlaApplication], contextInitializerClasses = [], activeProfiles = [], propertySourceLocations = [], propertySourceProperties = ["org.springframework.boot.test.context.SpringBootTestContextBootstrapper=true"], contextCustomizers = [org.springframework.boot.test.context.filter.ExcludeFilterContextCustomizer@3569fc08, org.springframework.boot.test.json.DuplicateJsonObjectContextCustomizerFactory$DuplicateJsonObjectContextCustomizer@7d42c224, org.springframework.boot.test.mock.mockito.MockitoContextCustomizer@0, org.springframework.boot.test.web.client.TestRestTemplateContextCustomizer@315f43d5, org.springframework.boot.test.autoconfigure.actuate.observability.ObservabilityContextCustomizerFactory$DisableObservabilityContextCustomizer@9da1, org.springframework.boot.test.autoconfigure.properties.PropertyMappingContextCustomizer@0, org.springframework.boot.test.autoconfigure.web.servlet.WebDriverContextCustomizerFactory$Customizer@4a11eb84, org.springframework.boot.test.context.SpringBootTestAnnotation@decebd39], resourceBasePath = "src/main/webapp", contextLoader = org.springframework.boot.test.context.SpringBootContextLoader, parent = null]
	at org.springframework.test.context.cache.DefaultCacheAwareContextLoaderDelegate.loadContext(DefaultCacheAwareContextLoaderDelegate.java:141)
	at org.springframework.test.context.support.DefaultTestContext.getApplicationContext(DefaultTestContext.java:127)
	at org.springframework.test.context.web.ServletTestExecutionListener.setUpRequestContextIfNecessary(ServletTestExecutionListener.java:192)
	at org.springframework.test.context.web.ServletTestExecutionListener.prepareTestInstance(ServletTestExecutionListener.java:131)
	at org.springframework.test.context.TestContextManager.prepareTestInstance(TestContextManager.java:249)
	at org.springframework.test.context.junit.jupiter.SpringExtension.postProcessTestInstance(SpringExtension.java:138)
	at org.junit.jupiter.engine.descriptor.ClassBasedTestDescriptor.lambda$invokeTestInstancePostProcessors$10(ClassBasedTestDescriptor.java:377)
	at org.junit.jupiter.engine.descriptor.ClassBasedTestDescriptor.executeAndMaskThrowable(ClassBasedTestDescriptor.java:382)
	at org.junit.jupiter.engine.descriptor.ClassBasedTestDescriptor.lambda$invokeTestInstancePostProcessors$11(ClassBasedTestDescriptor.java:377)
	at java.base/java.util.stream.ReferencePipeline$3$1.accept(ReferencePipeline.java:197)
	at java.base/java.util.stream.ReferencePipeline$2$1.accept(ReferencePipeline.java:179)
	at java.base/java.util.ArrayList$ArrayListSpliterator.forEachRemaining(ArrayList.java:1625)
	at java.base/java.util.stream.AbstractPipeline.copyInto(AbstractPipeline.java:509)
	at java.base/java.util.stream.AbstractPipeline.wrapAndCopyInto(AbstractPipeline.java:499)
	at java.base/java.util.stream.StreamSpliterators$WrappingSpliterator.forEachRemaining(StreamSpliterators.java:310)
	at java.base/java.util.stream.Streams$ConcatSpliterator.forEachRemaining(Streams.java:735)
	at java.base/java.util.stream.Streams$ConcatSpliterator.forEachRemaining(Streams.java:734)
	at java.base/java.util.stream.ReferencePipeline$Head.forEach(ReferencePipeline.java:762)
	at org.junit.jupiter.engine.descriptor.ClassBasedTestDescriptor.invokeTestInstancePostProcessors(ClassBasedTestDescriptor.java:376)
	at org.junit.jupiter.engine.descriptor.ClassBasedTestDescriptor.lambda$instantiateAndPostProcessTestInstance$6(ClassBasedTestDescriptor.java:289)
	at org.junit.platform.engine.support.hierarchical.ThrowableCollector.execute(ThrowableCollector.java:73)
	at org.junit.jupiter.engine.descriptor.ClassBasedTestDescriptor.instantiateAndPostProcessTestInstance(ClassBasedTestDescriptor.java:288)
	at org.junit.jupiter.engine.descriptor.ClassBasedTestDescriptor.lambda$testInstancesProvider$4(ClassBasedTestDescriptor.java:278)
	at java.base/java.util.Optional.orElseGet(Optional.java:364)
	at org.junit.jupiter.engine.descriptor.ClassBasedTestDescriptor.lambda$testInstancesProvider$5(ClassBasedTestDescriptor.java:277)
	at org.junit.jupiter.engine.execution.TestInstancesProvider.getTestInstances(TestInstancesProvider.java:31)
	at org.junit.jupiter.engine.descriptor.TestMethodTestDescriptor.lambda$prepare$0(TestMethodTestDescriptor.java:105)
	at org.junit.platform.engine.support.hierarchical.ThrowableCollector.execute(ThrowableCollector.java:73)
	at org.junit.jupiter.engine.descriptor.TestMethodTestDescriptor.prepare(TestMethodTestDescriptor.java:104)
	at org.junit.jupiter.engine.descriptor.TestMethodTestDescriptor.prepare(TestMethodTestDescriptor.java:68)
	at org.junit.platform.engine.support.hierarchical.NodeTestTask.lambda$prepare$2(NodeTestTask.java:123)
	at org.junit.platform.engine.support.hierarchical.ThrowableCollector.execute(ThrowableCollector.java:73)
	at org.junit.platform.engine.support.hierarchical.NodeTestTask.prepare(NodeTestTask.java:123)
	at org.junit.platform.engine.support.hierarchical.NodeTestTask.execute(NodeTestTask.java:90)
	at java.base/java.util.ArrayList.forEach(ArrayList.java:1511)
	at org.junit.platform.engine.support.hierarchical.SameThreadHierarchicalTestExecutorService.invokeAll(SameThreadHierarchicalTestExecutorService.java:41)
	at org.junit.platform.engine.support.hierarchical.NodeTestTask.lambda$executeRecursively$6(NodeTestTask.java:155)
	at org.junit.platform.engine.support.hierarchical.ThrowableCollector.execute(ThrowableCollector.java:73)
	at org.junit.platform.engine.support.hierarchical.NodeTestTask.lambda$executeRecursively$8(NodeTestTask.java:141)
	at org.junit.platform.engine.support.hierarchical.Node.around(Node.java:137)
	at org.junit.platform.engine.support.hierarchical.NodeTestTask.lambda$executeRecursively$9(NodeTestTask.java:139)
	at org.junit.platform.engine.support.hierarchical.ThrowableCollector.execute(ThrowableCollector.java:73)
	at org.junit.platform.engine.support.hierarchical.NodeTestTask.executeRecursively(NodeTestTask.java:138)
	at org.junit.platform.engine.support.hierarchical.NodeTestTask.execute(NodeTestTask.java:95)
	at java.base/java.util.ArrayList.forEach(ArrayList.java:1511)
	at org.junit.platform.engine.support.hierarchical.SameThreadHierarchicalTestExecutorService.invokeAll(SameThreadHierarchicalTestExecutorService.java:41)
	at org.junit.platform.engine.support.hierarchical.NodeTestTask.lambda$executeRecursively$6(NodeTestTask.java:155)
	at org.junit.platform.engine.support.hierarchical.ThrowableCollector.execute(ThrowableCollector.java:73)
	at org.junit.platform.engine.support.hierarchical.NodeTestTask.lambda$executeRecursively$8(NodeTestTask.java:141)
	at org.junit.platform.engine.support.hierarchical.Node.around(Node.java:137)
	at org.junit.platform.engine.support.hierarchical.NodeTestTask.lambda$executeRecursively$9(NodeTestTask.java:139)
	at org.junit.platform.engine.support.hierarchical.ThrowableCollector.execute(ThrowableCollector.java:73)
	at org.junit.platform.engine.support.hierarchical.NodeTestTask.executeRecursively(NodeTestTask.java:138)
	at org.junit.platform.engine.support.hierarchical.NodeTestTask.execute(NodeTestTask.java:95)
	at org.junit.platform.engine.support.hierarchical.SameThreadHierarchicalTestExecutorService.submit(SameThreadHierarchicalTestExecutorService.java:35)
	at org.junit.platform.engine.support.hierarchical.HierarchicalTestExecutor.execute(HierarchicalTestExecutor.java:57)
	at org.junit.platform.engine.support.hierarchical.HierarchicalTestEngine.execute(HierarchicalTestEngine.java:54)
	at org.junit.platform.launcher.core.DefaultLauncher.execute(DefaultLauncher.java:220)
	at org.junit.platform.launcher.core.DefaultLauncher.lambda$execute$6(DefaultLauncher.java:188)
	at org.junit.platform.launcher.core.DefaultLauncher.withInterceptedStreams(DefaultLauncher.java:202)
	at org.junit.platform.launcher.core.DefaultLauncher.execute(DefaultLauncher.java:181)
	at org.junit.platform.launcher.core.DefaultLauncher.execute(DefaultLauncher.java:128)
	at org.apache.maven.surefire.junitplatform.JUnitPlatformProvider.invokeAllTests(JUnitPlatformProvider.java:150)
	at org.apache.maven.surefire.junitplatform.JUnitPlatformProvider.invoke(JUnitPlatformProvider.java:124)
	at org.apache.maven.surefire.booter.ForkedBooter.invokeProviderInSameClassLoader(ForkedBooter.java:384)
	at org.apache.maven.surefire.booter.ForkedBooter.runSuitesInProcess(ForkedBooter.java:345)
	at org.apache.maven.surefire.booter.ForkedBooter.execute(ForkedBooter.java:126)
	at org.apache.maven.surefire.booter.ForkedBooter.main(ForkedBooter.java:418)
Caused by: java.lang.IllegalStateException: Failed to execute CommandLineRunner
	at org.springframework.boot.SpringApplication.callRunner(SpringApplication.java:770)
	at org.springframework.boot.SpringApplication.callRunners(SpringApplication.java:751)
	at org.springframework.boot.SpringApplication.run(SpringApplication.java:315)
	at org.springframework.boot.test.context.SpringBootContextLoader.lambda$loadContext$3(SpringBootContextLoader.java:137)
	at org.springframework.util.function.ThrowingSupplier.get(ThrowingSupplier.java:59)
	at org.springframework.util.function.ThrowingSupplier.get(ThrowingSupplier.java:47)
	at org.springframework.boot.SpringApplication.withHook(SpringApplication.java:1386)
	at org.springframework.boot.test.context.SpringBootContextLoader$ContextLoaderHook.run(SpringBootContextLoader.java:543)
	at org.springframework.boot.test.context.SpringBootContextLoader.loadContext(SpringBootContextLoader.java:137)
	at org.springframework.boot.test.context.SpringBootContextLoader.loadContext(SpringBootContextLoader.java:108)
	at org.springframework.test.context.cache.DefaultCacheAwareContextLoaderDelegate.loadContextInternal(DefaultCacheAwareContextLoaderDelegate.java:183)
	at org.springframework.test.context.cache.DefaultCacheAwareContextLoaderDelegate.loadContext(DefaultCacheAwareContextLoaderDelegate.java:117)
	... 67 common frames omitted
Caused by: org.springframework.dao.IncorrectResultSizeDataAccessException: query did not return a unique result: 2
	at org.springframework.orm.jpa.EntityManagerFactoryUtils.convertJpaAccessExceptionIfPossible(EntityManagerFactoryUtils.java:382)
	at org.springframework.orm.jpa.vendor.HibernateJpaDialect.translateExceptionIfPossible(HibernateJpaDialect.java:235)
	at org.springframework.orm.jpa.AbstractEntityManagerFactoryBean.translateExceptionIfPossible(AbstractEntityManagerFactoryBean.java:550)
	at org.springframework.dao.support.ChainedPersistenceExceptionTranslator.translateExceptionIfPossible(ChainedPersistenceExceptionTranslator.java:61)
	at org.springframework.dao.support.DataAccessUtils.translateIfNecessary(DataAccessUtils.java:242)
	at org.springframework.dao.support.PersistenceExceptionTranslationInterceptor.invoke(PersistenceExceptionTranslationInterceptor.java:152)
	at org.springframework.aop.framework.ReflectiveMethodInvocation.proceed(ReflectiveMethodInvocation.java:184)
	at org.springframework.data.jpa.repository.support.CrudMethodMetadataPostProcessor$CrudMethodMetadataPopulatingMethodInterceptor.invoke(CrudMethodMetadataPostProcessor.java:134)
	at org.springframework.aop.framework.ReflectiveMethodInvocation.proceed(ReflectiveMethodInvocation.java:184)
	at org.springframework.aop.interceptor.ExposeInvocationInterceptor.invoke(ExposeInvocationInterceptor.java:97)
	at org.springframework.aop.framework.ReflectiveMethodInvocation.proceed(ReflectiveMethodInvocation.java:184)
	at org.springframework.aop.framework.JdkDynamicAopProxy.invoke(JdkDynamicAopProxy.java:218)
	at jdk.proxy2/jdk.proxy2.$Proxy109.findByNameAndSurname(Unknown Source)
	at com.Nttadta.nttdatacentersspringt1SLA.services.PersonManagementServiceImpl.searchByNameAndSurname(PersonManagementServiceImpl.java:68)
	at com.Nttadta.nttdatacentersspringt1SLA.NttdatacentersSpringT1SlaApplication.run(NttdatacentersSpringT1SlaApplication.java:189)
	at org.springframework.boot.SpringApplication.callRunner(SpringApplication.java:767)
	... 78 common frames omitted
Caused by: jakarta.persistence.NonUniqueResultException: query did not return a unique result: 2
	at org.hibernate.internal.ExceptionConverterImpl.convert(ExceptionConverterImpl.java:128)
	at org.hibernate.query.spi.AbstractSelectionQuery.getSingleResult(AbstractSelectionQuery.java:466)
	at org.hibernate.query.sqm.internal.QuerySqmImpl.getSingleResult(QuerySqmImpl.java:1062)
	at java.base/jdk.internal.reflect.NativeMethodAccessorImpl.invoke0(Native Method)
	at java.base/jdk.internal.reflect.NativeMethodAccessorImpl.invoke(NativeMethodAccessorImpl.java:77)
	at java.base/jdk.internal.reflect.DelegatingMethodAccessorImpl.invoke(DelegatingMethodAccessorImpl.java:43)
	at java.base/java.lang.reflect.Method.invoke(Method.java:568)
	at org.springframework.orm.jpa.SharedEntityManagerCreator$DeferredQueryInvocationHandler.invoke(SharedEntityManagerCreator.java:401)
	at jdk.proxy2/jdk.proxy2.$Proxy124.getSingleResult(Unknown Source)
	at org.springframework.data.jpa.repository.query.JpaQueryExecution$SingleEntityExecution.doExecute(JpaQueryExecution.java:193)
	at org.springframework.data.jpa.repository.query.JpaQueryExecution.execute(JpaQueryExecution.java:90)
	at org.springframework.data.jpa.repository.query.AbstractJpaQuery.doExecute(AbstractJpaQuery.java:148)
	at org.springframework.data.jpa.repository.query.AbstractJpaQuery.execute(AbstractJpaQuery.java:136)
	at org.springframework.data.repository.core.support.RepositoryMethodInvoker.doInvoke(RepositoryMethodInvoker.java:136)
	at org.springframework.data.repository.core.support.RepositoryMethodInvoker.invoke(RepositoryMethodInvoker.java:120)
	at org.springframework.data.repository.core.support.QueryExecutorMethodInterceptor.doInvoke(QueryExecutorMethodInterceptor.java:164)
	at org.springframework.data.repository.core.support.QueryExecutorMethodInterceptor.invoke(QueryExecutorMethodInterceptor.java:143)
	at org.springframework.aop.framework.ReflectiveMethodInvocation.proceed(ReflectiveMethodInvocation.java:184)
	at org.springframework.data.projection.DefaultMethodInvokingMethodInterceptor.invoke(DefaultMethodInvokingMethodInterceptor.java:77)
	at org.springframework.aop.framework.ReflectiveMethodInvocation.proceed(ReflectiveMethodInvocation.java:184)
	at org.springframework.transaction.interceptor.TransactionInterceptor$1.proceedWithInvocation(TransactionInterceptor.java:123)
	at org.springframework.transaction.interceptor.TransactionAspectSupport.invokeWithinTransaction(TransactionAspectSupport.java:388)
	at org.springframework.transaction.interceptor.TransactionInterceptor.invoke(TransactionInterceptor.java:119)
	at org.springframework.aop.framework.ReflectiveMethodInvocation.proceed(ReflectiveMethodInvocation.java:184)
	at org.springframework.dao.support.PersistenceExceptionTranslationInterceptor.invoke(PersistenceExceptionTranslationInterceptor.java:137)
	... 88 common frames omitted
]]></system-out>
    <system-err><![CDATA[


============================
CONDITIONS EVALUATION REPORT
============================


Positive matches:
-----------------

    None


Negative matches:
-----------------

    None


Exclusions:
-----------

    None


Unconditional classes:
----------------------

    None



]]></system-err>
  </testcase>
</testsuite>